1 -0.0394264
2 -0.0788528
3 -0.118279
4 -0.157706
5 -0.197132
6 -0.236558
7 -0.275985
8 -0.315411
9 -0.354838
10 -0.394264
0.5 -0.384552
1 -0.364517
1.5 -0.345213
2 -0.322114
2.5 -0.293801
3 -0.262538
3.5 -0.227018
4 -0.188619
4.5 -0.147977
5 -0.105982
5.5 -0.0629886
6 -0.0196139
6.5 0.0228785
7 0.0627839
7.5 0.0987692
8 0.130345
8.5 0.157777
9 0.181614
9.5 0.202296
10 0.220007
10.5 0.234755
11 0.246474
11.5 0.255093
12 0.26058
12.5 0.262999
13 0.262565
13.5 0.259627
14 0.254563
14.5 0.247634
15 0.238884
15.5 0.228131
16 0.215055
16.5 0.199316
17 0.180663
17.5 0.158988
18 0.134343
18.5 0.106917
19 0.0769993
19.5 0.0449405
20 0.0111274
20.5 -0.0240146
21 -0.0599997
21.5 -0.0962512
22 -0.132085
22.5 -0.166721
23 -0.199316
23.5 -0.229025
24 -0.255057
24.5 -0.276724
25 -0.293468
25.5 -0.304872
26 -0.310657
26.5 -0.310678
27 -0.304911
27.5 -0.293463
28 -0.276575
28.5 -0.254628
29 -0.228145
29.5 -0.19778
30 -0.164289
30.5 -0.128498
31 -0.0912581
31.5 -0.0534095
32 -0.0157471
32.5 0.0210009
33 0.0561875
33.5 0.0892536
34 0.119732
34.5 0.147249
35 0.171526
35.5 0.192382
36 0.209726
36.5 0.223552
37 0.233923
37.5 0.240959
38 0.244811
38.5 0.245648
39 0.243638
39.5 0.238943
40 0.231706
40.5 0.222057
41 0.210106
41.5 0.195953
42 0.179687
42.5 0.161392
43 0.141153
43.5 0.119066
44 0.0952442
44.5 0.0698326
45 0.0430172
45.5 0.0150345
46 -0.0138218
46.5 -0.0431985
47 -0.0726852
47.5 -0.10182
48 -0.130102
48.5 -0.157001
49 -0.181976
49.5 -0.20449
50 -0.224032
50.5 -0.240129
51 -0.252368
51.5 -0.260409
52 -0.264005
52.5 -0.263007
53 -0.257375
53.5 -0.247182
54 -0.23261
54.5 -0.213951
55 -0.191589
55.5 -0.165998
56 -0.137719
56.5 -0.107348
57 -0.0755154
57.5 -0.0428696
58 -0.0100568
58.5 0.0222966
59 0.0536008
59.5 0.0833171
60 0.11097
60.5 0.136156
61 0.158548
61.5 0.177899
62 0.194039
62.5 0.206873
63 0.216371
63.5 0.222562
64 0.225527
64.5 0.225382
65 0.222274
65.5 0.216371
66 0.207852
66.5 0.1969
67 0.183701
67.5 0.168438
68 0.151291
68.5 0.13244
69 0.112063
69.5 0.0903457
70 0.0674826
70.5 0.0436815
71 0.0191686
71.5 -0.0058078
72 -0.0309755
72.5 -0.0560371
73 -0.0806706
73.5 -0.104532
74 -0.127262
74.5 -0.148487
75 -0.167836
75.5 -0.18494
76 -0.199451
76.5 -0.211051
77 -0.219461
77.5 -0.224452
78 -0.225859
78.5 -0.223584
79 -0.217604
79.5 -0.207976
80 -0.194837
80.5 -0.178402
81 -0.158959
81.5 -0.136865
82 -0.112536
82.5 -0.0864326
83 -0.0590522
83.5 -0.0309133
84 -0.00254174
84.5 0.0255425
85 0.0528383
85.5 0.0788759
86 0.103226
86.5 0.12551
87 0.145405
87.5 0.162647
88 0.177037
88.5 0.188437
89 0.196769
89.5 0.202013
90 0.2042
90.5 0.203407
91 0.199749
91.5 0.193376
92 0.184461
92.5 0.173199
93 0.159796
93.5 0.14447
94 0.127446
94.5 0.108951
95 0.0892154
95.5 0.0684726
96 0.0469584
96.5 0.0249126
97 0.00258
97.5 -0.0197888
98 -0.0419363
98.5 -0.0635982
99 -0.0845041
99.5 -0.104379
100 -0.122947
100.5 -0.139932
101 -0.155067
101.5 -0.168097
102 -0.178784
102.5 -0.186916
103 -0.192315
103.5 -0.194839
104 -0.194392
104.5 -0.190928
105 -0.184454
105.5 -0.175034
106 -0.162792
106.5 -0.147905
107 -0.130608
107.5 -0.111186
108 -0.0899691
108.5 -0.0673245
109 -0.0436499
109.5 -0.0193629
110 0.00510839
110.5 0.0293357
111 0.0529001
111.5 0.075402
112 0.0964696
112.5 0.115766
113 0.132998
113.5 0.147916
114 0.160323
114.5 0.170072
115 0.177069
115.5 0.181271
116 0.182683
116.5 0.181356
117 0.177379
117.5 0.170881
118 0.16202
118.5 0.15098
119 0.137965
119.5 0.123198
120 0.106911
120.5 0.0893451
121 0.0707484
121.5 0.0513706
122 0.0314629
122.5 0.0112763
123 -0.00893955
123.5 -0.0289369
124 -0.048471
124.5 -0.0673007
125 -0.0851897
125.5 -0.101908
126 -0.117234
126.5 -0.130955
127 -0.142874
127.5 -0.152808
128 -0.160596
128.5 -0.1661
129 -0.169211
129.5 -0.169849
130 -0.167972
130.5 -0.163575
131 -0.156692
131.5 -0.147403
132 -0.135827
132.5 -0.122126
133 -0.106504
133.5 -0.0892001
134 -0.0704897
134.5 -0.0506755
135 -0.0300832
135.5 -0.00905509
136 0.0120575
136.5 0.0329014
137 0.0531291
137.5 0.0724065
138 0.0904192
138.5 0.106879
139 0.121531
139.5 0.134154
140 0.14457
140.5 0.152641
141 0.158274
141.5 0.161421
142 0.162075
142.5 0.160271
143 0.156083
143.5 0.149622
144 0.141027
144.5 0.130467
145 0.118134
145.5 0.104239
146 0.0890068
146.5 0.0726739
147 0.0554836
147.5 0.0376833
148 0.019521
148.5 0.00124345
149 -0.0169065
149.5 -0.0346917
150 -0.0518825
150.5 -0.0682582
151 -0.0836089
151.5 -0.0977365
152 -0.110457
152.5 -0.121601
153 -0.131017
153.5 -0.138573
154 -0.144158
154.5 -0.147684
155 -0.149089
155.5 -0.148339
156 -0.145428
156.5 -0.140381
157 -0.133256
157.5 -0.124142
158 -0.113162
158.5 -0.100469
159 -0.086247
159.5 -0.0707062
160 -0.0540831
160.5 -0.0366346
161 -0.0186345
161.5 -0.000368345
162 0.0178717
162.5 0.0357927
163 0.053106
163.5 0.0695337
164 0.0848135
164.5 0.0987039
165 0.110989
165.5 0.121482
166 0.130029
166.5 0.136511
167 0.140846
167.5 0.142989
168 0.142932
168.5 0.140705
169 0.13637
169.5 0.130024
170 0.121793
170.5 0.111828
171 0.100305
171.5 0.0874181
172 0.0733768
172.5 0.0584024
173 0.042724
173.5 0.0265751
174 0.0101903
174.5 -0.00619768
175 -0.0223607
175.5 -0.038078
176 -0.0531379
176.5 -0.0673403
177 -0.0804982
177.5 -0.0924396
178 -0.103009
178.5 -0.112068
179 -0.119498
179.5 -0.1252
180 -0.129099
180.5 -0.13114
181 -0.131294
181.5 -0.129555
182 -0.125944
182.5 -0.120506
183 -0.113314
183.5 -0.104466
184 -0.0940838
184.5 -0.0823155
185 -0.0693303
185.5 -0.0553185
186 -0.0404879
186.5 -0.0250614
187 -0.00927367
187.5 0.00663316
188 0.0224131
188.5 0.0378208
189 0.0526157
189.5 0.0665668
190 0.0794563
190.5 0.0910841
191 0.101271
191.5 0.109864
192 0.116733
192.5 0.121782
193 0.124944
193.5 0.126182
194 0.125493
194.5 0.122904
195 0.118474
195.5 0.112289
196 0.104463
196.5 0.0951332
197 0.0844576
197.5 0.072613
198 0.0597903
198.5 0.0461919
199 0.0320276
199.5 0.017512
200 0.00286051
200.5 -0.0117132
201 -0.0260005
201.5 -0.0398
202 -0.0529204
202.5 -0.0651823
203 -0.0764205
203.5 -0.0864854
204 -0.0952445
204.5 -0.102584
205 -0.10841
205.5 -0.112648
206 -0.115245
206.5 -0.116172
207 -0.11542
207.5 -0.113002
208 -0.108955
208.5 -0.103339
209 -0.0962337
209.5 -0.087741
210 -0.0779827
210.5 -0.0670996
211 -0.0552496
211.5 -0.0426055
212 -0.0293532
212.5 -0.0156892
213 -0.00181695
213.5 0.0120552
214 0.0257178
214.5 0.0389638
215 0.0515916
215.5 0.0634085
216 0.0742342
216.5 0.0839041
217 0.0922716
217.5 0.0992111
218 0.10462
218.5 0.108421
219 0.110563
219.5 0.11102
220 0.109796
220.5 0.106919
221 0.102445
221.5 0.0964553
222 0.0890524
222.5 0.080361
223 0.0705244
223.5 0.0597018
224 0.0480656
224.5 0.0357982
225 0.0230891
225.5 0.0101317
226 -0.00287963
226.5 -0.0157526
227 -0.0282997
227.5 -0.0403406
228 -0.0517051
228.5 -0.0622344
229 -0.0717841
229.5 -0.0802248
230 -0.0874442
230.5 -0.0933483
231 -0.0978618
231.5 -0.100929
232 -0.102516
232.5 -0.102606
233 -0.101207
233.5 -0.0983446
234 -0.0940647
234.5 -0.0884335
235 -0.0815353
235.5 -0.0734723
236 -0.0643629
236.5 -0.0543405
237 -0.0435519
237.5 -0.0321549
238 -0.0203167
238.5 -0.00821153
239 0.00398204
239.5 0.0160835
240 0.0279131
240.5 0.0392947
241 0.0500585
241.5 0.0600434
242 0.0691001
242.5 0.0770935
243 0.0839046
243.5 0.0894328
244 0.0935974
244.5 0.0963394
245 0.0976218
245.5 0.0974309
246 0.0957758
246.5 0.0926889
247 0.0882245
247.5 0.0824584
248 0.075486
248.5 0.0674211
249 0.0583932
249.5 0.0485458
250 0.0380335
250.5 0.0270198
251 0.015674
251.5 0.00416874
252 -0.00732301
252.5 -0.0186303
253 -0.0295868
253.5 -0.0400336
254 -0.0498207
254.5 -0.0588098
255 -0.0668756
255.5 -0.0739076
256 -0.0798112
256.5 -0.084509
257 -0.0879415
257.5 -0.0900676
258 -0.0908653
258.5 -0.0903311
259 -0.0884805
259.5 -0.0853473
260 -0.0809832
260.5 -0.0754569
261 -0.0688531
261.5 -0.0612716
262 -0.0528254
262.5 -0.0436398
263 -0.0338504
263.5 -0.0236012
264 -0.0130426
264.5 -0.00232976
265 0.0083801
265.5 0.0189297
266 0.0291639
266.5 0.0389322
267 0.0480909
267.5 0.0565052
268 0.0640514
268.5 0.0706187
269 0.0761112
269.5 0.0804493
270 0.0835709
270.5 0.0854327
271 0.0860106
271.5 0.0853002
272 0.0833172
272.5 0.0800965
273 0.0756922
273.5 0.0701762
274 0.0636374
274.5 0.0561798
275 0.047921
275.5 0.0389903
276 0.0295262
276.5 0.0196744
277 0.00958547
277.5 -0.000587673
278 -0.0106922
278.5 -0.0205775
279 -0.0300978
279.5 -0.0391141
280 -0.0474961
280.5 -0.0551243
281 -0.0618914
281.5 -0.0677037
282 -0.0724827
282.5 -0.0761652
283 -0.078705
283.5 -0.0800725
284 -0.0802555
284.5 -0.0792587
285 -0.0771041
285.5 -0.0738298
286 -0.0694897
286.5 -0.0641527
287 -0.0579016
287.5 -0.0508317
288 -0.0430496
288.5 -0.0346716
289 -0.0258222
289.5 -0.0166321
290 -0.00723663
290.5 0.00222618
291 0.0116177
291.5 0.0208006
292 0.0296407
292.5 0.0380091
293 0.0457838
293.5 0.0528519
294 0.0591108
294.5 0.0644701
295 0.0688529
295.5 0.072197
296 0.0744556
296.5 0.0755986
297 0.0756124
297.5 0.0745007
298 0.0722842
298.5 0.0690003
299 0.0647024
299.5 0.0594592
300 0.0533535
300.5 0.046481
301 0.0389485
301.5 0.0308723
302 0.0223765
302.5 0.0135909
303 0.00464875
303.5 -0.00431509
304 -0.0131663
304.5 -0.0217733
305 -0.030009
305.5 -0.0377529
306 -0.0448929
306.5 -0.0513266
307 -0.0569631
307.5 -0.0617241
308 -0.0655447
308.5 -0.0683746
309 -0.0701785
309.5 -0.0709362
310 -0.0706434
310.5 -0.0693108
311 -0.0669643
311.5 -0.0636444
312 -0.0594054
312.5 -0.0543145
313 -0.0484511
313.5 -0.0419048
314 -0.034775
314.5 -0.0271687
315 -0.0191995
315.5 -0.0109856
316 -0.0026481
316.5 0.00569034
317 0.0139076
317.5 0.0218838
318 0.0295028
318.5 0.0366541
319 0.0432343
319.5 0.0491485
320 0.054312
320.5 0.0586512
321 0.0621049
321.5 0.064625
322 0.0661774
322.5 0.0667425
323 0.0663155
323.5 0.0649062
324 0.0625393
324.5 0.0592537
325 0.0551019
325.5 0.0501494
326 0.0444735
326.5 0.0381619
327 0.031312
327.5 0.0240284
328 0.0164222
328.5 0.00860862
329 0.000705517
329.5 -0.00716854
330 -0.0148961
330.5 -0.0223625
331 -0.0294577
331.5 -0.0360782
332 -0.0421278
332.5 -0.0475199
333 -0.0521781
333.5 -0.0560375
334 -0.0590456
334.5 -0.0611628
335 -0.0623632
335.5 -0.0626345
336 -0.0619783
336.5 -0.0604097
337 -0.0579572
337.5 -0.0546622
338 -0.050578
338.5 -0.0457691
339 -0.0403105
339.5 -0.0342857
340 -0.0277863
340.5 -0.0209103
341 -0.0137605
341.5 -0.00644314
342 0.000933559
342.5 0.00826107
343 0.0154321
343.5 0.022342
344 0.0288906
344.5 0.0349831
345 0.0405319
345.5 0.0454576
346 0.0496903
346.5 0.0531703
347 0.0558494
347.5 0.0576911
348 0.0586716
348.5 0.0587796
349 0.058017
349.5 0.0563985
350 0.0539515
350.5 0.0507155
351 0.0467418
351.5 0.0420924
352 0.0368394
352.5 0.0310634
353 0.0248526
353.5 0.0183014
354 0.0115091
354.5 0.00457788
355 -0.00238826
355.5 -0.00928533
356 -0.0160108
356.5 -0.0224654
357 -0.0285543
357.5 -0.0341886
358 -0.0392869
358.5 -0.0437761
359 -0.0475928
359.5 -0.0506838
360 -0.0530072
360.5 -0.0545328
361 -0.0552425
361.5 -0.0551302
362 -0.0542023
362.5 -0.0524772
363 -0.0499847
363.5 -0.0467662
364 -0.0428731
364.5 -0.0383668
365 -0.033317
365.5 -0.0278012
366 -0.0219032
366.5 -0.0157119
367 -0.00931994
367.5 -0.00282254
368 0.0036842
368.5 0.0101045
369 0.0163443
369.5 0.0223127
370 0.0279232
370.5 0.0330949
371 0.0377537
371.5 0.0418334
372 0.0452764
372.5 0.0480349
373 0.0500711
373.5 0.0513582
374 0.0518803
374.5 0.051633
375 0.0506232
375.5 0.0488689
376 0.0463994
376.5 0.0432541
377 0.0394825
377.5 0.0351432
378 0.0303028
378.5 0.0250354
379 0.0194211
379.5 0.0135447
380 0.00749465
380.5 0.00136172
381 -0.00476256
381.5 -0.0107872
382 -0.0166229
382.5 -0.022184
383 -0.027389
383.5 -0.0321622
384 -0.0364348
384.5 -0.0401458
385 -0.0432428
385.5 -0.045683
386 -0.0474336
386.5 -0.0484721
387 -0.0487869
387.5 -0.0483773
388 -0.047253
388.5 -0.0454347
389 -0.042953
389.5 -0.0398483
390 -0.0361698
390.5 -0.0319751
391 -0.0273289
391.5 -0.0223023
392 -0.0169716
392.5 -0.0114172
393 -0.00572209
393.5 2.88767e-05
394 0.00575061
394.5 0.0113589
395 0.0167716
395.5 0.0219099
396 0.0266995
396.5 0.0310715
397 0.0349634
397.5 0.0383202
398 0.041095
398.5 0.0432494
399 0.0447547
399.5 0.0455916
400 0.0457508
400.5 0.045233
401 0.0440488
401.5 0.0422188
402 0.0397727
402.5 0.0367496
403 0.0331967
403.5 0.0291688
404 0.0247277
404.5 0.019941
405 0.0148811
405.5 0.00962432
406 0.00424945
406.5 -0.00116327
407 -0.00653335
407.5 -0.0117813
408 -0.0168297
408.5 -0.0216046
409 -0.0260364
409.5 -0.0300609
410 -0.0336203
410.5 -0.0366639
411 -0.0391491
411.5 -0.0410418
412 -0.0423167
412.5 -0.0429581
413 -0.0429597
413.5 -0.0423247
414 -0.0410658
414.5 -0.0392048
415 -0.0367725
415.5 -0.0338079
416 -0.0303577
416.5 -0.0264755
417 -0.022221
417.5 -0.0176592
418 -0.0128591
418.5 -0.00789289
419 -0.00283496
419.5 0.00223953
420 0.00725551
420.5 0.0121392
421 0.0168192
421.5 0.0212274
422 0.0253
422.5 0.0289788
423 0.0322113
423.5 0.0349519
424 0.0371628
424.5 0.0388137
425 0.039883
425.5 0.0403578
426 0.0402337
426.5 0.0395154
427 0.0382164
427.5 0.0363584
428 0.0339715
428.5 0.0310934
429 0.0277689
429.5 0.0240492
430 0.0199911
430.5 0.0156562
431 0.0111099
431.5 0.00642043
432 0.00165794
432.5 -0.00310671
433 -0.00780289
433.5 -0.0123613
434 -0.0167151
434.5 -0.0208006
435 -0.0245584
435.5 -0.0279344
436 -0.0308804
436.5 -0.0333546
437 -0.0353225
437.5 -0.0367576
438 -0.037641
438.5 -0.0379624
439 -0.0377197
439.5 -0.0369193
440 -0.0355759
440.5 -0.0337122
441 -0.0313583
441.5 -0.0285516
442 -0.0253361
442.5 -0.0217613
443 -0.0178823
443.5 -0.0137578
444 -0.00945021
444.5 -0.00502427
445 -0.000546041
445.5 0.00391796
446 0.00830178
446.5 0.012541
447 0.0165737
447.5 0.0203413
448 0.0237895
448.5 0.0268688
449 0.0295358
449.5 0.0317529
450 0.0334897
450.5 0.0347229
451 0.0354367
451.5 0.0356231
452 0.0352819
452.5 0.0344207
453 0.0330546
453.5 0.0312063
454 0.0289054
454.5 0.0261879
455 0.0230961
455.5 0.0196773
456 0.0159837
456.5 0.0120711
457 0.00799845
457.5 0.00382675
458 -0.00038182
458.5 -0.00456479
459 -0.00866035
459.5 -0.0126083
460 -0.0163507
460.5 -0.0198333
461 -0.0230056
461.5 -0.025822
462 -0.0282426
462.5 -0.0302332
463 -0.0317665
463.5 -0.0328219
464 -0.033386
464.5 -0.0334528
465 -0.0330238
465.5 -0.0321077
466 -0.0307205
466.5 -0.0288851
467 -0.0266308
467.5 -0.0239932
468 -0.0210132
468.5 -0.0177367
469 -0.0142137
469.5 -0.0104977
470 -0.00664457
470.5 -0.00271214
471 0.001241
471.5 0.00515622
472 0.00897578
472.5 0.0126436
473 0.0161063
473.5 0.0193135
474 0.0222192
474.5 0.0247819
475 0.0269654
475.5 0.0287393
476 0.0300794
476.5 0.030968
477 0.0313943
477.5 0.0313542
478 0.0308506
478.5 0.0298931
479 0.0284982
479.5 0.0266885
480 0.0244928
480.5 0.0219455
481 0.0190858
481.5 0.0159575
482 0.0126081
482.5 0.00908826
483 0.0054508
483.5 0.00175008
484 -0.00195886
484.5 -0.0056211
485 -0.00918266
485.5 -0.0125913
486 -0.0157973
486.5 -0.0187542
487 -0.0214193
487.5 -0.0237546
488 -0.025727
488.5 -0.027309
489 -0.0284791
489.5 -0.0292218
490 -0.0295283
490.5 -0.029396
491 -0.028829
491.5 -0.0278379
492 -0.0264393
492.5 -0.024656
493 -0.0225163
493.5 -0.0200535
494 -0.0173058
494.5 -0.0143152
495 -0.0111273
495.5 -0.00779028
496 -0.00435425
496.5 -0.000870623
497 0.0026088
497.5 0.0060325
498 0.00935009
498.5 0.012513
499 0.0154751
499.5 0.0181937
500 0.0206297
500.5 0.0227484
501 0.0245201
501.5 0.0259204
502 0.0269302
502.5 0.0275367
503 0.0277329
503.5 0.0275178
504 0.0268967
504.5 0.0258807
505 0.0244868
505.5 0.0227375
506 0.0206603
506.5 0.0182875
507 0.0156557
507.5 0.012805
508 0.00977861
508.5 0.00662215
509 0.00338293
509.5 0.000109231
510 -0.00315034
510.5 -0.00634764
511 -0.00943566
511.5 -0.0123692
512 -0.0151057
512.5 -0.0176054
513 -0.0198326
513.5 -0.0217556
514 -0.0233473
514.5 -0.0245857
515 -0.0254543
515.5 -0.0259418
516 -0.026043
516.5 -0.0257581
517 -0.0250932
517.5 -0.02406
518 -0.0226756
518.5 -0.0209622
519 -0.0189466
519.5 -0.0166604
520 -0.0141385
520.5 -0.0114196
521 -0.00854479
521.5 -0.00555751
522 -0.0025025
522.5 0.000574641
523 0.00362825
523.5 0.00661323
524 0.00948572
524.5 0.0122037
525 0.0147278
525.5 0.0170216
526 0.0190521
526.5 0.0207908
527 0.0222133
527.5 0.0233
528 0.0240367
528.5 0.0244141
529 0.0244283
529.5 0.0240811
530 0.0233792
530.5 0.0223348
531 0.0209651
531.5 0.0192918
532 0.0173413
532.5 0.0151437
533 0.0127327
533.5 0.010145
534 0.0074197
534.5 0.00459786
535 0.00172164
535.5 -0.00116615
536 -0.00402274
536.5 -0.00680603
537 -0.00947518
537.5 -0.0119913
538 -0.0143178
538.5 -0.0164212
539 -0.0182715
539.5 -0.0198424
540 -0.0211121
540.5 -0.0220633
541 -0.0226833
541.5 -0.0229646
542 -0.0229046
542.5 -0.0225058
543 -0.0217758
543.5 -0.020727
544 -0.0193764
544.5 -0.0177455
545 -0.0158598
545.5 -0.0137484
546 -0.0114437
546.5 -0.00898079
547 -0.00639685
547.5 -0.00373075
548 -0.00102237
548.5 0.00168797
549 0.00436014
549.5 0.00695476
550 0.00943378
550.5 0.0117611
551 0.0139029
551.5 0.0158285
552 0.0175105
552.5 0.018925
553 0.0200525
553.5 0.0208778
554 0.02139
554.5 0.0215832
555 0.021456
555.5 0.0210119
556 0.020259
556.5 0.0192101
557 0.0178819
557.5 0.0162957
558 0.014476
558.5 0.012451
559 0.0102516
559.5 0.00791117
560 0.00546507
560.5 0.00294997
561 0.000403422
561.5 -0.00213675
562 -0.00463301
562.5 -0.00704863
563 -0.00934826
563.5 -0.0114984
564 -0.0134681
564.5 -0.0152289
565 -0.0167559
565.5 -0.0180275
566 -0.0190262
566.5 -0.0197385
567 -0.0201552
567.5 -0.0202716
568 -0.0200874
568.5 -0.0196068
569 -0.0188384
569.5 -0.0177948
570 -0.0164928
570.5 -0.014953
571 -0.0131993
571.5 -0.0112587
572 -0.00916085
572.5 -0.00693754
573 -0.0046223
573.5 -0.00224986
574 0.000144385
574.5 0.00252487
575 0.00485643
575.5 0.00710477
576 0.00923702
576.5 0.0112222
577 0.0130316
577.5 0.0146392
578 0.0160224
578.5 0.0171617
579 0.0180414
579.5 0.0186498
580 0.0189792
580.5 0.0190261
581 0.0187912
581.5 0.0182793
582 0.0174994
582.5 0.0164643
583 0.0151906
583.5 0.0136983
584 0.0120105
584.5 0.0101532
585 0.00815474
585.5 0.0060453
586 0.00385665
586.5 0.00162156
587 -0.000626672
587.5 -0.00285472
588 -0.00502971
588.5 -0.00711972
589 -0.00909425
589.5 -0.0109246
590 -0.0125845
590.5 -0.0140501
591 -0.0153007
591.5 -0.0163188
592 -0.0170905
592.5 -0.0176055
593 -0.0178575
593.5 -0.017844
594 -0.0175664
594.5 -0.0170303
595 -0.0162446
595.5 -0.0152224
596 -0.0139798
596.5 -0.0125362
597 -0.0109141
597.5 -0.00913834
598 -0.00723587
598.5 -0.00523551
599 -0.00316734
599.5 -0.00106231
600 0.00104825
600.5 0.00313307
601 0.0051614
601.5 0.00710349
602 0.00893102
602.5 0.0106175
603 0.0121386
603.5 0.0134726
604 0.0146008
604.5 0.0155073
605 0.0161799
605.5 0.0166098
606 0.0167917
606.5 0.0167242
607 0.0164095
607.5 0.0158535
608 0.0150655
608.5 0.0140584
609 0.0128482
609.5 0.0114536
610 0.00989639
610.5 0.00820026
611 0.00639103
611.5 0.00449601
612 0.00254367
612.5 0.000563171
613 -0.00141604
613.5 -0.00336468
614 -0.00525406
614.5 -0.00705653
615 -0.00874582
615.5 -0.0102975
616 -0.0116892
616.5 -0.0129013
617 -0.0139165
617.5 -0.0147209
618 -0.0153035
618.5 -0.0156568
619 -0.0157767
619.5 -0.0156626
620 -0.0153172
620.5 -0.0147468
621 -0.0139608
621.5 -0.0129721
622 -0.0117962
622.5 -0.0104514
623 -0.00895838
623.5 -0.00734002
624 -0.00562085
624.5 -0.00382681
625 -0.00198482
625.5 -0.000122372
626 0.00173287
626.5 0.00355347
627 0.00531265
627.5 0.00698467
628 0.0085452
628.5 0.00997169
629 0.0112437
629.5 0.012343
630 0.0132544
630.5 0.0139651
631 0.0144657
631.5 0.0147497
632 0.0148141
632.5 0.0146588
633 0.0142874
633.5 0.0137063
634 0.0129252
634.5 0.0119566
635 0.0108157
635.5 0.00952026
636 0.00809025
636.5 0.00654745
637 0.00491525
637.5 0.00321825
638 0.00148186
638.5 -0.00026802
639 -0.00200543
639.5 -0.00370472
640 -0.00534094
640.5 -0.00689016
641 -0.0083299
641.5 -0.00963937
642 -0.0107998
642.5 -0.0117949
643 -0.0126105
643.5 -0.0132355
644 -0.0136617
644.5 -0.0138836
645 -0.013899
645.5 -0.0137086
646 -0.0133162
646.5 -0.0127287
647 -0.0119556
647.5 -0.0110093
648 -0.00990473
648.5 -0.00865888
649 -0.00729091
649.5 -0.00582167
650 -0.00427337
650.5 -0.00266932
651 -0.00103354
651.5 0.000609617
652 0.00223579
652.5 0.003821
653 0.00534196
653.5 0.0067765
654 0.00810378
654.5 0.00930468
655 0.010362
655.5 0.0112609
656 0.0119887
656.5 0.0125356
657 0.0128942
657.5 0.0130603
658 0.0130323
658.5 0.0128115
659 0.0124021
659.5 0.0118112
660 0.0110484
660.5 0.0101257
661 0.00905764
661.5 0.00786071
662 0.00655326
662.5 0.00515517
663 0.00368758
663.5 0.00217254
664 0.000632702
664.5 -0.000909015
665 -0.00242979
665.5 -0.00390722
666 -0.00531964
666.5 -0.00664648
667 -0.00786852
667.5 -0.00896817
668 -0.00992976
668.5 -0.0107397
669 -0.0113868
669.5 -0.0118623
670 -0.0121598
670.5 -0.012276
671 -0.01221
671.5 -0.0119635
672 -0.0115412
672.5 -0.0109502
673 -0.0101999
673.5 -0.00930236
674 -0.00827147
674.5 -0.00712316
675 -0.005875
675.5 -0.00454594
676 -0.00315603
676.5 -0.00172615
677 -0.000277652
677.5 0.00116794
678 0.00258924
678.5 0.00396533
679 0.00527606
679.5 0.00650235
680 0.00762646
680.5 0.00863224
681 0.00950539
681.5 0.0102336
682 0.0108068
682.5 0.0112173
683 0.0114598
683.5 0.0115315
684 0.0114322
684.5 0.0111641
685 0.0107321
685.5 0.0101434
686 0.0094074
686.5 0.00853573
687 0.00754196
687.5 0.00644139
688 0.00525083
688.5 0.00398834
689 0.00267295
689.5 0.00132438
690 -3.72348e-05
690.5 -0.00139169
691 -0.00271897
691.5 -0.00399956
692 -0.00521474
692.5 -0.00634685
693 -0.00737952
693.5 -0.00829797
694 -0.00908915
694.5 -0.00974197
695 -0.0102475
695.5 -0.0105988
696 -0.0107916
696.5 -0.0108238
697 -0.0106956
697.5 -0.0104097
698 -0.00997122
698.5 -0.00938725
699 -0.00866718
699.5 -0.00782234
700 -0.00686582
700.5 -0.00581233
701 -0.00467793
701.5 -0.00347979
702 -0.00223596
702.5 -0.000965072
703 0.000313942
703.5 0.00158211
704 0.00282072
704.5 0.00401157
705 0.00513728
705.5 0.0061815
706 0.00712917
706.5 0.00796674
707 0.00868233
707.5 0.00926595
708 0.0097096
708.5 0.0100074
709 0.0101556
709.5 0.0101528
710 0.00999977
710.5 0.00969946
711 0.00925705
711.5 0.00867978
712 0.00797685
712.5 0.00715926
713 0.00623968
713.5 0.00523221
714 0.0041522
714.5 0.00301597
715 0.00184062
715.5 0.000643731
716 -0.000556873
716.5 -0.00174341
717 -0.00289838
717.5 -0.00400484
718 -0.00504667
718.5 -0.00600874
719 -0.00687722
719.5 -0.00763969
720 -0.0082854
720.5 -0.00880536
721 -0.00919247
721.5 -0.00944165
722 -0.00954989
722.5 -0.00951627
723 -0.00934198
723.5 -0.00903027
724 -0.00858643
724.5 -0.00801767
725 -0.007333
725.5 -0.00654313
726 -0.00566026
726.5 -0.0046979
727 -0.00367067
727.5 -0.0025941
728 -0.00148436
728.5 -0.000358038
729 0.000768126
729.5 0.00187746
730 0.00295363
730.5 0.00398087
731 0.00494421
731.5 0.00582971
732 0.00662463
732.5 0.00731765
733 0.00789901
733.5 0.00836064
734 0.0086963
734.5 0.00890162
735 0.00897419
735.5 0.00891359
736 0.00872137
736.5 0.00840099
737 0.00795783
737.5 0.00739904
738 0.00673346
738.5 0.00597144
739 0.00512474
739.5 0.0042063
740 0.00323007
740.5 0.00221076
741 0.00116368
741.5 0.000104461
742 -0.000951166
742.5 -0.00198759
743 -0.00298957
743.5 -0.00394244
744 -0.00483233
744.5 -0.00564639
745 -0.00637293
745.5 -0.00700162
746 -0.00752364
746.5 -0.00793177
747 -0.00822054
747.5 -0.00838624
748 -0.00842701
748.5 -0.00834288
749 -0.00813567
749.5 -0.00780907
750 -0.00736847
