0.01 -4.79372e-05 -4.79594e-05
0.02 -0.000226781 -0.000226936
0.03 -0.000545808 -0.000546359
0.04 -0.00095358 -0.000954959
0.05 -0.0014274 -0.0014302
0.06 -0.00200188 -0.00200688
0.07 -0.00274026 -0.00274849
0.08 -0.00370574 -0.00371856
0.09 -0.00496139 -0.00498062
0.1 -0.00657 -0.00659804
0.11 -0.00855878 -0.00859869
0.12 -0.010884 -0.0109396
0.13 -0.0134664 -0.0135424
0.14 -0.0162271 -0.0163289
0.15 -0.0190868 -0.0192206
0.16 -0.0219666 -0.0221394
0.17 -0.0248312 -0.0250506
0.18 -0.0277321 -0.0280065
0.19 -0.0307642 -0.0311026
0.2 -0.0340222 -0.0344347
0.21 -0.0376009 -0.0380984
0.22 -0.0415945 -0.0421891
0.23 -0.0460427 -0.0467478
0.24 -0.0508762 -0.0517066
0.25 -0.0559713 -0.0569431
0.26 -0.0612041 -0.0623348
0.27 -0.0664975 -0.0678059
0.28 -0.0718667 -0.0733729
0.29 -0.0773478 -0.0790732
0.3 -0.0829265 -0.0848937
0.31 -0.0885627 -0.0907958
0.32 -0.0942166 -0.0967409
0.33 -0.0998782 -0.10272
0.34 -0.105598 -0.108786
0.35 -0.111456 -0.115018
0.36 -0.117532 -0.1215
0.37 -0.123906 -0.128312
0.38 -0.130659 -0.135536
0.39 -0.137868 -0.143252
0.4 -0.145615 -0.151543
0.41 -0.153858 -0.16037
0.42 -0.162317 -0.169456
0.43 -0.170595 -0.178402
0.44 -0.178292 -0.186813
0.45 -0.185177 -0.194459
0.46 -0.191356 -0.201444
0.47 -0.197099 -0.208041
0.48 -0.202677 -0.214521
0.49 -0.208299 -0.221094
0.5 -0.214047 -0.227843
0.51 -0.21999 -0.234839
0.52 -0.226296 -0.242249
0.53 -0.233179 -0.250291
0.54 -0.240855 -0.259181
0.55 -0.249538 -0.269136
0.56 -0.259442 -0.280373
0.57 -0.270656 -0.292982
0.58 -0.283019 -0.306806
0.59 -0.296247 -0.321565
0.6 -0.310054 -0.336976
0.61 -0.324226 -0.352827
0.62 -0.338683 -0.369043
0.63 -0.353415 -0.385615
0.64 -0.368413 -0.402538
0.65 -0.383666 -0.419803
0.66 -0.399163 -0.437405
0.67 -0.41483 -0.45527
0.68 -0.430463 -0.473197
0.69 -0.445791 -0.490921
0.7 -0.460548 -0.508174
0.71 -0.474464 -0.524691
0.72 -0.487272 -0.540206
0.73 -0.498766 -0.554514
0.74 -0.508861 -0.56753
0.75 -0.517427 -0.579124
0.76 -0.524116 -0.588948
0.77 -0.528647 -0.596719
0.78 -0.531081 -0.602497
0.79 -0.53165 -0.606511
0.8 -0.530587 -0.608991
0.81 -0.528074 -0.610117
0.82 -0.524193 -0.609967
0.83 -0.518976 -0.608569
0.84 -0.512455 -0.605952
0.85 -0.504662 -0.602143
0.86 -0.49563 -0.597171
0.87 -0.485393 -0.591064
0.88 -0.473982 -0.583849
0.89 -0.46136 -0.575484
0.9 -0.447345 -0.565779
0.91 -0.431682 -0.554475
0.92 -0.414118 -0.54131
0.93 -0.394401 -0.526026
0.94 -0.37228 -0.508361
0.95 -0.347503 -0.488057
0.96 -0.319823 -0.464853
0.97 -0.289118 -0.438619
0.98 -0.255527 -0.409483
0.99 -0.21932 -0.377699
1 -0.180763 -0.343524
1.01 -0.140125 -0.307213
1.02 -0.0976751 -0.269021
1.03 -0.0536151 -0.229137
1.04 -0.00801555 -0.187618
1.05 0.039119 -0.144454
1.06 0.0877837 -0.0996361
1.07 0.13788 -0.053248
1.08 0.189123 -0.00556018
1.09 0.241135 0.0430636
1.1 0.293537 0.0922597
1.11 0.345951 0.141665
1.12 0.398001 0.190916
1.13 0.449311 0.239649
1.14 0.499505 0.287502
1.15 0.548208 0.334113
1.16 0.595047 0.379117
1.17 0.639649 0.422154
1.18 0.681642 0.462861
1.19 0.720657 0.500876
1.2 0.756323 0.535837
1.21 0.788576 0.567682
1.22 0.817948 0.596952
1.23 0.845275 0.624488
1.24 0.871391 0.651127
1.25 0.897131 0.677709
1.26 0.923327 0.705073
1.27 0.95081 0.734057
1.28 0.980412 0.765498
1.29 1.01296 0.800233
1.3 1.04928 0.839099
1.31 1.09021 0.882931
1.32 1.13655 0.932565
1.33 1.18872 0.988418
1.34 1.24628 1.05007
1.35 1.30839 1.1167
1.36 1.37419 1.18747
1.37 1.44306 1.26176
1.38 1.51482 1.33941
1.39 1.5895 1.42047
1.4 1.66713 1.505
1.41 1.74775 1.59304
1.42 1.83139 1.68466
1.43 1.91807 1.77988
1.44 2.00775 1.87868
1.45 2.10038 1.98104
1.46 2.1959 2.08693
1.47 2.29428 2.19632
1.48 2.39554 2.30926
1.49 2.49971 2.4258
1.5 2.60682 2.54599
1.51 2.71704 2.67003
1.52 2.83081 2.79839
1.53 2.94829 2.93124
1.54 3.06885 3.06798
1.55 3.19145 3.20759
1.56 3.31503 3.34906
1.57 3.43857 3.49136
1.58 3.56103 3.63348
1.59 3.68136 3.7744
1.6 3.79854 3.91311
1.61 3.91153 4.04859
1.62 4.01931 4.17982
1.63 4.12084 4.30581
1.64 4.21511 4.42552
1.65 4.30109 4.53794
1.66 4.37777 4.64207
1.67 4.44449 4.73724
1.68 4.50125 4.82345
1.69 4.54844 4.90108
1.7 4.58641 4.97047
1.71 4.61553 5.032
1.72 4.63619 5.08601
1.73 4.64874 5.13286
1.74 4.65357 5.17292
1.75 4.65106 5.20653
1.76 4.64158 5.23407
1.77 4.62534 5.25571
1.78 4.60224 5.27132
1.79 4.57199 5.28059
1.8 4.53431 5.28322
1.81 4.48923 5.27919
1.82 4.43735 5.26907
1.83 4.37957 5.25374
1.84 4.31681 5.23405
1.85 4.24995 5.21089
1.86 4.17991 5.18512
1.87 4.1076 5.15759
1.88 4.0339 5.12918
1.89 3.95972 5.10076
1.9 3.88598 5.07318
1.91 3.81355 5.04731
1.92 3.74335 5.02401
1.93 3.67627 5.00416
1.94 3.6132 4.9886
1.95 3.55504 4.9782
1.96 3.50267 4.97383
1.97 3.45699 4.97634
1.98 3.41887 4.98659
1.99 3.38921 5.00545
2 3.36887 5.03377
2.01 3.35873 5.07241
2.02 3.35966 5.12223
2.03 3.37199 5.18354
2.04 3.39492 5.25556
2.05 3.42714 5.33694
2.06 3.4673 5.42635
2.07 3.51408 5.52246
2.08 3.56614 5.62393
2.09 3.62216 5.72943
2.1 3.68081 5.83763
2.11 3.74075 5.9472
2.12 3.80065 6.05681
2.13 3.85921 6.16512
2.14 3.91508 6.27081
2.15 3.96695 6.37255
2.16 4.01351 6.46902
2.17 4.05343 6.55888
2.18 4.0854 6.6408
2.19 4.10813 6.71348
2.2 4.1203 6.77557
2.21 4.12126 6.82641
2.22 4.11168 6.86662
2.23 4.09286 6.8975
2.24 4.06612 6.92031
2.25 4.03276 6.93635
2.26 3.9941 6.94689
2.27 3.95145 6.9532
2.28 3.90612 6.95658
2.29 3.85941 6.95829
2.3 3.81263 6.95961
2.31 3.76709 6.96182
2.32 3.72409 6.9662
2.33 3.68493 6.97401
2.34 3.6509 6.98654
2.35 3.62331 7.00505
2.36 3.60344 7.03082
2.37 3.59257 7.06513
2.38 3.592 7.10924
2.39 3.60125 7.16268
2.4 3.61637 7.22148
2.41 3.63166 7.27995
2.42 3.64144 7.33238
2.43 3.64178 7.37481
2.44 3.63224 7.4068
2.45 3.61414 7.42965
2.46 3.58882 7.44465
2.47 3.55758 7.4531
2.48 3.52176 7.45629
2.49 3.48267 7.45553
2.5 3.44163 7.45209
2.51 3.39996 7.44728
2.52 3.35898 7.4424
2.53 3.31937 7.4381
2.54 3.28055 7.43378
2.55 3.24132 7.42823
2.56 3.20048 7.42021
2.57 3.15683 7.40851
2.58 3.10916 7.3919
2.59 3.05629 7.36915
2.6 2.99701 7.33906
2.61 2.93054 7.30078
2.62 2.85686 7.25429
2.63 2.77637 7.19995
2.64 2.68946 7.1381
2.65 2.59659 7.06919
2.66 2.49837 6.99378
2.67 2.3955 6.91254
2.68 2.28866 6.82611
2.69 2.17853 6.73514
2.7 2.0658 6.64028
2.71 1.95115 6.54219
2.72 1.83527 6.44151
2.73 1.71883 6.33889
2.74 1.60253 6.23499
2.75 1.48704 6.13044
2.76 1.37304 6.02591
2.77 1.26092 5.92175
2.78 1.15051 5.81777
2.79 1.04135 5.71347
2.8 0.932978 5.60838
2.81 0.824942 5.50202
2.82 0.716781 5.39389
2.83 0.608059 5.28354
2.84 0.498393 5.17057
2.85 0.387419 5.05458
2.86 0.274778 4.93519
2.87 0.160109 4.81201
2.88 0.0430523 4.68467
2.89 -0.0764328 4.55309
2.9 -0.19775 4.41786
2.91 -0.319986 4.27985
2.92 -0.442228 4.13996
2.93 -0.563566 3.99909
2.94 -0.683091 3.85812
2.95 -0.799897 3.71793
2.96 -0.91308 3.57943
2.97 -1.02217 3.44307
2.98 -1.12755 3.30844
2.99 -1.23006 3.17472
3 -1.3305 3.04108
3.01 -1.42971 2.90668
3.02 -1.52851 2.7707
3.03 -1.6273 2.63271
3.04 -1.7257 2.4931
3.05 -1.82291 2.35268
3.06 -1.91812 2.21222
3.07 -2.01055 2.07253
3.08 -2.09939 1.9344
3.09 -2.18386 1.79863
3.1 -2.26317 1.66601
3.11 -2.33652 1.53734
3.12 -2.40315 1.4134
3.13 -2.46266 1.2946
3.14 -2.51544 1.18056
3.15 -2.56228 1.07052
3.16 -2.60398 0.96371
3.17 -2.6413 0.859357
3.18 -2.67506 0.756698
3.19 -2.70602 0.654968
3.2 -2.73499 0.553401
3.21 -2.76222 0.451769
3.22 -2.78688 0.35091
3.23 -2.80765 0.252198
3.24 -2.82317 0.157005
3.25 -2.83211 0.0667042
3.26 -2.83313 -0.0173335
3.27 -2.82564 -0.0944638
3.28 -2.81047 -0.165496
3.29 -2.78922 -0.231966
3.3 -2.76345 -0.295408
3.31 -2.73476 -0.357356
3.32 -2.70472 -0.419341
3.33 -2.67489 -0.482896
3.34 -2.64687 -0.549551
3.35 -2.62222 -0.620835
3.36 -2.6025 -0.698276
3.37 -2.58856 -0.782669
3.38 -2.57975 -0.873339
3.39 -2.57472 -0.968879
3.4 -2.57208 -1.06788
3.41 -2.57047 -1.16894
3.42 -2.56853 -1.27066
3.43 -2.56489 -1.37162
3.44 -2.5582 -1.47042
3.45 -2.54777 -1.56634
3.46 -2.53424 -1.65996
3.47 -2.51894 -1.75258
3.48 -2.50318 -1.84545
3.49 -2.48828 -1.93984
3.5 -2.47555 -2.03704
3.51 -2.46632 -2.1383
3.52 -2.46188 -2.2449
3.53 -2.46293 -2.3575
3.54 -2.46895 -2.47551
3.55 -2.47878 -2.59777
3.56 -2.49129 -2.72309
3.57 -2.50534 -2.8503
3.58 -2.51979 -2.97821
3.59 -2.53387 -3.10602
3.6 -2.54759 -3.23371
3.61 -2.56133 -3.3616
3.62 -2.57546 -3.49004
3.63 -2.59037 -3.61936
3.64 -2.60644 -3.74991
3.65 -2.62404 -3.88203
3.66 -2.64354 -4.01605
3.67 -2.66502 -4.15201
3.68 -2.68793 -4.28932
3.69 -2.7114 -4.42709
3.7 -2.73459 -4.56442
3.71 -2.75664 -4.70042
3.72 -2.77668 -4.8342
3.73 -2.79425 -4.96523
3.74 -2.80956 -5.09372
3.75 -2.82323 -5.22021
3.76 -2.83585 -5.34528
3.77 -2.84796 -5.4694
3.78 -2.85991 -5.59293
3.79 -2.87202 -5.7161
3.8 -2.88457 -5.83919
3.81 -2.89788 -5.96246
3.82 -2.91223 -6.08617
3.83 -2.92759 -6.21025
3.84 -2.94327 -6.33396
3.85 -2.95825 -6.45626
3.86 -2.9715 -6.57609
3.87 -2.98202 -6.69239
3.88 -2.98877 -6.80411
3.89 -2.99076 -6.9102
3.9 -2.98696 -7.00959
3.91 -2.97683 -7.1017
3.92 -2.96075 -7.18687
3.93 -2.93955 -7.26588
3.94 -2.91406 -7.33953
3.95 -2.88514 -7.40861
3.96 -2.85362 -7.47392
3.97 -2.82033 -7.53625
3.98 -2.78611 -7.59639
3.99 -2.75179 -7.65513
4 -2.7182 -7.71326
4.01 -2.68583 -7.77123
4.02 -2.65441 -7.82873
4.03 -2.62336 -7.88514
4.04 -2.59206 -7.93981
4.05 -2.56017 -7.99236
4.06 -2.52787 -8.04292
4.07 -2.4956 -8.09191
4.08 -2.46379 -8.13972
4.09 -2.43289 -8.18675
4.1 -2.40331 -8.23341
4.11 -2.37524 -8.27982
4.12 -2.34826 -8.32557
4.13 -2.32172 -8.36994
4.14 -2.29496 -8.41226
4.15 -2.2673 -8.45183
4.16 -2.23809 -8.48794
4.17 -2.20666 -8.51992
4.18 -2.17235 -8.54706
4.19 -2.13449 -8.56868
4.2 -2.09244 -8.58408
4.21 -2.04552 -8.59258
4.22 -1.99309 -8.59347
4.23 -1.93448 -8.58609
4.24 -1.86905 -8.56973
4.25 -1.79654 -8.5441
4.26 -1.7175 -8.50972
4.27 -1.63287 -8.46749
4.28 -1.54359 -8.41831
4.29 -1.4506 -8.36309
4.3 -1.35485 -8.30274
4.31 -1.25727 -8.23816
4.32 -1.15881 -8.17026
4.33 -1.06039 -8.09993
4.34 -0.962963 -8.02809
4.35 -0.86745 -7.95564
4.36 -0.774784 -7.88348
4.37 -0.685893 -7.81252
4.38 -0.601702 -7.74365
4.39 -0.523131 -7.67779
4.4 -0.451099 -7.61584
4.41 -0.386056 -7.55824
4.42 -0.32752 -7.50448
4.43 -0.274539 -7.45363
4.44 -0.226166 -7.40472
4.45 -0.181448 -7.35679
4.46 -0.139436 -7.3089
4.47 -0.0996713 -7.26058
4.48 -0.0626818 -7.21236
4.49 -0.0294863 -7.16527
4.5 -0.00110086 -7.12032
4.51 0.021462 -7.07853
4.52 0.0371931 -7.04094
4.53 0.045087 -7.00854
4.54 0.0441421 -6.98238
4.55 0.0333611 -6.96346
4.56 0.0117511 -6.9528
4.57 -0.0209746 -6.95073
4.58 -0.0636967 -6.95615
4.59 -0.114593 -6.96729
4.6 -0.17184 -6.98235
4.61 -0.233618 -6.99956
4.62 -0.298103 -7.01712
4.63 -0.363477 -7.03327
4.64 -0.427921 -7.04622
4.65 -0.489619 -7.05419
4.66 -0.546757 -7.0554
4.67 -0.598612 -7.04917
4.68 -0.646633 -7.03699
4.69 -0.693357 -7.02141
4.7 -0.741314 -7.00502
4.71 -0.792162 -6.98952
4.72 -0.845809 -6.97484
4.73 -0.901292 -6.96008
4.74 -0.957647 -6.94432
4.75 -1.01391 -6.92664
4.76 -1.06913 -6.90612
4.77 -1.12234 -6.88185
4.78 -1.17257 -6.8529
4.79 -1.21888 -6.81837
4.8 -1.26031 -6.77735
4.81 -1.2959 -6.72891
4.82 -1.32471 -6.67215
4.83 -1.34578 -6.60616
4.84 -1.35817 -6.53001
4.85 -1.36172 -6.44359
4.86 -1.35783 -6.34831
4.87 -1.34865 -6.24638
4.88 -1.33638 -6.14
4.89 -1.32316 -6.03138
4.9 -1.31117 -5.9227
4.91 -1.30256 -5.81618
4.92 -1.2995 -5.714
4.93 -1.30341 -5.61764
4.94 -1.31428 -5.52712
4.95 -1.33136 -5.44176
4.96 -1.35389 -5.36084
4.97 -1.38115 -5.28368
4.98 -1.41237 -5.20958
4.99 -1.44681 -5.13785
5 -1.48373 -5.06778
5.01 -1.52286 -4.99917
5.02 -1.56486 -4.93274
5.03 -1.61091 -4.8697
5.04 -1.66213 -4.81126
5.05 -1.71969 -4.75862
5.06 -1.78473 -4.713
5.07 -1.85791 -4.67511
5.08 -1.93891 -4.64472
5.09 -2.02697 -4.62112
5.1 -2.1213 -4.60359
5.11 -2.22111 -4.59141
5.12 -2.32561 -4.58388
5.13 -2.43402 -4.58027
5.14 -2.54556 -4.57988
5.15 -2.65944 -4.58199
5.16 -2.77487 -4.58589
5.17 -2.89142 -4.59121
5.18 -3.00934 -4.59827
5.19 -3.12922 -4.60774
5.2 -3.25166 -4.62028
5.21 -3.37724 -4.63656
5.22 -3.50656 -4.65725
5.23 -3.63989 -4.68268
5.24 -3.77688 -4.71261
5.25 -3.91689 -4.74643
5.26 -4.05924 -4.78356
5.27 -4.20328 -4.82343
5.28 -4.34835 -4.86544
5.29 -4.49379 -4.90902
5.3 -4.63896 -4.95358
5.31 -4.78319 -4.99854
5.32 -4.92583 -5.04332
5.33 -5.0667 -5.08779
5.34 -5.20651 -5.13274
5.35 -5.34644 -5.17943
5.36 -5.48769 -5.2291
5.37 -5.63142 -5.283
5.38 -5.77883 -5.34238
5.39 -5.93043 -5.40785
5.4 -6.08549 -5.47872
5.41 -6.24263 -5.55369
5.42 -6.40044 -5.63142
5.43 -6.55756 -5.71061
5.44 -6.71259 -5.78994
5.45 -6.86417 -5.86809
5.46 -7.01092 -5.94374
5.47 -7.15194 -6.01605
5.48 -7.28728 -6.08513
5.49 -7.41746 -6.15154
5.5 -7.543 -6.21586
5.51 -7.66443 -6.27865
5.52 -7.78228 -6.34049
5.53 -7.89707 -6.40194
5.54 -8.00933 -6.46358
5.55 -8.11927 -6.52567
5.56 -8.2265 -6.58783
5.57 -8.3303 -6.6494
5.58 -8.42997 -6.7097
5.59 -8.5248 -6.76806
5.6 -8.61408 -6.8238
5.61 -8.69712 -6.87624
5.62 -8.77323 -6.92472
5.63 -8.8417 -6.96856
5.64 -8.90185 -7.00709
5.65 -8.953 -7.03962
5.66 -8.99447 -7.06549
5.67 -9.02597 -7.08442
5.68 -9.04804 -7.09696
5.69 -9.06163 -7.10402
5.7 -9.06767 -7.10656
5.71 -9.06711 -7.10549
5.72 -9.06088 -7.10176
5.73 -9.04993 -7.0963
5.74 -9.03521 -7.09003
5.75 -9.01734 -7.08358
5.76 -8.99634 -7.07693
5.77 -8.97191 -7.06977
5.78 -8.94373 -7.06177
5.79 -8.91151 -7.05261
5.8 -8.87496 -7.04196
5.81 -8.8339 -7.02965
5.82 -8.78845 -7.01573
5.83 -8.73883 -7.00041
5.84 -8.68529 -6.98389
5.85 -8.62801 -6.96635
5.86 -8.56712 -6.94784
5.87 -8.50268 -6.92841
5.88 -8.43477 -6.90809
5.89 -8.3637 -6.88715
5.9 -8.29027 -6.86634
5.91 -8.21525 -6.8464
5.92 -8.1388 -6.82743
5.93 -8.06088 -6.80936
5.94 -7.98157 -6.7922
5.95 -7.90097 -6.77603
5.96 -7.81922 -6.76092
5.97 -7.73631 -6.74682
5.98 -7.65199 -6.73342
5.99 -7.56586 -6.72027
6 -7.47753 -6.70693
6.01 -7.38662 -6.69297
6.02 -7.29275 -6.67794
6.03 -7.19553 -6.66139
6.04 -7.09458 -6.64289
6.05 -6.98981 -6.62229
6.06 -6.88174 -6.60003
6.07 -6.77116 -6.57685
6.08 -6.65887 -6.55349
6.09 -6.54569 -6.53068
6.1 -6.4324 -6.50916
6.11 -6.31949 -6.48934
6.12 -6.20677 -6.47098
6.13 -6.09373 -6.45348
6.14 -5.97986 -6.4363
6.15 -5.86467 -6.41884
6.16 -5.74763 -6.40053
6.17 -5.62853 -6.38108
6.18 -5.50769 -6.36075
6.19 -5.38572 -6.34007
6.2 -5.26323 -6.31957
6.21 -5.14059 -6.29957
6.22 -5.01778 -6.27997
6.23 -4.89454 -6.26044
6.24 -4.77063 -6.24067
6.25 -4.64579 -6.22032
6.26 -4.51978 -6.19909
6.27 -4.39234 -6.17666
6.28 -4.26324 -6.15269
6.29 -4.13222 -6.12688
6.3 -3.99903 -6.09889
6.31 -3.86371 -6.06869
6.32 -3.72678 -6.03673
6.33 -3.58907 -6.00375
6.34 -3.45138 -5.97049
6.35 -3.31425 -5.93742
6.36 -3.17771 -5.90448
6.37 -3.04149 -5.87135
6.38 -2.90536 -5.83772
6.39 -2.76918 -5.80338
6.4 -2.63307 -5.76838
6.41 -2.49727 -5.73288
6.42 -2.36202 -5.69705
6.43 -2.22749 -5.66101
6.44 -2.09376 -5.62475
6.45 -1.96084 -5.58822
6.46 -1.82874 -5.55137
6.47 -1.69748 -5.51415
6.48 -1.56707 -5.47651
6.49 -1.43751 -5.43837
6.5 -1.30875 -5.39963
6.51 -1.18072 -5.36015
6.52 -1.05337 -5.31982
6.53 -0.926721 -5.27861
6.54 -0.801018 -5.23669
6.55 -0.6766 -5.19434
6.56 -0.553804 -5.15186
6.57 -0.432969 -5.10951
6.58 -0.314429 -5.06757
6.59 -0.198517 -5.02634
6.6 -0.0855674 -4.98608
6.61 0.0242515 -4.94693
6.62 0.131092 -4.90867
6.63 0.235268 -4.87095
6.64 0.337096 -4.83341
6.65 0.43689 -4.79569
6.66 0.534969 -4.75743
6.67 0.631647 -4.71826
6.68 0.727245 -4.67784
6.69 0.821806 -4.63608
6.7 0.914835 -4.59343
6.71 1.00576 -4.55042
6.72 1.09441 -4.50721
6.73 1.1808 -4.46373
6.74 1.26497 -4.41992
6.75 1.34694 -4.37573
6.76 1.42673 -4.3311
6.77 1.50436 -4.286
6.78 1.57978 -4.24045
6.79 1.65291 -4.1945
6.8 1.72368 -4.1482
6.81 1.79211 -4.1015
6.82 1.85845 -4.05416
6.83 1.92301 -4.00583
6.84 1.98611 -3.95617
6.85 2.04809 -3.90484
6.86 2.10927 -3.85151
6.87 2.16997 -3.79582
6.88 2.23053 -3.73745
6.89 2.29128 -3.67604
6.9 2.35253 -3.61127
6.91 2.41463 -3.54279
6.92 2.47789 -3.47028
6.93 2.54241 -3.39362
6.94 2.60777 -3.31324
6.95 2.67332 -3.22977
6.96 2.7384 -3.14386
6.97 2.80237 -3.05617
6.98 2.86458 -2.96733
6.99 2.92439 -2.878
7 2.98114 -2.78882
7.01 3.03445 -2.70019
7.02 3.08446 -2.61197
7.03 3.13156 -2.5238
7.04 3.17614 -2.43528
7.05 3.21858 -2.34604
7.06 3.25928 -2.25569
7.07 3.29836 -2.16416
7.08 3.33531 -2.07193
7.09 3.36939 -1.9798
7.1 3.39983 -1.88854
7.11 3.42615 -1.79864
7.12 3.44848 -1.71001
7.13 3.46725 -1.62226
7.14 3.48286 -1.53499
7.15 3.49575 -1.44782
7.16 3.50634 -1.36034
7.17 3.51504 -1.27218
7.18 3.52229 -1.18294
7.19 3.5285 -1.09223
7.2 3.53409 -0.99966
7.21 3.53928 -0.905071
7.22 3.54382 -0.808733
7.23 3.54726 -0.711144
7.24 3.54913 -0.612799
7.25 3.54899 -0.514196
7.26 3.54637 -0.415831
7.27 3.54102 -0.318011
7.28 3.53305 -0.220666
7.29 3.52269 -0.123621
7.3 3.50999 -0.026861
7.31 3.49495 0.0695448
7.32 3.47753 0.165528
7.33 3.45781 0.261096
7.34 3.43598 0.356407
7.35 3.41235 0.451696
7.36 3.38719 0.547197
7.37 3.36081 0.643144
7.38 3.33348 0.73977
7.39 3.30551 0.837308
7.4 3.27717 0.935992
7.41 3.24864 1.03593
7.42 3.21983 1.13699
7.43 3.19056 1.23891
7.44 3.16061 1.34144
7.45 3.1298 1.4443
7.46 3.09793 1.54726
7.47 3.065 1.65026
7.48 3.03147 1.75368
7.49 2.99799 1.85812
7.5 2.96521 1.96418
7.51 2.93357 2.0722
7.52 2.90301 2.1821
7.53 2.87326 2.29353
7.54 2.84404 2.40616
7.55 2.81508 2.51965
7.56 2.78611 2.63366
7.57 2.75684 2.74786
7.58 2.72701 2.8619
7.59 2.69645 2.97557
7.6 2.66519 3.08883
7.61 2.63338 3.20178
7.62 2.60117 3.31447
7.63 2.5687 3.42701
7.64 2.5361 3.53947
7.65 2.50353 3.65193
7.66 2.47113 3.76447
7.67 2.43909 3.87722
7.68 2.40768 3.9904
7.69 2.37724 4.10426
7.7 2.34808 4.21909
7.71 2.32054 4.33513
7.72 2.29492 4.45266
7.73 2.27144 4.57181
7.74 2.25002 4.69245
7.75 2.23047 4.81436
7.76 2.21261 4.93727
7.77 2.19648 5.06119
7.78 2.18261 5.18658
7.79 2.17151 5.31391
7.8 2.16322 5.44315
7.81 2.15749 5.57404
7.82 2.15412 5.70628
7.83 2.15286 5.83961
7.84 2.15351 5.97376
7.85 2.15582 6.10844
7.86 2.15957 6.2434
7.87 2.16453 6.37835
7.88 2.17048 6.51302
7.89 2.17719 6.64714
7.9 2.18442 6.78045
7.91 2.19195 6.91265
7.92 2.19956 7.0435
7.93 2.207 7.1727
7.94 2.21406 7.30001
7.95 2.2205 7.42513
7.96 2.22609 7.54781
7.97 2.2308 7.66797
7.98 2.23496 7.78589
7.99 2.23909 7.90207
8 2.24371 8.01698
8.01 2.24935 8.13113
8.02 2.25653 8.24497
8.03 2.26552 8.35878
8.04 2.27612 8.47229
8.05 2.28789 8.58505
8.06 2.30037 8.69657
8.07 2.31314 8.80638
8.08 2.32573 8.91401
8.09 2.33771 9.01898
8.1 2.34863 9.12082
8.11 2.35822 9.21922
8.12 2.36654 9.31422
8.13 2.37384 9.40604
8.14 2.38035 9.49489
8.15 2.38631 9.58098
8.16 2.39195 9.66451
8.17 2.39747 9.74566
8.18 2.40295 9.82449
8.19 2.40844 9.90102
8.2 2.41398 9.97527
8.21 2.41961 10.0473
8.22 2.42538 10.1171
8.23 2.43132 10.1846
8.24 2.4374 10.2499
8.25 2.44362 10.3129
8.26 2.44993 10.3736
8.27 2.45632 10.4319
8.28 2.46275 10.4878
8.29 2.46931 10.5414
8.3 2.47634 10.5929
8.31 2.48429 10.6429
8.32 2.4936 10.6917
8.33 2.50471 10.7398
8.34 2.51807 10.7876
8.35 2.534 10.8355
8.36 2.55258 10.8835
8.37 2.57377 10.9316
8.38 2.59757 10.9798
8.39 2.62399 11.0282
8.4 2.65306 11.0766
8.41 2.68473 11.1252
8.42 2.71893 11.1737
8.43 2.75553 11.2222
8.44 2.79439 11.2705
8.45 2.83539 11.3185
8.46 2.87839 11.366
8.47 2.92328 11.413
8.48 2.96991 11.4593
8.49 3.01821 11.5048
8.5 3.06824 11.5497
8.51 3.12011 11.5941
8.52 3.17393 11.6381
8.53 3.2296 11.6817
8.54 3.2866 11.7242
8.55 3.34421 11.7651
8.56 3.4017 11.8037
8.57 3.45836 11.8392
8.58 3.51345 11.8709
8.59 3.56625 11.8982
8.6 3.61605 11.9203
8.61 3.66212 11.9366
8.62 3.70374 11.9463
8.63 3.74052 11.9492
8.64 3.77273 11.9453
8.65 3.80096 11.9355
8.66 3.82579 11.9203
8.67 3.84781 11.9003
8.68 3.86761 11.876
8.69 3.88579 11.8483
8.7 3.90292 11.8175
8.71 3.9196 11.7844
8.72 3.93641 11.7496
8.73 3.95378 11.7135
8.74 3.97186 11.6763
8.75 3.99064 11.638
8.76 4.01011 11.5987
8.77 4.03027 11.5583
8.78 4.05111 11.5169
8.79 4.07292 11.4748
8.8 4.09656 11.4329
8.81 4.12322 11.3925
8.82 4.15404 11.3547
8.83 4.19021 11.3207
8.84 4.23287 11.2917
8.85 4.28258 11.2683
8.86 4.33869 11.25
8.87 4.39996 11.2355
8.88 4.46513 11.2236
8.89 4.53295 11.2132
8.9 4.60218 11.203
8.91 4.67156 11.1918
8.92 4.73985 11.1784
8.93 4.8058 11.1617
8.94 4.86818 11.1404
8.95 4.92627 11.1139
8.96 4.9804 11.0825
8.97 5.03144 11.0472
8.98 5.08025 11.0088
8.99 5.12731 10.968
9 5.17234 10.9244
9.01 5.2147 10.8774
9.02 5.25372 10.8265
9.03 5.28957 10.7718
9.04 5.32406 10.7153
9.05 5.3598 10.6594
9.06 5.39941 10.607
9.07 5.44466 10.5598
9.08 5.49569 10.5181
9.09 5.55176 10.4811
9.1 5.61216 10.4481
9.11 5.67617 10.4186
9.12 5.74309 10.3919
9.13 5.81218 10.3672
9.14 5.88274 10.344
9.15 5.95424 10.3217
9.16 6.02651 10.3002
9.17 6.09957 10.2797
9.18 6.17346 10.2602
9.19 6.248 10.2416
9.2 6.32267 10.2234
9.21 6.39676 10.205
9.22 6.46956 10.1856
9.23 6.54036 10.1647
9.24 6.60845 10.1416
9.25 6.67314 10.1156
9.26 6.73371 10.0861
9.27 6.78947 10.0525
9.28 6.83972 10.0139
9.29 6.8843 9.97045
9.3 6.92407 9.92291
9.31 6.96045 9.87278
9.32 6.99486 9.82149
9.33 7.02868 9.7705
9.34 7.06333 9.72123
9.35 7.10022 9.67514
9.36 7.14073 9.63367
9.37 7.18542 9.5974
9.38 7.23313 9.56522
9.39 7.28183 9.53515
9.4 7.32952 9.50521
9.41 7.37481 9.47407
9.42 7.41756 9.44161
9.43 7.45825 9.40835
9.44 7.49735 9.37479
9.45 7.53535 9.34146
9.46 7.57271 9.30886
9.47 7.60994 9.27751
9.48 7.64749 9.24792
9.49 7.68586 9.2206
9.5 7.72551 9.19606
9.51 7.76664 9.17452
9.52 7.80884 9.1556
9.53 7.85141 9.13865
9.54 7.89367 9.12299
9.55 7.93491 9.10797
9.56 7.97445 9.09292
9.57 8.0116 9.07718
9.58 8.04567 9.06008
9.59 8.07598 9.04096
9.6 8.10184 9.01917
9.61 8.12291 8.99436
9.62 8.1395 8.96688
9.63 8.15227 8.93738
9.64 8.16188 8.90655
9.65 8.16897 8.87503
9.66 8.17419 8.84351
9.67 8.17822 8.81263
9.68 8.18168 8.78307
9.69 8.18525 8.75549
9.7 8.18957 8.73056
9.71 8.19504 8.70867
9.72 8.20154 8.68972
9.73 8.2087 8.67334
9.74 8.21614 8.65916
9.75 8.22349 8.64683
9.76 8.23038 8.63597
9.77 8.23644 8.62622
9.78 8.24129 8.61721
9.79 8.24458 8.60858
9.8 8.24594 8.59996
9.81 8.24514 8.59113
9.82 8.24226 8.58217
9.83 8.23732 8.57308
9.84 8.22989 8.56344
9.85 8.21936 8.55262
9.86 8.2051 8.53998
9.87 8.18695 8.52538
9.88 8.16571 8.50957
9.89 8.14264 8.49382
9.9 8.119 8.47937
9.91 8.09562 8.46703
9.92 8.07242 8.45672
9.93 8.04891 8.44793
9.94 8.02458 8.44014
9.95 7.99893 8.43283
9.96 7.97147 8.42548
9.97 7.94184 8.41773
9.98 7.91 8.40952
9.99 7.87594 8.4008
10 7.83936 8.39127
