0.01 7.83936e-05 1.81033e-08
0.02 0.000469843 1.49584e-07
0.03 0.00148551 6.40108e-07
0.04 0.00343309 1.93652e-06
0.05 0.00661547 4.72335e-06
0.06 0.0113294 9.95809e-06
0.07 0.017864 1.89051e-05
0.08 0.0264999 3.31681e-05
0.09 0.0375074 5.47207e-05
0.1 0.0511457 8.59355e-05
0.11 0.0676615 0.000129611
0.12 0.087288 0.000188996
0.13 0.110244 0.000267813
0.14 0.136732 0.000370278
0.15 0.166939 0.000501118
0.16 0.201034 0.000665589
0.17 0.239167 0.000869483
0.18 0.281471 0.00111915
0.19 0.328058 0.00142148
0.2 0.37902 0.00178395
0.21 0.434427 0.00221457
0.22 0.494332 0.00272195
0.23 0.558761 0.00331523
0.24 0.627724 0.00400411
0.25 0.701205 0.00479884
0.26 0.779168 0.00571019
0.27 0.861554 0.00674946
0.28 0.948285 0.00792842
0.29 1.03926 0.00925935
0.3 1.13435 0.010755
0.31 1.23342 0.0124284
0.32 1.33631 0.0142933
0.33 1.44282 0.0163634
0.34 1.55276 0.0186531
0.35 1.66591 0.0211768
0.36 1.78202 0.0239496
0.37 1.90084 0.0269862
0.38 2.02211 0.0303021
0.39 2.14553 0.0339126
0.4 2.2708 0.0378331
0.41 2.39761 0.0420792
0.42 2.52564 0.0466665
0.43 2.65455 0.0516103
0.44 2.784 0.0569262
0.45 2.91363 0.0626295
0.46 3.04309 0.0687351
0.47 3.17201 0.0752581
0.48 3.30003 0.0822129
0.49 3.42678 0.0896139
0.5 3.55188 0.0974749
0.51 3.67497 0.105809
0.52 3.79568 0.11463
0.53 3.91364 0.12395
0.54 4.02849 0.133781
0.55 4.13989 0.144134
0.56 4.24748 0.15502
0.57 4.35093 0.166449
0.58 4.44991 0.17843
0.59 4.54411 0.190971
0.6 4.63321 0.20408
0.61 4.71694 0.217765
0.62 4.79502 0.232031
0.63 4.86719 0.246882
0.64 4.93321 0.262325
0.65 4.99285 0.27836
0.66 5.04592 0.294992
0.67 5.09224 0.31222
0.68 5.13162 0.330046
0.69 5.16395 0.348469
0.7 5.18908 0.367487
0.71 5.20694 0.387098
0.72 5.21743 0.407297
0.73 5.22052 0.42808
0.74 5.21616 0.449442
0.75 5.20436 0.471374
0.76 5.18514 0.493871
0.77 5.15852 0.516923
0.78 5.12459 0.54052
0.79 5.08342 0.564651
0.8 5.03513 0.589306
0.81 4.97986 0.614472
0.82 4.91775 0.640135
0.83 4.84899 0.666281
0.84 4.77377 0.692896
0.85 4.69231 0.719964
0.86 4.60484 0.747468
0.87 4.51164 0.775391
0.88 4.41295 0.803715
0.89 4.30909 0.832423
0.9 4.20035 0.861494
0.91 4.08706 0.89091
0.92 3.96954 0.920651
0.93 3.84814 0.950696
0.94 3.72322 0.981025
0.95 3.59514 1.01162
0.96 3.46428 1.04245
0.97 3.33102 1.0735
0.98 3.19574 1.10475
0.99 3.05883 1.13618
1 2.92068 1.16777
1.01 2.7817 1.19948
1.02 2.64226 1.23131
1.03 2.50276 1.26323
1.04 2.36359 1.29521
1.05 2.22513 1.32725
1.06 2.08775 1.35931
1.07 1.95183 1.39137
1.08 1.81773 1.42342
1.09 1.68579 1.45544
1.1 1.55636 1.4874
1.11 1.42976 1.51929
1.12 1.30631 1.55109
1.13 1.1863 1.58277
1.14 1.07001 1.61433
1.15 0.957711 1.64575
1.16 0.849649 1.677
1.17 0.746052 1.70808
1.18 0.64713 1.73897
1.19 0.553071 1.76966
1.2 0.464044 1.80013
1.21 0.380197 1.83036
1.22 0.301654 1.86036
1.23 0.228519 1.89009
1.24 0.160873 1.91957
1.25 0.0987756 1.94877
1.26 0.0422614 1.97769
1.27 -0.00865579 2.00632
1.28 -0.0539852 2.03465
1.29 -0.0937586 2.06267
1.3 -0.12803 2.09039
1.31 -0.156874 2.11778
1.32 -0.180388 2.14486
1.33 -0.19869 2.17161
1.34 -0.211918 2.19804
1.35 -0.220229 2.22413
1.36 -0.223801 2.24989
1.37 -0.222826 2.27531
1.38 -0.217517 2.3004
1.39 -0.208101 2.32516
1.4 -0.194822 2.34958
1.41 -0.177935 2.37366
1.42 -0.157711 2.39741
1.43 -0.134431 2.42083
1.44 -0.108387 2.44391
1.45 -0.07988 2.46667
1.46 -0.049219 2.48909
1.47 -0.0167197 2.51119
1.48 0.0172971 2.53297
1.49 0.0525068 2.55442
1.5 0.0885823 2.57556
1.51 0.125195 2.59638
1.52 0.162018 2.61688
1.53 0.198725 2.63707
1.54 0.234993 2.65696
1.55 0.270504 2.67653
1.56 0.304945 2.6958
1.57 0.338011 2.71477
1.58 0.369405 2.73343
1.59 0.398841 2.7518
1.6 0.426042 2.76986
1.61 0.450746 2.78762
1.62 0.4727 2.80508
1.63 0.491671 2.82225
1.64 0.507436 2.83911
1.65 0.519792 2.85567
1.66 0.528551 2.87192
1.67 0.533545 2.88787
1.68 0.534624 2.90351
1.69 0.531656 2.91884
1.7 0.524532 2.93386
1.71 0.51316 2.94855
1.72 0.497473 2.96293
1.73 0.477421 2.97697
1.74 0.452979 2.99067
1.75 0.424142 3.00404
1.76 0.390927 3.01706
1.77 0.353373 3.02972
1.78 0.31154 3.04203
1.79 0.265511 3.05396
1.8 0.215388 3.06551
1.81 0.161295 3.07667
1.82 0.103377 3.08744
1.83 0.041798 3.09779
1.84 -0.0232594 3.10774
1.85 -0.0915932 3.11725
1.86 -0.162984 3.12633
1.87 -0.237196 3.13495
1.88 -0.313976 3.14312
1.89 -0.393058 3.15082
1.9 -0.47416 3.15803
1.91 -0.556988 3.16475
1.92 -0.641237 3.17097
1.93 -0.726591 3.17666
1.94 -0.812724 3.18184
1.95 -0.899303 3.18647
1.96 -0.985989 3.19055
1.97 -1.07244 3.19408
1.98 -1.1583 3.19703
1.99 -1.24322 3.1994
2 -1.32685 3.20118
2.01 -1.40883 3.20236
2.02 -1.48882 3.20293
2.03 -1.56647 3.20289
2.04 -1.64143 3.20221
2.05 -1.71338 3.2009
2.06 -1.78197 3.19896
2.07 -1.84689 3.19636
2.08 -1.90783 3.19311
2.09 -1.96449 3.18921
2.1 -2.01657 3.18464
2.11 -2.06382 3.17941
2.12 -2.10596 3.17351
2.13 -2.14275 3.16694
2.14 -2.17398 3.1597
2.15 -2.19942 3.15179
2.16 -2.21889 3.14321
2.17 -2.23223 3.13396
2.18 -2.23927 3.12405
2.19 -2.23989 3.11348
2.2 -2.23399 3.10224
2.21 -2.22147 3.09036
2.22 -2.20228 3.07783
2.23 -2.17637 3.06466
2.24 -2.14372 3.05086
2.25 -2.10435 3.03644
2.26 -2.05827 3.02141
2.27 -2.00554 3.00578
2.28 -1.94624 2.98956
2.29 -1.88046 2.97276
2.3 -1.80833 2.95541
2.31 -1.72997 2.9375
2.32 -1.64557 2.91906
2.33 -1.55529 2.90011
2.34 -1.45936 2.88065
2.35 -1.35799 2.86071
2.36 -1.25142 2.8403
2.37 -1.13992 2.81944
2.38 -1.02377 2.79816
2.39 -0.903265 2.77647
2.4 -0.778711 2.75438
2.41 -0.650435 2.73193
2.42 -0.518774 2.70913
2.43 -0.384077 2.686
2.44 -0.246703 2.66256
2.45 -0.107019 2.63884
2.46 0.0345971 2.61485
2.47 0.177765 2.59062
2.48 0.322096 2.56617
2.49 0.467202 2.54152
2.5 0.612688 2.5167
2.51 0.758163 2.49172
2.52 0.903234 2.4666
2.53 1.04751 2.44137
2.54 1.19061 2.41605
2.55 1.33214 2.39066
2.56 1.47174 2.36521
2.57 1.60904 2.33973
2.58 1.74367 2.31424
2.59 1.8753 2.28876
2.6 2.00358 2.2633
2.61 2.1282 2.23789
2.62 2.24885 2.21253
2.63 2.36523 2.18725
2.64 2.47706 2.16206
2.65 2.58409 2.13698
2.66 2.68608 2.11202
2.67 2.7828 2.0872
2.68 2.87405 2.06252
2.69 2.95965 2.03801
2.7 3.03944 2.01366
2.71 3.11328 1.9895
2.72 3.18105 1.96553
2.73 3.24265 1.94176
2.74 3.29802 1.9182
2.75 3.3471 1.89485
2.76 3.38987 1.87173
2.77 3.42632 1.84884
2.78 3.45648 1.82617
2.79 3.48038 1.80375
2.8 3.4981 1.78156
2.81 3.50971 1.75961
2.82 3.51533 1.73791
2.83 3.51508 1.71645
2.84 3.50912 1.69523
2.85 3.49761 1.67426
2.86 3.48074 1.65353
2.87 3.45873 1.63304
2.88 3.43179 1.61279
2.89 3.40016 1.59277
2.9 3.36411 1.57299
2.91 3.3239 1.55343
2.92 3.27982 1.5341
2.93 3.23216 1.51498
2.94 3.18122 1.49608
2.95 3.12733 1.47738
2.96 3.07081 1.45889
2.97 3.01198 1.44059
2.98 2.95119 1.42249
2.99 2.88877 1.40456
3 2.82506 1.38682
3.01 2.76042 1.36924
3.02 2.69517 1.35183
3.03 2.62967 1.33458
3.04 2.56426 1.31748
3.05 2.49926 1.30053
3.06 2.435 1.28372
3.07 2.37182 1.26704
3.08 2.31001 1.25049
3.09 2.24988 1.23406
3.1 2.19173 1.21776
3.11 2.13584 1.20157
3.12 2.08246 1.18549
3.13 2.03186 1.16951
3.14 1.98427 1.15365
3.15 1.93991 1.13788
3.16 1.89899 1.12221
3.17 1.86168 1.10663
3.18 1.82817 1.09115
3.19 1.79858 1.07577
3.2 1.77306 1.06048
3.21 1.75171 1.04529
3.22 1.7346 1.03019
3.23 1.72182 1.01518
3.24 1.71339 1.00028
3.25 1.70934 0.985475
3.26 1.70967 0.970776
3.27 1.71436 0.956184
3.28 1.72336 0.941705
3.29 1.7366 0.927341
3.3 1.754 0.913098
3.31 1.77544 0.898983
3.32 1.80081 0.885
3.33 1.82994 0.871155
3.34 1.86268 0.857457
3.35 1.89883 0.843911
3.36 1.93819 0.830525
3.37 1.98054 0.817306
3.38 2.02564 0.804264
3.39 2.07324 0.791405
3.4 2.12306 0.778738
3.41 2.17484 0.766272
3.42 2.22827 0.754014
3.43 2.28305 0.741975
3.44 2.33888 0.730161
3.45 2.39542 0.718583
3.46 2.45237 0.707248
3.47 2.50937 0.696164
3.48 2.56609 0.685341
3.49 2.6222 0.674785
3.5 2.67735 0.664505
3.51 2.7312 0.654509
3.52 2.78342 0.644802
3.53 2.83366 0.635392
3.54 2.88159 0.626286
3.55 2.92689 0.617489
3.56 2.96924 0.609006
3.57 3.00832 0.600842
3.58 3.04383 0.593002
3.59 3.07548 0.585489
3.6 3.103 0.578305
3.61 3.12611 0.571455
3.62 3.14457 0.564938
3.63 3.15814 0.558756
3.64 3.1666 0.552908
3.65 3.16975 0.547396
3.66 3.16741 0.542216
3.67 3.15941 0.537367
3.68 3.14561 0.532845
3.69 3.12588 0.528648
3.7 3.10013 0.524769
3.71 3.06826 0.521205
3.72 3.03023 0.517948
3.73 2.98599 0.514992
3.74 2.93553 0.512327
3.75 2.87887 0.509947
3.76 2.81602 0.507841
3.77 2.74705 0.505999
3.78 2.67203 0.504409
3.79 2.59106 0.503061
3.8 2.50427 0.501941
3.81 2.41179 0.501036
3.82 2.3138 0.500333
3.83 2.21047 0.499816
3.84 2.10201 0.499472
3.85 1.98865 0.499283
3.86 1.87063 0.499235
3.87 1.74821 0.499309
3.88 1.62167 0.49949
3.89 1.49131 0.499759
3.9 1.35742 0.500099
3.91 1.22034 0.500492
3.92 1.0804 0.500919
3.93 0.937947 0.501361
3.94 0.793331 0.5018
3.95 0.646921 0.502217
3.96 0.499088 0.502592
3.97 0.35021 0.502908
3.98 0.20067 0.503145
3.99 0.0508531 0.503283
4 -0.0988527 0.503306
4.01 -0.24806 0.503193
4.02 -0.396382 0.502928
4.03 -0.543436 0.502491
4.04 -0.68884 0.501865
4.05 -0.83222 0.501034
4.06 -0.97321 0.499981
4.07 -1.11145 0.498688
4.08 -1.24658 0.497142
4.09 -1.37828 0.495325
4.1 -1.50621 0.493225
4.11 -1.63005 0.490827
4.12 -1.74952 0.488117
4.13 -1.86431 0.485084
4.14 -1.97417 0.481716
4.15 -2.07885 0.478002
4.16 -2.17811 0.473931
4.17 -2.27174 0.469494
4.18 -2.35955 0.464683
4.19 -2.44136 0.45949
4.2 -2.51703 0.453909
4.21 -2.58642 0.447933
4.22 -2.64944 0.441557
4.23 -2.70599 0.434778
4.24 -2.75601 0.427591
4.25 -2.79947 0.419996
4.26 -2.83635 0.41199
4.27 -2.86665 0.403572
4.28 -2.89042 0.394743
4.29 -2.9077 0.385505
4.3 -2.91857 0.375858
4.31 -2.92313 0.365806
4.32 -2.92149 0.355353
4.33 -2.91381 0.344502
4.34 -2.90023 0.33326
4.35 -2.88096 0.321631
4.36 -2.85618 0.309621
4.37 -2.82611 0.297239
4.38 -2.791 0.284492
4.39 -2.75109 0.271389
4.4 -2.70666 0.257937
4.41 -2.65798 0.244146
4.42 -2.60536 0.230027
4.43 -2.54911 0.215588
4.44 -2.48953 0.200842
4.45 -2.42697 0.185798
4.46 -2.36175 0.170468
4.47 -2.29423 0.154863
4.48 -2.22474 0.138994
4.49 -2.15365 0.122873
4.5 -2.0813 0.106512
4.51 -2.00806 0.089923
4.52 -1.93427 0.0731169
4.53 -1.8603 0.0561058
4.54 -1.7865 0.0389012
4.55 -1.7132 0.0215144
4.56 -1.64076 0.00395676
4.57 -1.56951 -0.0137608
4.58 -1.49977 -0.0316275
4.59 -1.43186 -0.049633
4.6 -1.36607 -0.0677672
4.61 -1.30272 -0.0860203
4.62 -1.24206 -0.104383
4.63 -1.18437 -0.122847
4.64 -1.1299 -0.141403
4.65 -1.07888 -0.160044
4.66 -1.03151 -0.178763
4.67 -0.988009 -0.197551
4.68 -0.948543 -0.216404
4.69 -0.913271 -0.235316
4.7 -0.882332 -0.254281
4.71 -0.855843 -0.273294
4.72 -0.8339 -0.292353
4.73 -0.816576 -0.311453
4.74 -0.803925 -0.330592
4.75 -0.795976 -0.349768
4.76 -0.792739 -0.368979
4.77 -0.7942 -0.388224
4.78 -0.800323 -0.407503
4.79 -0.811051 -0.426816
4.8 -0.826305 -0.446163
4.81 -0.845985 -0.465547
4.82 -0.869971 -0.484968
4.83 -0.898121 -0.504429
4.84 -0.930275 -0.523933
4.85 -0.966254 -0.543483
4.86 -1.00586 -0.563081
4.87 -1.04888 -0.582733
4.88 -1.09508 -0.602442
4.89 -1.14421 -0.622212
4.9 -1.19602 -0.642049
4.91 -1.25023 -0.661958
4.92 -1.30655 -0.681942
4.93 -1.36469 -0.702009
4.94 -1.42433 -0.722162
4.95 -1.48517 -0.742408
4.96 -1.54688 -0.762752
4.97 -1.60913 -0.783198
4.98 -1.67159 -0.803753
4.99 -1.73392 -0.824422
5 -1.79578 -0.845209
5.01 -1.85685 -0.866119
5.02 -1.91677 -0.887158
5.03 -1.97522 -0.908328
5.04 -2.03187 -0.929633
5.05 -2.08638 -0.951079
5.06 -2.13845 -0.972666
5.07 -2.18777 -0.994399
5.08 -2.23402 -1.01628
5.09 -2.27693 -1.03831
5.1 -2.31622 -1.06048
5.11 -2.35161 -1.08281
5.12 -2.38285 -1.10529
5.13 -2.40972 -1.12792
5.14 -2.43199 -1.1507
5.15 -2.44946 -1.17362
5.16 -2.46195 -1.19668
5.17 -2.46928 -1.21989
5.18 -2.47131 -1.24323
5.19 -2.46793 -1.2667
5.2 -2.45901 -1.29029
5.21 -2.44448 -1.31401
5.22 -2.42427 -1.33783
5.23 -2.39835 -1.36176
5.24 -2.3667 -1.38578
5.25 -2.32932 -1.40989
5.26 -2.28624 -1.43408
5.27 -2.23751 -1.45833
5.28 -2.1832 -1.48263
5.29 -2.12341 -1.50697
5.3 -2.05825 -1.53134
5.31 -1.98786 -1.55573
5.32 -1.9124 -1.58012
5.33 -1.83204 -1.60449
5.34 -1.747 -1.62884
5.35 -1.65748 -1.65314
5.36 -1.56371 -1.67738
5.37 -1.46597 -1.70155
5.38 -1.36451 -1.72562
5.39 -1.25963 -1.74959
5.4 -1.15161 -1.77343
5.41 -1.04079 -1.79712
5.42 -0.927479 -1.82065
5.43 -0.81202 -1.844
5.44 -0.69476 -1.86715
5.45 -0.576054 -1.89009
5.46 -0.456266 -1.91279
5.47 -0.335763 -1.93525
5.48 -0.214919 -1.95743
5.49 -0.09411 -1.97932
5.5 0.0262866 -2.00091
5.51 0.145893 -2.02218
5.52 0.264334 -2.04311
5.53 0.381234 -2.06368
5.54 0.496225 -2.08388
5.55 0.608943 -2.1037
5.56 0.71903 -2.12311
5.57 0.826138 -2.1421
5.58 0.929929 -2.16067
5.59 1.03007 -2.17879
5.6 1.12625 -2.19645
5.61 1.21817 -2.21364
5.62 1.30553 -2.23035
5.63 1.38807 -2.24657
5.64 1.46553 -2.26229
5.65 1.53766 -2.2775
5.66 1.60425 -2.29218
5.67 1.66511 -2.30635
5.68 1.72004 -2.31998
5.69 1.76889 -2.33307
5.7 1.81151 -2.34562
5.71 1.84781 -2.35762
5.72 1.87767 -2.36907
5.73 1.90102 -2.37997
5.74 1.91783 -2.39031
5.75 1.92805 -2.4001
5.76 1.9317 -2.40934
5.77 1.92878 -2.41803
5.78 1.91935 -2.42617
5.79 1.90347 -2.43377
5.8 1.88122 -2.44082
5.81 1.85272 -2.44733
5.82 1.81811 -2.45332
5.83 1.77753 -2.45878
5.84 1.73116 -2.46373
5.85 1.6792 -2.46816
5.86 1.62185 -2.4721
5.87 1.55935 -2.47554
5.88 1.49195 -2.4785
5.89 1.41992 -2.48099
5.9 1.34353 -2.48302
5.91 1.26308 -2.48461
5.92 1.17888 -2.48575
5.93 1.09125 -2.48647
5.94 1.00051 -2.48678
5.95 0.907018 -2.48669
5.96 0.811109 -2.48622
5.97 0.713143 -2.48537
5.98 0.613477 -2.48416
5.99 0.512475 -2.48261
6 0.410504 -2.48072
6.01 0.307931 -2.47852
6.02 0.205122 -2.47601
6.03 0.102442 -2.47321
6.04 0.000252037 -2.47013
6.05 -0.101091 -2.46679
6.06 -0.201235 -2.46319
6.07 -0.299838 -2.45936
6.08 -0.396566 -2.45529
6.09 -0.491092 -2.45102
6.1 -0.583104 -2.44654
6.11 -0.672301 -2.44186
6.12 -0.758395 -2.43701
6.13 -0.841113 -2.43198
6.14 -0.920199 -2.42679
6.15 -0.995413 -2.42145
6.16 -1.06653 -2.41596
6.17 -1.13335 -2.41034
6.18 -1.19568 -2.40459
6.19 -1.25336 -2.39872
6.2 -1.30625 -2.39274
6.21 -1.35422 -2.38664
6.22 -1.39717 -2.38044
6.23 -1.43501 -2.37414
6.24 -1.4677 -2.36774
6.25 -1.49519 -2.36124
6.26 -1.51746 -2.35466
6.27 -1.53454 -2.34798
6.28 -1.54644 -2.34121
6.29 -1.55323 -2.33436
6.3 -1.55497 -2.32741
6.31 -1.55175 -2.32038
6.32 -1.54371 -2.31325
6.33 -1.53097 -2.30603
6.34 -1.51369 -2.29871
6.35 -1.49205 -2.2913
6.36 -1.46624 -2.28378
6.37 -1.43647 -2.27616
6.38 -1.40298 -2.26842
6.39 -1.366 -2.26057
6.4 -1.3258 -2.2526
6.41 -1.28265 -2.24451
6.42 -1.23682 -2.23629
6.43 -1.18863 -2.22793
6.44 -1.13838 -2.21943
6.45 -1.08638 -2.21078
6.46 -1.03294 -2.20198
6.47 -0.978416 -2.19301
6.48 -0.923121 -2.18389
6.49 -0.867398 -2.17459
6.5 -0.811584 -2.16512
6.51 -0.756019 -2.15546
6.52 -0.70104 -2.14562
6.53 -0.646982 -2.13558
6.54 -0.594179 -2.12535
6.55 -0.542955 -2.11491
6.56 -0.493633 -2.10427
6.57 -0.446524 -2.09342
6.58 -0.401932 -2.08235
6.59 -0.360151 -2.07107
6.6 -0.321461 -2.05957
6.61 -0.286131 -2.04785
6.62 -0.254417 -2.0359
6.63 -0.226559 -2.02374
6.64 -0.20278 -2.01135
6.65 -0.183287 -1.99874
6.66 -0.16827 -1.9859
6.67 -0.1579 -1.97285
6.68 -0.152327 -1.95958
6.69 -0.151683 -1.94609
6.7 -0.156078 -1.9324
6.71 -0.165602 -1.9185
6.72 -0.180323 -1.9044
6.73 -0.200288 -1.8901
6.74 -0.225519 -1.87562
6.75 -0.256018 -1.86095
6.76 -0.291766 -1.84611
6.77 -0.33272 -1.83111
6.78 -0.378813 -1.81595
6.79 -0.42996 -1.80065
6.8 -0.486051 -1.78521
6.81 -0.546957 -1.76965
6.82 -0.612525 -1.75398
6.83 -0.682586 -1.7382
6.84 -0.756948 -1.72234
6.85 -0.835401 -1.7064
6.86 -0.917717 -1.69041
6.87 -1.00365 -1.67436
6.88 -1.09294 -1.65828
6.89 -1.1853 -1.64219
6.9 -1.28046 -1.62608
6.91 -1.37809 -1.60999
6.92 -1.47788 -1.59393
6.93 -1.57951 -1.57791
6.94 -1.68264 -1.56194
6.95 -1.78692 -1.54604
6.96 -1.892 -1.53024
6.97 -1.99751 -1.51453
6.98 -2.1031 -1.49895
6.99 -2.2084 -1.48349
7 -2.31304 -1.46818
7.01 -2.41665 -1.45304
7.02 -2.51887 -1.43807
7.03 -2.61933 -1.42329
7.04 -2.71768 -1.40871
7.05 -2.81355 -1.39435
7.06 -2.90661 -1.38022
7.07 -2.99651 -1.36633
7.08 -3.08293 -1.35269
7.09 -3.16554 -1.33932
7.1 -3.24405 -1.32622
7.11 -3.31816 -1.3134
7.12 -3.38758 -1.30087
7.13 -3.45206 -1.28864
7.14 -3.51136 -1.27672
7.15 -3.56524 -1.26511
7.16 -3.61349 -1.25382
7.17 -3.65593 -1.24285
7.18 -3.69237 -1.23221
7.19 -3.72268 -1.22191
7.2 -3.74673 -1.21193
7.21 -3.7644 -1.20229
7.22 -3.77561 -1.19298
7.23 -3.78031 -1.18401
7.24 -3.77844 -1.17537
7.25 -3.77 -1.16707
7.26 -3.75499 -1.15909
7.27 -3.73344 -1.15144
7.28 -3.70541 -1.1441
7.29 -3.67096 -1.13708
7.3 -3.6302 -1.13037
7.31 -3.58325 -1.12396
7.32 -3.53025 -1.11784
7.33 -3.47136 -1.11201
7.34 -3.40677 -1.10646
7.35 -3.33667 -1.10116
7.36 -3.26129 -1.09613
7.37 -3.18087 -1.09134
7.38 -3.09567 -1.08678
7.39 -3.00596 -1.08244
7.4 -2.91203 -1.07831
7.41 -2.81419 -1.07437
7.42 -2.71274 -1.07062
7.43 -2.60801 -1.06703
7.44 -2.50035 -1.06359
7.45 -2.3901 -1.0603
7.46 -2.27761 -1.05713
7.47 -2.16325 -1.05407
7.48 -2.04739 -1.0511
7.49 -1.93038 -1.04822
7.5 -1.81262 -1.0454
7.51 -1.69445 -1.04264
7.52 -1.57627 -1.03991
7.53 -1.45844 -1.0372
7.54 -1.34133 -1.0345
7.55 -1.2253 -1.0318
7.56 -1.11071 -1.02907
7.57 -0.997896 -1.02632
7.58 -0.887209 -1.02352
7.59 -0.778974 -1.02066
7.6 -0.67351 -1.01773
7.61 -0.571122 -1.01472
7.62 -0.472102 -1.01161
7.63 -0.376724 -1.00841
7.64 -0.285251 -1.00509
7.65 -0.197925 -1.00164
7.66 -0.114973 -0.998071
7.67 -0.0366011 -0.994359
7.68 0.0370025 -0.990501
7.69 0.10567 -0.98649
7.7 0.169255 -0.98232
7.71 0.227631 -0.977986
7.72 0.280694 -0.973483
7.73 0.328363 -0.968809
7.74 0.370576 -0.963958
7.75 0.407297 -0.958931
7.76 0.438512 -0.953724
7.77 0.464226 -0.948336
7.78 0.484471 -0.942769
7.79 0.499299 -0.937022
7.8 0.508784 -0.931096
7.81 0.513022 -0.924993
7.82 0.512129 -0.918716
7.83 0.506245 -0.912268
7.84 0.495525 -0.905653
7.85 0.480149 -0.898874
7.86 0.46031 -0.891936
7.87 0.436223 -0.884845
7.88 0.408119 -0.877607
7.89 0.376242 -0.870227
7.9 0.340856 -0.862712
7.91 0.302233 -0.855068
7.92 0.260663 -0.847304
7.93 0.216443 -0.839426
7.94 0.169884 -0.831441
7.95 0.121302 -0.823358
7.96 0.0710238 -0.815185
7.97 0.0193813 -0.80693
7.98 -0.0332891 -0.7986
7.99 -0.0866471 -0.790203
8 -0.14035 -0.781749
8.01 -0.194056 -0.773243
8.02 -0.247422 -0.764695
8.03 -0.300107 -0.756112
8.04 -0.351776 -0.747501
8.05 -0.402097 -0.738869
8.06 -0.450744 -0.730223
8.07 -0.497399 -0.721569
8.08 -0.541755 -0.712914
8.09 -0.583511 -0.704262
8.1 -0.622382 -0.695621
8.11 -0.658092 -0.686993
8.12 -0.690381 -0.678383
8.13 -0.719002 -0.669795
8.14 -0.743727 -0.661232
8.15 -0.76434 -0.652697
8.16 -0.780648 -0.644191
8.17 -0.792471 -0.635715
8.18 -0.799654 -0.627271
8.19 -0.802058 -0.618859
8.2 -0.799564 -0.610477
8.21 -0.792078 -0.602125
8.22 -0.779524 -0.593801
8.23 -0.761849 -0.585501
8.24 -0.739021 -0.577224
8.25 -0.711032 -0.568964
8.26 -0.677894 -0.560718
8.27 -0.639644 -0.552479
8.28 -0.596339 -0.544243
8.29 -0.548058 -0.536004
8.3 -0.494903 -0.527753
8.31 -0.436996 -0.519484
8.32 -0.37448 -0.511188
8.33 -0.307519 -0.502857
8.34 -0.236296 -0.494482
8.35 -0.161013 -0.486053
8.36 -0.0818915 -0.477562
8.37 0.000832143 -0.468996
8.38 0.0869032 -0.460346
8.39 0.176052 -0.451601
8.4 0.267995 -0.44275
8.41 0.362434 -0.433781
8.42 0.459061 -0.424683
8.43 0.557554 -0.415445
8.44 0.657584 -0.406054
8.45 0.758812 -0.396499
8.46 0.860892 -0.386768
8.47 0.963475 -0.37685
8.48 1.0662 -0.366733
8.49 1.16872 -0.356406
8.5 1.27066 -0.345857
8.51 1.37167 -0.335076
8.52 1.47139 -0.324053
8.53 1.56946 -0.312776
8.54 1.66553 -0.301236
8.55 1.75926 -0.289424
8.56 1.8503 -0.27733
8.57 1.93832 -0.264946
8.58 2.02301 -0.252265
8.59 2.10404 -0.239279
8.6 2.18113 -0.225981
8.61 2.25398 -0.212365
8.62 2.32233 -0.198427
8.63 2.38592 -0.18416
8.64 2.44451 -0.169562
8.65 2.49787 -0.15463
8.66 2.54581 -0.13936
8.67 2.58814 -0.123751
8.68 2.62469 -0.107804
8.69 2.65533 -0.0915169
8.7 2.67993 -0.0748916
8.71 2.69838 -0.0579298
8.72 2.71062 -0.0406341
8.73 2.71657 -0.0230079
8.74 2.71622 -0.00505543
8.75 2.70954 0.0132181
8.76 2.69656 0.0318067
8.77 2.6773 0.0507037
8.78 2.65182 0.0699015
8.79 2.62021 0.0893917
8.8 2.58256 0.109165
8.81 2.539 0.129213
8.82 2.48968 0.149523
8.83 2.43476 0.170085
8.84 2.37443 0.190887
8.85 2.3089 0.211916
8.86 2.23838 0.23316
8.87 2.16314 0.254604
8.88 2.08342 0.276236
8.89 1.9995 0.298039
8.9 1.91168 0.32
8.91 1.82026 0.342102
8.92 1.72555 0.36433
8.93 1.6279 0.386669
8.94 1.52763 0.409101
8.95 1.4251 0.431611
8.96 1.32066 0.454182
8.97 1.21469 0.476797
8.98 1.10753 0.499441
8.99 0.999572 0.522095
9 0.891183 0.544744
9.01 0.782737 0.567371
9.02 0.674607 0.58996
9.03 0.567165 0.612495
9.04 0.460778 0.634959
9.05 0.355807 0.657338
9.06 0.252609 0.679617
9.07 0.151532 0.701779
9.08 0.0529148 0.723812
9.09 -0.0429139 0.745701
9.1 -0.135637 0.767433
9.11 -0.224951 0.788995
9.12 -0.310565 0.810374
9.13 -0.392205 0.83156
9.14 -0.469611 0.852541
9.15 -0.542542 0.873306
9.16 -0.610773 0.893846
9.17 -0.6741 0.914153
9.18 -0.732337 0.934217
9.19 -0.785319 0.954032
9.2 -0.832902 0.97359
9.21 -0.874963 0.992887
9.22 -0.9114 1.01192
9.23 -0.942135 1.03067
9.24 -0.967112 1.04915
9.25 -0.986295 1.06736
9.26 -0.999674 1.08528
9.27 -1.00726 1.10292
9.28 -1.00909 1.12028
9.29 -1.00522 1.13735
9.3 -0.99572 1.15415
9.31 -0.9807 1.17066
9.32 -0.960278 1.1869
9.33 -0.934598 1.20287
9.34 -0.903822 1.21856
9.35 -0.868131 1.23398
9.36 -0.827728 1.24915
9.37 -0.782831 1.26405
9.38 -0.733675 1.27871
9.39 -0.680513 1.29312
9.4 -0.623612 1.30729
9.41 -0.563252 1.32123
9.42 -0.499727 1.33495
9.43 -0.433342 1.34844
9.44 -0.364413 1.36174
9.45 -0.293263 1.37483
9.46 -0.220226 1.38773
9.47 -0.145638 1.40044
9.48 -0.069845 1.41298
9.49 0.00680761 1.42535
9.5 0.0839701 1.43757
9.51 0.161293 1.44963
9.52 0.238426 1.46155
9.53 0.315022 1.47334
9.54 0.390738 1.48501
9.55 0.465235 1.49655
9.56 0.538179 1.50799
9.57 0.609246 1.51932
9.58 0.67812 1.53055
9.59 0.744493 1.54169
9.6 0.808072 1.55275
9.61 0.868574 1.56373
9.62 0.925731 1.57464
9.63 0.979288 1.58548
9.64 1.02901 1.59625
9.65 1.07467 1.60696
9.66 1.11607 1.61761
9.67 1.15302 1.6282
9.68 1.18536 1.63873
9.69 1.21295 1.64922
9.7 1.23564 1.65964
9.71 1.25335 1.67001
9.72 1.26599 1.68033
9.73 1.2735 1.69058
9.74 1.27583 1.70078
9.75 1.27298 1.71091
9.76 1.26494 1.72098
9.77 1.25175 1.73098
9.78 1.23345 1.7409
9.79 1.21012 1.75074
9.8 1.18184 1.76049
9.81 1.14874 1.77014
9.82 1.11095 1.7797
9.83 1.06862 1.78915
9.84 1.02193 1.79847
9.85 0.971078 1.80768
9.86 0.916272 1.81675
9.87 0.857743 1.82567
9.88 0.795739 1.83445
9.89 0.730521 1.84305
9.9 0.662366 1.85149
9.91 0.591563 1.85974
9.92 0.518416 1.86779
9.93 0.443238 1.87564
9.94 0.366351 1.88327
9.95 0.288086 1.89067
9.96 0.208783 1.89784
9.97 0.128786 1.90475
9.98 0.0484439 1.91141
9.99 -0.0318919 1.91779
10 -0.111868 1.92389
