0.01 -0.000127596 8.35792e-09
0.02 -0.000127601 3.92992e-08
0.03 -0.000127614 9.36105e-08
0.04 -0.000127634 1.60875e-07
0.05 -0.000127655 2.3535e-07
0.06 -0.000127675 3.21102e-07
0.07 -0.000127697 4.26873e-07
0.08 -0.000127729 5.6087e-07
0.09 -0.000127773 7.30534e-07
0.1 -0.00012783 9.42339e-07
0.11 -0.000127894 1.19544e-06
0.12 -0.000127966 1.47553e-06
0.13 -0.000128043 1.76141e-06
0.14 -0.000128119 2.03177e-06
0.15 -0.000128185 2.26573e-06
0.16 -0.000128233 2.44344e-06
0.17 -0.000128262 2.55413e-06
0.18 -0.000128274 2.60405e-06
0.19 -0.000128274 2.60865e-06
0.2 -0.000128269 2.5847e-06
0.21 -0.000128264 2.54957e-06
0.22 -0.000128261 2.52083e-06
0.23 -0.00012826 2.50642e-06
0.24 -0.00012826 2.49496e-06
0.25 -0.000128258 2.46554e-06
0.26 -0.000128252 2.3978e-06
0.27 -0.00012824 2.28047e-06
0.28 -0.000128222 2.11974e-06
0.29 -0.0001282 1.92657e-06
0.3 -0.000128176 1.70404e-06
0.31 -0.000128151 1.4516e-06
0.32 -0.000128122 1.16951e-06
0.33 -0.000128089 8.64032e-07
0.34 -0.000128053 5.52511e-07
0.35 -0.000128021 2.57634e-07
0.36 -0.000127999 1.58563e-09
0.37 -0.000128002 -1.95127e-07
0.38 -0.000128012 -3.12398e-07
0.39 -0.00012802 -3.328e-07
0.4 -0.000128024 -2.42154e-07
0.41 -0.000128035 -4.97736e-08
0.42 -0.000128063 1.9079e-07
0.43 -0.000128101 4.04023e-07
0.44 -0.000128124 5.15177e-07
0.45 -0.000128116 4.81532e-07
0.46 -0.000128084 3.22376e-07
0.47 -0.000128052 8.94726e-08
0.48 -0.000128031 -1.63538e-07
0.49 -0.000128021 -3.93563e-07
0.5 -0.000128021 -5.8007e-07
0.51 -0.000128024 -7.0523e-07
0.52 -0.000128029 -7.3636e-07
0.53 -0.000128039 -6.35389e-07
0.54 -0.00012806 -3.67707e-07
0.55 -0.000128103 9.68417e-08
0.56 -0.000128178 7.82981e-07
0.57 -0.00012828 1.68762e-06
0.58 -0.000128418 2.75927e-06
0.59 -0.000128703 3.92435e-06
0.6 -0.000129071 5.09897e-06
0.61 -0.00012947 6.21357e-06
0.62 -0.000129808 7.2262e-06
0.63 -0.000130053 8.10777e-06
0.64 -0.000130255 8.83407e-06
0.65 -0.000130458 9.38407e-06
0.66 -0.00013063 9.74241e-06
0.67 -0.000130696 9.88695e-06
0.68 -0.000130649 9.78005e-06
0.69 -0.000130566 9.38025e-06
0.7 -0.000130501 8.65284e-06
0.71 -0.000130434 7.57192e-06
0.72 -0.000130298 6.12164e-06
0.73 -0.000130074 4.3064e-06
0.74 -0.00012981 2.16189e-06
0.75 -0.000129562 -2.75697e-07
0.76 -0.000129599 -3.00902e-06
0.77 -0.000129849 -6.01426e-06
0.78 -0.000130274 -9.19741e-06
0.79 -0.00012831 -1.28812e-05
0.8 -0.00012001 -1.73344e-05
0.81 -0.00010723 -2.18646e-05
0.82 -9.22344e-05 -2.60893e-05
0.83 -7.59362e-05 -2.99252e-05
0.84 -6.20979e-05 -3.31468e-05
0.85 -5.23401e-05 -3.55955e-05
0.86 -4.5379e-05 -3.73662e-05
0.87 -3.98874e-05 -3.85397e-05
0.88 -3.67388e-05 -3.90336e-05
0.89 -3.76425e-05 -3.87719e-05
0.9 -4.29402e-05 -3.78099e-05
0.91 -5.03954e-05 -3.63656e-05
0.92 -5.89565e-05 -3.45223e-05
0.93 -6.93761e-05 -3.21558e-05
0.94 -8.07748e-05 -2.95024e-05
0.95 -9.28568e-05 -2.66923e-05
0.96 -0.00010401 -2.38896e-05
0.97 -0.000114266 -2.11446e-05
0.98 -0.000121848 -1.85735e-05
0.99 -0.000127579 -1.62001e-05
1 -0.000132259 -1.39028e-05
1.01 -0.000135168 -1.19081e-05
1.02 -0.000136463 -1.0183e-05
1.03 -0.000136425 -8.68206e-06
1.04 -0.000136333 -7.25501e-06
1.05 -0.000136511 -5.94437e-06
1.06 -0.000136881 -4.78677e-06
1.07 -0.000137093 -3.79982e-06
1.08 -0.000137015 -2.96296e-06
1.09 -0.000136894 -2.23595e-06
1.1 -0.000136999 -1.57496e-06
1.11 -0.000137265 -9.34985e-07
1.12 -0.000137415 -2.70327e-07
1.13 -0.000137353 4.63675e-07
1.14 -0.000137286 1.31007e-06
1.15 -0.000137427 2.3087e-06
1.16 -0.000137713 3.49527e-06
1.17 -0.000137925 4.90011e-06
1.18 -0.00013799 6.54737e-06
1.19 -0.00013679 8.68335e-06
1.2 -0.000134656 1.13589e-05
1.21 -0.000130268 1.45765e-05
1.22 -0.000123232 1.80878e-05
1.23 -0.000113432 2.16368e-05
1.24 -0.000102786 2.47983e-05
1.25 -9.4281e-05 2.71776e-05
1.26 -8.94464e-05 2.85174e-05
1.27 -8.96164e-05 2.85671e-05
1.28 -9.52221e-05 2.71441e-05
1.29 -0.000106095 2.40639e-05
1.3 -0.000121866 1.92125e-05
1.31 -0.00013757 1.28003e-05
1.32 -0.000143535 5.98943e-06
1.33 -0.00014199 -1.11665e-06
1.34 -0.000138971 -9.30547e-06
1.35 -0.000114343 -2.11687e-05
1.36 -6.41908e-05 -3.48328e-05
1.37 1.15784e-06 -4.86312e-05
1.38 7.30705e-05 -6.16384e-05
1.39 0.00014702 -7.39292e-05
1.4 0.000210042 -8.54806e-05
1.41 0.000263012 -9.63094e-05
1.42 0.000308963 -0.000106004
1.43 0.00035519 -0.000114675
1.44 0.000404637 -0.000122384
1.45 0.000447957 -0.000128982
1.46 0.000479205 -0.00013446
1.47 0.000497818 -0.000138749
1.48 0.000508168 -0.000141742
1.49 0.000533755 -0.000145476
1.5 0.000545702 -0.000146441
1.51 0.000544594 -0.000145383
1.52 0.000532808 -0.000143242
1.53 0.000509096 -0.000140077
1.54 0.000476252 -0.000135751
1.55 0.00043936 -0.000130073
1.56 0.000397905 -0.000122836
1.57 0.000349071 -0.000113964
1.58 0.000289169 -0.000103477
1.59 0.000207566 -9.04824e-05
1.6 0.00011398 -7.5382e-05
1.61 1.45928e-05 -5.74943e-05
1.62 -8.82687e-05 -3.62452e-05
1.63 -0.00016275 -1.31341e-05
1.64 -0.000157398 5.08457e-06
1.65 -9.60759e-05 2.80819e-05
1.66 2.63032e-05 5.58388e-05
1.67 0.000165322 8.32562e-05
1.68 0.000308217 0.000110644
1.69 0.000441326 0.000137249
1.7 0.000837665 0.000194764
1.71 0.00134564 0.000266154
1.72 0.00188618 0.000340071
1.73 0.00266953 0.000437242
1.74 0.00348563 0.000547266
1.75 0.00423881 0.000650887
1.76 0.00491211 0.000747149
1.77 0.00548969 0.00083583
1.78 0.0059688 0.00091731
1.79 0.0063409 0.000991409
1.8 0.00659061 0.00106107
1.81 0.00679424 0.00112177
1.82 0.00697864 0.00117206
1.83 0.00715854 0.00121289
1.84 0.00731375 0.00124075
1.85 0.00742363 0.00125802
1.86 0.00747713 0.00126421
1.87 0.00747742 0.0012624
1.88 0.00746038 0.00125709
1.89 0.00742317 0.00124816
1.9 0.00736674 0.00123537
1.91 0.00729573 0.00121851
1.92 0.00720516 0.00119663
1.93 0.00710777 0.00117045
1.94 0.00698965 0.00113802
1.95 0.00683216 0.00109651
1.96 0.0066047 0.00104014
1.97 0.00623256 0.000963565
1.98 0.00543024 0.00084276
1.99 0.00448452 0.000709908
2 0.00329015 0.000556044
2.01 0.00176143 0.000369359
2.02 0.000357183 0.000175178
2.03 -0.000251389 1.6513e-05
2.04 -0.00011226 -3.86633e-05
2.05 0.000771397 -0.000154252
2.06 0.00217921 -0.000309154
2.07 0.00348643 -0.000462776
2.08 0.00515022 -0.000667399
2.09 0.00643391 -0.000883994
2.1 0.00754298 -0.0010885
2.11 0.00844492 -0.00128456
2.12 0.00944027 -0.00145472
2.13 0.0104487 -0.00158867
2.14 0.0114558 -0.0017022
2.15 0.0123751 -0.00179816
2.16 0.013102 -0.0018777
2.17 0.013604 -0.0019417
2.18 0.0138702 -0.00198861
2.19 0.0138684 -0.00201379
2.2 0.0137367 -0.00202439
2.21 0.0136499 -0.00202152
2.22 0.0136103 -0.00200825
2.23 0.0135941 -0.00198676
2.24 0.0135567 -0.00195994
2.25 0.0134576 -0.00192945
2.26 0.0132669 -0.00189476
2.27 0.0129714 -0.00184711
2.28 0.0126201 -0.00178081
2.29 0.0120058 -0.00167737
2.3 0.011383 -0.0015702
2.31 0.0107075 -0.00146215
2.32 0.00969676 -0.00133324
2.33 0.00811507 -0.00116342
2.34 0.0063797 -0.000983736
2.35 0.00492991 -0.000833162
2.36 0.00394734 -0.000716134
2.37 0.00327771 -0.000617106
2.38 0.00278122 -0.000535772
2.39 0.00234028 -0.000464953
2.4 0.00184492 -0.000393718
2.41 0.0012833 -0.000317547
2.42 0.000777032 -0.000243601
2.43 0.000405831 -0.000173631
2.44 6.25488e-05 -0.00010195
2.45 -0.000151053 -4.01432e-05
2.46 -0.000211003 -1.22468e-06
2.47 -0.000216573 4.20151e-05
2.48 -7.89055e-05 9.7519e-05
2.49 0.000240729 0.000164901
2.5 0.000640677 0.000229468
2.51 0.000973049 0.000287925
2.52 0.00122638 0.000340111
2.53 0.00141299 0.000383834
2.54 0.00162129 0.000423183
2.55 0.00187111 0.000458302
2.56 0.00209534 0.000485812
2.57 0.0022533 0.000505956
2.58 0.00232398 0.000519726
2.59 0.00232962 0.000529359
2.6 0.00232516 0.000537477
2.61 0.00236055 0.000545539
2.62 0.00243852 0.000552543
2.63 0.002516 0.000557013
2.64 0.00254236 0.000557119
2.65 0.00252707 0.000555675
2.66 0.00248319 0.000553842
2.67 0.00243628 0.000550805
2.68 0.00241068 0.000545589
2.69 0.00241104 0.000538326
2.7 0.00240985 0.000528891
2.71 0.00237563 0.000517563
2.72 0.00229837 0.000504482
2.73 0.00219176 0.000489301
2.74 0.00208601 0.000470731
2.75 0.00201332 0.00044921
2.76 0.00195469 0.000424609
2.77 0.00184763 0.000394374
2.78 0.00165451 0.000355764
2.79 0.00142572 0.000313298
2.8 0.00112976 0.000260131
2.81 0.000807524 0.000197905
2.82 0.000461217 0.000135504
2.83 7.30788e-05 6.82126e-05
2.84 -0.000147811 1.34344e-05
2.85 -0.000177572 -1.52804e-05
2.86 -0.000140612 -3.29758e-05
2.87 -7.36249e-05 -4.62148e-05
2.88 -1.82246e-05 -5.99864e-05
2.89 6.60272e-05 -9.00303e-05
2.9 0.000116199 -0.000118061
2.91 0.000161442 -0.000136757
2.92 0.000232984 -0.000145545
2.93 0.000302962 -0.000147983
2.94 0.000321257 -0.000146168
2.95 0.000300565 -0.000145707
2.96 0.000251074 -0.000144919
2.97 0.000213505 -0.000141837
2.98 0.000209629 -0.00013538
2.99 0.000220878 -0.000126419
3 0.000210244 -0.000116971
3.01 0.000159057 -0.000107781
3.02 8.13094e-05 -9.66535e-05
3.03 1.90329e-05 -8.21593e-05
3.04 -2.16052e-05 -6.37967e-05
3.05 -5.4239e-05 -4.31949e-05
3.06 -9.73747e-05 -2.19721e-05
3.07 -0.00013487 -1.10511e-06
3.08 -0.00015322 2.04061e-05
3.09 -0.000118948 4.33003e-05
3.1 -4.0254e-05 6.52215e-05
3.11 3.65687e-05 8.4312e-05
3.12 6.65801e-05 9.75938e-05
3.13 6.7388e-05 0.000106717
3.14 7.21361e-05 0.000112543
3.15 9.4419e-05 0.000115249
3.16 0.000116558 0.000114954
3.17 0.000111909 0.000111921
3.18 7.70559e-05 0.000106188
3.19 3.43858e-05 9.79138e-05
3.2 1.05074e-05 8.87198e-05
3.21 -7.38137e-07 7.8286e-05
3.22 -2.49877e-05 6.56394e-05
3.23 -7.56024e-05 5.01403e-05
3.24 -0.000127871 3.27197e-05
3.25 -0.000148963 1.33932e-05
3.26 -0.000138256 -6.9895e-06
3.27 -9.8516e-05 -2.81898e-05
3.28 -3.68823e-05 -5.1985e-05
3.29 2.36937e-05 -7.552e-05
3.3 8.25432e-05 -9.70844e-05
3.31 0.000155959 -0.000116643
3.32 0.000231111 -0.000133191
3.33 0.000294899 -0.000147627
3.34 0.000437469 -0.000177859
3.35 0.00053777 -0.000202616
3.36 0.000585171 -0.000215598
3.37 0.000589138 -0.000216171
3.38 0.000583386 -0.000211773
3.39 0.000563139 -0.000203991
3.4 0.000522988 -0.000193486
3.41 0.000466338 -0.000180869
3.42 0.000402202 -0.000165926
3.43 0.00033767 -0.000148301
3.44 0.000276727 -0.000128904
3.45 0.000209221 -0.000107949
3.46 0.000125132 -8.49552e-05
3.47 3.21297e-05 -5.9798e-05
3.48 -5.47416e-05 -3.25816e-05
3.49 -9.68678e-05 -6.11059e-06
3.5 -8.93569e-05 2.05707e-05
3.51 -3.28618e-05 4.98986e-05
3.52 4.54569e-05 7.745e-05
3.53 0.000124009 0.000103596
3.54 0.000205502 0.000128152
3.55 0.000275504 0.000154977
3.56 0.000339228 0.000178439
3.57 0.000505824 0.000213762
3.58 0.000715086 0.000254318
3.59 0.000898974 0.000288695
3.6 0.00106998 0.000317852
3.61 0.00120744 0.000340936
3.62 0.0013072 0.000357753
3.63 0.00136702 0.000368356
3.64 0.00139045 0.000372734
3.65 0.00138814 0.000372185
3.66 0.00137847 0.000369557
3.67 0.00136041 0.000364995
3.68 0.00133258 0.000358388
3.69 0.00129455 0.000349584
3.7 0.0012459 0.000338341
3.71 0.00118739 0.000324541
3.72 0.00111072 0.000306874
3.73 0.00102021 0.00028585
3.74 0.000907772 0.000260005
3.75 0.000771371 0.00022854
3.76 0.00062502 0.00018989
3.77 0.000486328 0.000148564
3.78 0.000354076 0.000107796
3.79 0.000121134 5.35623e-05
3.8 -6.9188e-05 -2.50732e-06
3.81 -6.37834e-05 -3.8849e-05
3.82 -4.78028e-06 -6.9065e-05
3.83 7.93008e-05 -9.32074e-05
3.84 0.000171582 -0.000113374
3.85 0.000339744 -0.000151152
3.86 0.000539754 -0.00020115
3.87 0.000710085 -0.000247136
3.88 0.000888095 -0.000287382
3.89 0.00111365 -0.000322996
3.9 0.00136254 -0.000357609
3.91 0.00159287 -0.000392002
3.92 0.00178157 -0.000425758
3.93 0.00193433 -0.000457942
3.94 0.00207478 -0.000486765
3.95 0.00221925 -0.000510825
3.96 0.00235929 -0.000529556
3.97 0.00246907 -0.000542776
3.98 0.00252312 -0.000550167
3.99 0.00251219 -0.00055116
4 0.00248211 -0.000549761
4.01 0.00244935 -0.000544963
4.02 0.00241962 -0.000536872
4.03 0.00238868 -0.000526071
4.04 0.00234514 -0.000513426
4.05 0.00227524 -0.00049905
4.06 0.00218599 -0.000483044
4.07 0.00208683 -0.000464275
4.08 0.00199082 -0.000442288
4.09 0.00189177 -0.00041636
4.1 0.00177027 -0.000385809
4.11 0.00161563 -0.000349319
4.12 0.00144974 -0.000310033
4.13 0.00122552 -0.000262699
4.14 0.000869254 -0.000199991
4.15 0.000487372 -0.000137415
4.16 0.000112224 -7.51332e-05
4.17 -0.000126241 -2.56134e-05
4.18 -0.000174075 9.53127e-07
4.19 -0.000160986 1.72309e-05
4.2 -0.000132969 2.77368e-05
4.21 -0.0001207 3.69083e-05
4.22 -0.000133956 4.44701e-05
4.23 -0.000155577 4.72568e-05
4.24 -0.000160874 4.34931e-05
4.25 -0.000154826 3.41884e-05
4.26 -0.000153684 2.11424e-05
4.27 -0.000165439 6.30341e-06
4.28 -0.000184615 -1.29851e-05
4.29 -0.000165185 -3.83149e-05
4.3 -6.7671e-05 -7.29056e-05
4.31 7.92473e-05 -0.000111508
4.32 0.00021186 -0.000148226
4.33 0.000305939 -0.000181089
4.34 0.000382115 -0.000209777
4.35 0.000468284 -0.000234439
4.36 0.000565867 -0.000253985
4.37 0.000744626 -0.000282517
4.38 0.000938177 -0.000314538
4.39 0.00107262 -0.000339413
4.4 0.00116361 -0.000356907
4.41 0.0012146 -0.000365628
4.42 0.00122918 -0.000365631
4.43 0.00122912 -0.000361779
4.44 0.00120679 -0.000355557
4.45 0.00115602 -0.000346961
4.46 0.00108993 -0.000336164
4.47 0.00102603 -0.000323127
4.48 0.000964272 -0.000306693
4.49 0.00089854 -0.00028757
4.5 0.000807882 -0.000263262
4.51 0.00067973 -0.000232277
4.52 0.00052843 -0.000193987
4.53 0.000377641 -0.000151036
4.54 0.000229066 -0.000105977
4.55 -1.82092e-05 -4.6892e-05
4.56 -0.000156575 9.60741e-06
4.57 -0.000157966 5.46407e-05
4.58 7.09968e-06 0.000115903
4.59 0.000437487 0.000203312
4.6 0.000926684 0.000288767
4.61 0.0014366 0.000374358
4.62 0.00188553 0.00045394
4.63 0.00228313 0.000525259
4.64 0.00264346 0.000586361
4.65 0.00294701 0.000633654
4.66 0.0031742 0.000666821
4.67 0.00331202 0.000685845
4.68 0.00335353 0.00069248
4.69 0.00333066 0.000691887
4.7 0.00328908 0.000688337
4.71 0.00324625 0.000681745
4.72 0.00321207 0.000671773
4.73 0.00317955 0.000658302
4.74 0.00312874 0.000641588
4.75 0.00304576 0.000622162
4.76 0.00292834 0.000599461
4.77 0.00277633 0.000571147
4.78 0.00260892 0.000534924
4.79 0.00243065 0.000488877
4.8 0.00223801 0.000436682
4.81 0.00174205 0.000351067
4.82 0.00100495 0.000240137
4.83 0.00019611 0.00011144
4.84 -0.000232029 1.02678e-05
4.85 -0.00023123 -4.9609e-05
4.86 0.000189346 -0.000152601
4.87 0.000925986 -0.000279948
4.88 0.0017057 -0.000404658
4.89 0.00237754 -0.000525497
4.9 0.00295428 -0.000640286
4.91 0.00349958 -0.000744791
4.92 0.0040992 -0.000838956
4.93 0.00478406 -0.000926436
4.94 0.00549776 -0.00100116
4.95 0.00600367 -0.00105717
4.96 0.00628255 -0.00109664
4.97 0.00634886 -0.00111971
4.98 0.00628832 -0.00112735
4.99 0.00624557 -0.00112739
5 0.00624164 -0.00112067
5.01 0.00625555 -0.00110887
5.02 0.00624746 -0.0010934
5.03 0.00618293 -0.00107546
5.04 0.00605694 -0.00105493
5.05 0.00587633 -0.00102916
5.06 0.00567949 -0.000994329
5.07 0.00549101 -0.000946529
5.08 0.0053255 -0.000885996
5.09 0.00493435 -0.000802518
5.1 0.00410091 -0.000681603
5.11 0.00297292 -0.000536116
5.12 0.0016115 -0.000365945
5.13 0.000367298 -0.000194094
5.14 -0.000198667 -5.91276e-05
5.15 -0.000258528 2.1964e-05
5.16 -1.11153e-05 0.00011713
5.17 0.000581854 0.00023301
5.18 0.00128186 0.000349542
5.19 0.00198048 0.000464138
5.2 0.00260948 0.000573421
5.21 0.00319454 0.000678018
5.22 0.00373806 0.000775968
5.23 0.0044786 0.000886713
5.24 0.00527366 0.000992161
5.25 0.00610868 0.00109171
5.26 0.00685547 0.00118172
5.27 0.00751133 0.00126222
5.28 0.0079903 0.00133335
5.29 0.00827986 0.00139437
5.3 0.00844411 0.00144367
5.31 0.00858354 0.00147971
5.32 0.00871846 0.00150043
5.33 0.00880798 0.00150728
5.34 0.00882893 0.0015041
5.35 0.00882219 0.00149805
5.36 0.00877885 0.00149018
5.37 0.00870884 0.0014806
5.38 0.00863474 0.00146893
5.39 0.00857188 0.00145416
5.4 0.00853524 0.00143669
5.41 0.00850781 0.00141667
5.42 0.00845804 0.00139434
5.43 0.00835862 0.00136881
5.44 0.00820378 0.00133722
5.45 0.00801392 0.00129619
5.46 0.00783624 0.00124773
5.47 0.00750341 0.00117935
5.48 0.00698486 0.0010932
5.49 0.00629038 0.000994141
5.5 0.00537538 0.000877314
5.51 0.00422979 0.000744273
5.52 0.00308219 0.000609391
5.53 0.00218935 0.000487885
5.54 0.0014883 0.000376088
5.55 0.000879068 0.000271114
5.56 0.000325932 0.000160362
5.57 -9.98223e-05 6.35814e-05
5.58 -0.000214039 -2.53668e-06
5.59 -0.000191914 -6.75993e-05
5.6 7.17097e-05 -0.0001429
5.61 0.000544847 -0.000223338
5.62 0.0010415 -0.000301871
5.63 0.00152674 -0.000382561
5.64 0.00191265 -0.000461711
5.65 0.00227266 -0.000539665
5.66 0.00267756 -0.000613621
5.67 0.00315369 -0.000684026
5.68 0.00360893 -0.000746201
5.69 0.00410573 -0.000813535
5.7 0.00459977 -0.000883131
5.71 0.00501873 -0.000947537
5.72 0.00534769 -0.00100254
5.73 0.00564679 -0.00104802
5.74 0.00594249 -0.00108335
5.75 0.00620434 -0.00110785
5.76 0.00637987 -0.00112191
5.77 0.00642196 -0.00112443
5.78 0.00639369 -0.00112277
5.79 0.00633193 -0.00111887
5.8 0.00626641 -0.00111168
5.81 0.00621836 -0.00110057
5.82 0.00618833 -0.00108577
5.83 0.00615515 -0.00106834
5.84 0.0060944 -0.00104943
5.85 0.00598629 -0.0010284
5.86 0.0058431 -0.00100434
5.87 0.00568025 -0.000974111
5.88 0.00553513 -0.000936757
5.89 0.00541731 -0.000894303
5.9 0.00529459 -0.000851497
5.91 0.00479272 -0.000774466
5.92 0.00410872 -0.00068431
5.93 0.00327388 -0.000582925
5.94 0.00246516 -0.000482006
5.95 0.00173451 -0.000384623
5.96 0.00115962 -0.00029942
5.97 0.000650621 -0.000218909
5.98 0.000159663 -0.000130471
5.99 -0.000145563 -5.5026e-05
6 -0.000241589 -4.64056e-06
6.01 -0.000260428 4.21471e-05
6.02 -0.000141934 8.31529e-05
6.03 8.51619e-05 0.000126495
6.04 0.000344484 0.0001735
6.05 0.000523496 0.00022
6.06 0.000616132 0.000259556
6.07 0.000691767 0.000286815
6.08 0.00080057 0.000305024
6.09 0.000926605 0.000316772
6.1 0.00101476 0.000323947
6.11 0.00102935 0.000327692
6.12 0.000984826 0.000329641
6.13 0.000936001 0.000328969
6.14 0.000915667 0.000323687
6.15 0.000920223 0.000314575
6.16 0.000915251 0.00030305
6.17 0.00086969 0.000290542
6.18 0.000776672 0.000276231
6.19 0.000664631 0.000258132
6.2 0.000583287 0.000234835
6.21 0.00054548 0.000208921
6.22 0.000493501 0.000180083
6.23 0.000368501 0.000146113
6.24 0.000196204 0.000108849
6.25 5.32425e-05 7.21576e-05
6.26 -1.42283e-05 3.68757e-05
6.27 -7.12402e-05 -1.86797e-06
6.28 -5.64677e-05 -3.49551e-05
6.29 -3.12478e-05 -6.56084e-05
6.3 9.00041e-06 -9.29016e-05
6.31 6.46798e-05 -0.000115518
6.32 0.000169102 -0.000140721
6.33 0.000399023 -0.000185006
6.34 0.000579691 -0.000224712
6.35 0.000715537 -0.000259035
6.36 0.000821441 -0.000284915
6.37 0.000913811 -0.000302678
6.38 0.00100012 -0.000314324
6.39 0.00106214 -0.000320318
6.4 0.00107508 -0.000321404
6.41 0.00105619 -0.000320331
6.42 0.00102311 -0.000317329
6.43 0.000987275 -0.000311237
6.44 0.000959083 -0.000302401
6.45 0.000930029 -0.000291254
6.46 0.000886179 -0.000278066
6.47 0.000818554 -0.000263126
6.48 0.000732089 -0.000245453
6.49 0.000643214 -0.000224234
6.5 0.000564869 -0.000199215
6.51 0.000485625 -0.000170987
6.52 0.00038345 -0.000139666
6.53 0.000256059 -0.000106805
6.54 0.000117569 -7.32791e-05
6.55 2.31985e-05 -4.00409e-05
6.56 -7.708e-05 1.41172e-06
6.57 -6.94613e-05 3.27568e-05
6.58 -4.72858e-05 6.15869e-05
6.59 -5.99837e-06 8.53099e-05
6.6 3.84421e-05 0.000105994
6.61 8.37251e-05 0.00012426
6.62 0.000120488 0.000140075
6.63 0.000195526 0.000162432
6.64 0.000315724 0.000191259
6.65 0.000412619 0.000214271
6.66 0.000486557 0.000230269
6.67 0.000534806 0.000239417
6.68 0.000549982 0.0002415
6.69 0.000543816 0.000239853
6.7 0.00052609 0.000236017
6.71 0.000501248 0.000229993
6.72 0.000473779 0.000221574
6.73 0.000443609 0.000210872
6.74 0.000402812 0.000197592
6.75 0.000352041 0.000182429
6.76 0.000289108 0.00016498
6.77 0.00021582 0.000144526
6.78 0.000138273 0.000120671
6.79 6.12326e-05 9.37885e-05
6.8 -2.01154e-05 6.44364e-05
6.81 -8.4459e-05 3.30791e-05
6.82 -0.000115387 3.67983e-06
6.83 -0.000101127 -2.29978e-05
6.84 -4.78762e-05 -4.94738e-05
6.85 2.48574e-05 -7.23705e-05
6.86 8.76101e-05 -9.23123e-05
6.87 0.000145367 -0.000113268
6.88 0.000191657 -0.000132966
6.89 0.00023601 -0.000151166
6.9 0.000298808 -0.000170964
6.91 0.000470575 -0.000207321
6.92 0.000628365 -0.000240259
6.93 0.000766007 -0.000269791
6.94 0.000886048 -0.000293747
6.95 0.000994953 -0.000313849
6.96 0.00109022 -0.00032983
6.97 0.00115712 -0.000340274
6.98 0.00118899 -0.000345156
6.99 0.00118605 -0.000344693
7 0.00117038 -0.000341968
7.01 0.00114454 -0.000336702
7.02 0.00110901 -0.000328642
7.03 0.00106494 -0.000318013
7.04 0.00101208 -0.000305321
7.05 0.000949131 -0.000290932
7.06 0.000873873 -0.000273152
7.07 0.000791384 -0.000252754
7.08 0.000700938 -0.000228708
7.09 0.000605149 -0.000200224
7.1 0.000496132 -0.000167601
7.11 0.00037296 -0.000132224
7.12 0.000234447 -9.53387e-05
7.13 8.46495e-05 -5.39363e-05
7.14 -8.48931e-05 -1.67242e-06
7.15 -9.66473e-05 3.49869e-05
7.16 -6.70182e-05 6.62371e-05
7.17 -5.35442e-06 9.14076e-05
7.18 5.3201e-05 0.000112625
7.19 9.42891e-05 0.000131009
7.2 0.000170977 0.000156626
7.21 0.000291341 0.000187351
7.22 0.000386999 0.000210102
7.23 0.000462817 0.000225004
7.24 0.000512084 0.000232844
7.25 0.000526324 0.000234759
7.26 0.000516887 0.000233662
7.27 0.000497047 0.000230788
7.28 0.000475303 0.000225643
7.29 0.000455423 0.00021796
7.3 0.000432833 0.000208057
7.31 0.000398159 0.000196292
7.32 0.00034601 0.000182521
7.33 0.000284739 0.000166984
7.34 0.000219 0.000148544
7.35 0.000155445 0.000127274
7.36 8.6921e-05 0.000102808
7.37 7.50333e-06 7.51049e-05
7.38 -7.19633e-05 4.44821e-05
7.39 -0.000119445 1.37724e-05
7.4 -0.000115572 -1.43893e-05
7.41 -6.76317e-05 -4.21659e-05
7.42 6.65259e-06 -6.75218e-05
7.43 7.30147e-05 -8.93328e-05
7.44 0.000134795 -0.000108765
7.45 0.000186486 -0.000128779
7.46 0.00023327 -0.000146033
7.47 0.000275426 -0.000161008
7.48 0.000357749 -0.000181923
7.49 0.000475389 -0.000207942
7.5 0.000571181 -0.000229121
7.51 0.00064869 -0.000245908
7.52 0.000708219 -0.000258192
7.53 0.000746142 -0.00026547
7.54 0.000759709 -0.000267799
7.55 0.000756021 -0.000266812
7.56 0.000743347 -0.000263934
7.57 0.000722326 -0.000258857
7.58 0.000695221 -0.000251558
7.59 0.000662417 -0.000242014
7.6 0.000622269 -0.000230426
7.61 0.000572569 -0.000216958
7.62 0.000509018 -0.00020078
7.63 0.000439095 -0.00018227
7.64 0.00036248 -0.000160499
7.65 0.000279133 -0.000135582
7.66 0.000185377 -0.000107827
7.67 7.81156e-05 -7.77105e-05
7.68 -1.24997e-05 -4.71793e-05
7.69 -7.73428e-05 -1.71073e-05
7.7 -8.55757e-05 8.47755e-06
7.71 -5.34332e-05 3.15499e-05
7.72 -1.50752e-05 5.47804e-05
7.73 1.53042e-05 7.45196e-05
7.74 4.21325e-05 8.99434e-05
7.75 6.24324e-05 0.000101997
7.76 8.23412e-05 0.000111133
7.77 0.000100036 0.000117235
7.78 0.000109936 0.000120461
7.79 0.000108973 0.000120737
7.8 9.8142e-05 0.000118336
7.81 8.13341e-05 0.00011328
7.82 6.12809e-05 0.000105626
7.83 3.62537e-05 9.5608e-05
7.84 -2.70977e-07 8.27372e-05
7.85 -4.66225e-05 6.74115e-05
7.86 -9.28136e-05 4.91477e-05
7.87 -0.000126673 2.75725e-05
7.88 -0.000137964 4.91772e-06
7.89 -0.000125911 -1.83609e-05
7.9 -8.99461e-05 -4.38227e-05
7.91 -2.51797e-05 -6.87327e-05
7.92 4.52379e-05 -9.19768e-05
7.93 0.00011313 -0.000112861
7.94 0.000180078 -0.000130908
7.95 0.000232711 -0.000145881
7.96 0.000273862 -0.000158199
7.97 0.000307028 -0.000167919
7.98 0.000335679 -0.000175472
7.99 0.000357605 -0.000180936
8 0.000370417 -0.000184448
8.01 0.000375202 -0.000186304
8.02 0.000374431 -0.000186673
8.03 0.000369968 -0.000185542
8.04 0.000361709 -0.000182791
8.05 0.000347471 -0.000178261
8.06 0.000325074 -0.000171861
8.07 0.000294689 -0.000163594
8.08 0.000257186 -0.000153329
8.09 0.000208982 -0.000140104
8.1 0.00015213 -0.000123965
8.11 8.80125e-05 -0.000104637
8.12 1.89138e-05 -8.19743e-05
8.13 -6.12896e-05 -5.58398e-05
8.14 -0.000117683 -2.82698e-05
8.15 -0.000139507 -1.52826e-06
8.16 -0.000129535 2.45666e-05
8.17 -8.99964e-05 5.03904e-05
8.18 -3.28557e-05 7.311e-05
8.19 2.46e-05 9.31356e-05
8.2 7.44829e-05 0.000110632
8.21 0.000118237 0.00012756
8.22 0.000153903 0.000143673
8.23 0.000185532 0.00015771
8.24 0.00024045 0.000174159
8.25 0.000341723 0.00019691
8.26 0.000421143 0.000214528
8.27 0.000477056 0.000226828
8.28 0.000509062 0.000234038
8.29 0.000516424 0.00023584
8.3 0.000511539 0.000234437
8.31 0.000500043 0.000230825
8.32 0.000481388 0.00022493
8.33 0.000454929 0.000216656
8.34 0.000420147 0.000205995
8.35 0.000372383 0.000192205
8.36 0.000316941 0.000175777
8.37 0.000250623 0.000156127
8.38 0.000172804 0.00013285
8.39 8.53574e-05 0.000105196
8.4 -6.48029e-06 7.3306e-05
8.41 -8.46808e-05 3.8168e-05
8.42 -0.000120344 3.92613e-06
8.43 -0.000100186 -2.77861e-05
8.44 -3.06433e-05 -5.87136e-05
8.45 5.37652e-05 -8.5041e-05
8.46 0.000132978 -0.000107901
8.47 0.000198086 -0.000131467
8.48 0.000251994 -0.000153169
8.49 0.000345261 -0.000180596
8.5 0.00053058 -0.000220929
8.51 0.000693624 -0.000255051
8.52 0.000828707 -0.000281904
8.53 0.00093845 -0.000302423
8.54 0.00102811 -0.000318
8.55 0.00108086 -0.000327225
8.56 0.00109265 -0.000329224
8.57 0.00108441 -0.000327166
8.58 0.00106362 -0.000322185
8.59 0.00102785 -0.000313991
8.6 0.000975581 -0.000302285
8.61 0.000908978 -0.000287227
8.62 0.000830377 -0.000267355
8.63 0.000733869 -0.000242059
8.64 0.000613308 -0.000209707
8.65 0.00046718 -0.000168898
8.66 0.000304628 -0.00012153
8.67 0.000134177 -7.17145e-05
8.68 -6.82952e-05 -8.18948e-06
8.69 -9.01742e-05 4.62748e-05
8.7 -2.56412e-05 9.04381e-05
8.71 6.75252e-05 0.000127674
8.72 0.000274762 0.00017897
8.73 0.000621848 0.000252909
8.74 0.000916783 0.000314604
8.75 0.00118003 0.00036977
8.76 0.00143881 0.000419517
8.77 0.00170109 0.000462577
8.78 0.00193542 0.000497735
8.79 0.00211488 0.000524776
8.8 0.00222499 0.000543519
8.81 0.00225979 0.00055262
8.82 0.00224212 0.00055266
8.83 0.00221743 0.000547809
8.84 0.00218518 0.000537731
8.85 0.00213964 0.000522724
8.86 0.00206969 0.000503582
8.87 0.0019674 0.000480592
8.88 0.00182936 0.000452291
8.89 0.00166538 0.000416941
8.9 0.00148797 0.00037314
8.91 0.00132572 0.000325373
8.92 0.00117555 0.000276165
8.93 0.00074983 0.000199087
8.94 0.000276164 0.000118423
8.95 -0.000106771 4.29507e-05
8.96 -0.000211748 -2.44439e-06
8.97 -0.000208309 -2.94812e-05
8.98 -0.000148599 -4.70091e-05
8.99 -2.53377e-05 -7.58591e-05
9 0.000128116 -0.000119183
9.01 0.00026021 -0.000162916
9.02 0.000357629 -0.000196186
9.03 0.000466367 -0.000217381
9.04 0.000582087 -0.00022934
9.05 0.000656186 -0.000235698
9.06 0.000687697 -0.000243151
9.07 0.00068764 -0.00025337
9.08 0.000673621 -0.000261059
9.09 0.000690075 -0.000264627
9.1 0.000736296 -0.000266062
9.11 0.000762821 -0.000263665
9.12 0.000761839 -0.000261831
9.13 0.000730796 -0.000260643
9.14 0.000683775 -0.000257761
9.15 0.000653752 -0.000251982
9.16 0.000647251 -0.00024296
9.17 0.000641014 -0.000232083
9.18 0.000608275 -0.000220988
9.19 0.000541691 -0.000209562
9.2 0.000457546 -0.000195958
9.21 0.000388698 -0.000178633
9.22 0.000346652 -0.000158421
9.23 0.000298953 -0.000135594
9.24 0.000203898 -0.000108716
9.25 6.21257e-05 -7.69285e-05
9.26 -5.77703e-05 -4.25212e-05
9.27 -0.000102506 -8.98643e-06
9.28 -7.26288e-05 2.24498e-05
9.29 -8.2448e-06 5.58394e-05
9.3 4.16447e-05 8.94112e-05
9.31 8.45922e-05 0.000119453
9.32 0.000133158 0.000146122
9.33 0.000218278 0.000172106
9.34 0.000437592 0.000215829
9.35 0.000607831 0.000251187
9.36 0.000711776 0.000274033
9.37 0.000756027 0.000286076
9.38 0.000757108 0.000288266
9.39 0.000751151 0.000285908
9.4 0.000741704 0.000280918
9.41 0.000721842 0.000274099
9.42 0.000686857 0.000265684
9.43 0.000639831 0.000255412
9.44 0.000584846 0.000241612
9.45 0.00053387 0.000225095
9.46 0.000480377 0.000205394
9.47 0.000409403 0.000182173
9.48 0.00030802 0.000153961
9.49 0.000183181 0.000119711
9.5 6.25656e-05 8.24832e-05
9.51 -2.92074e-05 4.28607e-05
9.52 -7.83844e-05 4.98392e-06
9.53 -6.05163e-05 -3.21241e-05
9.54 -3.12065e-06 -6.88854e-05
9.55 6.72383e-05 -9.92135e-05
9.56 0.000136412 -0.000125415
9.57 0.000234845 -0.00015396
9.58 0.000471233 -0.000205206
9.59 0.000667324 -0.000248384
9.6 0.000821441 -0.000281436
9.61 0.000940233 -0.000304388
9.62 0.00103606 -0.000319742
9.63 0.0010916 -0.00032775
9.64 0.00110015 -0.000328691
9.65 0.00108769 -0.000326965
9.66 0.0010635 -0.000323169
9.67 0.00103236 -0.000317113
9.68 0.000998903 -0.000308948
9.69 0.000963201 -0.000299293
9.7 0.000920699 -0.000288591
9.71 0.000870954 -0.000276831
9.72 0.000809934 -0.000263168
9.73 0.000751283 -0.000248314
9.74 0.000691732 -0.00023136
9.75 0.00063132 -0.000212404
9.76 0.000560367 -0.000191261
9.77 0.000475823 -0.000168071
9.78 0.000380727 -0.000142669
9.79 0.000289793 -0.000117111
9.8 0.000201561 -9.16266e-05
9.81 0.000127702 -6.61812e-05
9.82 4.62038e-05 -3.95617e-05
9.83 -6.79701e-05 -4.61125e-06
9.84 -9.36075e-05 2.04904e-05
9.85 -8.51296e-05 4.26429e-05
9.86 -5.46244e-05 6.17338e-05
9.87 -1.02797e-05 7.7225e-05
9.88 2.09743e-05 9.12992e-05
9.89 3.88117e-05 0.000103865
9.9 4.98313e-05 0.000113787
9.91 6.10949e-05 0.000119798
9.92 7.23189e-05 0.000121777
9.93 7.76551e-05 0.000121087
9.94 7.15223e-05 0.000118628
9.95 5.31543e-05 0.00011447
9.96 2.70092e-05 0.000108094
9.97 2.35151e-06 9.95379e-05
9.98 -2.00145e-05 8.90092e-05
9.99 -4.85418e-05 7.67578e-05
10 -8.89726e-05 6.28769e-05
10.01 -0.000127993 4.77691e-05
10.02 -0.000156071 3.00463e-05
10.03 -0.000163719 1.21452e-05
10.04 -0.000156968 -6.81139e-06
10.05 -0.00014103 -2.62431e-05
10.06 -0.000113509 -4.6839e-05
10.07 -6.82784e-05 -6.72255e-05
10.08 -1.80136e-06 -8.83069e-05
10.09 6.50518e-05 -0.000107855
10.1 0.000124343 -0.000125928
10.11 0.000178714 -0.000142954
10.12 0.000226962 -0.000158994
10.13 0.000276016 -0.000173734
10.14 0.000332258 -0.000187828
10.15 0.000385083 -0.000200526
10.16 0.000432363 -0.000212705
10.17 0.000492576 -0.000227136
10.18 0.000614674 -0.000250266
10.19 0.000721234 -0.000269252
10.2 0.000809249 -0.000283589
10.21 0.000870601 -0.000293133
10.22 0.000900261 -0.000297625
10.23 0.000897932 -0.000297339
10.24 0.000883013 -0.000294623
10.25 0.000856116 -0.00028899
10.26 0.00082084 -0.000280495
10.27 0.000778738 -0.000269301
10.28 0.000729936 -0.000255352
10.29 0.000667234 -0.000238766
10.3 0.000590918 -0.000219354
10.31 0.000501184 -0.000195507
10.32 0.000400014 -0.000166573
10.33 0.000286712 -0.000132631
10.34 0.000157943 -9.46666e-05
10.35 2.1372e-05 -5.39783e-05
10.36 -7.24239e-05 -1.20696e-05
10.37 -9.54547e-05 3.31347e-05
10.38 -4.1687e-05 7.31098e-05
10.39 3.74063e-05 0.000106579
10.4 0.000106011 0.000136207
10.41 0.000306586 0.000187262
10.42 0.000558998 0.000245696
10.43 0.000775256 0.000291032
10.44 0.000961534 0.000327622
10.45 0.00112347 0.000357106
10.46 0.00126069 0.000380073
10.47 0.00135005 0.000395853
10.48 0.00139166 0.000404651
10.49 0.00139423 0.000406885
10.5 0.00138535 0.00040539
10.51 0.00137318 0.000401456
10.52 0.00135467 0.000395192
10.53 0.00132475 0.000386887
10.54 0.001281 0.000376745
10.55 0.0012264 0.000364847
10.56 0.0011633 0.000350468
10.57 0.00109719 0.000333738
10.58 0.00102532 0.000314665
10.59 0.000942125 0.000292761
10.6 0.000845676 0.00026645
10.61 0.00073637 0.000236521
10.62 0.000636577 0.000205985
10.63 0.000542748 0.000175973
10.64 0.000455146 0.000147955
10.65 0.000369482 0.000122823
10.66 0.000186751 8.37577e-05
10.67 5.97488e-06 4.5522e-05
10.68 -0.000105773 1.40672e-05
10.69 -0.000134935 -6.06542e-06
10.7 -0.000127614 -2.07579e-05
10.71 -0.000102992 -3.28482e-05
10.72 -8.36493e-05 -4.45126e-05
10.73 -7.5832e-05 -5.53101e-05
10.74 -7.47976e-05 -6.45212e-05
10.75 -6.73768e-05 -7.07228e-05
10.76 -5.11584e-05 -7.28488e-05
10.77 -3.72904e-05 -7.23905e-05
10.78 -3.74017e-05 -7.0779e-05
10.79 -5.42905e-05 -6.85503e-05
10.8 -8.05399e-05 -6.47816e-05
10.81 -9.86385e-05 -5.91896e-05
10.82 -0.000107356 -5.18086e-05
10.83 -0.000115818 -4.35177e-05
10.84 -0.000131228 -3.48017e-05
10.85 -0.000151021 -2.65267e-05
10.86 -0.000168661 -1.75907e-05
10.87 -0.00017092 -7.87495e-06
10.88 -0.000162837 3.6924e-06
10.89 -0.000155892 1.59503e-05
10.9 -0.000149929 2.94793e-05
10.91 -0.000142596 4.49352e-05
10.92 -0.000112338 6.13791e-05
10.93 -5.74039e-05 7.99057e-05
10.94 5.80276e-06 9.88108e-05
10.95 5.98227e-05 0.000117319
10.96 0.000100026 0.000134317
10.97 0.000135846 0.000149446
10.98 0.000179643 0.00016278
10.99 0.000226171 0.000173808
11 0.000259783 0.000182218
11.01 0.00027689 0.000188438
11.02 0.000282697 0.000192635
11.03 0.00028623 0.000194863
11.04 0.000291439 0.000195228
11.05 0.000294278 0.000194018
11.06 0.000288146 0.000191584
11.07 0.000271678 0.000188134
11.08 0.000251586 0.000183919
11.09 0.000234888 0.000179042
11.1 0.000221084 0.000173312
11.11 0.000204872 0.000166875
11.12 0.000181162 0.00015982
11.13 0.00014997 0.000151846
11.14 0.000121061 0.000142992
11.15 9.69981e-05 0.000133683
11.16 7.25479e-05 0.000123471
11.17 4.12086e-05 0.000112172
11.18 4.59388e-06 0.000100345
11.19 -3.26319e-05 8.83309e-05
11.2 -6.59106e-05 7.66143e-05
11.21 -9.29658e-05 6.5713e-05
11.22 -0.000112351 5.63704e-05
11.23 -0.000128371 4.83669e-05
11.24 -0.000139483 4.18728e-05
11.25 -0.000146018 3.77905e-05
11.26 -0.000147601 3.61087e-05
11.27 -0.000146206 3.64967e-05
11.28 -0.000143342 3.86957e-05
11.29 -0.000138002 4.26245e-05
11.3 -0.000130724 4.79745e-05
11.31 -0.000118606 5.41847e-05
11.32 -0.000102826 6.11095e-05
11.33 -8.49321e-05 6.85719e-05
11.34 -6.37266e-05 7.64872e-05
11.35 -4.2751e-05 8.42123e-05
11.36 -2.16643e-05 9.15351e-05
11.37 -1.35551e-06 9.81229e-05
11.38 1.52846e-05 0.000103586
11.39 2.60587e-05 0.000107602
11.4 3.1399e-05 0.000109946
11.41 3.25769e-05 0.000110474
11.42 2.93524e-05 0.000108971
11.43 1.9765e-05 0.000105211
11.44 1.89479e-06 9.90036e-05
11.45 -2.40937e-05 9.02821e-05
11.46 -5.67651e-05 7.91223e-05
11.47 -9.46919e-05 6.53659e-05
11.48 -0.000128622 5.01274e-05
11.49 -0.000152458 3.21682e-05
11.5 -0.000165365 1.43936e-05
11.51 -0.000166276 -2.8977e-06
11.52 -0.000160358 -1.9646e-05
11.53 -0.000142273 -3.6915e-05
11.54 -0.000105107 -5.32724e-05
11.55 -5.84861e-05 -6.96745e-05
11.56 -1.24435e-05 -8.80402e-05
11.57 4.89724e-05 -0.000110908
11.58 0.000232231 -0.000155946
11.59 0.000451201 -0.000204931
11.6 0.000674358 -0.000252585
11.61 0.000894973 -0.000296136
11.62 0.00113093 -0.000337289
11.63 0.00136897 -0.000376802
11.64 0.00158938 -0.000412906
11.65 0.00177832 -0.000444304
11.66 0.00192991 -0.000469934
11.67 0.00204204 -0.000488786
11.68 0.00211081 -0.000499923
11.69 0.00213103 -0.000502658
11.7 0.00212335 -0.000500358
11.71 0.00209931 -0.000494826
11.72 0.00205879 -0.000486025
11.73 0.00200287 -0.000474084
11.74 0.00192827 -0.000458407
11.75 0.00184415 -0.000439628
11.76 0.00174569 -0.000417107
11.77 0.00162612 -0.000390029
11.78 0.00147204 -0.000355914
11.79 0.00129372 -0.000313068
11.8 0.00111807 -0.000264641
11.81 0.00085095 -0.00020397
11.82 0.000354664 -0.000117648
11.83 -9.16292e-05 -2.74445e-05
11.84 -0.000204883 3.18841e-05
11.85 -0.000170426 7.68021e-05
11.86 6.76899e-05 0.000137464
11.87 0.000522194 0.000224634
11.88 0.000947891 0.000310748
11.89 0.00133843 0.000392458
11.9 0.00169793 0.00047044
11.91 0.00209468 0.000543535
11.92 0.00253462 0.000610704
11.93 0.00295698 0.000670097
11.94 0.00331619 0.000723632
11.95 0.00358196 0.000771047
11.96 0.0037788 0.000813771
11.97 0.00398699 0.000854688
11.98 0.00417902 0.000886953
11.99 0.00437204 0.000909961
12 0.00453343 0.00092383
12.01 0.00461228 0.000928216
12.02 0.00460731 0.000925985
12.03 0.00455739 0.000921758
12.04 0.00448414 0.000914557
12.05 0.00441489 0.000902797
12.06 0.0043612 0.000885878
12.07 0.0043164 0.000864739
12.08 0.00425139 0.000840474
12.09 0.00413539 0.000812787
12.1 0.00395296 0.000779042
12.11 0.00371513 0.000734248
12.12 0.00350105 0.000682816
12.13 0.00319375 0.000614214
12.14 0.00272224 0.000531705
12.15 0.00207952 0.000435635
12.16 0.00126138 0.000323264
12.17 0.000491335 0.000207986
12.18 -5.96611e-05 0.000108785
12.19 -0.000234192 3.67154e-05
12.2 -0.000207929 -1.46305e-05
12.21 -6.42081e-05 -7.23629e-05
12.22 0.000274129 -0.000157033
12.23 0.000638826 -0.00024379
12.24 0.000986379 -0.000318308
12.25 0.00138681 -0.000387479
12.26 0.00181046 -0.000451688
12.27 0.00220428 -0.000509975
12.28 0.00253353 -0.000562086
12.29 0.00278968 -0.000607795
12.3 0.00298627 -0.000646721
12.31 0.00314853 -0.000678379
12.32 0.00329268 -0.000702061
12.33 0.00341374 -0.000717356
12.34 0.00348805 -0.000724178
12.35 0.00349365 -0.000723321
12.36 0.00346842 -0.000720241
12.37 0.00341985 -0.000714571
12.38 0.00336351 -0.000705558
12.39 0.00330999 -0.000692782
12.4 0.00325728 -0.000676571
12.41 0.00319033 -0.000657305
12.42 0.0030955 -0.000635673
12.43 0.00296772 -0.00061093
12.44 0.00280527 -0.000580548
12.45 0.00262914 -0.000543127
12.46 0.00246608 -0.000500723
12.47 0.00230944 -0.000458107
12.48 0.00186616 -0.000384734
12.49 0.00130095 -0.000297772
12.5 0.00064151 -0.000202609
12.51 9.17815e-05 -0.000111209
12.52 -0.000184923 -4.42676e-05
12.53 -0.000231111 -6.32574e-06
12.54 -0.000211884 2.6302e-05
12.55 -9.4039e-05 7.58224e-05
12.56 0.000120519 0.000140871
12.57 0.000364203 0.000208231
12.58 0.000606722 0.000265312
12.59 0.000851941 0.000310088
12.6 0.00108273 0.000347222
12.61 0.00128518 0.000378585
12.62 0.00140855 0.000402505
12.63 0.00146033 0.000418785
12.64 0.00146907 0.000426264
12.65 0.00146883 0.000425968
12.66 0.00147779 0.000422098
12.67 0.00147711 0.0004154
12.68 0.00144499 0.000406527
12.69 0.00137967 0.000395684
12.7 0.00130117 0.000382527
12.71 0.00122328 0.000365479
12.72 0.00115864 0.000345229
12.73 0.00108614 0.000321157
12.74 0.000978965 0.00029223
12.75 0.000825297 0.000254151
12.76 0.000657422 0.000211335
12.77 0.000509436 0.000167631
12.78 0.00032101 0.000116952
12.79 2.81162e-05 4.95826e-05
12.8 -0.00012833 -7.5638e-06
12.81 -0.000140066 -4.94673e-05
12.82 -8.02424e-05 -8.37705e-05
12.83 0.000115961 -0.000130372
12.84 0.000490774 -0.00020104
12.85 0.000820949 -0.000270529
12.86 0.00113191 -0.000335123
12.87 0.00143031 -0.000395218
12.88 0.0017453 -0.000449516
12.89 0.00207084 -0.000496781
12.9 0.00236978 -0.000536895
12.91 0.00259563 -0.00056995
12.92 0.00273127 -0.000595355
12.93 0.00278658 -0.0006122
12.94 0.00279239 -0.000619689
12.95 0.00278633 -0.000618851
12.96 0.0027882 -0.000613722
12.97 0.00278133 -0.000605056
12.98 0.00274582 -0.000593912
12.99 0.00267392 -0.000580932
13 0.00256961 -0.000565365
13.01 0.00245961 -0.000546564
13.02 0.00236242 -0.000523596
13.03 0.00227855 -0.000497274
13.04 0.0021713 -0.000466812
13.05 0.00200223 -0.000429976
13.06 0.00179013 -0.000388963
13.07 0.00157114 -0.000344729
13.08 0.001206 -0.000278184
13.09 0.000841414 -0.000213036
13.1 0.000401246 -0.000141916
13.11 -2.8863e-05 -6.64797e-05
13.12 -0.00021162 -1.4434e-05
13.13 -0.000233311 1.67992e-05
13.14 -0.000201517 3.86703e-05
13.15 -0.000106298 6.84521e-05
13.16 5.13815e-05 0.000114762
13.17 0.000177291 0.000160926
13.18 0.000306696 0.000202335
13.19 0.000450022 0.000234413
13.2 0.000604066 0.000256603
13.21 0.00073348 0.000273606
13.22 0.000806569 0.000287435
13.23 0.00082513 0.000298397
13.24 0.000822029 0.000306201
13.25 0.000832991 0.000310147
13.26 0.000862745 0.000310501
13.27 0.000884557 0.000307919
13.28 0.000880748 0.000304395
13.29 0.000844212 0.000300011
13.3 0.000790882 0.000293877
13.31 0.000744774 0.000284904
13.32 0.000714287 0.000272528
13.33 0.000687231 0.000257126
13.34 0.000641415 0.000239777
13.35 0.000559709 0.000220801
13.36 0.000454831 0.000198742
13.37 0.000361157 0.00017303
13.38 0.000294691 0.0001453
13.39 0.000232223 0.000117049
13.4 0.000132722 8.77992e-05
13.41 1.91694e-05 5.56269e-05
13.42 -5.89179e-05 2.61052e-05
13.43 -8.89076e-05 -2.3653e-06
13.44 -6.40764e-05 -2.72652e-05
13.45 -2.64471e-05 -5.03583e-05
13.46 2.82047e-06 -7.02655e-05
13.47 2.78693e-05 -8.85928e-05
13.48 5.842e-05 -0.000104445
13.49 9.62931e-05 -0.000116976
13.5 0.000137178 -0.000127978
13.51 0.000202541 -0.00014408
13.52 0.00030245 -0.000168605
13.53 0.000385954 -0.000190829
13.54 0.000467934 -0.000209877
13.55 0.000553393 -0.000226007
13.56 0.000631488 -0.000239208
13.57 0.000686314 -0.000249263
13.58 0.000714072 -0.000256284
13.59 0.000715057 -0.00025915
13.6 0.00070521 -0.000258171
13.61 0.000695572 -0.000254569
13.62 0.000682366 -0.000248262
13.63 0.000657132 -0.000239523
13.64 0.00061391 -0.000228517
13.65 0.000555399 -0.000214999
13.66 0.000482163 -0.000197083
13.67 0.000403475 -0.000174823
13.68 0.000313401 -0.000147315
13.69 0.00020209 -0.000114123
13.7 6.49732e-05 -7.54781e-05
13.71 -5.44944e-05 -3.38064e-05
13.72 -0.000103448 5.57871e-06
13.73 -6.22913e-05 4.12091e-05
13.74 1.4231e-05 7.66923e-05
13.75 8.97237e-05 0.000106313
13.76 0.000150291 0.000133615
13.77 0.00019048 0.000158675
13.78 0.000306976 0.000193915
13.79 0.00049354 0.000235601
13.8 0.000662429 0.000267826
13.81 0.00080591 0.00029366
13.82 0.000916271 0.000315299
13.83 0.000992825 0.000332524
13.84 0.00104515 0.000345226
13.85 0.00108233 0.000353014
13.86 0.00110807 0.000356053
13.87 0.00111518 0.000355149
13.88 0.00110866 0.000352716
13.89 0.00108648 0.000348887
13.9 0.00105597 0.000343605
13.91 0.00102536 0.000336623
13.92 0.000995587 0.000327655
13.93 0.000962009 0.000316672
13.94 0.000914541 0.000303478
13.95 0.000848282 0.000287665
13.96 0.000767715 0.000268396
13.97 0.000680034 0.000243627
13.98 0.000584639 0.000213191
13.99 0.000474188 0.000176373
14 0.00034215 0.000135457
14.01 0.00018389 9.04551e-05
14.02 -4.11972e-05 2.95964e-05
14.03 -0.000112121 -2.32083e-05
14.04 -6.35202e-05 -6.54073e-05
14.05 3.16514e-05 -0.000101975
14.06 0.000232921 -0.000152578
14.07 0.000611761 -0.000231382
14.08 0.000956067 -0.000303297
14.09 0.0013072 -0.000369232
14.1 0.00165998 -0.000430497
14.11 0.00200211 -0.000484989
14.12 0.0023177 -0.00053221
14.13 0.00257736 -0.000571697
14.14 0.00276523 -0.000603151
14.15 0.00288133 -0.000626037
14.16 0.00294188 -0.000640337
14.17 0.00296543 -0.000646012
14.18 0.0029683 -0.000644814
14.19 0.00296653 -0.000640596
14.2 0.00294943 -0.000634022
14.21 0.00291019 -0.000625644
14.22 0.00285144 -0.000615683
14.23 0.0027819 -0.000603938
14.24 0.0027096 -0.000589125
14.25 0.00264603 -0.000571886
14.26 0.00257871 -0.000552328
14.27 0.00248619 -0.000529769
14.28 0.00235034 -0.000502258
14.29 0.00217725 -0.00046824
14.3 0.00199908 -0.000428955
14.31 0.00184476 -0.000389588
14.32 0.00155531 -0.000331661
14.33 0.00112932 -0.000260019
14.34 0.000593827 -0.000180078
14.35 8.90507e-05 -9.87021e-05
14.36 -0.00017959 -3.78323e-05
14.37 -0.000220763 -3.75767e-06
14.38 -0.000203978 1.91942e-05
14.39 -0.000168862 4.51137e-05
14.4 -4.29699e-05 9.1021e-05
14.41 0.000101577 0.000143419
14.42 0.000261472 0.000192543
14.43 0.000465522 0.000236268
14.44 0.000680028 0.000270665
14.45 0.000868582 0.000300611
14.46 0.00100416 0.000327714
14.47 0.00108998 0.00035164
14.48 0.00115223 0.000370877
14.49 0.0012227 0.000384166
14.5 0.00129831 0.000390916
14.51 0.00133786 0.0003912
14.52 0.0013341 0.000388064
14.53 0.00129276 0.000383191
14.54 0.00123038 0.000375945
14.55 0.00117552 0.000365596
14.56 0.00113852 0.00035172
14.57 0.0011003 0.000334398
14.58 0.00103335 0.000314445
14.59 0.000921072 0.000291061
14.6 0.000778679 0.000261134
14.61 0.000647753 0.000225395
14.62 0.000554566 0.000188527
14.63 0.000467456 0.000152453
14.64 0.000347012 0.000116916
14.65 8.69254e-05 6.21149e-05
14.66 -0.000107346 1.07027e-05
14.67 -0.000138692 -1.96654e-05
14.68 -0.000111893 -4.34882e-05
14.69 -5.27246e-05 -6.1046e-05
14.7 -5.84061e-07 -7.74987e-05
14.71 2.7014e-05 -9.50288e-05
14.72 5.41674e-05 -0.000114751
14.73 0.000148866 -0.000143564
14.74 0.000275065 -0.000168175
14.75 0.000387583 -0.000185674
14.76 0.000458916 -0.000197027
14.77 0.000479044 -0.000203429
14.78 0.000458106 -0.000204832
14.79 0.000436243 -0.000203328
14.8 0.000425357 -0.000198997
14.81 0.000421407 -0.000192367
14.82 0.000408564 -0.00018477
14.83 0.000376333 -0.000177108
14.84 0.000329751 -0.000169234
14.85 0.000280347 -0.000159655
14.86 0.000244432 -0.000148201
14.87 0.000218888 -0.000135413
14.88 0.000181706 -0.000121353
14.89 0.000119365 -0.000105889
14.9 4.77696e-05 -8.86633e-05
14.91 -1.88568e-05 -6.92008e-05
14.92 -7.08032e-05 -4.84534e-05
14.93 -9.76438e-05 -2.58341e-05
14.94 -0.000115197 -4.11264e-06
14.95 -0.000124929 1.69572e-05
14.96 -0.000107427 3.91724e-05
14.97 -6.22684e-05 6.06072e-05
14.98 4.61675e-06 7.9425e-05
14.99 5.57266e-05 9.54657e-05
15 8.95031e-05 0.000109585
15.01 0.000114127 0.00012174
15.02 0.000140766 0.000131388
15.03 0.000173454 0.000138646
15.04 0.000201978 0.000143768
15.05 0.000215199 0.000147118
15.06 0.000212626 0.000148976
15.07 0.00020258 0.000149137
15.08 0.000195035 0.000147417
15.09 0.000191804 0.000143933
15.1 0.000185219 0.00013913
15.11 0.000167136 0.000133404
15.12 0.000137509 0.000126758
15.13 0.000105985 0.000118859
15.14 7.74836e-05 0.000108946
15.15 5.0531e-05 9.71568e-05
15.16 1.72666e-05 8.33462e-05
15.17 -2.95269e-05 6.73216e-05
15.18 -8.15794e-05 4.80079e-05
15.19 -0.000119935 2.65168e-05
15.2 -0.000127908 5.53086e-06
15.21 -0.000115757 -1.49882e-05
15.22 -8.45527e-05 -3.67415e-05
15.23 -3.68378e-05 -5.85493e-05
15.24 1.90568e-05 -7.83223e-05
15.25 7.72627e-05 -9.69735e-05
15.26 0.000138258 -0.000114021
15.27 0.000195664 -0.000129573
15.28 0.000243274 -0.000143549
15.29 0.00028586 -0.000156355
15.3 0.000325262 -0.000167595
15.31 0.000359973 -0.000176899
15.32 0.000391275 -0.000184795
15.33 0.000416728 -0.000191426
15.34 0.000434871 -0.000196887
15.35 0.000446995 -0.000201159
15.36 0.000455879 -0.000204127
15.37 0.000467932 -0.000206559
15.38 0.000475284 -0.000207277
15.39 0.000472897 -0.000205941
15.4 0.000461956 -0.000203004
15.41 0.000442532 -0.000198232
15.42 0.000416272 -0.000191372
15.43 0.000384397 -0.000182241
15.44 0.000346156 -0.000170755
15.45 0.000295814 -0.000156473
15.46 0.000232531 -0.000139229
15.47 0.000154281 -0.000118119
15.48 6.76213e-05 -9.28059e-05
15.49 -2.22815e-05 -6.3186e-05
15.5 -0.00010009 -2.91678e-05
15.51 -0.000125692 3.52063e-06
15.52 -0.000104708 3.63901e-05
15.53 -3.93521e-05 6.791e-05
15.54 4.27666e-05 9.43078e-05
15.55 0.000113324 0.000116704
15.56 0.000177286 0.000136507
15.57 0.000228195 0.000155517
15.58 0.000264213 0.0001738
15.59 0.000300378 0.000189552
15.6 0.000440432 0.000220043
15.61 0.000566127 0.000247057
15.62 0.000664861 0.000267417
15.63 0.000739477 0.0002831
15.64 0.000791504 0.000294018
15.65 0.000822536 0.000299971
15.66 0.000829695 0.000300545
15.67 0.000825013 0.000298582
15.68 0.000809194 0.000294529
15.69 0.000782367 0.000288299
15.7 0.00074666 0.000279745
15.71 0.000704766 0.000268772
15.72 0.000655463 0.000254612
15.73 0.000600145 0.000237402
15.74 0.000534777 0.000217679
15.75 0.000456428 0.000194886
15.76 0.000367219 0.000168468
15.77 0.000269896 0.000138609
15.78 0.000170491 0.000107294
15.79 6.6158e-05 7.55475e-05
15.8 -1.01872e-05 4.33812e-05
15.81 -6.11682e-05 1.42088e-05
15.82 -7.27416e-05 -1.42205e-05
15.83 -4.65543e-05 -4.19008e-05
15.84 -3.21855e-06 -6.54266e-05
15.85 3.94163e-05 -8.50712e-05
15.86 7.88301e-05 -0.000102915
15.87 0.000113513 -0.000118495
15.88 0.000150724 -0.000132733
15.89 0.000211011 -0.00014986
15.9 0.000333487 -0.000176404
15.91 0.000432759 -0.000198023
15.92 0.000505144 -0.000213494
15.93 0.000548283 -0.000222695
15.94 0.00055835 -0.000224645
15.95 0.000551716 -0.000222479
15.96 0.000533511 -0.00021728
15.97 0.000502939 -0.000209037
15.98 0.000461275 -0.000197801
15.99 0.00041039 -0.000183919
16 0.000345759 -0.000166758
16.01 0.000273751 -0.000146936
16.02 0.000191076 -0.00012355
16.03 9.7664e-05 -9.66539e-05
16.04 8.18595e-06 -6.73865e-05
16.05 -7.38877e-05 -3.55898e-05
16.06 -0.00011446 -4.99697e-06
16.07 -0.000108004 2.33146e-05
16.08 -6.072e-05 5.08251e-05
16.09 6.40722e-06 7.50854e-05
16.1 6.59676e-05 9.46932e-05
16.11 0.000113293 0.000111408
16.12 0.000149735 0.000127514
16.13 0.000180199 0.000141603
16.14 0.000205351 0.00015231
16.15 0.000224998 0.000159987
16.16 0.000238706 0.000164983
16.17 0.000244769 0.000167514
16.18 0.000243011 0.000167566
16.19 0.000234125 0.000165403
16.2 0.000219503 0.00016098
16.21 0.00019928 0.000154372
16.22 0.000170681 0.0001454
16.23 0.000133035 0.000134136
16.24 9.52622e-05 0.000121353
16.25 5.18141e-05 0.000106388
16.26 3.6907e-06 8.94577e-05
16.27 -4.96763e-05 7.05032e-05
16.28 -9.94014e-05 4.92994e-05
16.29 -0.000134179 2.5923e-05
16.3 -0.000142926 3.61294e-06
16.31 -0.000134856 -1.82224e-05
16.32 -0.000102792 -4.12633e-05
16.33 -4.58801e-05 -6.30025e-05
16.34 1.62233e-05 -8.30828e-05
16.35 6.99651e-05 -0.000100748
16.36 0.000117593 -0.00011643
16.37 0.000166315 -0.000130505
16.38 0.000208065 -0.000142212
16.39 0.000246192 -0.00015214
16.4 0.000276494 -0.000159939
16.41 0.000295332 -0.000165318
16.42 0.000305366 -0.000168596
16.43 0.000308034 -0.000169674
16.44 0.000304219 -0.000168468
16.45 0.000293503 -0.000165056
16.46 0.000274775 -0.000159559
16.47 0.000244914 -0.000151619
16.48 0.000207059 -0.00014152
16.49 0.000163799 -0.000129452
16.5 0.000111733 -0.000114636
16.51 5.98342e-05 -9.76707e-05
16.52 -2.33712e-08 -7.8001e-05
16.53 -6.66175e-05 -5.59612e-05
16.54 -0.000119263 -3.1601e-05
16.55 -0.000141991 -7.9225e-06
16.56 -0.000144712 1.48782e-05
16.57 -0.000118583 3.8636e-05
16.58 -7.61146e-05 6.10041e-05
16.59 -1.93132e-05 8.07455e-05
16.6 2.84146e-05 9.77181e-05
16.61 6.91495e-05 0.000112189
16.62 0.000102377 0.000123716
16.63 0.00012877 0.000132456
16.64 0.000149734 0.000138447
16.65 0.000159633 0.000141374
16.66 0.00015769 0.000141209
16.67 0.000145748 0.000138121
16.68 0.000126792 0.00013228
16.69 0.000104133 0.00012404
16.7 7.45973e-05 0.000113337
16.71 3.58358e-05 9.99643e-05
16.72 -1.03794e-05 8.41862e-05
16.73 -6.39294e-05 6.5806e-05
16.74 -0.000107565 4.49207e-05
16.75 -0.000137853 2.17647e-05
16.76 -0.00014138 -1.74138e-07
16.77 -0.000130987 -2.20302e-05
16.78 -9.6401e-05 -4.49265e-05
16.79 -3.84811e-05 -6.56645e-05
16.8 2.16819e-05 -8.46777e-05
16.81 7.13209e-05 -0.000100719
16.82 0.000112744 -0.000114496
16.83 0.000152316 -0.000126361
16.84 0.000186215 -0.000136087
16.85 0.00021606 -0.000143992
16.86 0.000241522 -0.000150444
16.87 0.00026004 -0.000155496
16.88 0.00027067 -0.000158979
16.89 0.000275152 -0.000160741
16.9 0.000274807 -0.000160593
16.91 0.000269007 -0.000158406
16.92 0.000255676 -0.000154143
16.93 0.000232438 -0.000147667
16.94 0.000199912 -0.000138994
16.95 0.000158967 -0.000127884
16.96 0.000108129 -0.000113564
16.97 5.54827e-05 -9.62451e-05
16.98 -7.87022e-06 -7.52181e-05
16.99 -7.92985e-05 -5.09148e-05
17 -0.000129331 -2.34723e-05
17.01 -0.000145458 3.32288e-06
17.02 -0.00013362 3.08433e-05
17.03 -8.50591e-05 5.89229e-05
17.04 -1.26829e-05 8.35099e-05
17.05 5.00069e-05 0.000104674
17.06 0.000102014 0.000123345
17.07 0.000149326 0.000140186
17.08 0.000198328 0.000155663
17.09 0.000240795 0.000169075
17.1 0.000276378 0.000182159
17.11 0.000390579 0.000207288
17.12 0.000485989 0.000229195
17.13 0.00055403 0.000245673
17.14 0.000599869 0.000256163
17.15 0.000625595 0.000261111
17.16 0.000631554 0.00026144
17.17 0.000627998 0.000259662
17.18 0.000614973 0.000256357
17.19 0.000593388 0.000251445
17.2 0.000567682 0.000244699
17.21 0.000540193 0.000236193
17.22 0.000510239 0.000225978
17.23 0.000472559 0.000213827
17.24 0.000428042 0.000200384
17.25 0.000375325 0.000185377
17.26 0.000316248 0.000168354
17.27 0.000253631 0.000149106
17.28 0.000185353 0.000127418
17.29 0.000108986 0.000103608
17.3 3.48279e-05 7.88965e-05
17.31 -3.28292e-05 5.29145e-05
17.32 -8.31689e-05 2.7456e-05
17.33 -9.93878e-05 3.88806e-06
17.34 -8.52749e-05 -1.64405e-05
17.35 -5.0622e-05 -3.65099e-05
17.36 -6.70297e-06 -5.55053e-05
17.37 3.52446e-05 -7.38237e-05
17.38 7.26125e-05 -9.07536e-05
17.39 0.000112142 -0.000106868
17.4 0.000150306 -0.000121655
17.41 0.000185759 -0.000135537
17.42 0.000218873 -0.000148554
17.43 0.000280564 -0.000165457
17.44 0.000394029 -0.000190001
17.45 0.000489611 -0.000210319
17.46 0.000564109 -0.000226074
17.47 0.0006165 -0.000237347
17.48 0.000645201 -0.000243519
17.49 0.000649742 -0.00024442
17.5 0.000644054 -0.000242617
17.51 0.000630365 -0.000238679
17.52 0.00060774 -0.000232498
17.53 0.000576059 -0.000224136
17.54 0.000536579 -0.000213638
17.55 0.000491036 -0.000201038
17.56 0.000434096 -0.000185596
17.57 0.000370827 -0.000167997
17.58 0.000297229 -0.000147366
17.59 0.000212805 -0.000123356
17.6 0.000117518 -9.60871e-05
17.61 2.13177e-05 -6.60948e-05
17.62 -5.90382e-05 -3.4616e-05
17.63 -0.000102741 -4.37592e-06
17.64 -9.3121e-05 2.2899e-05
17.65 -4.42659e-05 4.87674e-05
17.66 1.44957e-05 7.13051e-05
17.67 6.51202e-05 9.14729e-05
17.68 9.94095e-05 0.000109851
17.69 0.000127393 0.000125963
17.7 0.000154517 0.000139463
17.71 0.000179512 0.000149452
17.72 0.000201534 0.00015651
17.73 0.000216492 0.000161129
17.74 0.000221144 0.000163659
17.75 0.000216646 0.000164026
17.76 0.000206794 0.000162202
17.77 0.000194385 0.000158214
17.78 0.000178795 0.000152146
17.79 0.000156344 0.000144193
17.8 0.000123382 0.000134067
17.81 8.59516e-05 0.000122135
17.82 4.42024e-05 0.000107982
17.83 -3.17664e-06 9.09133e-05
17.84 -5.68243e-05 7.11176e-05
17.85 -0.000109194 4.83248e-05
17.86 -0.00014655 2.24393e-05
17.87 -0.000153089 -2.86046e-06
17.88 -0.000135578 -2.86539e-05
17.89 -8.05685e-05 -5.51596e-05
17.9 -4.48909e-06 -7.94666e-05
17.91 6.21406e-05 -0.000100935
17.92 0.000115949 -0.000119302
17.93 0.000169036 -0.000135526
17.94 0.000216406 -0.00014908
17.95 0.000262971 -0.000160913
17.96 0.000300704 -0.000170535
17.97 0.000329536 -0.000178623
17.98 0.000350446 -0.000185115
17.99 0.000364758 -0.000189671
18 0.00037353 -0.000192014
18.01 0.000375863 -0.00019201
18.02 0.000369585 -0.000189643
18.03 0.000352914 -0.000184966
18.04 0.000326227 -0.000178054
18.05 0.000291592 -0.000168951
18.06 0.000248742 -0.000157388
18.07 0.000198996 -0.000143326
18.08 0.000143393 -0.000127146
18.09 8.28156e-05 -0.000108471
18.1 1.60334e-05 -8.70722e-05
18.11 -5.87971e-05 -6.27415e-05
18.12 -0.000121902 -3.62515e-05
18.13 -0.000149107 -9.95949e-06
18.14 -0.000153275 1.49347e-05
18.15 -0.000126117 4.06727e-05
18.16 -7.9798e-05 6.4057e-05
18.17 -2.08208e-05 8.42565e-05
18.18 2.96287e-05 0.000101571
18.19 7.16326e-05 0.000116417
18.2 0.000106297 0.000128911
18.21 0.000136707 0.000139531
18.22 0.000163774 0.000147914
18.23 0.000183708 0.000153906
18.24 0.000197121 0.000157709
18.25 0.000203297 0.000159352
18.26 0.00020145 0.000158789
18.27 0.000191611 0.000156015
18.28 0.000174358 0.000150964
18.29 0.000149781 0.000143566
18.3 0.000119391 0.000133626
18.31 8.5547e-05 0.000121548
18.32 4.58476e-05 0.000107184
18.33 -3.74105e-06 8.98738e-05
18.34 -6.30763e-05 6.94735e-05
18.35 -0.000117475 4.54344e-05
18.36 -0.000151912 1.788e-05
18.37 -0.000151201 -9.38968e-06
18.38 -0.000120385 -3.87609e-05
18.39 -4.34452e-05 -6.84858e-05
18.4 4.42838e-05 -9.64017e-05
18.41 0.000121598 -0.00012111
18.42 0.000198119 -0.000143336
18.43 0.000268246 -0.000163529
18.44 0.000330081 -0.000180943
18.45 0.000389708 -0.000196454
18.46 0.000538617 -0.000223671
18.47 0.000686294 -0.000251157
18.48 0.000804433 -0.00027601
18.49 0.000890924 -0.000293291
18.5 0.000949796 -0.000304501
18.51 0.000980444 -0.000309555
18.52 0.000981054 -0.000308891
18.53 0.000971059 -0.000306098
18.54 0.000948902 -0.000301256
18.55 0.00091338 -0.000294151
18.56 0.000871489 -0.000285032
18.57 0.000827106 -0.000273734
18.58 0.000779827 -0.000259991
18.59 0.00071993 -0.000243299
18.6 0.000647987 -0.000224001
18.61 0.000558853 -0.00020038
18.62 0.000454879 -0.000171815
18.63 0.00034107 -0.000138504
18.64 0.00022002 -0.000102121
18.65 8.86626e-05 -6.36681e-05
18.66 -2.0658e-05 -2.40518e-05
18.67 -8.76008e-05 2.09353e-05
18.68 -6.02862e-05 5.8308e-05
18.69 5.7673e-06 8.77129e-05
18.7 6.90159e-05 0.000113194
18.71 0.00011631 0.0001355
18.72 0.000184908 0.0001616
18.73 0.000351891 0.000201861
18.74 0.000494533 0.000234466
18.75 0.000609686 0.000257403
18.76 0.00069188 0.000271991
18.77 0.000733471 0.000279556
18.78 0.00073406 0.000280773
18.79 0.00071995 0.000278923
18.8 0.00070008 0.000274638
18.81 0.000677202 0.000267796
18.82 0.000649139 0.000258734
18.83 0.000613922 0.00024718
18.84 0.000563879 0.000233389
18.85 0.000504954 0.000217721
18.86 0.000441797 0.000199744
18.87 0.000378952 0.000179451
18.88 0.000311838 0.000156771
18.89 0.000231522 0.000131611
18.9 0.000134916 0.000103993
18.91 4.26176e-05 7.61955e-05
18.92 -2.70549e-05 4.75906e-05
18.93 -6.95754e-05 2.02412e-05
18.94 -7.73759e-05 -3.08024e-06
18.95 -5.26058e-05 -2.48976e-05
18.96 -2.24254e-05 -4.9653e-05
18.97 1.66821e-05 -7.04306e-05
18.98 5.50982e-05 -8.77309e-05
18.99 9.30587e-05 -0.000103268
19 0.000126926 -0.000116394
19.01 0.00015651 -0.000127898
19.02 0.000180145 -0.000137827
19.03 0.000199323 -0.000146078
19.04 0.000234061 -0.000155444
19.05 0.000282679 -0.000165559
19.06 0.000308261 -0.000170537
19.07 0.000308357 -0.000170362
19.08 0.000299647 -0.00016824
19.09 0.000283043 -0.000164044
19.1 0.000259884 -0.000157655
19.11 0.000230461 -0.000149018
19.12 0.000193336 -0.000138211
19.13 0.000145499 -0.000124942
19.14 9.06261e-05 -0.000109241
19.15 3.25767e-05 -9.09103e-05
19.16 -3.37541e-05 -6.91404e-05
19.17 -0.00010106 -4.41727e-05
19.18 -0.000141079 -1.56785e-05
19.19 -0.000148261 1.25765e-05
19.2 -0.000121363 4.36689e-05
19.21 -5.07191e-05 7.47656e-05
19.22 3.51379e-05 0.000102759
19.23 0.000108801 0.000126833
19.24 0.000174805 0.000148208
19.25 0.000231781 0.000167099
19.26 0.000282443 0.000183532
19.27 0.000326955 0.000196732
19.28 0.000381182 0.000209066
19.29 0.000478437 0.00022643
19.3 0.000539159 0.00023984
19.31 0.000559553 0.000245913
19.32 0.000552164 0.000245636
19.33 0.000540286 0.000242366
19.34 0.000524755 0.000236315
19.35 0.000502216 0.000227763
19.36 0.000468864 0.000217184
19.37 0.000421664 0.000204325
19.38 0.00036442 0.000189108
19.39 0.000304969 0.000171616
19.4 0.000243665 0.000151525
19.41 0.00017463 0.000128704
19.42 9.09771e-05 0.000102874
19.43 4.19732e-06 7.45505e-05
19.44 -7.02813e-05 4.46792e-05
19.45 -0.000109786 1.58461e-05
19.46 -0.000106631 -9.98518e-06
19.47 -6.89712e-05 -3.49069e-05
19.48 -1.26879e-05 -5.84592e-05
19.49 4.5647e-05 -7.85973e-05
19.5 9.65714e-05 -9.79536e-05
19.51 0.00015088 -0.000117844
19.52 0.000198572 -0.000135411
19.53 0.000242054 -0.000151671
19.54 0.000313979 -0.000172078
19.55 0.000451191 -0.000202316
19.56 0.000566729 -0.000227174
19.57 0.000658446 -0.000246556
19.58 0.000725235 -0.000260339
19.59 0.00076329 -0.000267959
19.6 0.000771641 -0.000269594
19.61 0.000764922 -0.000267891
19.62 0.000748362 -0.000263774
19.63 0.000722923 -0.000257088
19.64 0.000689467 -0.000247865
19.65 0.000647536 -0.000236143
19.66 0.000596714 -0.000222078
19.67 0.000530386 -0.00020454
19.68 0.00045337 -0.000183938
19.69 0.000362881 -0.000159023
19.7 0.00026017 -0.000129307
19.71 0.000144547 -9.51851e-05
19.72 2.61636e-05 -5.83928e-05
19.73 -7.01547e-05 -1.90186e-05
19.74 -8.57983e-05 1.60801e-05
19.75 -4.21968e-05 5.27935e-05
19.76 3.03924e-05 8.62879e-05
19.77 9.83121e-05 0.000114516
19.78 0.000153311 0.000141291
19.79 0.000198093 0.000166581
19.8 0.000418587 0.000218823
19.81 0.000629105 0.000263482
19.82 0.000820415 0.000298848
19.83 0.000983843 0.000328886
19.84 0.00111272 0.00035325
19.85 0.0012047 0.000371994
19.86 0.00125787 0.000383844
19.87 0.00128315 0.000388802
19.88 0.00128643 0.00038776
19.89 0.00128083 0.000384078
19.9 0.00125931 0.000378013
19.91 0.00121995 0.000369838
19.92 0.00116926 0.000359556
19.93 0.00111541 0.000347068
19.94 0.00105724 0.000331734
19.95 0.000994232 0.000314098
19.96 0.000916285 0.000293581
19.97 0.000820474 0.000268815
19.98 0.000709564 0.000238434
19.99 0.000592485 0.000203325
20 0.000481526 0.00016679
20.01 0.000363484 0.000129433
20.02 0.000195447 8.5395e-05
20.03 -5.793e-05 2.43648e-05
20.04 -0.000126577 -1.85796e-05
20.05 -0.00010715 -5.32944e-05
20.06 -3.4088e-05 -8.21639e-05
20.07 5.02654e-05 -0.000106973
20.08 0.000308041 -0.000163091
20.09 0.000569114 -0.000223053
20.1 0.000796631 -0.000277553
20.11 0.00101648 -0.000322866
20.12 0.00125838 -0.00036332
20.13 0.00151097 -0.000399172
20.14 0.00172431 -0.000429307
20.15 0.00187616 -0.000454097
20.16 0.00196323 -0.000472795
20.17 0.00200332 -0.000484797
20.18 0.00201751 -0.000489275
20.19 0.00202248 -0.0004878
20.2 0.0020249 -0.000483381
20.21 0.00200944 -0.000476684
20.22 0.0019669 -0.000468072
20.23 0.00189929 -0.000457251
20.24 0.00181568 -0.000443091
20.25 0.00173886 -0.000425936
20.26 0.00166297 -0.000404857
20.27 0.00157398 -0.000380375
20.28 0.00144036 -0.000350618
20.29 0.00126118 -0.000312868
20.3 0.00108499 -0.000270213
20.31 0.000938627 -0.000227447
20.32 0.000671041 -0.000170052
20.33 0.0002908 -0.000103043
20.34 -8.04223e-05 -3.0721e-05
20.35 -0.00019246 1.4746e-05
20.36 -0.000195156 4.5524e-05
20.37 -0.000124329 6.63677e-05
20.38 -4.88026e-05 8.26923e-05
20.39 6.76375e-05 0.000115739
20.4 0.000158646 0.000153459
20.41 0.000233046 0.00018595
20.42 0.000319097 0.000208046
20.43 0.000422391 0.000219211
20.44 0.000504703 0.000224119
20.45 0.000519725 0.000224372
20.46 0.000484343 0.000223932
20.47 0.000429714 0.00022243
20.48 0.000396623 0.000216866
20.49 0.000394892 0.000207261
20.5 0.000399125 0.000195467
20.51 0.000375315 0.000183627
20.52 0.000306167 0.000171199
20.53 0.000215819 0.000156903
20.54 0.000145035 0.000139058
20.55 0.000110969 0.000118586
20.56 7.69274e-05 9.55517e-05
20.57 3.48369e-06 6.91895e-05
20.58 -9.31484e-05 3.81894e-05
20.59 -0.000145976 7.58641e-06
20.6 -0.000127359 -2.03861e-05
20.61 -4.74457e-05 -4.92672e-05
20.62 4.39057e-05 -7.48799e-05
20.63 0.000103067 -9.79307e-05
20.64 0.000151735 -0.000119801
20.65 0.000201741 -0.000141998
20.66 0.000267367 -0.000160283
20.67 0.000389399 -0.000184802
20.68 0.000558686 -0.000218923
20.69 0.000682005 -0.000248247
20.7 0.000766732 -0.000271335
20.71 0.000825962 -0.000285034
20.72 0.00086875 -0.000291208
20.73 0.000882485 -0.000290264
20.74 0.000879273 -0.000286807
20.75 0.000852525 -0.000281497
20.76 0.000801745 -0.000273259
20.77 0.000744176 -0.000261507
20.78 0.000690951 -0.000245876
20.79 0.000632846 -0.000225705
20.8 0.000559661 -0.000202043
20.81 0.000449033 -0.00017349
20.82 0.000306164 -0.000138628
20.83 0.000159674 -9.90396e-05
20.84 3.84171e-05 -5.89477e-05
20.85 -4.29791e-05 -1.83756e-05
20.86 -6.93413e-05 2.03912e-05
20.87 -4.69057e-05 5.84736e-05
20.88 9.5383e-06 8.78586e-05
20.89 6.75722e-05 0.00011123
20.9 0.000116679 0.00013067
20.91 0.000150753 0.000147211
20.92 0.000206907 0.000166989
20.93 0.000303293 0.000191317
20.94 0.000375771 0.000207681
20.95 0.000422681 0.000215731
20.96 0.000437503 0.000216701
20.97 0.000431007 0.000214389
20.98 0.000409039 0.000209899
20.99 0.000377826 0.000202819
21 0.000344129 0.000192955
21.01 0.000307125 0.000180012
21.02 0.000261926 0.000164473
21.03 0.000205669 0.000147071
21.04 0.0001328 0.000126895
21.05 5.98881e-05 0.000104088
21.06 -1.61797e-05 7.7708e-05
21.07 -8.40812e-05 4.79742e-05
21.08 -0.00012108 1.75354e-05
21.09 -0.000127692 -1.07374e-05
21.1 -9.35323e-05 -3.96119e-05
21.11 -2.15032e-05 -6.64142e-05
21.12 5.69734e-05 -9.00813e-05
21.13 0.000128685 -0.00011102
21.14 0.000197093 -0.000130795
21.15 0.000252676 -0.00014894
21.16 0.000301152 -0.000168017
21.17 0.000435397 -0.000199259
21.18 0.00060871 -0.000234955
21.19 0.00075432 -0.000265712
21.2 0.000871245 -0.000289471
21.21 0.000967116 -0.000307828
21.22 0.00104295 -0.000321023
21.23 0.00108898 -0.000328197
21.24 0.00110048 -0.000329259
21.25 0.00109363 -0.000327347
21.26 0.00107354 -0.000323302
21.27 0.00104047 -0.000316816
21.28 0.000997629 -0.000307641
21.29 0.000948984 -0.000295969
21.3 0.000893695 -0.000281836
21.31 0.000826406 -0.000264065
21.32 0.000743653 -0.000243217
21.33 0.000644806 -0.000217758
21.34 0.0005341 -0.000187007
21.35 0.000415525 -0.000151501
21.36 0.000289853 -0.0001134
21.37 0.000150106 -7.33643e-05
21.38 -2.71341e-05 -2.38676e-05
21.39 -9.96336e-05 2.29646e-05
21.4 -7.45808e-05 6.10371e-05
21.41 -1.73736e-06 9.11301e-05
21.42 7.00704e-05 0.000117249
21.43 0.000123358 0.000140824
21.44 0.000307216 0.000187949
21.45 0.000498106 0.000235698
21.46 0.000671085 0.000273291
21.47 0.000832443 0.000303307
21.48 0.000972452 0.000327283
21.49 0.00107799 0.000345557
21.5 0.00114037 0.000358149
21.51 0.00115368 0.000364108
21.52 0.0011424 0.00036421
21.53 0.00113337 0.000361171
21.54 0.00112285 0.000355315
21.55 0.00110029 0.000347103
21.56 0.0010581 0.000336992
21.57 0.000999281 0.000325148
21.58 0.000931904 0.00031074
21.59 0.000866084 0.000293903
21.6 0.000801107 0.000274176
21.61 0.000732655 0.000250516
21.62 0.000641005 0.000223441
21.63 0.000528854 0.000192668
21.64 0.000417752 0.00016066
21.65 0.000314164 0.000128877
21.66 0.000224626 9.87993e-05
21.67 0.000124479 6.60579e-05
21.68 -4.64468e-05 2.22379e-05
21.69 -0.000106621 -9.22497e-06
21.7 -0.000111449 -3.37828e-05
21.71 -8.08663e-05 -5.28525e-05
21.72 -2.93543e-05 -6.72e-05
21.73 1.02879e-05 -7.92113e-05
21.74 2.83434e-05 -9.02157e-05
21.75 3.22463e-05 -9.97448e-05
21.76 3.56018e-05 -0.000105874
21.77 4.58338e-05 -0.000107601
21.78 5.59153e-05 -0.000106117
21.79 5.36988e-05 -0.000102638
21.8 3.30877e-05 -9.7687e-05
21.81 -9.2973e-07 -9.10084e-05
21.82 -3.86663e-05 -8.15497e-05
21.83 -7.12775e-05 -6.94957e-05
21.84 -9.51367e-05 -5.64981e-05
21.85 -0.000122382 -4.29929e-05
21.86 -0.000151226 -2.86548e-05
21.87 -0.00017294 -1.40395e-05
21.88 -0.000178347 1.0643e-06
21.89 -0.000170146 1.76298e-05
21.9 -0.000147411 3.52563e-05
21.91 -0.000124035 5.25885e-05
21.92 -0.000100961 6.79736e-05
21.93 -6.62951e-05 8.28046e-05
21.94 -1.69352e-05 9.69492e-05
21.95 3.00514e-05 0.000109404
21.96 5.72944e-05 0.000118923
21.97 6.93729e-05 0.000126424
21.98 7.75789e-05 0.000132015
21.99 9.05565e-05 0.000135774
22 0.000104237 0.000137524
22.01 0.000109715 0.000137599
22.02 0.000101869 0.000136166
22.03 8.52457e-05 0.000133232
22.04 6.9766e-05 0.000129012
22.05 6.02492e-05 0.000123926
22.06 5.10014e-05 0.000118131
22.07 3.40925e-05 0.000111749
22.08 7.15946e-06 0.00010453
22.09 -2.03152e-05 9.69909e-05
22.1 -3.98163e-05 8.96362e-05
22.11 -5.37666e-05 8.22992e-05
22.12 -7.15663e-05 7.46064e-05
22.13 -9.61244e-05 6.64301e-05
22.14 -0.00012076 5.79124e-05
22.15 -0.000141602 4.89449e-05
22.16 -0.000151055 3.93678e-05
22.17 -0.00015638 2.96352e-05
22.18 -0.000164951 1.92621e-05
22.19 -0.000170908 8.91798e-06
22.2 -0.000173024 -1.23215e-06
22.21 -0.000168821 -1.07063e-05
22.22 -0.000159439 -1.98104e-05
22.23 -0.000150128 -2.85124e-05
22.24 -0.000142443 -3.68974e-05
22.25 -0.000131048 -4.3928e-05
22.26 -0.000117163 -4.98064e-05
22.27 -0.000103341 -5.43002e-05
22.28 -9.30135e-05 -5.74854e-05
22.29 -8.81519e-05 -5.9564e-05
22.3 -8.86148e-05 -6.05331e-05
22.31 -9.16458e-05 -6.02142e-05
22.32 -9.52075e-05 -5.85145e-05
22.33 -9.97721e-05 -5.55318e-05
22.34 -0.000108205 -5.13708e-05
22.35 -0.000121434 -4.62049e-05
22.36 -0.000138333 -3.99865e-05
22.37 -0.00015072 -3.24811e-05
22.38 -0.0001588 -2.38173e-05
22.39 -0.000164778 -1.4267e-05
22.4 -0.000167342 -4.15939e-06
22.41 -0.000169247 6.80679e-06
22.42 -0.000170119 1.89051e-05
22.43 -0.000159808 3.22599e-05
22.44 -0.000140737 4.63539e-05
22.45 -0.000111785 6.02156e-05
22.46 -8.25499e-05 7.33116e-05
22.47 -4.62805e-05 8.63815e-05
22.48 -9.64234e-06 9.87734e-05
22.49 2.46308e-05 0.000110127
22.5 5.12461e-05 0.000119526
22.51 7.29247e-05 0.000127634
22.52 9.16282e-05 0.000134505
22.53 0.000106994 0.000139849
22.54 0.000119545 0.000143906
22.55 0.000128872 0.000146902
22.56 0.00013422 0.000148893
22.57 0.000136116 0.000149946
22.58 0.000135966 0.000150143
22.59 0.000134723 0.000149581
22.6 0.000132176 0.000148365
22.61 0.000127572 0.000146608
22.62 0.000120808 0.000144422
22.63 0.000112613 0.000141821
22.64 0.000103294 0.000138562
22.65 9.19996e-05 0.000134285
22.66 7.62773e-05 0.000128477
22.67 5.55058e-05 0.000121067
22.68 2.86629e-05 0.000111771
22.69 -7.26767e-06 9.95851e-05
22.7 -4.82738e-05 8.52871e-05
22.71 -9.1508e-05 6.93883e-05
22.72 -0.000129345 5.26338e-05
22.73 -0.000158694 3.43817e-05
22.74 -0.000172278 1.66424e-05
22.75 -0.000170343 4.27197e-07
22.76 -0.000164824 -1.45384e-05
22.77 -0.000152397 -2.89853e-05
22.78 -0.000133331 -4.26261e-05
22.79 -0.000106084 -5.46399e-05
22.8 -7.86824e-05 -6.50599e-05
22.81 -4.57755e-05 -7.47627e-05
22.82 -1.79791e-05 -8.32449e-05
22.83 1.23953e-06 -9.01416e-05
22.84 1.54833e-05 -9.55992e-05
22.85 2.66426e-05 -9.93577e-05
22.86 3.45839e-05 -0.000101268
22.87 3.73636e-05 -0.000101388
22.88 3.2925e-05 -9.97967e-05
22.89 2.09363e-05 -9.64707e-05
22.9 2.88447e-06 -9.12504e-05
22.91 -1.9884e-05 -8.39139e-05
22.92 -4.93153e-05 -7.40441e-05
22.93 -8.30016e-05 -6.21788e-05
22.94 -0.000115388 -4.88398e-05
22.95 -0.000149064 -3.29047e-05
22.96 -0.000169271 -1.45893e-05
22.97 -0.000173787 5.35266e-06
22.98 -0.000163008 2.87727e-05
22.99 -0.000124778 5.48346e-05
23 -6.5944e-05 8.07705e-05
23.01 8.57477e-06 0.000107122
23.02 8.09642e-05 0.000131183
23.03 0.000144681 0.000152302
23.04 0.000204004 0.000171146
23.05 0.000255382 0.000187893
23.06 0.00030053 0.000202449
23.07 0.00034471 0.000215291
23.08 0.000382524 0.000225758
23.09 0.000412742 0.000233954
23.1 0.00045827 0.000243153
23.11 0.000503772 0.000251552
23.12 0.000520923 0.000254756
23.13 0.000517937 0.000253718
23.14 0.000506493 0.000250298
23.15 0.000485511 0.000244553
23.16 0.000455026 0.00023653
23.17 0.000415271 0.000225388
23.18 0.000367799 0.000211528
23.19 0.000315333 0.000195263
23.2 0.000253223 0.000175924
23.21 0.000180066 0.000153419
23.22 9.78338e-05 0.000127159
23.23 9.43684e-06 9.71481e-05
23.24 -7.94571e-05 6.57243e-05
23.25 -0.000138984 3.42131e-05
23.26 -0.000155527 5.81808e-06
23.27 -0.000145299 -1.8212e-05
23.28 -0.000112817 -4.06329e-05
23.29 -6.58803e-05 -5.96146e-05
23.3 -1.27734e-05 -7.74579e-05
23.31 2.60934e-05 -9.4737e-05
23.32 5.9878e-05 -0.000109589
23.33 0.000109769 -0.000126238
23.34 0.000206295 -0.000148526
23.35 0.000279324 -0.000164532
23.36 0.000319358 -0.000173118
23.37 0.000326444 -0.00017451
23.38 0.000319093 -0.000172327
23.39 0.000302231 -0.000167698
23.4 0.000276368 -0.000160616
23.41 0.000242532 -0.00015127
23.42 0.000201187 -0.000139832
23.43 0.000150013 -0.000125867
23.44 9.53174e-05 -0.000109874
23.45 3.83333e-05 -9.13976e-05
23.46 -2.6338e-05 -7.00881e-05
23.47 -9.39233e-05 -4.60465e-05
23.48 -0.00013561 -1.94411e-05
23.49 -0.000145342 6.31377e-06
23.5 -0.000130925 3.29867e-05
23.51 -8.31534e-05 6.05206e-05
23.52 -1.10033e-05 8.52524e-05
23.53 5.35795e-05 0.000106869
23.54 0.00010696 0.000125503
23.55 0.000155105 0.000142053
23.56 0.000198936 0.000156288
23.57 0.000241411 0.00016885
23.58 0.000278266 0.000179312
23.59 0.000307393 0.000187729
23.6 0.000329271 0.000194267
23.61 0.000342973 0.000198659
23.62 0.000348455 0.000200589
23.63 0.000346042 0.000199866
23.64 0.000335769 0.000196485
23.65 0.000317382 0.000190665
23.66 0.000290814 0.000182612
23.67 0.000255987 0.000172391
23.68 0.00021113 0.000159631
23.69 0.00016309 0.000145038
23.7 0.000112521 0.000128226
23.71 5.97297e-05 0.000109327
23.72 -2.15974e-06 8.77279e-05
23.73 -7.40878e-05 6.30833e-05
23.74 -0.000126586 3.54534e-05
23.75 -0.000146448 8.49185e-06
23.76 -0.000139845 -1.72001e-05
23.77 -9.9188e-05 -4.417e-05
23.78 -2.94e-05 -6.87831e-05
23.79 3.84054e-05 -9.10986e-05
23.8 9.8198e-05 -0.000111091
23.81 0.000159069 -0.000129353
23.82 0.000218294 -0.000145756
23.83 0.000272327 -0.000160101
23.84 0.000320689 -0.00017266
23.85 0.000440187 -0.000198378
23.86 0.000544551 -0.000221184
23.87 0.000613907 -0.000236922
23.88 0.000651072 -0.000245274
23.89 0.000655295 -0.000245618
23.9 0.000648782 -0.000242849
23.91 0.000630852 -0.000237542
23.92 0.000600617 -0.000229952
23.93 0.000560526 -0.000220183
23.94 0.00051483 -0.000208279
23.95 0.000463711 -0.000193778
23.96 0.000405487 -0.000177026
23.97 0.000338538 -0.000158049
23.98 0.000260452 -0.000136429
23.99 0.000172152 -0.000111942
24 7.92158e-05 -8.52656e-05
24.01 -4.26015e-06 -5.73218e-05
24.02 -6.94121e-05 -2.80561e-05
24.03 -0.000101299 -7.12735e-07
24.04 -8.83025e-05 2.43782e-05
24.05 -4.30191e-05 4.83247e-05
24.06 1.04553e-05 6.96919e-05
24.07 5.81467e-05 8.94146e-05
24.08 9.30713e-05 0.000107979
24.09 0.000123353 0.000124986
24.1 0.000155457 0.000140404
24.11 0.00018601 0.000153305
24.12 0.00021573 0.000164426
24.13 0.000241598 0.000173999
24.14 0.00032353 0.00019283
24.15 0.000392052 0.000209354
24.16 0.000441347 0.000221237
24.17 0.000471264 0.000227694
24.18 0.000476477 0.000227797
24.19 0.000471497 0.000225138
24.2 0.000454367 0.000219806
24.21 0.000424544 0.000211522
24.22 0.000383913 0.000199871
24.23 0.000330064 0.000183955
24.24 0.000266196 0.000164325
24.25 0.000187762 0.000140326
24.26 9.54109e-05 0.00011166
24.27 -6.82715e-06 7.72311e-05
24.28 -9.69645e-05 3.83061e-05
24.29 -0.000129675 6.12854e-07
24.3 -9.74365e-05 -3.44541e-05
24.31 -1.04888e-05 -6.67632e-05
24.32 7.82062e-05 -9.33664e-05
24.33 0.0001577 -0.000115731
24.34 0.000217371 -0.000136076
24.35 0.000261508 -0.00015437
24.36 0.000298375 -0.000168648
24.37 0.000403994 -0.000191228
24.38 0.000477333 -0.000206471
24.39 0.000512838 -0.000214273
24.4 0.000520065 -0.000216975
24.41 0.000514166 -0.000216356
24.42 0.000506004 -0.000214105
24.43 0.000495062 -0.000210087
24.44 0.000478206 -0.000204537
24.45 0.000453052 -0.000197486
24.46 0.000419626 -0.000189059
24.47 0.000380873 -0.0001791
24.48 0.000336173 -0.000167017
24.49 0.000288598 -0.000152974
24.5 0.000235647 -0.000137039
24.51 0.000170899 -0.000118695
24.52 9.43376e-05 -9.79668e-05
24.53 2.1848e-05 -7.53397e-05
24.54 -5.07585e-05 -5.12037e-05
24.55 -9.43683e-05 -2.66997e-05
24.56 -0.000114808 -4.47598e-06
24.57 -0.000114156 1.53875e-05
24.58 -9.1658e-05 3.48612e-05
24.59 -6.05694e-05 5.15545e-05
24.6 -2.39782e-05 6.60524e-05
24.61 5.86763e-06 7.66532e-05
24.62 2.79661e-05 8.49716e-05
24.63 4.25133e-05 9.05541e-05
24.64 5.24698e-05 9.37568e-05
24.65 5.66909e-05 9.45559e-05
24.66 5.33175e-05 9.30856e-05
24.67 4.19923e-05 8.95245e-05
24.68 2.43515e-05 8.3993e-05
24.69 1.20567e-06 7.6237e-05
24.7 -2.42967e-05 6.68453e-05
24.71 -5.17507e-05 5.48168e-05
24.72 -7.72853e-05 4.14024e-05
24.73 -0.000101916 2.66923e-05
24.74 -0.000114674 1.15761e-05
24.75 -0.000115093 -2.55563e-06
24.76 -0.000105439 -1.71069e-05
24.77 -8.57906e-05 -3.15256e-05
24.78 -6.03258e-05 -4.56198e-05
24.79 -2.30298e-05 -5.87462e-05
24.8 1.24686e-05 -7.0089e-05
24.81 4.0537e-05 -7.94198e-05
24.82 6.32248e-05 -8.71339e-05
24.83 8.14623e-05 -9.32619e-05
24.84 9.55503e-05 -9.76474e-05
24.85 0.000104582 -0.000100053
24.86 0.000106561 -0.00010047
24.87 0.000100951 -9.8883e-05
24.88 8.75262e-05 -9.50429e-05
24.89 6.88333e-05 -8.90425e-05
24.9 4.44881e-05 -8.08905e-05
24.91 1.39134e-05 -7.05333e-05
24.92 -2.66086e-05 -5.72313e-05
24.93 -6.78094e-05 -4.12702e-05
24.94 -9.8517e-05 -2.40549e-05
24.95 -0.000115415 -6.88025e-06
24.96 -0.000117232 9.10822e-06
24.97 -0.000103374 2.5619e-05
24.98 -7.72934e-05 4.07744e-05
24.99 -5.35733e-05 5.35135e-05
25 -3.11986e-05 6.42488e-05
25.01 -1.14371e-05 7.17248e-05
25.02 4.77646e-06 7.71658e-05
25.03 1.7017e-05 8.07094e-05
25.04 2.28734e-05 8.23916e-05
25.05 2.1383e-05 8.22868e-05
25.06 1.41516e-05 8.04612e-05
25.07 3.57878e-06 7.69588e-05
25.08 -9.81962e-06 7.17231e-05
25.09 -2.82707e-05 6.4599e-05
25.1 -5.18947e-05 5.4335e-05
25.11 -7.72736e-05 4.19335e-05
25.12 -0.000102566 2.68377e-05
25.13 -0.000115528 9.60662e-06
25.14 -0.000112948 -8.09628e-06
25.15 -9.28452e-05 -2.84406e-05
25.16 -5.2474e-05 -5.06066e-05
25.17 1.53039e-05 -7.24313e-05
25.18 7.91387e-05 -9.24748e-05
25.19 0.00014415 -0.000111202
25.2 0.000201225 -0.000127925
25.21 0.000251022 -0.000142631
25.22 0.000294926 -0.000155039
25.23 0.000335488 -0.000165579
25.24 0.00036959 -0.000174208
25.25 0.000391854 -0.000180599
25.26 0.000405859 -0.000185114
25.27 0.000413164 -0.000187538
25.28 0.00041453 -0.000187702
25.29 0.000409095 -0.000185583
25.3 0.000395055 -0.00018123
25.31 0.000371239 -0.000174708
25.32 0.000334758 -0.000165447
25.33 0.000290827 -0.000153623
25.34 0.00024013 -0.000139023
25.35 0.000178453 -0.000121048
25.36 0.000101503 -9.9204e-05
25.37 1.95183e-05 -7.34369e-05
25.38 -6.85615e-05 -4.29774e-05
25.39 -0.000115596 -1.09199e-05
25.4 -0.000117669 1.96304e-05
25.41 -7.14214e-05 5.04343e-05
25.42 2.30696e-06 7.71743e-05
25.43 6.85055e-05 9.82613e-05
25.44 0.000120762 0.000115529
25.45 0.000163202 0.000129831
25.46 0.000191174 0.000143457
25.47 0.000213219 0.000153527
25.48 0.000230062 0.000160019
25.49 0.000241348 0.000163415
25.5 0.000244291 0.000163898
25.51 0.000236445 0.000161789
25.52 0.000218504 0.000157036
25.53 0.000191078 0.000149282
25.54 0.000154189 0.000138158
25.55 0.000112832 0.000124188
25.56 6.54292e-05 0.000107047
25.57 3.91426e-06 8.58802e-05
25.58 -7.40448e-05 5.96477e-05
25.59 -0.000129878 2.7483e-05
25.6 -0.000141682 -5.60355e-06
25.61 -0.000104376 -4.10363e-05
25.62 -3.86916e-06 -7.62806e-05
25.63 9.97521e-05 -0.000107981
25.64 0.000197248 -0.000135389
25.65 0.000279809 -0.000159593
25.66 0.000349996 -0.000180517
25.67 0.000417795 -0.000198725
25.68 0.000609636 -0.000235055
25.69 0.000775901 -0.00026894
25.7 0.000894637 -0.000292378
25.71 0.000974722 -0.000307902
25.72 0.00100635 -0.000314301
25.73 0.00100236 -0.000312997
25.74 0.000986054 -0.000307932
25.75 0.000951453 -0.000299111
25.76 0.000895731 -0.000286836
25.77 0.000826796 -0.000271347
25.78 0.000748097 -0.000252097
25.79 0.000662999 -0.000229329
25.8 0.000570374 -0.00020231
25.81 0.000466674 -0.000171472
25.82 0.000349997 -0.000137819
25.83 0.000228641 -0.000103908
25.84 0.000106763 -7.09311e-05
25.85 1.79707e-05 -3.89027e-05
25.86 -6.80301e-05 -3.86668e-06
25.87 -7.67481e-05 2.47457e-05
25.88 -6.05659e-05 4.9369e-05
25.89 -2.93066e-05 7.01235e-05
25.9 5.01782e-06 8.63472e-05
25.91 3.59461e-05 0.000100272
25.92 6.16479e-05 0.000112448
25.93 7.98622e-05 0.000122727
25.94 9.37301e-05 0.000131261
25.95 0.000106448 0.000137855
25.96 0.000117631 0.000142076
25.97 0.000124507 0.000143712
25.98 0.000123442 0.000142829
25.99 0.000112415 0.000139327
26 9.17613e-05 0.000132825
26.01 6.26952e-05 0.000122918
26.02 2.30006e-05 0.000108972
26.03 -2.36909e-05 9.18048e-05
26.04 -8.38176e-05 7.05647e-05
26.05 -0.000138797 4.6047e-05
26.06 -0.000174111 1.62278e-05
26.07 -0.000172539 -1.54689e-05
26.08 -0.00012048 -5.0575e-05
26.09 -1.55079e-05 -8.63065e-05
26.1 8.93113e-05 -0.000118628
26.11 0.000181529 -0.000146676
26.12 0.000261411 -0.00017113
26.13 0.000334458 -0.000192479
26.14 0.000406057 -0.000210728
26.15 0.000614607 -0.000246942
26.16 0.00078772 -0.000276571
26.17 0.000914669 -0.000298321
26.18 0.00101404 -0.000314873
26.19 0.00107115 -0.000325557
26.2 0.00108474 -0.000327747
26.21 0.00107813 -0.000325115
26.22 0.00105707 -0.000319313
26.23 0.00101594 -0.000310054
26.24 0.000955297 -0.000297282
26.25 0.000880928 -0.000281021
26.26 0.000795296 -0.000259444
26.27 0.000698477 -0.000232916
26.28 0.000581142 -0.000199736
26.29 0.00043817 -0.000158998
26.3 0.000279801 -0.000113459
26.31 0.000114345 -6.55904e-05
26.32 -7.70732e-05 -4.94152e-06
26.33 -9.12066e-05 4.54372e-05
26.34 -2.63658e-05 8.64048e-05
26.35 6.23544e-05 0.00012106
26.36 0.000190976 0.000159879
26.37 0.00051025 0.000230466
26.38 0.000788797 0.00029224
26.39 0.0010364 0.000344912
26.4 0.00129064 0.000392845
26.41 0.00154495 0.000434712
26.42 0.00177558 0.000469818
26.43 0.00194919 0.00049747
26.44 0.00206188 0.000518344
26.45 0.00211858 0.000531594
26.46 0.00213351 0.000536857
26.47 0.00212982 0.000535704
26.48 0.00212398 0.000531403
26.49 0.00210788 0.00052434
26.5 0.00207069 0.000514673
26.51 0.0020112 0.000502524
26.52 0.00193881 0.000487825
26.53 0.00186132 0.000469968
26.54 0.00177982 0.000448589
26.55 0.00168847 0.000423615
26.56 0.00157026 0.000394031
26.57 0.00141292 0.000357793
26.58 0.00124758 0.000317382
26.59 0.00110162 0.000274744
26.6 0.000840347 0.000218562
26.61 0.000464463 0.000151273
26.62 6.77318e-05 8.02504e-05
26.63 -0.000165968 1.94248e-05
26.64 -0.000207418 -1.57471e-05
26.65 -0.000178635 -4.00989e-05
26.66 -0.000106913 -6.04089e-05
26.67 8.43544e-05 -0.000106666
26.68 0.000297316 -0.000161466
26.69 0.000473012 -0.000212723
26.7 0.000652037 -0.000257434
26.71 0.000851536 -0.000291862
26.72 0.00106334 -0.000321364
26.73 0.00125758 -0.000348167
26.74 0.00139038 -0.00037194
26.75 0.00146076 -0.000391337
26.76 0.00150203 -0.000405333
26.77 0.0015438 -0.000412862
26.78 0.00158596 -0.000414533
26.79 0.0016058 -0.000411836
26.8 0.00159853 -0.000407867
26.81 0.00155801 -0.000402791
26.82 0.00149551 -0.000395799
26.83 0.00143137 -0.000385555
26.84 0.00138614 -0.000372374
26.85 0.00134873 -0.000356746
26.86 0.00128898 -0.000338995
26.87 0.00118562 -0.000318782
26.88 0.00104314 -0.000293233
26.89 0.000901684 -0.000261891
26.9 0.000796906 -0.000226816
26.91 0.00071428 -0.000191431
26.92 0.000595471 -0.00015463
26.93 0.000317218 -0.000103988
26.94 -3.42098e-05 -3.67349e-05
26.95 -0.000151142 8.3868e-06
26.96 -0.000153635 3.99754e-05
26.97 -9.44196e-05 6.44831e-05
26.98 -2.20745e-05 8.51392e-05
26.99 1.79903e-05 0.000105272
27 9.16417e-05 0.00013723
27.01 0.000188279 0.000171609
27.02 0.000306608 0.000199121
27.03 0.000424773 0.000217725
27.04 0.000515463 0.00022918
27.05 0.000551088 0.000235583
27.06 0.000530076 0.000237311
27.07 0.000496256 0.000236728
27.08 0.000473839 0.000232338
27.09 0.000467209 0.000224412
27.1 0.000460086 0.000214106
27.11 0.000431524 0.000202739
27.12 0.000371468 0.000190057
27.13 0.000295764 0.000175495
27.14 0.00022779 0.000157577
27.15 0.000181153 0.00013709
27.16 0.000132796 0.000114296
27.17 5.60451e-05 8.83922e-05
27.18 -4.59069e-05 5.88915e-05
27.19 -0.000118933 2.77751e-05
27.2 -0.000128399 6.91949e-07
27.21 -9.29477e-05 -2.43725e-05
27.22 -3.07588e-05 -4.89284e-05
27.23 2.16719e-05 -6.99623e-05
27.24 6.14359e-05 -8.81737e-05
27.25 0.000100818 -0.00010355
27.26 0.000152761 -0.000118251
27.27 0.000200089 -0.000129354
27.28 0.000231341 -0.000138935
27.29 0.000242875 -0.000147432
27.3 0.000243431 -0.000153951
27.31 0.000245585 -0.000157438
27.32 0.000253587 -0.000157551
27.33 0.000258815 -0.000155245
27.34 0.000250283 -0.000151096
27.35 0.000223439 -0.000145361
27.36 0.000183698 -0.000137763
27.37 0.000141346 -0.000127683
27.38 0.00010153 -0.000114442
27.39 6.37994e-05 -9.90591e-05
27.4 1.26576e-05 -8.09807e-05
27.41 -5.80476e-05 -5.97346e-05
27.42 -0.000125073 -3.49343e-05
27.43 -0.000154573 -7.8895e-06
27.44 -0.000145983 2.02397e-05
27.45 -0.00010096 5.11789e-05
27.46 -2.54351e-05 8.10943e-05
27.47 4.71837e-05 0.000107831
27.48 0.000111202 0.000130896
27.49 0.000177075 0.000151273
27.5 0.00023842 0.000168655
27.51 0.000291739 0.000184051
27.52 0.000330821 0.000196705
27.53 0.000362557 0.000207133
27.54 0.000422495 0.000220119
27.55 0.000492491 0.000233001
27.56 0.000536416 0.000240765
27.57 0.000552075 0.000243884
27.58 0.000547125 0.000242924
27.59 0.000533983 0.00023984
27.6 0.000515363 0.000234592
27.61 0.000492607 0.0002272
27.62 0.000464879 0.000217896
27.63 0.000429246 0.000206738
27.64 0.000382756 0.000193476
27.65 0.000331375 0.000178761
27.66 0.000273878 0.000161718
27.67 0.00021362 0.000142631
27.68 0.000146522 0.000121335
27.69 7.33735e-05 9.78523e-05
27.7 -2.01111e-06 7.25133e-05
27.71 -6.5775e-05 4.60151e-05
27.72 -0.00010466 2.05145e-05
27.73 -0.000110637 -2.22067e-06
27.74 -9.1217e-05 -2.3001e-05
27.75 -5.27955e-05 -4.30261e-05
27.76 -7.66813e-06 -6.06165e-05
27.77 3.43739e-05 -7.50834e-05
27.78 7.22151e-05 -8.73814e-05
27.79 0.000107149 -9.84842e-05
27.8 0.000137601 -0.000108927
27.81 0.000158868 -0.000117661
27.82 0.000172421 -0.000124659
27.83 0.000183393 -0.000130002
27.84 0.000193857 -0.000133517
27.85 0.000202464 -0.000135364
27.86 0.000205892 -0.000135709
27.87 0.000201673 -0.000134752
27.88 0.00019045 -0.000132364
27.89 0.000174463 -0.000128364
27.9 0.000155044 -0.000122635
27.91 0.000129633 -0.000114936
27.92 9.75117e-05 -0.000105355
27.93 6.32419e-05 -9.43221e-05
27.94 2.07705e-05 -8.09779e-05
27.95 -2.88138e-05 -6.51033e-05
27.96 -8.10886e-05 -4.69052e-05
27.97 -0.000117537 -2.53622e-05
27.98 -0.000133869 -3.19126e-06
27.99 -0.000130031 1.97932e-05
28 -9.96342e-05 4.46936e-05
28.01 -4.7302e-05 6.92583e-05
28.02 2.13996e-05 9.21362e-05
28.03 8.25691e-05 0.00011213
28.04 0.000131909 0.000128938
28.05 0.00017544 0.00014333
28.06 0.000212641 0.000155349
28.07 0.000244521 0.000164692
28.08 0.00027036 0.000171442
28.09 0.000287767 0.000175919
28.1 0.000294329 0.000178204
28.11 0.000291277 0.000178334
28.12 0.000282084 0.000176302
28.13 0.000269359 0.00017216
28.14 0.0002525 0.000166097
28.15 0.000229021 0.000158377
28.16 0.000194931 0.000148654
28.17 0.000154185 0.000137297
28.18 0.000112099 0.000124296
28.19 7.27929e-05 0.000109969
28.2 2.80299e-05 9.35652e-05
28.21 -2.23252e-05 7.55949e-05
28.22 -7.68269e-05 5.60267e-05
28.23 -0.000112557 3.55754e-05
28.24 -0.000134819 1.55453e-05
28.25 -0.000134618 -2.97858e-06
28.26 -0.000119528 -2.13392e-05
28.27 -9.10198e-05 -3.93936e-05
28.28 -5.48366e-05 -5.62095e-05
28.29 -1.13968e-05 -7.15794e-05
28.3 3.0503e-05 -8.51477e-05
28.31 7.01257e-05 -9.69459e-05
28.32 0.000104744 -0.000107157
28.33 0.000137044 -0.0001164
28.34 0.00015994 -0.000123957
28.35 0.000177772 -0.000129764
28.36 0.000193495 -0.000133727
28.37 0.000205197 -0.000135875
28.38 0.000209279 -0.000136284
28.39 0.000203516 -0.000135087
28.4 0.000189376 -0.000132218
28.41 0.000170287 -0.000127518
28.42 0.000148148 -0.000120921
28.43 0.000119372 -0.000112127
28.44 8.66652e-05 -0.000101743
28.45 4.97976e-05 -8.99118e-05
28.46 3.57905e-06 -7.56813e-05
28.47 -4.84326e-05 -5.90835e-05
28.48 -9.43551e-05 -4.00897e-05
28.49 -0.000124443 -1.88403e-05
28.5 -0.000133516 3.20565e-06
28.51 -0.000123944 2.6277e-05
28.52 -9.1055e-05 5.11857e-05
28.53 -3.11514e-05 7.51285e-05
28.54 3.65235e-05 9.71114e-05
28.55 9.55185e-05 0.000116322
28.56 0.000144497 0.000132883
28.57 0.000186113 0.000147191
28.58 0.000224627 0.000159654
28.59 0.000259655 0.000169751
28.6 0.000292066 0.000178126
28.61 0.00031716 0.000184972
28.62 0.000332516 0.000190296
28.63 0.000340428 0.000194035
28.64 0.000345032 0.000196106
28.65 0.000347909 0.00019642
28.66 0.000347589 0.000195069
28.67 0.000340232 0.000192112
28.68 0.000323189 0.000187444
28.69 0.000297757 0.000180914
28.7 0.000268082 0.000172484
28.71 0.000236271 0.000162099
28.72 0.000197377 0.000149288
28.73 0.000148321 0.000134086
28.74 9.16768e-05 0.000116236
28.75 2.75004e-05 9.49642e-05
28.76 -4.34271e-05 7.0254e-05
28.77 -0.000100411 4.28012e-05
28.78 -0.000133903 1.46478e-05
28.79 -0.000135629 -1.17657e-05
28.8 -0.000101913 -3.80778e-05
28.81 -3.8644e-05 -6.25446e-05
28.82 3.08218e-05 -8.41726e-05
28.83 8.90429e-05 -0.000102907
28.84 0.000146478 -0.000120172
28.85 0.000196203 -0.000135025
28.86 0.000237032 -0.000149962
28.87 0.00027366 -0.000162666
28.88 0.000383503 -0.000186405
28.89 0.00047012 -0.000205563
28.9 0.000525432 -0.000218039
28.91 0.000552983 -0.000224362
28.92 0.000553584 -0.000224224
28.93 0.000547161 -0.000221751
28.94 0.000531445 -0.00021705
28.95 0.000505502 -0.000210281
28.96 0.000470721 -0.000201392
28.97 0.000429826 -0.000190358
28.98 0.00038235 -0.000177056
28.99 0.000325622 -0.000161127
29 0.000261691 -0.000142912
29.01 0.000184844 -0.000121373
29.02 9.48272e-05 -9.62162e-05
29.03 8.02717e-06 -6.81213e-05
29.04 -7.35589e-05 -3.65721e-05
29.05 -0.000114288 -5.18603e-06
29.06 -0.000107114 2.46962e-05
29.07 -5.59171e-05 5.45584e-05
29.08 1.88489e-05 8.10053e-05
29.09 8.73204e-05 0.000103356
29.1 0.000146755 0.000124578
29.11 0.000194466 0.000146257
29.12 0.000231227 0.00016522
29.13 0.000266618 0.000181636
29.14 0.000399392 0.000211394
29.15 0.000524228 0.00023785
29.16 0.000615203 0.00025686
29.17 0.000668638 0.000268097
29.18 0.000686985 0.000272729
29.19 0.000682576 0.000272163
29.2 0.000672229 0.000269099
29.21 0.000654945 0.000263662
29.22 0.00062799 0.00025601
29.23 0.000592716 0.000245743
29.24 0.000547217 0.000233038
29.25 0.000492435 0.000217455
29.26 0.000434148 0.000199495
29.27 0.000367841 0.000178496
29.28 0.000289708 0.000154091
29.29 0.000193429 0.000125453
29.3 8.36004e-05 9.31578e-05
29.31 -8.42749e-06 5.95433e-05
29.32 -7.62005e-05 2.53463e-05
29.33 -9.07157e-05 -4.4607e-06
29.34 -5.35854e-05 -3.18329e-05
29.35 5.44892e-07 -6.03413e-05
29.36 5.56572e-05 -8.42933e-05
29.37 0.000104568 -0.000106059
29.38 0.000149172 -0.000125181
29.39 0.000191673 -0.000141985
29.4 0.000263661 -0.000161662
29.41 0.000400344 -0.000190402
29.42 0.000508749 -0.000213317
29.43 0.000586035 -0.000230341
29.44 0.000635586 -0.000241824
29.45 0.000659141 -0.00024713
29.46 0.000659991 -0.000246825
29.47 0.000653843 -0.000244245
29.48 0.000638224 -0.000239644
29.49 0.000612153 -0.000233075
29.5 0.000577491 -0.00022462
29.51 0.000537585 -0.000214155
29.52 0.000494035 -0.00020161
29.53 0.000440588 -0.00018637
29.54 0.000380021 -0.000169267
29.55 0.000307161 -0.000149368
29.56 0.000223473 -0.00012629
29.57 0.000131595 -0.000100084
29.58 3.89454e-05 -7.12439e-05
29.59 -4.04869e-05 -4.11738e-05
29.6 -9.46098e-05 -1.117e-05
29.61 -9.72966e-05 1.58913e-05
29.62 -6.02513e-05 4.13536e-05
29.63 -2.5973e-06 6.42996e-05
29.64 4.85495e-05 8.46755e-05
29.65 8.614e-05 0.00010354
29.66 0.000114121 0.000120216
29.67 0.000140695 0.000134784
29.68 0.000167046 0.000146197
29.69 0.000191692 0.000154557
29.7 0.000211206 0.000160408
29.71 0.000220827 0.000164122
29.72 0.00021982 0.000165662
29.73 0.000211827 0.000164788
29.74 0.000200079 0.000161535
29.75 0.00018542 0.000155913
29.76 0.000164771 0.000148178
29.77 0.00013393 0.000138443
29.78 9.63595e-05 0.000126716
29.79 5.50109e-05 0.000113175
29.8 8.43585e-06 9.67408e-05
29.81 -4.19893e-05 7.7807e-05
29.82 -9.71229e-05 5.62553e-05
29.83 -0.000139165 3.10574e-05
29.84 -0.000156501 5.27881e-06
29.85 -0.000147522 -2.04021e-05
29.86 -0.000102757 -4.76912e-05
29.87 -2.63286e-05 -7.35709e-05
29.88 4.79719e-05 -9.73082e-05
29.89 0.000108356 -0.000117885
29.9 0.000166727 -0.000136207
29.91 0.000221149 -0.000151884
29.92 0.00027455 -0.00016554
29.93 0.000318351 -0.000176657
29.94 0.000353703 -0.000186119
29.95 0.000379498 -0.000193824
29.96 0.000404793 -0.000200656
29.97 0.000447581 -0.000208783
29.98 0.000468561 -0.000212174
29.99 0.000469408 -0.000211398
30 0.000460833 -0.000208684
30.01 0.00044187 -0.000204083
30.02 0.000414529 -0.000197574
30.03 0.000382283 -0.000188991
30.04 0.000346331 -0.000178408
30.05 0.000302203 -0.000165581
30.06 0.000249405 -0.000150741
30.07 0.000186988 -0.000133719
30.08 0.000114309 -0.000113864
30.09 4.45716e-05 -9.14492e-05
30.1 -2.91986e-05 -6.64516e-05
30.11 -9.75005e-05 -3.9204e-05
30.12 -0.000134181 -1.19575e-05
30.13 -0.000142392 1.30674e-05
30.14 -0.000115961 3.85403e-05
30.15 -6.80553e-05 6.19899e-05
30.16 -7.61864e-06 8.17387e-05
30.17 4.15475e-05 9.87993e-05
30.18 8.0133e-05 0.000113468
30.19 0.00011335 0.000126062
30.2 0.000146911 0.000136777
30.21 0.000173664 0.000145989
30.22 0.000192753 0.000153108
30.23 0.0002037 0.000158039
30.24 0.000206888 0.000160736
30.25 0.000204634 0.000160934
30.26 0.000197953 0.000158812
30.27 0.000186335 0.000154464
30.28 0.000167695 0.000148092
30.29 0.000139833 0.00013973
30.3 0.000106231 0.00012929
30.31 6.99272e-05 0.000116988
30.32 2.99073e-05 0.00010236
30.33 -1.62412e-05 8.52934e-05
30.34 -7.20291e-05 6.55612e-05
30.35 -0.000120578 4.28494e-05
30.36 -0.000152654 1.76186e-05
30.37 -0.000151856 -6.91627e-06
30.38 -0.000128271 -3.25533e-05
30.39 -6.89386e-05 -5.89055e-05
30.4 5.67761e-06 -8.32977e-05
30.41 7.19342e-05 -0.000105101
30.42 0.000130687 -0.000124099
30.43 0.000188906 -0.000140797
30.44 0.000240824 -0.00015511
30.45 0.000287333 -0.00016743
30.46 0.000323772 -0.000177446
30.47 0.000353143 -0.000185718
30.48 0.000375443 -0.00019211
30.49 0.000391104 -0.000196467
30.5 0.000399803 -0.000198792
30.51 0.000401315 -0.000199068
30.52 0.000395232 -0.000197329
30.53 0.000381398 -0.00019362
30.54 0.000360411 -0.000187927
30.55 0.000332886 -0.000180281
30.56 0.00029919 -0.000170771
30.57 0.000257225 -0.000159223
30.58 0.00020682 -0.000145447
30.59 0.000150952 -0.000129752
30.6 9.11916e-05 -0.000111653
30.61 2.81537e-05 -9.09974e-05
30.62 -4.34103e-05 -6.7389e-05
30.63 -0.00011034 -4.19728e-05
30.64 -0.000145027 -1.56749e-05
30.65 -0.000153715 8.82591e-06
30.66 -0.000136917 3.35953e-05
30.67 -9.53165e-05 5.73325e-05
30.68 -3.87863e-05 7.76596e-05
30.69 1.19498e-05 9.53286e-05
30.7 5.51418e-05 0.000110819
30.71 9.01675e-05 0.000123647
30.72 0.000122144 0.000134702
30.73 0.00015117 0.000143746
30.74 0.000173501 0.000150528
30.75 0.000188868 0.000155322
30.76 0.000197707 0.000158148
30.77 0.000200216 0.000158891
30.78 0.000196278 0.000157557
30.79 0.0001855 0.000154123
30.8 0.000167604 0.000148691
30.81 0.000142411 0.000141212
30.82 0.000112788 0.000131597
30.83 8.03843e-05 0.000120112
30.84 4.39336e-05 0.000106668
30.85 -9.85962e-07 9.06973e-05
30.86 -5.42189e-05 7.23147e-05
30.87 -0.000107133 5.1335e-05
30.88 -0.000143425 2.71334e-05
30.89 -0.00015185 2.8443e-06
30.9 -0.000139444 -2.15095e-05
30.91 -9.87512e-05 -4.74979e-05
30.92 -3.05066e-05 -7.20203e-05
30.93 3.96923e-05 -9.47037e-05
30.94 0.00010077 -0.000114371
30.95 0.000158536 -0.00013159
30.96 0.000209881 -0.000146405
30.97 0.000256544 -0.000159352
30.98 0.000295979 -0.000170038
30.99 0.000327482 -0.000178653
31 0.000352381 -0.000185447
31.01 0.000369975 -0.000190357
31.02 0.000380083 -0.000193297
31.03 0.000382912 -0.000194229
31.04 0.000378792 -0.000193142
31.05 0.000368004 -0.000190046
31.06 0.000350462 -0.00018498
31.07 0.000325881 -0.000178031
31.08 0.000294311 -0.000169272
31.09 0.000253822 -0.000158422
31.1 0.00020603 -0.000145398
31.11 0.000153568 -0.000130463
31.12 9.67459e-05 -0.000113218
31.13 3.61793e-05 -9.3442e-05
31.14 -3.3267e-05 -7.0784e-05
31.15 -0.000100948 -4.62814e-05
31.16 -0.000140487 -2.05163e-05
31.17 -0.000152288 3.66913e-06
31.18 -0.000142734 2.77054e-05
31.19 -0.000106504 5.15542e-05
31.2 -5.48627e-05 7.22113e-05
