0.01 -180 0.648458
0.02 -180.002 3.04874
0.03 -180.009 7.26102
0.04 -180.023 12.4767
0.05 -180.038 18.2508
0.06 -180.049 24.8992
0.07 -180.059 33.0988
0.08 -180.077 43.4837
0.09 -180.105 56.6283
0.1 -180.14 73.0322
0.11 -180.177 92.6267
0.12 -180.219 114.3
0.13 -180.264 136.41
0.14 -180.311 157.309
0.15 -180.35 175.387
0.16 -180.377 189.113
0.17 -180.392 197.661
0.18 -180.397 201.515
0.19 -180.396 201.871
0.2 -180.389 199.971
0.21 -180.382 197.184
0.22 -180.377 194.904
0.23 -180.377 193.761
0.24 -180.377 192.852
0.25 -180.374 190.519
0.26 -180.365 185.145
0.27 -180.347 175.838
0.28 -180.321 163.087
0.29 -180.29 147.764
0.3 -180.256 130.112
0.31 -180.22 110.087
0.32 -180.178 87.7093
0.33 -180.13 63.4772
0.34 -180.079 38.7654
0.35 -180.031 15.3747
0.36 -179.989 -4.86024
0.37 -179.954 -20.1239
0.38 -179.944 -29.2192
0.39 -179.952 -30.8001
0.4 -179.958 -23.6095
0.41 -179.973 -8.34876
0.42 -180.014 10.7342
0.43 -180.069 27.6491
0.44 -180.102 36.4664
0.45 -180.09 33.7975
0.46 -180.045 21.1724
0.47 -179.999 2.69707
0.48 -179.968 -17.3733
0.49 -179.94 -35.5128
0.5 -179.903 -49.9754
0.51 -179.881 -59.678
0.52 -179.882 -62.09
0.53 -179.896 -54.0804
0.54 -179.926 -32.8463
0.55 -179.989 4.0045
0.56 -180.096 58.4332
0.57 -180.243 130.195
0.58 -180.402 214.858
0.59 -180.52 304.697
0.6 -180.731 395.065
0.61 -180.984 480.624
0.62 -181.163 558.213
0.63 -181.238 625.66
0.64 -181.292 681.148
0.65 -181.398 723.102
0.66 -181.519 750.401
0.67 -181.564 761.408
0.68 -181.496 752.928
0.69 -181.377 721.213
0.7 -181.283 663.511
0.71 -181.186 577.766
0.72 -180.99 462.721
0.73 -180.667 318.726
0.74 -180.288 148.611
0.75 -179.926 -44.7473
0.76 -179.424 -256.748
0.77 -178.991 -488.094
0.78 -178.623 -731.789
0.79 -178.314 -971.56
0.8 -178.374 -1176.89
0.81 -178.216 -1342.37
0.82 -177.29 -1474.22
0.83 -176.226 -1576.79
0.84 -175.589 -1660.57
0.85 -175.721 -1726.56
0.86 -176.043 -1774.24
0.87 -175.88 -1802.36
0.88 -175.309 -1811.09
0.89 -174.958 -1802.83
0.9 -175.288 -1780.49
0.91 -176.043 -1744.21
0.92 -176.489 -1693.73
0.93 -176.546 -1626.66
0.94 -176.351 -1550.33
0.95 -176.562 -1468.2
0.96 -177.456 -1377.84
0.97 -178.016 -1285.68
0.98 -178.064 -1183.81
0.99 -177.702 -1079.49
1 -177.908 -964.515
1.01 -178.523 -845.332
1.02 -178.908 -725.192
1.03 -178.854 -606.125
1.04 -178.721 -492.923
1.05 -178.977 -388.955
1.06 -179.51 -297.128
1.07 -179.816 -218.837
1.08 -179.703 -152.452
1.09 -179.529 -94.7814
1.1 -179.68 -42.3475
1.11 -180.064 8.4189
1.12 -180.279 61.1435
1.13 -180.19 119.369
1.14 -180.094 186.51
1.15 -180.296 265.727
1.16 -180.707 359.852
1.17 -181.005 471.284
1.18 -181.089 601.942
1.19 -181.264 749.628
1.2 -181.55 911.19
1.21 -182.328 1072.9
1.22 -183.125 1223.07
1.23 -183.265 1352.55
1.24 -182.892 1453.83
1.25 -182.557 1526.52
1.26 -182.742 1565.79
1.27 -183.058 1568.41
1.28 -182.92 1524.13
1.29 -182.493 1419.95
1.3 -182.135 1243.22
1.31 -182.609 952.704
1.32 -183.192 501.066
1.33 -180.967 -62.631
1.34 -177.375 -703.496
1.35 -177.935 -1287.62
1.36 -182.292 -1728.38
1.37 -181.069 -2060.76
1.38 -174.559 -2324.25
1.39 -169.509 -2555.41
1.4 -168.378 -2790.2
1.41 -170.634 -3025.9
1.42 -173.199 -3238
1.43 -172.237 -3409.55
1.44 -168.116 -3541.1
1.45 -164.131 -3650.54
1.46 -163.304 -3754.08
1.47 -165.529 -3850.15
1.48 -168.226 -3923.17
1.49 -169.01 -3947.98
1.5 -166.87 -3935.6
1.51 -163.81 -3893.91
1.52 -162.955 -3842.76
1.53 -165.208 -3789.02
1.54 -168.649 -3717.5
1.55 -170.127 -3603.61
1.56 -168.696 -3438.34
1.57 -166.2 -3229.96
1.58 -166.06 -2996.29
1.59 -170.763 -2734.72
1.6 -175.4 -2426.02
1.61 -178.261 -2022.05
1.62 -179.241 -1481.09
1.63 -185.213 -593.777
1.64 -191.065 629.436
1.65 -191.217 1617.11
1.66 -191.896 2303.34
1.67 -192.47 2894.17
1.68 -191.894 3452.43
1.69 -193.504 3992.18
1.7 -197.357 4371.35
1.71 -200.041 4660.08
1.72 -199.306 4892.68
1.73 -199.783 4986.38
1.74 -197.297 4964.4
1.75 -195.428 4944.67
1.76 -195.045 4933.1
1.77 -196.606 4931.83
1.78 -199.203 4932.71
1.79 -202.339 4929.94
1.8 -202.96 4892.17
1.81 -202.719 4858.01
1.82 -202.334 4834.74
1.83 -202.699 4821.08
1.84 -203.47 4827.96
1.85 -203.338 4829.91
1.86 -202.056 4822.54
1.87 -199.62 4781.99
1.88 -198.024 4686.07
1.89 -198.01 4535.82
1.9 -198.972 4324.76
1.91 -199.938 4046.6
1.92 -201.189 3686.64
1.93 -199.639 3243.86
1.94 -197.023 2692.63
1.95 -195.419 1993.98
1.96 -197.008 1060.12
1.97 -195.175 85.2514
1.98 -175.001 -411.185
1.99 -166.968 -852.554
2 -173.459 -1198.18
2.01 -179.161 -1337.09
2.02 -196.078 -1509
2.03 -234.664 -2170.92
2.04 -253.89 -3515.81
2.05 -207.888 -3959.2
2.06 -154.327 -4077.74
2.07 -124.233 -4300.61
2.08 -125.682 -4436.69
2.09 -140.682 -4541.68
2.1 -165.85 -4686.03
2.11 -176.217 -4693.56
2.12 -174.371 -4670.32
2.13 -169.413 -4658.03
2.14 -153.972 -4567.55
2.15 -134.233 -4440.67
2.16 -122.115 -4369.02
2.17 -119.262 -4360.98
2.18 -126.246 -4421.75
2.19 -139.387 -4519.07
2.2 -158.635 -4603.11
2.21 -172.359 -4567.49
2.22 -169.384 -4337.65
2.23 -151.611 -3916.18
2.24 -134.063 -3407.79
2.25 -129.485 -2888.34
2.26 -145.419 -2377.73
2.27 -176.381 -1710.92
2.28 -203.253 -721.383
2.29 -188.564 -29.0015
2.3 -156.323 511.376
2.31 -140.265 935.662
2.32 -144.057 1229.31
2.33 -154.569 1223.01
2.34 -184.431 1062.88
2.35 -210.062 927.285
2.36 -211.317 1007.2
2.37 -197.496 1155.06
2.38 -179.148 1333.47
2.39 -168.491 1457.63
2.4 -169.765 1500.03
2.41 -180.707 1471.41
2.42 -189.787 1450.29
2.43 -192.089 1502.93
2.44 -189.168 1602.63
2.45 -186.095 1815.52
2.46 -193.527 2227.01
2.47 -216.789 2683.51
2.48 -220.263 2984.04
2.49 -196.21 3061.98
2.5 -172.627 3123.48
2.51 -169.285 3260.38
2.52 -185.322 3477.14
2.53 -206.038 3701.52
2.54 -213.92 3838.36
2.55 -203.425 3854.47
2.56 -187.218 3818.81
2.57 -177.093 3803.23
2.58 -180.615 3855.73
2.59 -195.343 3966.61
2.6 -210.331 4075.63
2.61 -214.073 4116.52
2.62 -203.861 4069.58
2.63 -188.103 3977.16
2.64 -179.552 3919.69
2.65 -183.027 3910.52
2.66 -196.899 3940.26
2.67 -209.906 3945.91
2.68 -210.981 3862.54
2.69 -198.547 3685.53
2.7 -183.038 3458.38
2.71 -177.099 3241.16
2.72 -184.848 3054.24
2.73 -200.396 2865.96
2.74 -209.874 2593.93
2.75 -201.568 2194.27
2.76 -182.607 1695.98
2.77 -172.847 1142.85
2.78 -182.205 531.97
2.79 -198.838 -112.193
2.8 -195.843 -597.04
2.81 -177.076 -885.199
2.82 -165.689 -1124.38
2.83 -171.281 -1311.66
2.84 -195.195 -1636.54
2.85 -208.916 -2073.35
2.86 -190.104 -2353.33
2.87 -160.619 -2490.43
2.88 -146.767 -2635.12
2.89 -157.796 -2775.44
2.9 -181.82 -2942.57
2.91 -194.206 -3033.85
2.92 -183.677 -3001.28
2.93 -161.546 -2890.31
2.94 -150.657 -2824.85
2.95 -159.111 -2847.15
2.96 -179.815 -2906.94
2.97 -191.716 -2901.22
2.98 -183.512 -2774.24
2.99 -164.763 -2572.46
3 -154.958 -2394.29
3.01 -163.504 -2283.73
3.02 -182.61 -2176.07
3.03 -193.092 -1979.02
3.04 -185.16 -1665.91
3.05 -169.076 -1293.12
3.06 -165.334 -915.157
3.07 -180.729 -510.996
3.08 -196.75 -82.0612
3.09 -196.169 338.629
3.1 -181.615 667.678
3.11 -170.448 934.117
3.12 -175.567 1157.64
3.13 -189.976 1343.43
3.14 -196.85 1455.18
3.15 -189.001 1474.39
3.16 -176.715 1432.68
3.17 -174.223 1377.93
3.18 -183.799 1316.84
3.19 -193.793 1216.62
3.2 -191.956 1066.94
3.21 -181.154 871.274
3.22 -173.9 651.394
3.23 -177.792 414.574
3.24 -187.29 130.027
3.25 -191.993 -223.349
3.26 -184.633 -629.852
3.27 -174.926 -1048.87
3.28 -174.036 -1446.48
3.29 -179.494 -1833.7
3.3 -182.64 -2182.95
3.31 -178.491 -2470.94
3.32 -170.636 -2696.16
3.33 -164.569 -2895.36
3.34 -164.64 -2971.48
3.35 -168.984 -3035.23
3.36 -172.708 -3074.86
3.37 -172.256 -3073.8
3.38 -168.047 -2992.1
3.39 -165.057 -2863
3.4 -166.696 -2708.4
3.41 -172.398 -2535.69
3.42 -177.84 -2326.57
3.43 -179.338 -2062.85
3.44 -176.523 -1757.14
3.45 -174.222 -1429.44
3.46 -176.131 -1085.25
3.47 -181.408 -713.224
3.48 -185.29 -292.423
3.49 -184.931 177.411
3.5 -184.959 662.563
3.51 -185.574 1120.29
3.52 -187.359 1557.81
3.53 -189.213 1968.84
3.54 -190.46 2346.42
3.55 -188.896 2669.28
3.56 -188.943 2971.23
3.57 -190.798 3172.28
3.58 -192.424 3297.42
3.59 -191.876 3392.05
3.6 -190.976 3458.49
3.61 -190.558 3510.74
3.62 -191.096 3552.1
3.63 -192.297 3583.39
3.64 -193.148 3598.45
3.65 -193.114 3589.04
3.66 -192.406 3541.56
3.67 -191.671 3461.34
3.68 -191.255 3347.97
3.69 -191.063 3198.5
3.7 -190.853 3007.77
3.71 -190.129 2771.63
3.72 -189.889 2472.32
3.73 -189.317 2114.88
3.74 -189.068 1677.47
3.75 -188.762 1144.79
3.76 -188.632 532.147
3.77 -186.566 -103.032
3.78 -183.312 -733.812
3.79 -173.808 -1103.84
3.8 -174.963 -1418.84
3.81 -191.625 -1891.59
3.82 -194.176 -2276.01
3.83 -178.554 -2541.73
3.84 -160.712 -2746.32
3.85 -156.134 -2884.8
3.86 -165.766 -3017.49
3.87 -179.487 -3165.96
3.88 -183.698 -3269.98
3.89 -175.976 -3311.43
3.9 -163.478 -3314.19
3.91 -156.514 -3347.62
3.92 -159.165 -3435.87
3.93 -167.717 -3553.92
3.94 -174.231 -3652.8
3.95 -173.013 -3696.67
3.96 -165.205 -3690.94
3.97 -156.692 -3669.01
3.98 -153.94 -3668.71
3.99 -158.494 -3697.42
4 -166.286 -3700.62
4.01 -170.939 -3640.46
4.02 -169.05 -3497.28
4.03 -163.196 -3291.86
4.04 -159.129 -3063.32
4.05 -162.288 -2836.85
4.06 -170.154 -2603.33
4.07 -177.29 -2320.57
4.08 -177.962 -1956.36
4.09 -173.354 -1503.73
4.1 -169.751 -978.232
4.11 -173.166 -404.763
4.12 -181.427 169.138
4.13 -183.631 645.601
4.14 -174.201 873.707
4.15 -172.069 1056.02
4.16 -181.978 1201.64
4.17 -198.965 1427.12
4.18 -206.518 1754.93
4.19 -191.044 1990.78
4.2 -171.673 2124.99
4.21 -168.451 2247.01
4.22 -183.651 2371.06
4.23 -199.43 2432.57
4.24 -198.344 2359.46
4.25 -182.251 2152.17
4.26 -170.035 1891.48
4.27 -175.671 1598.99
4.28 -192.638 1210.84
4.29 -201.611 657.665
4.3 -190.3 84.5816
4.31 -172.703 -470.403
4.32 -166.383 -1017.12
4.33 -174.626 -1545.92
4.34 -184.83 -2023.6
4.35 -184.244 -2400.76
4.36 -173.283 -2674.97
4.37 -161.705 -2824.42
4.38 -158.74 -2937.44
4.39 -164.421 -3068.85
4.4 -171.763 -3175.56
4.41 -173.468 -3216.22
4.42 -168.187 -3182.48
4.43 -161.446 -3089.65
4.44 -159.804 -2978.76
4.45 -165.828 -2860.58
4.46 -174.359 -2716.2
4.47 -178.039 -2513.93
4.48 -174.862 -2225.94
4.49 -168.613 -1880.06
4.5 -168.72 -1496.09
4.51 -176.538 -1043.58
4.52 -184.575 -486.122
4.53 -185.696 164.288
4.54 -182.644 861.192
4.55 -176.737 1354.42
4.56 -188.237 1896.13
4.57 -207.854 2543.74
4.58 -208.825 2985.03
4.59 -195.967 3169.44
4.6 -183.192 3342.17
4.61 -182.921 3540.34
4.62 -191.947 3775.23
4.63 -201.36 3993.75
4.64 -203.912 4147.62
4.65 -198.982 4224.97
4.66 -191.522 4255.02
4.67 -185.14 4259.53
4.68 -184.748 4272.2
4.69 -191.703 4287.17
4.7 -201.551 4268.92
4.71 -206.963 4181.31
4.72 -203.305 3996.95
4.73 -193.084 3724.81
4.74 -184.449 3404.86
4.75 -183.668 3073.49
4.76 -190.672 2720.89
4.77 -201.553 2290.48
4.78 -205.003 1694.05
4.79 -196.026 877.396
4.8 -182.205 -64.2369
4.81 -165.204 -632.653
4.82 -164.304 -981.284
4.83 -182.697 -1260.79
4.84 -218.803 -1918.84
4.85 -231.676 -2787.23
4.86 -194.754 -3044.16
4.87 -149.682 -3064.73
4.88 -135.464 -3245.46
4.89 -148.572 -3586.66
4.9 -171.925 -3967.49
4.91 -185.353 -4264.34
4.92 -183.122 -4380.94
4.93 -162.965 -4306.2
4.94 -139.556 -4162.07
4.95 -126.944 -4090.75
4.96 -130.283 -4133.46
4.97 -147.501 -4274.51
4.98 -168.363 -4420.1
4.99 -178.939 -4447.95
5 -172.058 -4309.19
5.01 -153.737 -4040.74
5.02 -137.616 -3720.23
5.03 -135.479 -3414.64
5.04 -148.691 -3127.54
5.05 -172.013 -2793.96
5.06 -189.354 -2286.61
5.07 -188.924 -1494.11
5.08 -172.761 -440.873
5.09 -152.956 420.234
5.1 -142.112 843.254
5.11 -157.294 1147.86
5.12 -185.283 1286.7
5.13 -211.664 1402.92
5.14 -213.854 1733.16
5.15 -219.606 2484.84
5.16 -217.182 3024.85
5.17 -198.975 3278.55
5.18 -182.601 3491.32
5.19 -180.993 3741.26
5.2 -189.885 4042.64
5.21 -203.146 4359.82
5.22 -212.11 4629.87
5.23 -215.961 4741.9
5.24 -209.033 4760.66
5.25 -197.339 4717.02
5.26 -188.138 4688.11
5.27 -186.001 4702.19
5.28 -190.638 4754.41
5.29 -198.741 4820.67
5.3 -206.334 4878.38
5.31 -211.009 4912.32
5.32 -210.501 4912.28
5.33 -203.813 4861.8
5.34 -194.688 4770.75
5.35 -190.155 4654.33
5.36 -193.959 4539.82
5.37 -203.105 4417.08
5.38 -211.327 4256.91
5.39 -213.658 4024.59
5.4 -206.575 3713.92
5.41 -194.663 3344.04
5.42 -186.379 2949.79
5.43 -188.002 2539.53
5.44 -198.313 2062.19
5.45 -208.775 1431.6
5.46 -208.979 642.366
5.47 -190.699 26.5548
5.48 -167.869 -384.556
5.49 -161.981 -708.713
5.5 -174.95 -945.701
5.51 -191.769 -1047.28
5.52 -201.403 -1086.71
5.53 -201.285 -1229.49
5.54 -187.445 -1403.56
5.55 -171.061 -1581.79
5.56 -165.729 -1702.17
5.57 -166.442 -1865.98
5.58 -182.746 -2257.55
5.59 -221.73 -2820.44
5.6 -215.123 -3055.36
5.61 -172.245 -3032.01
5.62 -137.097 -3009.18
5.63 -135.377 -3173.98
5.64 -157.916 -3479.41
5.65 -185.513 -3812.25
5.66 -194.257 -4024.52
5.67 -178.585 -4084.22
5.68 -155.403 -4081.49
5.69 -140.675 -4072.5
5.7 -139.304 -4108.9
5.71 -150.472 -4222.07
5.72 -164.556 -4353.31
5.73 -171.928 -4429.31
5.74 -167.679 -4412.47
5.75 -155.544 -4330.21
5.76 -143.235 -4238.42
5.77 -138.794 -4203.33
5.78 -145.294 -4201.88
5.79 -159.15 -4192.58
5.8 -170.195 -4117.64
5.81 -171.309 -3938.21
5.82 -162.587 -3658.33
5.83 -151.663 -3326.16
5.84 -147.293 -2995.82
5.85 -155.151 -2680.27
5.86 -169.328 -2338.53
5.87 -182.611 -1892.41
5.88 -184.079 -1285.24
5.89 -173.207 -548.295
5.9 -163.289 190.845
5.91 -150.557 509.449
5.92 -155.784 727.487
5.93 -176.309 866.439
5.94 -198.195 1002.26
5.95 -198.51 1137.01
5.96 -184.255 1346.27
5.97 -171.797 1543.57
5.98 -172.724 1681.88
5.99 -179.538 1850.77
6 -200.516 2216.03
6.01 -227.442 2642.82
6.02 -212.285 2854.64
6.03 -177.729 2864.48
6.04 -157.932 2870.24
6.05 -167.924 2994.91
6.06 -196.045 3196.93
6.07 -217.363 3376.79
6.08 -211.515 3395.62
6.09 -186.674 3299.14
6.1 -167.829 3216
6.11 -170.584 3244.18
6.12 -190.975 3336.3
6.13 -210.84 3389.43
6.14 -210.501 3300.14
6.15 -190.826 3070.1
6.16 -171.112 2799.74
6.17 -169.299 2585.36
6.18 -186.875 2418.14
6.19 -207.099 2202.42
6.2 -208.118 1853.37
6.21 -186.438 1387.79
6.22 -166.6 884.185
6.23 -170.855 384.645
6.24 -190.757 -111.705
6.25 -201.081 -630.024
6.26 -189.623 -1085.97
6.27 -169.106 -1392.95
6.28 -166.926 -1732.09
6.29 -178.183 -2092.92
6.3 -186.892 -2445.86
6.31 -183.087 -2714.95
6.32 -169.88 -2881.32
6.33 -160.126 -2913.74
6.34 -160.562 -2987.47
6.35 -168.669 -3090.22
6.36 -176.98 -3194.14
6.37 -176.707 -3241.1
6.38 -169.041 -3228.62
6.39 -160.48 -3194.22
6.4 -158.327 -3184.18
6.41 -163.925 -3187.69
6.42 -172.282 -3172.15
6.43 -176.53 -3088.42
6.44 -172.898 -2925.96
6.45 -165.638 -2709.81
6.46 -162.779 -2487.69
6.47 -167.814 -2275.38
6.48 -177.731 -2037.85
6.49 -183.885 -1731.94
6.5 -180.799 -1341.83
6.51 -173.37 -888.392
6.52 -171.332 -406.444
6.53 -177.989 69.1931
6.54 -188.674 540.451
6.55 -191.43 990.742
6.56 -183.254 1265.53
6.57 -182.818 1590.45
6.58 -186.852 1891.53
6.59 -190.999 2189.45
6.6 -190.468 2440.52
6.61 -187.033 2656.03
6.62 -185.258 2845.12
6.63 -186.296 2974.83
6.64 -189.421 3038.21
6.65 -191.607 3087.41
6.66 -190.981 3111.95
6.67 -188.677 3117.22
6.68 -186.785 3112.27
6.69 -187.037 3088.2
6.7 -189.082 3037.1
6.71 -190.994 2952.43
6.72 -190.529 2823.48
6.73 -187.879 2652.57
6.74 -186.047 2445.42
6.75 -185.77 2215.07
6.76 -187.404 1956.6
6.77 -189.108 1652.9
6.78 -187.665 1287.08
6.79 -184.47 862.821
6.8 -182.079 398.031
6.81 -182.443 -55.1099
6.82 -184.671 -536.198
6.83 -184.131 -999.764
6.84 -180.268 -1389.46
6.85 -176.446 -1732.59
6.86 -174.241 -2037.92
6.87 -173.218 -2303.25
6.88 -173.743 -2542.93
6.89 -173.623 -2762.92
6.9 -172.194 -2944.04
6.91 -170.154 -2999.14
6.92 -168.608 -3054.36
6.93 -168.523 -3109.93
6.94 -169.74 -3180.83
6.95 -169.797 -3231.78
6.96 -168.322 -3260.87
6.97 -165.946 -3271.88
6.98 -164.652 -3275.99
6.99 -165.063 -3270
7 -166.815 -3231.93
7.01 -168.376 -3150.72
7.02 -169.101 -3019.43
7.03 -168.914 -2841.53
7.04 -168.786 -2629.49
7.05 -169.889 -2394.33
7.06 -173.415 -2129.67
7.07 -176.636 -1826.6
7.08 -178.105 -1461.83
7.09 -177.425 -1027.55
7.1 -176.433 -529.434
7.11 -177.514 3.38576
7.12 -183.035 543.925
7.13 -185.977 1010.12
7.14 -183.817 1296.55
7.15 -191.499 1696.41
7.16 -194.583 2049.48
7.17 -190.211 2347.19
7.18 -183.294 2591.38
7.19 -182.041 2812.89
7.2 -185.778 2962.57
7.21 -191.635 3041.49
7.22 -193.842 3090.34
7.23 -190.994 3103
7.24 -186.436 3095.89
7.25 -184.604 3090.92
7.26 -187.079 3082.71
7.27 -191.452 3054.05
7.28 -193.315 2982.53
7.29 -190.643 2857.22
7.3 -185.884 2691.25
7.31 -183.623 2505.57
7.32 -185.988 2305.23
7.33 -189.71 2082.78
7.34 -191.103 1808.5
7.35 -187.393 1474.08
7.36 -182.299 1084.01
7.37 -181.48 649.523
7.38 -183.673 202.429
7.39 -187.153 -277.741
7.4 -185.513 -779.061
7.41 -180.076 -1209.58
7.42 -176.078 -1583.65
7.43 -174.851 -1921.19
7.44 -175.534 -2221.18
7.45 -174.367 -2461.23
7.46 -172.443 -2665.4
7.47 -170.181 -2841.17
7.48 -169.109 -2949.03
7.49 -169.501 -2997.28
7.5 -170.433 -3041.75
7.51 -170.633 -3074.49
7.52 -169.824 -3094
7.53 -168.443 -3101.37
7.54 -167.514 -3101.46
7.55 -167.601 -3086.52
7.56 -168.712 -3046.01
7.57 -170.076 -2972.42
7.58 -170.643 -2861.71
7.59 -170.206 -2712.76
7.6 -169.817 -2532.43
7.61 -170.724 -2327.64
7.62 -174.222 -2093.52
7.63 -177.173 -1822.88
7.64 -178.193 -1496.2
7.65 -177.469 -1115.84
7.66 -177.063 -693.541
7.67 -179.031 -243.535
7.68 -183.329 200.049
7.69 -187.27 628.49
7.7 -187.449 1053.91
7.71 -185.349 1402.11
7.72 -182.933 1654.78
7.73 -183.143 1868.6
7.74 -185.846 2062.31
7.75 -188.287 2214.38
7.76 -187.915 2324.99
7.77 -185.505 2394.33
7.78 -183.965 2430.44
7.79 -184.721 2435.39
7.8 -186.801 2404.02
7.81 -187.912 2328.4
7.82 -186.657 2205.36
7.83 -184.35 2042.37
7.84 -183.767 1839.92
7.85 -184.631 1603.41
7.86 -186.255 1324.04
7.87 -186.784 992.149
7.88 -184.792 590.015
7.89 -180.98 167.461
7.9 -180.456 -235.632
7.91 -181.351 -636.002
7.92 -180.21 -996.213
7.93 -177.006 -1312.78
7.94 -174.621 -1578.43
7.95 -173.945 -1803.19
7.96 -174.326 -1991.3
7.97 -174.324 -2138.71
7.98 -173.068 -2248.96
7.99 -171.636 -2326.93
8 -171.276 -2378.98
8.01 -171.949 -2409.42
8.02 -172.834 -2418.04
8.03 -173.096 -2401.77
8.04 -172.606 -2358.38
8.05 -172.077 -2287.88
8.06 -172.321 -2191.65
8.07 -173.271 -2069.51
8.08 -174.354 -1917.55
8.09 -175.696 -1721.55
8.1 -176.477 -1479.46
8.11 -177.169 -1185.3
8.12 -178.524 -834.806
8.13 -180.37 -431.457
8.14 -182.346 -0.845272
8.15 -185.936 468.971
8.16 -186.495 941.822
8.17 -185.799 1342.05
8.18 -186.199 1696.87
8.19 -186.764 2010.86
8.2 -187.43 2285.69
8.21 -187.197 2523.77
8.22 -187.581 2719.68
8.23 -188.307 2890.53
8.24 -188.863 3006.45
8.25 -189.238 3047.05
8.26 -189.204 3077.03
8.27 -189.028 3097.27
8.28 -189.175 3110.27
8.29 -189.421 3114.45
8.3 -189.476 3093.41
8.31 -189.15 3037.65
8.32 -188.573 2946.5
8.33 -187.883 2818.97
8.34 -187.291 2655.66
8.35 -187.728 2448.49
8.36 -187.616 2199.56
8.37 -187.484 1901.81
8.38 -187.006 1547.99
8.39 -185.891 1122.1
8.4 -185.176 622.614
8.41 -183.901 96.7304
8.42 -184.758 -464.858
8.43 -183.995 -1014.05
8.44 -181.258 -1476.96
8.45 -177.421 -1877.47
8.46 -173.983 -2219.13
8.47 -171.284 -2500.97
8.48 -170.75 -2762.35
8.49 -171.241 -2956.38
8.5 -171.279 -3030.16
8.51 -169.818 -3088.02
8.52 -168.307 -3141.18
8.53 -167.313 -3190.97
8.54 -166.851 -3224.84
8.55 -166.685 -3245.5
8.56 -166.539 -3249.36
8.57 -166.384 -3214.41
8.58 -166.349 -3131.26
8.59 -166.945 -2997.2
8.6 -168.277 -2807.71
8.61 -169.728 -2562.86
8.62 -171.478 -2258.3
8.63 -173.935 -1876.58
8.64 -177.661 -1395.11
8.65 -180.669 -786.49
8.66 -181.085 -69.564
8.67 -183.468 669.253
8.68 -184.043 1203.52
8.69 -196.398 1775.79
8.7 -202.971 2314.35
8.71 -195.547 2752.78
8.72 -184.736 2996.09
8.73 -180.097 3101.67
8.74 -186.21 3291.61
8.75 -196.074 3484.54
8.76 -201.589 3630.23
8.77 -198.526 3706.41
8.78 -191.391 3739.76
8.79 -186.106 3766.6
8.8 -186.194 3807.32
8.81 -191.143 3856
8.82 -196.772 3874.13
8.83 -198.385 3800.5
8.84 -194.703 3618.07
8.85 -188.301 3342.55
8.86 -184.518 3009.5
8.87 -186.735 2637.81
8.88 -193.942 2199.01
8.89 -199.827 1637.85
8.9 -197.588 902.636
8.91 -186.876 81.7484
8.92 -181.04 -682.322
8.93 -167.756 -983.848
8.94 -170.096 -1213.7
8.95 -187.74 -1461.99
8.96 -208.884 -1919.88
8.97 -199.022 -2291.47
8.98 -169.975 -2521.93
8.99 -148.008 -2634.02
9 -151.346 -2760.29
9.01 -172.92 -2933.42
9.02 -190.948 -3074.78
9.03 -187.503 -3098.92
9.04 -167.07 -3026.52
9.05 -151.537 -2964
9.06 -153.005 -2987.25
9.07 -169.193 -3081.93
9.08 -186.382 -3177.69
9.09 -187.125 -3191.24
9.1 -171.062 -3104.93
9.11 -155.485 -3011.76
9.12 -153.023 -2974.74
9.13 -165.02 -2998.85
9.14 -181.479 -3012.6
9.15 -185.755 -2938.48
9.16 -174.386 -2758.91
9.17 -159.964 -2539.88
9.18 -157.043 -2358.19
9.19 -168.945 -2224.92
9.2 -185.378 -2074.66
9.21 -189.622 -1826.41
9.22 -177.903 -1479.91
9.23 -164.758 -1088.87
9.24 -166.222 -686.258
9.25 -181.714 -254.783
9.26 -195.847 225.72
9.27 -195.524 747.573
9.28 -183.739 1267.96
9.29 -178.236 1680.3
9.3 -183.121 2072.71
9.31 -192.913 2459.33
9.32 -196.482 2791.82
9.33 -192.498 3018.43
9.34 -185.152 3060.11
9.35 -181.529 3104.26
9.36 -184.659 3174.72
9.37 -191.091 3239.64
9.38 -194.885 3264.93
9.39 -193.233 3219.09
9.4 -188.217 3116.05
9.41 -184.866 2989.91
9.42 -185.877 2855.19
9.43 -189.836 2705.15
9.44 -193.395 2508.44
9.45 -191.234 2251.25
9.46 -185.493 1933.76
9.47 -182.155 1571.16
9.48 -184.659 1152.85
9.49 -188.459 647.59
9.5 -187.446 77.8172
9.51 -184.66 -502.907
9.52 -180.995 -1071.49
9.53 -180.957 -1563.99
9.54 -181.013 -1971.42
9.55 -178.035 -2336.77
9.56 -172.691 -2645.1
9.57 -167.947 -2895.46
9.58 -166.584 -2978.52
9.59 -168.213 -3067.92
9.6 -170.151 -3149.43
9.61 -170.158 -3211.67
9.62 -167.432 -3232.2
9.63 -164.317 -3233.33
9.64 -163.332 -3229.96
9.65 -165.487 -3210.23
9.66 -168.901 -3161.28
9.67 -171.273 -3070.29
9.68 -170.969 -2932.96
9.69 -169.016 -2763.88
9.7 -168.058 -2581.52
9.71 -169.945 -2402.34
9.72 -174.244 -2207.08
9.73 -176.85 -1986.95
9.74 -176.644 -1724.39
9.75 -174.627 -1429.23
9.76 -174.114 -1106.83
9.77 -176.478 -763.203
9.78 -180.152 -390.507
9.79 -181.782 -8.48011
9.8 -182.344 376.088
9.81 -181.28 747.584
9.82 -180.893 1053.01
9.83 -180.76 1233.85
9.84 -189.031 1488.81
9.85 -192.509 1724.65
9.86 -187.898 1922.2
9.87 -182.049 2098.75
9.88 -181.171 2268.43
9.89 -185.329 2430.28
9.9 -190.117 2561.22
9.91 -190.765 2635.83
9.92 -187.29 2652.68
9.93 -183.287 2630.23
9.94 -182.719 2590.23
9.95 -186.111 2535.29
9.96 -190.211 2447.83
9.97 -190.038 2313.9
9.98 -185.482 2136.42
9.99 -181.544 1933.87
10 -182.472 1716.25
10.01 -186.634 1473.41
10.02 -189.145 1195.22
10.03 -185.771 869.23
10.04 -180.361 510.844
10.05 -177.842 158.563
10.06 -181.119 -185.411
10.07 -183.984 -533.541
10.08 -181.52 -856.037
10.09 -176.384 -1146.7
10.1 -173.175 -1419.64
10.11 -174.591 -1683.12
10.12 -177.41 -1935.99
10.13 -177.947 -2161.37
10.14 -174.487 -2363.77
10.15 -170.965 -2547.4
10.16 -169.099 -2728.88
10.17 -169.5 -2890.23
10.18 -171.028 -2978.92
10.19 -171.243 -3051.89
10.2 -169.248 -3098.48
10.21 -166.723 -3122.54
10.22 -165.192 -3131.86
10.23 -165.767 -3129.4
10.24 -167.706 -3091.77
10.25 -169.755 -3005.75
10.26 -170.272 -2865.69
10.27 -169.66 -2680.47
10.28 -169.404 -2464.15
10.29 -171.19 -2214.32
10.3 -174.59 -1926.57
10.31 -178.075 -1575.99
10.32 -179.146 -1140.85
10.33 -178.06 -622.404
10.34 -177.733 -45.5432
10.35 -182.873 546.859
10.36 -189.795 1135.31
10.37 -194.197 1626.32
10.38 -193.239 2072.02
10.39 -188.808 2470.63
10.4 -185.58 2824.95
10.41 -185.948 3014.86
10.42 -189.39 3130.25
10.43 -193.391 3264.69
10.44 -193.767 3364.6
10.45 -191.074 3426.95
10.46 -188.619 3466.23
10.47 -188.398 3501.46
10.48 -190.729 3534.88
10.49 -193.711 3556.8
10.5 -194.806 3536.54
10.51 -193.143 3464.42
10.52 -190.138 3348.11
10.53 -188.341 3202.95
10.54 -189.07 3037.79
10.55 -191.254 2849.52
10.56 -192.726 2617.17
10.57 -191.469 2334.54
10.58 -188.62 2006.46
10.59 -186.301 1636.57
10.6 -187.078 1233.21
10.61 -189.357 788.432
10.62 -187.491 320.224
10.63 -184.14 -145.159
10.64 -181.013 -579.632
10.65 -180.344 -956.482
10.66 -174.646 -1108.94
10.67 -175.706 -1231.57
10.68 -184.111 -1395.32
10.69 -189.724 -1621.78
10.7 -182.932 -1799.56
10.71 -171.362 -1930.66
10.72 -165.757 -2048.79
10.73 -170.635 -2192.05
10.74 -179.305 -2324.8
10.75 -182.135 -2406.8
10.76 -176.354 -2420.59
10.77 -168.029 -2388.95
10.78 -165.498 -2356.31
10.79 -171.154 -2338.07
10.8 -179.524 -2303.45
10.81 -182.367 -2216.6
10.82 -177.143 -2078.21
10.83 -170.398 -1920.78
10.84 -170.271 -1783.64
10.85 -177.621 -1652.83
10.86 -184.605 -1503.35
10.87 -183.892 -1312.12
10.88 -177.407 -1091.96
10.89 -173.27 -856.963
10.9 -177.352 -619.157
10.91 -185.176 -359.813
10.92 -188.022 -79.7049
10.93 -184.063 211.603
10.94 -179.696 493.66
10.95 -179.7 782.289
10.96 -184.826 1062.32
10.97 -189.368 1311.5
10.98 -188.557 1513.66
10.99 -184.592 1667.05
11 -182.379 1786.79
11.01 -184.097 1886.7
11.02 -187.739 1962.53
11.03 -189.478 2002.14
11.04 -187.759 2001.83
11.05 -184.755 1973.35
11.06 -183.839 1933.42
11.07 -185.906 1888.23
11.08 -188.422 1833
11.09 -188.496 1759.47
11.1 -186.066 1664.55
11.11 -183.643 1558.96
11.12 -183.558 1451.95
11.13 -185.654 1337.78
11.14 -187.16 1204.41
11.15 -185.466 1054.29
11.16 -182.549 886.532
11.17 -181.655 707.732
11.18 -182.793 526.63
11.19 -183.966 342.703
11.2 -183.464 158.526
11.21 -181.922 -20.1476
11.22 -180.684 -181.703
11.23 -180.125 -316.306
11.24 -180.395 -413.874
11.25 -180.791 -477.185
11.26 -180.62 -505.34
11.27 -179.976 -499.593
11.28 -179.673 -463.357
11.29 -180.249 -402.768
11.3 -181.13 -320.58
11.31 -181.582 -217.048
11.32 -181.386 -99.1467
11.33 -181.258 25.805
11.34 -182.073 152.485
11.35 -182.93 275.452
11.36 -183.087 390.102
11.37 -182.5 491.118
11.38 -182.124 575.217
11.39 -182.64 639.341
11.4 -183.458 678.288
11.41 -183.654 687.081
11.42 -183.023 661.812
11.43 -182.266 600.963
11.44 -182.13 503.773
11.45 -182.419 368.611
11.46 -182.471 194.737
11.47 -182.468 -24.5924
11.48 -182.203 -284.998
11.49 -180.982 -570.472
11.5 -180.186 -885.578
11.51 -179.957 -1215.71
11.52 -180.027 -1535.18
11.53 -179.144 -1828.56
11.54 -177.836 -2104.88
11.55 -175.258 -2367.72
11.56 -173.149 -2599.96
11.57 -171.67 -2815.28
11.58 -171.757 -2916.11
11.59 -172.962 -3007.67
11.6 -172.468 -3095.68
11.61 -171.032 -3194
11.62 -168.778 -3280.92
11.63 -166.59 -3356.51
11.64 -164.938 -3425.02
11.65 -164.234 -3488.93
11.66 -164.373 -3545.35
11.67 -164.304 -3585.83
11.68 -163.585 -3605.71
11.69 -162.514 -3605.29
11.7 -161.729 -3563.65
11.71 -161.938 -3472.44
11.72 -163.124 -3330.92
11.73 -165.086 -3140.43
11.74 -168.111 -2892.24
11.75 -169.759 -2586.56
11.76 -170.829 -2216.11
11.77 -172.563 -1772.6
11.78 -176.037 -1219.32
11.79 -179.616 -546.732
11.8 -181.236 187.36
11.81 -177.673 808.829
11.82 -167.65 1105.63
11.83 -179.53 1411.44
11.84 -217.429 2078.27
11.85 -225.669 2694.81
11.86 -198.206 2959.37
11.87 -170.384 3008.84
11.88 -166.428 3179.67
11.89 -186.126 3480.95
11.9 -210.744 3795.18
11.91 -218.928 4000.08
11.92 -207.357 4075.94
11.93 -188.387 4091.53
11.94 -176.92 4138.77
11.95 -180.489 4261.48
11.96 -196.278 4437.9
11.97 -212.323 4576.47
11.98 -217.549 4634.5
11.99 -209.38 4595.18
12 -193.427 4493.17
12.01 -180.609 4402.43
12.02 -179 4358.73
12.03 -190.886 4338.43
12.04 -206.79 4285.65
12.05 -214.185 4121.77
12.06 -207.89 3815.14
12.07 -191.806 3397.68
12.08 -178.355 2939.44
12.09 -178.426 2481.05
12.1 -193.649 1985.7
12.11 -212.26 1321.47
12.12 -211.874 467.802
12.13 -185.056 -214.988
12.14 -157.241 -651.166
12.15 -156.908 -948.217
12.16 -179.498 -1142.57
12.17 -208.084 -1301.64
12.18 -214.583 -1572.81
12.19 -198.876 -1965.34
12.2 -176.167 -2370.61
12.21 -160.431 -2666.54
12.22 -160.54 -2863.04
12.23 -171.572 -3070.49
12.24 -181.035 -3300.53
12.25 -179.758 -3452.26
12.26 -168.309 -3523.58
12.27 -155.433 -3573.59
12.28 -150.057 -3654.71
12.29 -154.117 -3777.94
12.3 -163.366 -3917.25
12.31 -170.248 -4026.75
12.32 -169.278 -4072.36
12.33 -161.138 -4057.23
12.34 -151.904 -4016.57
12.35 -148.432 -3987.56
12.36 -152.999 -3955.67
12.37 -162.203 -3900.33
12.38 -168.994 -3779.1
12.39 -168.724 -3565.21
12.4 -162.673 -3269.61
12.41 -157.095 -2925.13
12.42 -158.221 -2569.74
12.43 -166.763 -2194.01
12.44 -179.334 -1741.5
12.45 -185.818 -1145.95
12.46 -179.448 -412.864
12.47 -170.325 335.453
12.48 -157.13 674.558
12.49 -162.486 878.949
12.5 -182.428 1015.31
12.51 -205.427 1204.21
12.52 -212.076 1593.34
12.53 -199.549 2083
12.54 -179.439 2448.1
12.55 -170.494 2684.02
12.56 -179.467 2891.43
12.57 -196.587 3090.27
12.58 -205.741 3251.36
12.59 -199.697 3340.27
12.6 -185.223 3364.09
12.61 -177.365 3392.42
12.62 -180.994 3467.29
12.63 -192.544 3570.24
12.64 -202.314 3642.62
12.65 -201.917 3636.08
12.66 -192.151 3531.41
12.67 -182.073 3378.3
12.68 -180.232 3223.6
12.69 -187.594 3074.77
12.7 -197.145 2896.23
12.71 -200.168 2626.09
12.72 -192.474 2258.62
12.73 -181.571 1814.52
12.74 -177.947 1326.17
12.75 -186.15 778.8
12.76 -193.623 157.311
12.77 -192.928 -505.6
12.78 -178.929 -1025.34
12.79 -166.081 -1302.77
12.8 -178.25 -1717.5
12.81 -197.641 -2238.92
12.82 -196.207 -2681.35
12.83 -174.421 -2874.56
12.84 -154.734 -2912.84
12.85 -151.941 -3029.83
12.86 -165.681 -3253.02
12.87 -180.411 -3472.92
12.88 -182.357 -3602.24
12.89 -170.25 -3632.9
12.9 -153.889 -3622.81
12.91 -145.909 -3647.15
12.92 -149.974 -3726.37
12.93 -161.974 -3834.12
12.94 -172.356 -3911.98
12.95 -173.299 -3902.02
12.96 -164.417 -3778.92
12.97 -153.175 -3586.9
12.98 -148.744 -3382.53
12.99 -155.052 -3193.19
13 -169.41 -2994.94
13.01 -180.752 -2730.05
13.02 -180.63 -2347.1
13.03 -170.16 -1864.38
13.04 -161.868 -1321.97
13.05 -166.632 -728.857
13.06 -180.904 -106.549
13.07 -190.876 481.183
13.08 -176.878 749.679
13.09 -166.078 992.359
13.1 -169.788 1172.59
13.11 -189.54 1363.06
13.12 -213.28 1756.69
13.13 -210.197 2182.45
13.14 -184.951 2471.63
13.15 -165.8 2639.77
13.16 -168.322 2781.45
13.17 -188.236 2972.05
13.18 -206.66 3125.49
13.19 -206.936 3181.44
13.2 -190.5 3151.41
13.21 -174.541 3114.91
13.22 -173.373 3145
13.23 -187.38 3245.98
13.24 -203.443 3349.02
13.25 -206.888 3377.21
13.26 -195.061 3310.16
13.27 -179.653 3205.93
13.28 -174.751 3127.8
13.29 -183.927 3091.34
13.3 -197.827 3044.56
13.31 -202.834 2915.16
13.32 -194.043 2675.18
13.33 -180.411 2379.08
13.34 -174.864 2098.04
13.35 -182.435 1836.74
13.36 -195.511 1547.45
13.37 -198.415 1168.54
13.38 -186.625 709.433
13.39 -172.348 234.031
13.4 -172.603 -207.324
13.41 -185.289 -626.985
13.42 -193.442 -1025.15
13.43 -185.693 -1342.8
13.44 -173.517 -1599.42
13.45 -167.744 -1828.04
13.46 -172.234 -2071.55
13.47 -179.059 -2310.62
13.48 -180.575 -2508.1
13.49 -175 -2649.84
13.5 -167.478 -2767.52
13.51 -164.818 -2860
13.52 -168.427 -2918.71
13.53 -174.008 -2982.34
13.54 -176.032 -3026.98
13.55 -172.49 -3041.06
13.56 -166.818 -3039.69
13.57 -164.08 -3046.01
13.58 -165.75 -3067.08
13.59 -169.949 -3092.05
13.6 -172.802 -3087.02
13.61 -171.411 -3026.47
13.62 -167.336 -2914.65
13.63 -164.788 -2770.67
13.64 -166.694 -2607.45
13.65 -171.461 -2415.56
13.66 -176.586 -2160.59
13.67 -177.782 -1827.08
13.68 -176.139 -1404.3
13.69 -175.301 -898.081
13.7 -178.081 -320.381
13.71 -185.486 274.354
13.72 -194.255 909.948
13.73 -194.685 1461.37
13.74 -187.07 1861.05
13.75 -180.339 2207.45
13.76 -180.692 2538.26
13.77 -188.011 2857.04
13.78 -194.275 3055.46
13.79 -194.532 3127.72
13.8 -189.844 3177.11
13.81 -185.51 3223.74
13.82 -185.631 3282.27
13.83 -189.945 3350.43
13.84 -194.669 3408.58
13.85 -195.659 3434.48
13.86 -192.439 3424.99
13.87 -188.049 3391.88
13.88 -186.623 3345.65
13.89 -189.194 3292.8
13.9 -193.104 3221.01
13.91 -194.469 3110.26
13.92 -191.64 2949.8
13.93 -186.792 2747.78
13.94 -184.391 2518.69
13.95 -186.275 2264.23
13.96 -189.738 1965.26
13.97 -191.431 1596.51
13.98 -188.181 1125.36
13.99 -182.114 548.219
14 -179.384 -79.6135
14.01 -183.492 -740.215
14.02 -183.617 -1183.75
14.03 -187.841 -1687.04
14.04 -188.835 -2186.84
14.05 -180.142 -2616.54
14.06 -167.461 -2886.64
14.07 -161.143 -2998.46
14.08 -164.386 -3171.17
14.09 -172.054 -3366.97
14.1 -174.954 -3517.06
14.11 -169.915 -3605.34
14.12 -160.411 -3651.36
14.13 -153.607 -3696.62
14.14 -153.282 -3762.91
14.15 -158.579 -3843.99
14.16 -165.112 -3913.77
14.17 -167.835 -3942.24
14.18 -164.844 -3909.59
14.19 -158.787 -3813.65
14.2 -154.726 -3686.95
14.21 -156.106 -3553.3
14.22 -162.288 -3413.7
14.23 -169.679 -3249.51
14.24 -173.218 -3017.89
14.25 -169.605 -2715.51
14.26 -163.703 -2364.8
14.27 -162.479 -1983.98
14.28 -169.637 -1556.3
14.29 -180.411 -1035.63
14.3 -184.688 -399.673
14.31 -179.878 276.239
14.32 -166.686 692.516
14.33 -161.586 917.304
14.34 -172.364 1066.39
14.35 -195.719 1210.48
14.36 -212.885 1532.98
14.37 -206.197 1958.27
14.38 -182.657 2284.87
14.39 -166.64 2531.48
14.4 -171.927 2731.27
14.41 -191.768 2942.82
14.42 -207.053 3110.55
14.43 -204.609 3174.15
14.44 -188.642 3178.38
14.45 -175.384 3190.54
14.46 -176.526 3268.91
14.47 -190.447 3403.62
14.48 -204.072 3524.55
14.49 -205.303 3562.16
14.5 -193.819 3512.04
14.51 -180.561 3428.72
14.52 -176.839 3361.35
14.53 -185.423 3316.04
14.54 -198.556 3250.16
14.55 -203.455 3098.84
14.56 -195.231 2834.84
14.57 -181.743 2491.97
14.58 -175.481 2135.33
14.59 -182.455 1779.17
14.6 -196.762 1366.12
14.61 -201.11 840.491
14.62 -187.514 237.107
14.63 -173.096 -357.183
14.64 -172.573 -896.07
14.65 -176.164 -1152.31
14.66 -186.222 -1393.03
14.67 -194.422 -1749.74
14.68 -185.52 -2015.69
14.69 -169.286 -2213.76
14.7 -160.773 -2397.33
14.71 -165.505 -2622.19
14.72 -176.5 -2839.91
14.73 -181.772 -2935.5
14.74 -176.787 -2955.76
14.75 -165.813 -2936.39
14.76 -159.241 -2926.29
14.77 -162.139 -2950.45
14.78 -171.723 -2992.35
14.79 -178.792 -2991.88
14.8 -176.807 -2917.98
14.81 -168.574 -2788.84
14.82 -162.879 -2654.19
14.83 -165.533 -2547.06
14.84 -174.12 -2456.93
14.85 -181.405 -2336.51
14.86 -180.029 -2158.12
14.87 -172.152 -1937.31
14.88 -167.456 -1708.07
14.89 -171.629 -1487.79
14.9 -181.235 -1250.04
14.91 -186.384 -960.755
14.92 -182.064 -621.03
14.93 -175.318 -268.143
14.94 -175.502 94.5559
14.95 -185.573 475.232
14.96 -191.455 837.724
14.97 -187.859 1151.45
14.98 -181.298 1425.56
14.99 -178.913 1668.55
15 -182.907 1900.19
15.01 -188.764 2106.63
15.02 -190.91 2260.73
15.03 -187.394 2358.58
15.04 -182.556 2419.66
15.05 -181.739 2467.54
15.06 -185.563 2508.57
15.07 -190.136 2526.46
15.08 -190.882 2502.98
15.09 -187.19 2437.82
15.1 -183.02 2351.1
15.11 -182.468 2262.67
15.12 -185.557 2172.64
15.13 -188.629 2061.36
15.14 -188.426 1906.3
15.15 -184.413 1710.92
15.16 -180.63 1484.71
15.17 -180.695 1235.21
15.18 -184.763 960.006
15.19 -187.856 635.26
15.2 -184.928 275.644
15.21 -179.446 -91.9194
15.22 -178.172 -437.58
15.23 -179.09 -772.708
15.24 -180.312 -1085.57
15.25 -178.465 -1371.87
15.26 -175.484 -1624.25
15.27 -173.59 -1853.65
15.28 -173.62 -2065.7
15.29 -174.101 -2261.55
15.3 -173.64 -2430.43
15.31 -172.348 -2567.13
15.32 -170.447 -2680.39
15.33 -169.214 -2776.75
15.34 -169.426 -2860.29
15.35 -170.554 -2929.23
15.36 -171.279 -2977.62
15.37 -170.782 -2996.27
15.38 -169.419 -2991.29
15.39 -168.371 -2966.94
15.4 -168.615 -2922.45
15.41 -169.917 -2854.17
15.42 -171.161 -2754.39
15.43 -171.477 -2616.99
15.44 -171.066 -2441.41
15.45 -171.771 -2227.22
15.46 -173.71 -1972.32
15.47 -176.425 -1661.45
15.48 -178.866 -1280.55
15.49 -180.413 -821.808
15.5 -181.813 -304.232
15.51 -185.115 259.831
15.52 -189.019 810.734
15.53 -188.795 1284.58
15.54 -185.953 1687.62
15.55 -183.239 2028.34
15.56 -184.445 2332.02
15.57 -187.203 2607.27
15.58 -190.01 2833.84
15.59 -190.486 3024.41
15.6 -189.069 3076.63
15.61 -187.678 3116.46
15.62 -188.203 3167.77
15.63 -190.146 3219.19
15.64 -191.572 3255.7
15.65 -191.354 3270.52
15.66 -189.717 3263.35
15.67 -188.217 3224.73
15.68 -188.074 3156.73
15.69 -189.061 3056.99
15.7 -189.874 2917.91
15.71 -189.426 2735.26
15.72 -188.257 2506.41
15.73 -187.013 2242
15.74 -186.439 1941.87
15.75 -186.989 1599.14
15.76 -186.935 1199.54
15.77 -185.361 742.799
15.78 -182.558 259.874
15.79 -182.309 -217.56
15.8 -183.789 -666.066
15.81 -183.391 -1076.21
15.82 -180.053 -1415.58
15.83 -176.934 -1694.35
15.84 -175.302 -1953.71
15.85 -174.824 -2193.44
15.86 -174.051 -2410.46
15.87 -173.243 -2599.68
15.88 -171.852 -2769.07
15.89 -170.623 -2896.24
15.9 -169.817 -2938.47
15.91 -169.316 -2973.56
15.92 -169.101 -3001.59
15.93 -168.988 -3018.5
15.94 -168.648 -3020.61
15.95 -168.187 -2985.53
15.96 -168.099 -2904.93
15.97 -168.722 -2779.84
15.98 -169.994 -2612.88
15.99 -171.53 -2407.6
16 -174.18 -2156.38
16.01 -176.09 -1862.29
16.02 -177.349 -1511.93
16.03 -178.07 -1106.5
16.04 -179.381 -653.642
16.05 -181.495 -181.372
16.06 -185.667 304.61
16.07 -188.432 798.077
16.08 -186.908 1212.41
16.09 -184.168 1561.76
16.1 -182.837 1863.4
16.11 -184.31 2126.78
16.12 -186.41 2336.94
16.13 -187.549 2509.1
16.14 -187.656 2638.13
16.15 -187.122 2729.19
16.16 -186.427 2787.62
16.17 -186.409 2818.03
16.18 -187.12 2820.34
16.19 -187.798 2789.92
16.2 -187.653 2722.57
16.21 -186.737 2619.56
16.22 -185.986 2481.38
16.23 -185.929 2310.6
16.24 -185.935 2111.97
16.25 -185.86 1878.57
16.26 -185.213 1612.89
16.27 -184.213 1314.63
16.28 -183.994 981.898
16.29 -184.398 618.497
16.3 -183.6 222.922
16.31 -182.285 -178.014
16.32 -180.809 -547.427
16.33 -178.733 -894.671
16.34 -177.052 -1203.81
16.35 -176.062 -1477.21
16.36 -175.633 -1720.47
16.37 -175.291 -1932.83
16.38 -174.502 -2107.68
16.39 -172.648 -2251.92
16.4 -171.038 -2364.69
16.41 -170.826 -2445.54
16.42 -171.327 -2496.97
16.43 -171.767 -2514.82
16.44 -171.636 -2496.08
16.45 -171.233 -2442.96
16.46 -171.222 -2359.55
16.47 -172.43 -2243.26
16.48 -173.911 -2095.16
16.49 -174.821 -1915.25
16.5 -175.653 -1693.03
16.51 -176.655 -1430.82
16.52 -177.768 -1126.43
16.53 -178.754 -784.596
16.54 -181.148 -402.049
16.55 -182.906 6.30659
16.56 -185.456 431.669
16.57 -185.02 822.791
16.58 -183.698 1164.52
16.59 -183.924 1473.38
16.6 -184.852 1740.55
16.61 -185.621 1968.26
16.62 -185.81 2148.43
16.63 -185.399 2283.22
16.64 -184.878 2372.51
16.65 -184.878 2416.77
16.66 -185.476 2416.3
16.67 -186.123 2371.79
16.68 -186.098 2282.71
16.69 -185.368 2152.18
16.7 -184.478 1982.82
16.71 -184.375 1774.16
16.72 -184.516 1528.72
16.73 -184.523 1242.35
16.74 -184.584 916.84
16.75 -184.21 547.446
16.76 -182.453 151.807
16.77 -181.861 -243.9
16.78 -180.805 -603.952
16.79 -178.967 -936.993
16.8 -176.631 -1227.52
16.81 -175.273 -1474.43
16.82 -174.962 -1688.64
16.83 -175.23 -1869.77
16.84 -174.917 -2016.2
16.85 -173.664 -2131.8
16.86 -172.162 -2224.54
16.87 -171.602 -2299.24
16.88 -172.148 -2353.92
16.89 -172.814 -2382.91
16.9 -172.745 -2380.43
16.91 -172.021 -2344.8
16.92 -171.493 -2278.35
16.93 -171.991 -2181.83
16.94 -173.271 -2054.67
16.95 -174.597 -1890.72
16.96 -175.794 -1676.88
16.97 -176.743 -1408.78
16.98 -177.585 -1082.36
16.99 -178.652 -701.07
17 -181.786 -267.949
17.01 -185.477 217.475
17.02 -187.576 703.692
17.03 -186.106 1135.77
17.04 -184.697 1518.71
17.05 -184.129 1846.83
17.06 -185.42 2141.51
17.07 -187.593 2407.98
17.08 -189.034 2646.86
17.09 -189.315 2843.7
17.1 -187.612 2997.01
17.11 -186.641 3043.96
17.12 -187.632 3085.78
17.13 -189.589 3122.68
17.14 -191.223 3153.91
17.15 -190.935 3165.25
17.16 -189.229 3156.77
17.17 -187.638 3121.29
17.18 -187.703 3067.09
17.19 -189.176 2993.7
17.2 -190.426 2895.95
17.21 -189.876 2765.49
17.22 -187.894 2604.34
17.23 -186.422 2415.67
17.24 -186.015 2211.04
17.25 -186.866 1987.04
17.26 -187.518 1731.87
17.27 -186.452 1437.27
17.28 -184.266 1101.98
17.29 -182.474 735.943
17.3 -182.449 353.032
17.31 -183.606 -23.9652
17.32 -184.459 -394.159
17.33 -182.182 -769.242
17.34 -178.95 -1114.47
17.35 -177.018 -1414.17
17.36 -176.741 -1680.91
17.37 -176.391 -1916.5
17.38 -175.671 -2122.45
17.39 -173.964 -2315.34
17.4 -173.054 -2492.11
17.41 -172.342 -2658.4
17.42 -171.725 -2814.46
17.43 -170.941 -2924.63
17.44 -170.124 -2963.36
17.45 -169.36 -2996.78
17.46 -168.951 -3024.73
17.47 -168.97 -3046.18
17.48 -168.975 -3057.89
17.49 -168.857 -3059.05
17.5 -168.546 -3030.1
17.51 -168.434 -2968.89
17.52 -168.767 -2874.61
17.53 -169.699 -2748.78
17.54 -170.735 -2590.31
17.55 -171.615 -2401.06
17.56 -173.468 -2173.19
17.57 -174.875 -1911.09
17.58 -176.274 -1602.99
17.59 -177.37 -1242.62
17.6 -178.353 -832.422
17.61 -179.89 -373.096
17.62 -181.83 82.6558
17.63 -186.979 550.599
17.64 -188.609 1016.61
17.65 -186.633 1393.75
17.66 -183.561 1705.74
17.67 -182.011 1970.25
17.68 -183.983 2197.99
17.69 -187.255 2400.32
17.7 -189.126 2567.12
17.71 -188.648 2686.13
17.72 -186.66 2766.29
17.73 -185.153 2818.27
17.74 -185.666 2849.92
17.75 -187.698 2859.16
17.76 -189.289 2836.97
17.77 -188.824 2775.1
17.78 -186.695 2676.15
17.79 -184.776 2549.42
17.8 -185.141 2395.5
17.81 -186.596 2213.82
17.82 -186.881 1994.12
17.83 -185.612 1724.47
17.84 -183.432 1409.68
17.85 -183.169 1046.39
17.86 -185.047 635.965
17.87 -185.499 172.685
17.88 -184.076 -291.578
17.89 -180.296 -718.509
17.9 -176.931 -1092.14
17.91 -175.007 -1422.28
17.92 -175.163 -1709.92
17.93 -175.928 -1959.05
17.94 -175.437 -2162.94
17.95 -172.738 -2333.17
17.96 -170.601 -2471.8
17.97 -170.061 -2592.61
17.98 -170.6 -2692.91
17.99 -171.138 -2763.85
18 -170.82 -2798.39
18.01 -169.775 -2794.66
18.02 -168.993 -2756.1
18.03 -169.305 -2686.24
18.04 -170.656 -2586.01
18.05 -172.217 -2453.3
18.06 -173.698 -2282.99
18.07 -174.47 -2072.37
18.08 -174.646 -1827.6
18.09 -175.816 -1542.53
18.1 -177.936 -1214.06
18.11 -179.744 -838.808
18.12 -181.563 -410.921
18.13 -182.723 38.3191
18.14 -185.637 506.846
18.15 -185.759 935.247
18.16 -184.93 1303.27
18.17 -184.664 1617.99
18.18 -184.654 1887.74
18.19 -185.326 2121.02
18.2 -186.265 2318.44
18.21 -186.685 2484.88
18.22 -187.002 2613.21
18.23 -187.145 2704.29
18.24 -186.905 2760.97
18.25 -186.638 2784.91
18.26 -186.613 2776.32
18.27 -186.811 2735.04
18.28 -186.885 2658.92
18.29 -186.695 2546.43
18.3 -186.613 2392.92
18.31 -185.887 2202.61
18.32 -184.725 1975.42
18.33 -184.273 1704.38
18.34 -184.227 1386.37
18.35 -185.256 1006.22
18.36 -186.094 557.694
18.37 -184.231 49.2882
18.38 -183.099 -451.349
18.39 -180.584 -931.125
18.4 -177.485 -1358.66
18.41 -175.263 -1737.96
18.42 -174.867 -2073.88
18.43 -174.328 -2378.27
18.44 -173.271 -2638.75
18.45 -170.613 -2866.24
18.46 -168.111 -2982.9
18.47 -167.084 -3063.57
18.48 -166.907 -3113.09
18.49 -167.925 -3165.4
18.5 -168.373 -3196.54
18.51 -167.75 -3204.86
18.52 -166.354 -3187.94
18.53 -165.651 -3138.45
18.54 -166.424 -3061.01
18.55 -168.794 -2952.54
18.56 -170.758 -2808.34
18.57 -171.313 -2627.49
18.58 -170.703 -2413.1
18.59 -171.065 -2156.58
18.6 -172.735 -1864.68
18.61 -176.458 -1519.17
18.62 -179.3 -1095.66
18.63 -179.371 -590.723
18.64 -178.034 -34.4081
18.65 -181.234 525.52
18.66 -187.849 1058.52
18.67 -190.684 1447.54
18.68 -191.639 1829.37
18.69 -188.367 2175.38
18.7 -183.405 2475.09
18.71 -183.017 2745.7
18.72 -186.747 2966.5
18.73 -191.285 3055.58
18.74 -192.554 3116.89
18.75 -189.92 3150.55
18.76 -186.756 3172.3
18.77 -185.621 3186.56
18.78 -187.724 3200.57
18.79 -190.968 3182.7
18.8 -192.328 3116.8
18.81 -190.474 2996.59
18.82 -187.046 2833.95
18.83 -185.177 2651.71
18.84 -186.648 2448.18
18.85 -189.214 2219.98
18.86 -190.235 1951.64
18.87 -187.741 1636.4
18.88 -183.604 1279.52
18.89 -181.547 892.178
18.9 -182.934 479.321
18.91 -185.035 59.6769
18.92 -186.196 -344.605
18.93 -182.5 -742.709
18.94 -178.587 -1118
18.95 -177.526 -1449.73
18.96 -176.87 -1700.79
18.97 -176.764 -1941.82
18.98 -175.914 -2152.03
18.99 -173.443 -2337.19
19 -171.885 -2493.28
19.01 -171.217 -2630.89
19.02 -171.366 -2751.42
19.03 -171.667 -2852.02
19.04 -171.346 -2909.16
19.05 -170.397 -2922.35
19.06 -169.387 -2926.39
19.07 -169.087 -2922.72
19.08 -169.727 -2892.71
19.09 -170.724 -2832.48
19.1 -171.317 -2737.62
19.11 -171.298 -2606.56
19.12 -171.41 -2443.06
19.13 -172.529 -2245.64
19.14 -174.857 -2011.44
19.15 -177.133 -1731.41
19.16 -178.41 -1394.65
19.17 -179.191 -989.871
19.18 -181.552 -530.637
19.19 -183.994 -3.21386
19.2 -187.919 514.784
19.21 -187.964 1007.89
19.22 -185.615 1437.23
19.23 -183.691 1806.74
19.24 -184.744 2137.22
19.25 -187.726 2432.91
19.26 -189.844 2688.52
19.27 -189.899 2888.28
19.28 -187.633 3023.49
19.29 -185.941 3072.82
19.3 -185.903 3096.17
19.31 -188.144 3116.6
19.32 -190.691 3119.32
19.33 -191.045 3071.07
19.34 -188.916 2972.39
19.35 -186.162 2833.79
19.36 -185.115 2670.31
19.37 -186.719 2481.31
19.38 -189.218 2259.7
19.39 -189.349 1995.7
19.4 -186.482 1682.25
19.41 -182.969 1325.35
19.42 -182.084 930.227
19.43 -184.411 495.681
19.44 -185.7 61.4462
19.45 -185.646 -381.443
19.46 -181.913 -836.477
19.47 -177.831 -1223.99
19.48 -176.332 -1564.15
19.49 -176.806 -1880.52
19.5 -176.433 -2151.9
19.51 -174.072 -2386.92
19.52 -172.091 -2594.76
19.53 -170.511 -2787.73
19.54 -169.799 -2930.91
19.55 -169.763 -2983.49
19.56 -169.801 -3030.77
19.57 -169.276 -3065.05
19.58 -168.37 -3086.95
19.59 -167.484 -3097.27
19.6 -167.231 -3099.19
19.61 -167.539 -3073.98
19.62 -168.429 -3013.56
19.63 -169.22 -2913.1
19.64 -169.582 -2771.94
19.65 -169.78 -2591.61
19.66 -170.242 -2376.03
19.67 -172.713 -2116.7
19.68 -175.644 -1814.26
19.69 -178.035 -1444.58
19.7 -178.616 -995.903
19.71 -178.274 -477.264
19.72 -179.336 77.6551
19.73 -186.726 624.827
19.74 -193.439 1198.84
19.75 -192.406 1643.08
19.76 -186.116 2011.53
19.77 -181.672 2345.76
19.78 -183.612 2674.05
19.79 -189.736 2988.44
19.8 -194.384 3098.44
19.81 -194.017 3186.91
19.82 -190.002 3260.59
19.83 -186.351 3322.31
19.84 -186.367 3384.43
19.85 -190.314 3449.89
19.86 -194.291 3499.59
19.87 -195.05 3515.3
19.88 -191.982 3485.36
19.89 -188.091 3408.25
19.9 -186.663 3301.82
19.91 -188.924 3175.63
19.92 -192.249 3018.91
19.93 -193.169 2815.69
19.94 -191.074 2552.84
19.95 -187.089 2244.02
19.96 -184.748 1895.99
19.97 -186.289 1510.59
19.98 -189.818 1063.2
19.99 -189.108 530.003
20 -183.673 -40.7475
20.01 -180.096 -617.624
20.02 -178.534 -1066.7
20.03 -175.482 -1305.78
20.04 -187.18 -1729.61
20.05 -192.345 -2147.96
20.06 -182.828 -2493.33
20.07 -167.164 -2764.14
20.08 -158.396 -2863.82
20.09 -162.469 -2988.84
20.1 -172.902 -3148.22
20.11 -179.721 -3303.77
20.12 -175.764 -3376.11
20.13 -165.04 -3390.28
20.14 -155.769 -3400.62
20.15 -154.495 -3446.83
20.16 -160.915 -3525.48
20.17 -169.283 -3601.17
20.18 -172.61 -3630.63
20.19 -168.393 -3588.17
20.2 -160.435 -3480.81
20.21 -155.564 -3348.62
20.22 -157.808 -3214.75
20.23 -165.95 -3069.14
20.24 -174.779 -2870.86
20.25 -176.275 -2591.56
20.26 -171.167 -2218.89
20.27 -165.554 -1787.44
20.28 -168.293 -1303.59
20.29 -179.087 -740.045
20.3 -186.982 -113.366
20.31 -186.576 536.304
20.32 -171.751 936.648
20.33 -164.184 1170.27
20.34 -180.926 1378.02
20.35 -213.292 1834.87
20.36 -215.317 2231.02
20.37 -189.083 2475.64
20.38 -164.534 2636.46
20.39 -162.773 2763.93
20.4 -183.439 2937.59
20.41 -206.662 3097.55
20.42 -210.97 3154.6
20.43 -193.716 3096.1
20.44 -172.496 2999.21
20.45 -167.324 2972.43
20.46 -181.959 3015.27
20.47 -201.938 3050.04
20.48 -208.103 2986.77
20.49 -194.827 2796.67
20.5 -175.777 2553.93
20.51 -168.77 2351.23
20.52 -180.481 2202.94
20.53 -198.618 2048.13
20.54 -203.126 1793.58
20.55 -188.347 1433.19
20.56 -170.389 1021.98
20.57 -168.574 605.923
20.58 -184.992 192.906
20.59 -201.188 -300.512
20.6 -193.663 -810.323
20.61 -173.816 -1222.74
20.62 -164.039 -1590.24
20.63 -169.763 -1965.73
20.64 -181.062 -2335.94
20.65 -183.451 -2618.25
20.66 -175.281 -2819.78
20.67 -163.921 -2926.32
20.68 -159.481 -2967.12
20.69 -163.939 -3043.42
20.7 -172.071 -3127
20.71 -176.427 -3186.78
20.72 -172.271 -3182.15
20.73 -163.929 -3129.78
20.74 -158.71 -3050.92
20.75 -161.322 -2972.58
20.76 -170.16 -2871.75
20.77 -177.3 -2715.54
20.78 -176.359 -2470.81
20.79 -170.417 -2138.26
20.8 -166.839 -1765.74
20.81 -172.596 -1352.37
20.82 -183.02 -859.232
20.83 -187.999 -275.851
20.84 -184.688 338.752
20.85 -181.872 912.629
20.86 -185.666 1393.45
20.87 -190.409 1778.72
20.88 -190.996 2128.17
20.89 -186.434 2403.04
20.9 -182.231 2630.83
20.91 -183.021 2833.14
20.92 -187.469 2978.94
20.93 -191.678 3039.36
20.94 -192.026 3068.83
20.95 -188.541 3066.9
20.96 -184.893 3050.67
20.97 -184.323 3013.79
20.98 -187.251 2955.81
20.99 -190.391 2859.38
21 -190.538 2710.75
21.01 -187.617 2505.19
21.02 -184.445 2259.53
21.03 -183.328 1992.66
21.04 -185.332 1694.4
21.05 -187.841 1348.2
21.06 -187.423 935.942
21.07 -183.741 473.986
21.08 -180.78 -4.50093
21.09 -183.18 -513.136
21.1 -183.773 -982.05
21.11 -180.892 -1396.11
21.12 -176.022 -1751.97
21.13 -172.736 -2065.61
21.14 -172.325 -2364.12
21.15 -173.791 -2635.17
21.16 -172.908 -2863.93
21.17 -170.297 -2980.18
21.18 -167.835 -3036.36
21.19 -166.98 -3090.67
21.2 -167.913 -3154.93
21.21 -168.832 -3206.93
21.22 -168.476 -3235.82
21.23 -166.821 -3243.26
21.24 -165.129 -3236.08
21.25 -164.653 -3202.23
21.26 -165.945 -3140.23
21.27 -168.373 -3042.31
21.28 -170.189 -2897.02
21.29 -170.087 -2702.09
21.3 -169.178 -2466.46
21.31 -170.284 -2196.26
21.32 -173.147 -1884.86
21.33 -177.659 -1510.61
21.34 -180.184 -1052.89
21.35 -179.07 -510.616
21.36 -177.193 73.5896
21.37 -181.003 658.174
21.38 -185.501 1100.45
21.39 -192.889 1517.04
21.4 -195.858 1924.96
21.41 -190.872 2280.85
21.42 -182.369 2580.95
21.43 -180.341 2863.59
21.44 -185.485 3005.78
21.45 -193.191 3121.86
21.46 -196.949 3227.74
21.47 -194.028 3293.12
21.48 -187.543 3324.11
21.49 -183.85 3352.53
21.5 -186.323 3395.5
21.51 -192.323 3442.95
21.52 -196.4 3457.27
21.53 -194.972 3401
21.54 -189.441 3281.07
21.55 -184.84 3125.92
21.56 -185.013 2959.03
21.57 -189.295 2780.1
21.58 -194.137 2559.62
21.59 -193.595 2277.33
21.6 -187.976 1930.54
21.61 -182.986 1555.96
21.62 -183.026 1146.76
21.63 -186.518 693.309
21.64 -187.755 213.577
21.65 -186.076 -272.615
21.66 -180.9 -744.544
21.67 -177.42 -1095.54
21.68 -173.239 -1275.52
21.69 -181.609 -1558.94
21.7 -187.691 -1834.03
21.71 -182.549 -2050.98
21.72 -171.102 -2205.83
21.73 -164.109 -2338.19
21.74 -166.718 -2478.58
21.75 -174.769 -2612.43
21.76 -179.531 -2697.65
21.77 -176.287 -2711.92
21.78 -168.384 -2665.48
21.79 -164.003 -2598.2
21.8 -167.316 -2530.49
21.81 -175.186 -2449.17
21.82 -180.619 -2317.19
21.83 -179.074 -2124.11
21.84 -173.166 -1895.67
21.85 -171.046 -1659.23
21.86 -176.101 -1430.65
21.87 -183.669 -1175.75
21.88 -185.868 -881.26
21.89 -180.618 -565.199
21.9 -175.896 -265.911
21.91 -178.142 7.89108
21.92 -185.555 286.851
21.93 -188.713 532.996
21.94 -184.279 740.476
21.95 -178.46 917.599
21.96 -178.721 1066.67
21.97 -184.029 1199.01
21.98 -188.42 1298.92
21.99 -187.317 1354.27
22 -182.653 1367.96
22.01 -179.795 1360.8
22.02 -181.791 1344.3
22.03 -186.18 1311.36
22.04 -187.912 1250.64
22.05 -185.034 1163.02
22.06 -180.888 1060.65
22.07 -179.974 958.537
22.08 -183.184 855.411
22.09 -186.181 746.666
22.1 -185.137 629.028
22.11 -181.105 502.963
22.12 -178.602 375.806
22.13 -180.241 248.286
22.14 -183.77 111.323
22.15 -184.421 -39.8381
22.16 -181.276 -191.755
22.17 -177.808 -357.321
22.18 -177.657 -537.549
22.19 -180.351 -733.782
22.2 -181.92 -924.383
22.21 -179.798 -1108.26
22.22 -176.441 -1277.53
22.23 -175.269 -1427.37
22.24 -176.283 -1568.04
22.25 -178.145 -1691.28
22.26 -177.732 -1791.18
22.27 -175.305 -1862.79
22.28 -173.24 -1912.75
22.29 -173.39 -1947.83
22.3 -175.161 -1968.36
22.31 -176.56 -1966.47
22.32 -176.209 -1937.12
22.33 -174.784 -1882.74
22.34 -174.156 -1809.95
22.35 -175.194 -1723.68
22.36 -177.087 -1621.29
22.37 -178.556 -1497.04
22.38 -178.398 -1348.92
22.39 -177.386 -1178.64
22.4 -177.707 -979.352
22.41 -179.119 -773.426
22.42 -181.055 -540.868
22.43 -181.947 -309.098
22.44 -181.428 -83.7988
22.45 -181.254 145.036
22.46 -182.521 367.047
22.47 -183.499 573.544
22.48 -183.203 765.766
22.49 -182.549 940.777
22.5 -182.962 1088.43
22.51 -184.015 1217.83
22.52 -184.726 1326.95
22.53 -184.834 1410.54
22.54 -184.437 1472.6
22.55 -184.109 1518.32
22.56 -184.354 1550.05
22.57 -184.991 1568.33
22.58 -185.384 1572.54
22.59 -185.17 1563.15
22.6 -184.63 1542.64
22.61 -184.35 1514.44
22.62 -184.567 1481.02
22.63 -184.903 1441.47
22.64 -184.808 1390.41
22.65 -184.176 1321.92
22.66 -183.528 1229.54
22.67 -183.086 1112.79
22.68 -182.96 967.579
22.69 -183.197 778.398
22.7 -182.85 554.601
22.71 -181.831 301.323
22.72 -181.686 16.5645
22.73 -182.74 -272.988
22.74 -182.076 -584.48
22.75 -179.932 -893.224
22.76 -177.476 -1184.07
22.77 -177.12 -1437.27
22.78 -177.714 -1667.98
22.79 -177.616 -1873.83
22.8 -175.99 -2045.66
22.81 -173.592 -2190.38
22.82 -172.027 -2318.45
22.83 -172.605 -2428.02
22.84 -173.59 -2516.28
22.85 -173.529 -2574.89
22.86 -172.257 -2601.03
22.87 -170.929 -2599
22.88 -170.798 -2573.73
22.89 -172.008 -2525.26
22.9 -173.488 -2447.96
22.91 -174.145 -2335.14
22.92 -174.373 -2181.43
22.93 -174.181 -1993.44
22.94 -175.127 -1768.73
22.95 -177.766 -1503.22
22.96 -180.935 -1186
22.97 -182.486 -800.732
22.98 -181.927 -368.806
22.99 -181.908 54.6301
23 -185.303 491.37
23.01 -186.517 905.495
23.02 -185.264 1276.76
23.03 -184.066 1602.34
23.04 -185.191 1892.78
23.05 -187.46 2153.65
23.06 -189.219 2379.66
23.07 -188.893 2572.71
23.08 -187.848 2727.42
23.09 -187.04 2850.35
23.1 -187.53 2930.34
23.11 -188.737 2970.86
23.12 -189.335 2987.24
23.13 -188.788 2967.8
23.14 -187.78 2907.01
23.15 -187.111 2809.76
23.16 -187.165 2680.18
23.17 -188.061 2514.75
23.18 -188.322 2306.09
23.19 -187.228 2056.49
23.2 -185.808 1759.31
23.21 -184.537 1414.76
23.22 -184.622 1011.39
23.23 -185.157 545.328
23.24 -183.757 51.4952
23.25 -184.455 -447.563
23.26 -183.838 -949.416
23.27 -180.547 -1397.49
23.28 -177.056 -1760
23.29 -175.187 -2071.23
23.3 -173.657 -2336.96
23.31 -172.563 -2546.39
23.32 -171.436 -2726.01
23.33 -170.498 -2849.05
23.34 -170.191 -2891.98
23.35 -169.975 -2918.67
23.36 -169.576 -2931.7
23.37 -169.317 -2932.93
23.38 -169.274 -2899.68
23.39 -169.74 -2831.07
23.4 -170.481 -2726.19
23.41 -171.332 -2587.36
23.42 -172.344 -2417.35
23.43 -173.881 -2210.8
23.44 -175.252 -1969.94
23.45 -176.712 -1685.23
23.46 -177.82 -1355.18
23.47 -179.219 -970.846
23.48 -181.926 -547.908
23.49 -183.708 -74.3193
23.5 -185.653 391.077
23.51 -185.645 817.338
23.52 -184.859 1203.28
23.53 -183.979 1537.54
23.54 -184.464 1829.29
23.55 -186.141 2089.05
23.56 -188 2310.54
23.57 -188.003 2500.48
23.58 -187.365 2656.49
23.59 -187.078 2782.77
23.6 -187.177 2881.95
23.61 -187.674 2950.03
23.62 -188.125 2980.74
23.63 -188.111 2969.75
23.64 -187.61 2916.95
23.65 -187.051 2827.06
23.66 -186.765 2704.35
23.67 -186.879 2550.21
23.68 -187.617 2359.79
23.69 -187.052 2137.26
23.7 -185.751 1875.47
23.71 -184.526 1577.43
23.72 -183.971 1239.26
23.73 -184.051 855.493
23.74 -184.98 429.533
23.75 -184.528 -33.4188
23.76 -183.545 -510.308
23.77 -179.899 -940.193
23.78 -177.397 -1333.52
23.79 -176.191 -1679.02
23.8 -175.633 -1990.09
23.81 -175.117 -2267.9
23.82 -173.695 -2511.79
23.83 -171.476 -2721.78
23.84 -169.074 -2904.04
23.85 -167.402 -2965.52
23.86 -167.866 -3010.42
23.87 -169.179 -3046.34
23.88 -169.755 -3064.85
23.89 -168.83 -3061.01
23.9 -167.361 -3013.04
23.91 -166.978 -2929.72
23.92 -168.484 -2817.84
23.93 -170.948 -2675.69
23.94 -172.571 -2497.75
23.95 -173.288 -2280.28
23.96 -173.756 -2027.83
23.97 -174.718 -1743.32
23.98 -176.603 -1421.87
23.99 -178.677 -1057.6
24 -179.608 -656.011
24.01 -180.335 -221.071
24.02 -181.905 196.312
24.03 -186.173 632.29
24.04 -187.526 1050.06
24.05 -186.057 1399.2
24.06 -183.762 1694.15
24.07 -182.852 1951.88
24.08 -184.703 2181.64
24.09 -187.518 2394.15
24.1 -189.142 2583.55
24.11 -189.178 2738.79
24.12 -187.93 2869.58
24.13 -186.748 2981.91
24.14 -187.247 3021.97
24.15 -189.114 3058.55
24.16 -190.45 3084.83
24.17 -190.158 3094.53
24.18 -188.395 3085.45
24.19 -186.662 3039.38
24.2 -186.274 2957.46
24.21 -187.055 2834.85
24.22 -187.587 2660.5
24.23 -187.599 2419.92
24.24 -186.514 2119.48
24.25 -185.34 1752.67
24.26 -184.651 1314.01
24.27 -185.715 780.654
24.28 -186.154 194.547
24.29 -187.91 -435.424
24.3 -185.273 -1030.23
24.31 -179.622 -1516.01
24.32 -173.883 -1915.25
24.33 -171.294 -2248.34
24.34 -171.27 -2526.57
24.35 -171.32 -2748.12
24.36 -170.435 -2918.79
24.37 -168.673 -2958.91
24.38 -167.447 -2980.58
24.39 -167.716 -2996.62
24.4 -169.534 -3010.2
24.41 -171.191 -3006.5
24.42 -171.278 -2972.05
24.43 -169.812 -2904.81
24.44 -168.564 -2814.67
24.45 -169.015 -2709.14
24.46 -171.052 -2588.29
24.47 -173.132 -2444.36
24.48 -174.647 -2266.28
24.49 -174.502 -2052.82
24.5 -173.887 -1809.06
24.51 -174.829 -1534.07
24.52 -177.451 -1228.51
24.53 -180.605 -884.078
24.54 -181.509 -509.219
24.55 -180.847 -143.172
24.56 -181.765 223.641
24.57 -184.326 580.659
24.58 -184.616 886.735
24.59 -183.467 1133.54
24.6 -182.223 1336.71
24.61 -182.783 1503.52
24.62 -183.941 1636.5
24.63 -184.871 1726.2
24.64 -184.53 1775.11
24.65 -183.501 1784.56
24.66 -183.007 1760.21
24.67 -183.525 1706.23
24.68 -184.356 1622.46
24.69 -184.658 1502.49
24.7 -183.651 1353.22
24.71 -182.805 1177.86
24.72 -182.457 981.834
24.73 -182.798 760.593
24.74 -183.159 517.235
24.75 -181.977 259.702
24.76 -180.367 13.4873
24.77 -180.471 -215.442
24.78 -179.798 -425.308
24.79 -178.469 -618.257
24.8 -177.291 -792.208
24.81 -176.942 -937.127
24.82 -176.936 -1057.77
24.83 -176.814 -1153.26
24.84 -176.391 -1220.17
24.85 -176.015 -1255.42
24.86 -175.772 -1260.91
24.87 -175.857 -1237.13
24.88 -176.361 -1179.79
24.89 -176.938 -1087.63
24.9 -177.146 -960.73
24.91 -177.215 -798.936
24.92 -177.991 -593.154
24.93 -179.534 -360.479
24.94 -180.841 -102.674
24.95 -182.548 180.241
24.96 -183.883 477.05
24.97 -182.789 743.603
24.98 -181.859 971.388
24.99 -182.261 1158.32
25 -183.292 1311.72
25.01 -184.386 1431.39
25.02 -184.187 1515.59
25.03 -183.144 1567.77
25.04 -182.625 1592.47
25.05 -183.269 1592.71
25.06 -184.309 1567.3
25.07 -184.511 1513.31
25.08 -183.504 1428.8
25.09 -182.255 1314.16
25.1 -182.352 1170.06
25.11 -182.96 990.665
25.12 -183.32 763.637
25.13 -182.946 484.694
25.14 -181.388 160.92
25.15 -181.635 -170.764
25.16 -181.487 -499.816
25.17 -179.507 -835.36
25.18 -176.82 -1140.97
25.19 -175.348 -1422.22
25.2 -175.336 -1675.78
25.21 -175.499 -1899.37
25.22 -174.815 -2085.2
25.23 -172.808 -2238.19
25.24 -170.778 -2362.13
25.25 -170.576 -2458.36
25.26 -171.186 -2528.92
25.27 -171.606 -2567.11
25.28 -171.255 -2568.4
25.29 -170.474 -2533.6
25.3 -170.121 -2466.39
25.31 -170.803 -2369.8
25.32 -172.931 -2236.62
25.33 -174.495 -2062.63
25.34 -174.882 -1842.54
25.35 -175.036 -1570.46
25.36 -176.094 -1242.81
25.37 -178.819 -849.065
25.38 -181.675 -389.654
25.39 -184.273 112.729
25.4 -188.422 652.626
25.41 -188.05 1126.12
25.42 -185.543 1519.67
25.43 -182.946 1840.68
25.44 -182.944 2107.79
25.45 -185.5 2332.65
25.46 -187.255 2501.44
25.47 -187.965 2624.23
25.48 -187.429 2701.04
25.49 -186.211 2738.98
25.5 -185.531 2743.18
25.51 -185.84 2712.35
25.52 -186.647 2643.21
25.53 -187.167 2527.74
25.54 -186.853 2358.49
25.55 -185.195 2139.69
25.56 -183.825 1868.61
25.57 -183.75 1538.58
25.58 -184.698 1132.19
25.59 -186.994 640.817
25.6 -186.997 48.1348
25.61 -185.907 -546.542
25.62 -181.491 -1098.94
25.63 -175.784 -1578
25.64 -173.461 -1987.06
25.65 -173.467 -2354.15
25.66 -173.987 -2673.23
25.67 -171.674 -2942.28
25.68 -167.679 -3035.83
25.69 -164.747 -3086.39
25.7 -164.721 -3146.38
25.71 -166.642 -3194.71
25.72 -168.037 -3217.59
25.73 -167.435 -3193.36
25.74 -165.411 -3100.46
25.75 -164.445 -2949.43
25.76 -166.215 -2752.28
25.77 -170.445 -2521.81
25.78 -175.166 -2241.24
25.79 -177.181 -1896.75
25.8 -177.079 -1485.16
25.81 -176.423 -1015.25
25.82 -177.236 -507.671
25.83 -179.703 -1.80638
25.84 -184.425 479.675
25.85 -187.09 918.483
25.86 -183.936 1209.17
25.87 -184.589 1495.21
25.88 -185.758 1747.69
25.89 -186.241 1972.8
25.9 -185.995 2169.7
25.91 -185.064 2337.19
25.92 -184.909 2485.04
25.93 -186.484 2613.4
25.94 -188.406 2721.25
25.95 -188.911 2802.54
25.96 -187.742 2851.46
25.97 -186.045 2867.82
25.98 -185.226 2851.68
25.99 -185.676 2798.43
26 -186.608 2699.83
26.01 -186.722 2545.8
26.02 -186.219 2327.03
26.03 -184.42 2054.3
26.04 -183.475 1720.6
26.05 -184.607 1316.24
26.06 -188.026 814.614
26.07 -188.26 202.76
26.08 -185.738 -404.522
26.09 -180.278 -969.485
26.1 -174.914 -1459.26
26.11 -173.371 -1886.4
26.12 -174.914 -2262.51
26.13 -175.337 -2590.3
26.14 -172.377 -2859.28
26.15 -167.929 -2960.88
26.16 -164.873 -3053.44
26.17 -164.696 -3140.71
26.18 -166.593 -3210.33
26.19 -167.7 -3242.05
26.2 -167.336 -3245.12
26.21 -165.52 -3193.63
26.22 -164.185 -3091.36
26.23 -165.15 -2941.12
26.24 -168.089 -2740.59
26.25 -171.16 -2485.09
26.26 -174.073 -2162.65
26.27 -175.38 -1757.59
26.28 -176.945 -1258.56
26.29 -178.685 -646.698
26.3 -179.994 39.4567
26.31 -184.871 733.244
26.32 -187.148 1224.15
26.33 -196.368 1753.82
26.34 -198.072 2237.83
26.35 -190.002 2642.7
26.36 -182.196 2943.06
26.37 -181.541 3060.52
26.38 -189.122 3238.4
26.39 -197.269 3421.03
26.4 -199.515 3549.74
26.41 -194.888 3618.23
26.42 -188.652 3656.76
26.43 -185.846 3699.51
26.44 -188.539 3760.13
26.45 -194.13 3821.47
26.46 -198.338 3857.55
26.47 -197.918 3836.69
26.48 -193.439 3746.69
26.49 -188.483 3608.96
26.5 -187.284 3443.8
26.51 -190.487 3255.94
26.52 -194.506 3029.24
26.53 -195.539 2737.73
26.54 -192.618 2371.34
26.55 -187.786 1937.39
26.56 -185.745 1438.77
26.57 -187.932 847.826
26.58 -189.594 199.712
26.59 -189.752 -444.128
26.6 -178.074 -860.574
26.61 -168.107 -1106.28
26.62 -174.466 -1311.76
26.63 -194.45 -1625.42
26.64 -204.778 -2077.69
26.65 -188.114 -2409.16
26.66 -162.782 -2629.67
26.67 -150.205 -2721.96
26.68 -159.507 -2866.03
26.69 -178.808 -3045.29
26.7 -188.667 -3175.88
26.71 -180.101 -3224.33
26.72 -162.851 -3204.79
26.73 -151.794 -3201.05
26.74 -154.018 -3265.81
26.75 -166.04 -3379.22
26.76 -177.269 -3476.22
26.77 -178.052 -3497.19
26.78 -168.069 -3435.56
26.79 -156.317 -3340.77
26.8 -152.717 -3259.4
26.81 -159.842 -3205.14
26.82 -172.17 -3141.06
26.83 -179.927 -3003.41
26.84 -175.898 -2766.83
26.85 -165.026 -2460.47
26.86 -159.164 -2140.02
26.87 -165.755 -1831.45
26.88 -180.915 -1482.78
26.89 -190.296 -1033.16
26.9 -184.321 -477.393
26.91 -171.522 103.153
26.92 -168.86 670.188
26.93 -174.361 1023.91
26.94 -185.408 1201.99
26.95 -204.937 1585.36
26.96 -204.803 1962.21
26.97 -187.047 2236.57
26.98 -171.44 2459.33
26.99 -172.375 2706.26
27 -186.242 2906.19
27.01 -200.2 3043.99
27.02 -201.93 3098.7
27.03 -190.707 3079.99
27.04 -177.97 3042.28
27.05 -175.745 3043.2
27.06 -185.248 3086.56
27.07 -197.519 3108.7
27.08 -200.789 3053.39
27.09 -192.079 2904.11
27.1 -180.105 2707.79
27.11 -175.841 2521.52
27.12 -183.255 2354.86
27.13 -194.681 2173.34
27.14 -197.869 1913.22
27.15 -188.092 1570.42
27.16 -175.69 1183.87
27.17 -173.84 779.514
27.18 -184.18 357.204
27.19 -194.395 -89.279
27.2 -191.588 -560.929
27.21 -177.502 -984.559
27.22 -168.994 -1329.55
27.23 -171.795 -1656.44
27.24 -179.331 -1963.44
27.25 -182.079 -2207.21
27.26 -175.741 -2369.91
27.27 -167.923 -2485.37
27.28 -164.841 -2593.88
27.29 -168.289 -2705.06
27.3 -174.104 -2798.04
27.31 -176.505 -2846.04
27.32 -173.187 -2836.44
27.33 -167.483 -2782.01
27.34 -165.035 -2710.73
27.35 -168.205 -2634.58
27.36 -174.224 -2539.89
27.37 -177.693 -2398.85
27.38 -176.538 -2191.41
27.39 -172.44 -1938.75
27.4 -171.343 -1652.76
27.41 -175.855 -1333.71
27.42 -183.512 -949.357
27.43 -187.891 -479.455
27.44 -184.641 38.6331
27.45 -182.368 528.3
27.46 -183.458 1003.74
27.47 -186.314 1428.65
27.48 -188.033 1793.05
27.49 -187.456 2103.46
27.5 -186.348 2362.5
27.51 -185.805 2593.43
27.52 -187.406 2790.16
27.53 -188.93 2952.98
27.54 -189.561 3046.61
27.55 -189.12 3087.56
27.56 -188.079 3107.48
27.57 -187.546 3110.4
27.58 -188.281 3098.37
27.59 -189.453 3055.71
27.6 -189.83 2977.64
27.61 -188.862 2862.6
27.62 -187.249 2716.48
27.63 -186.343 2544.72
27.64 -187.053 2346.63
27.65 -187.753 2126.52
27.66 -187.694 1868.64
27.67 -185.844 1573.83
27.68 -183.72 1244.67
27.69 -183.076 882.772
27.7 -183.935 490.453
27.71 -183.931 105.177
27.72 -184.114 -281.819
27.73 -182.095 -675.951
27.74 -178.837 -1020.31
27.75 -176.742 -1316.15
27.76 -176.495 -1573.59
27.77 -176.762 -1800.65
27.78 -175.838 -1990.29
27.79 -173.86 -2139.46
27.8 -171.88 -2261.06
27.81 -171.829 -2366.65
27.82 -173.12 -2454.47
27.83 -173.869 -2520.95
27.84 -173.12 -2561.68
27.85 -171.539 -2580.2
27.86 -170.548 -2581.98
27.87 -170.964 -2568.89
27.88 -172.304 -2537.25
27.89 -173.324 -2480.08
27.9 -173.268 -2392.99
27.91 -172.896 -2274.97
27.92 -173.162 -2129.4
27.93 -174.167 -1959.79
27.94 -175.942 -1756.29
27.95 -177.538 -1512.68
27.96 -178.421 -1224.44
27.97 -180.099 -894.986
27.98 -181.58 -507.865
27.99 -182.326 -95.1203
28 -184.409 302.435
28.01 -185.649 682.725
28.02 -184.527 1035.93
28.03 -182.932 1342.81
28.04 -183.388 1604.81
28.05 -185.605 1829.89
28.06 -187.092 2016.64
28.07 -186.969 2157.48
28.08 -185.667 2255.12
28.09 -184.689 2319.5
28.1 -185.191 2355.74
28.11 -186.699 2362.81
28.12 -187.701 2335.48
28.13 -187.148 2270.99
28.14 -185.575 2174
28.15 -184.441 2053.45
28.16 -184.964 1908.23
28.17 -185.975 1739.94
28.18 -186.142 1541.74
28.19 -184.824 1314.65
28.2 -183.186 1054.29
28.21 -182.106 771.138
28.22 -182.313 468.712
28.23 -183.244 163.045
28.24 -183.829 -164.136
28.25 -182.135 -503.871
28.26 -178.486 -826.255
28.27 -176.838 -1107.49
28.28 -177.47 -1373.38
28.29 -178.425 -1616.58
28.3 -177.323 -1825.57
28.31 -174.621 -2002.17
28.32 -172.275 -2154.66
28.33 -171.844 -2293.58
28.34 -173.1 -2412.47
28.35 -173.962 -2503.47
28.36 -173.002 -2560.29
28.37 -170.968 -2585.02
28.38 -169.786 -2587.1
28.39 -170.517 -2571.44
28.4 -172.413 -2534.4
28.41 -173.743 -2467.65
28.42 -173.584 -2367.08
28.43 -173.05 -2231.89
28.44 -173.145 -2071.78
28.45 -174.288 -1890.09
28.46 -176.687 -1674.56
28.47 -178.448 -1420.13
28.48 -179.332 -1120.85
28.49 -179.989 -784.018
28.5 -181.176 -386.254
28.51 -182.428 15.7453
28.52 -185.461 403.764
28.53 -186.022 777.179
28.54 -184.041 1113.94
28.55 -182.389 1408.46
28.56 -183.57 1667.04
28.57 -186.494 1893.25
28.58 -188.061 2086.98
28.59 -187.679 2238.32
28.6 -185.913 2358.98
28.61 -185.073 2459.63
28.62 -186.217 2544
28.63 -188.26 2607.44
28.64 -189.295 2642.24
28.65 -188.512 2644.34
28.66 -186.677 2617.72
28.67 -185.537 2569.16
28.68 -186.079 2500.41
28.69 -187.526 2406.58
28.7 -188.03 2280.83
28.71 -186.603 2119
28.72 -184.691 1918.86
28.73 -183.676 1685.58
28.74 -184.34 1412.79
28.75 -185.546 1084.86
28.76 -184.978 698.185
28.77 -182.908 273.166
28.78 -182.721 -177.995
28.79 -183.574 -664.006
28.8 -181.831 -1094.58
28.81 -178.659 -1474.89
28.82 -175.439 -1803.71
28.83 -173.717 -2091.68
28.84 -173.197 -2354.39
28.85 -173.61 -2581.05
28.86 -171.828 -2757.6
28.87 -169.578 -2905.9
28.88 -168.24 -2948.62
28.89 -168.462 -2983.58
28.9 -169.391 -3011.55
28.91 -170.027 -3026.49
28.92 -169.54 -3022.63
28.93 -168.498 -2980.75
28.94 -168.085 -2906.69
28.95 -168.97 -2805.28
28.96 -170.642 -2674.84
28.97 -172.059 -2512.34
28.98 -172.972 -2313.72
28.99 -174.011 -2075.7
29 -174.79 -1802.12
29.01 -176.256 -1480.48
29.02 -178.081 -1105.19
29.03 -180.076 -672.193
29.04 -181.678 -200.783
29.05 -184.9 297.386
29.06 -188.121 817.326
29.07 -188.026 1265.18
29.08 -186.137 1657.93
29.09 -184.305 2000.85
29.1 -184.704 2299.04
29.11 -186.139 2563.18
29.12 -189.276 2798.72
29.13 -190.641 2999.39
29.14 -189.707 3064.69
29.15 -187.782 3101.17
29.16 -186.841 3133.61
29.17 -188.01 3168.54
29.18 -189.872 3190.02
29.19 -190.909 3184.74
29.2 -190.12 3131.04
29.21 -188.274 3034.27
29.22 -186.916 2902.93
29.23 -187.135 2748.31
29.24 -188.231 2559.94
29.25 -189.132 2327.39
29.26 -188.076 2052.29
29.27 -186.045 1727.94
29.28 -184.147 1352.56
29.29 -183.904 918.763
29.3 -184.513 431.784
29.31 -185.177 -72.9292
29.32 -184.978 -564.152
29.33 -182.986 -1051.52
29.34 -179.988 -1470.99
29.35 -176.164 -1791.69
29.36 -174.037 -2080.7
29.37 -172.927 -2344.82
29.38 -173.507 -2577.73
29.39 -172.805 -2779.41
29.4 -170.858 -2917.7
29.41 -168.645 -2957.36
29.42 -167.594 -2994.24
29.43 -168.245 -3029.53
29.44 -169.563 -3057.42
29.45 -169.947 -3069.26
29.46 -169.084 -3061.49
29.47 -167.751 -3016.94
29.48 -167.452 -2944.82
29.49 -168.713 -2847.83
29.5 -170.83 -2724.75
29.51 -172.11 -2567.67
29.52 -172.163 -2376.23
29.53 -172.796 -2147.27
29.54 -173.764 -1891.21
29.55 -175.929 -1596.82
29.56 -178.087 -1254.18
29.57 -179.164 -860.434
29.58 -179.532 -417.689
29.59 -180.304 25.3383
29.6 -185.265 472.34
29.61 -188.489 936.68
29.62 -187.662 1319.68
29.63 -184.575 1636.71
29.64 -182.103 1900.33
29.65 -182.954 2131.65
29.66 -186.278 2341.5
29.67 -189.066 2523.64
29.68 -189.354 2661.59
29.69 -187.544 2757.84
29.7 -185.421 2823.16
29.71 -185.119 2867.11
29.72 -186.884 2889.83
29.73 -189.059 2883.97
29.74 -189.381 2835.86
29.75 -187.503 2744.53
29.76 -185.124 2619.53
29.77 -184.514 2469.65
29.78 -186.357 2292.33
29.79 -187.393 2084.35
29.8 -186.692 1826.24
29.81 -184.125 1523.75
29.82 -182.398 1173.26
29.83 -183.934 785.222
29.84 -186.196 328.01
29.85 -185.052 -150.503
29.86 -181.695 -595.934
29.87 -177.63 -1004.35
29.88 -175.158 -1368.36
29.89 -175.217 -1690.39
29.9 -176.18 -1973.44
29.91 -175.77 -2209.79
29.92 -172.803 -2406.77
29.93 -170.245 -2566.63
29.94 -168.906 -2705.56
29.95 -169.249 -2824.22
29.96 -170.427 -2910.4
29.97 -171.007 -2941.79
29.98 -170.02 -2948.2
29.99 -168.414 -2930.53
30 -167.952 -2886.98
30.01 -169.149 -2820.16
30.02 -171.072 -2726.45
30.03 -172.275 -2599.95
30.04 -172.209 -2439.23
30.05 -172.369 -2245.25
30.06 -173.314 -2023.42
30.07 -175.207 -1771.73
30.08 -177.402 -1478.01
30.09 -179.143 -1133.22
30.1 -179.298 -742.684
30.11 -179.848 -312.514
30.12 -182.199 130.021
30.13 -187.282 595.528
30.14 -187.469 1013.75
30.15 -184.804 1366.89
30.16 -183.22 1670
30.17 -183.506 1936.66
30.18 -185.755 2171.77
30.19 -187.638 2373.48
30.2 -187.737 2538.2
30.21 -186.664 2652.7
30.22 -185.84 2736.35
30.23 -186.13 2796.34
30.24 -187.348 2831.68
30.25 -188.379 2836.51
30.26 -188.166 2803.7
30.27 -186.834 2733.48
30.28 -185.579 2632.89
30.29 -185.531 2506.02
30.3 -186.909 2348.02
30.31 -187.166 2157.09
30.32 -185.761 1925.07
30.33 -183.826 1653.5
30.34 -182.91 1343.38
30.35 -184.606 987.996
30.36 -186.467 575.294
30.37 -184.594 118.355
30.38 -182.145 -332.1
30.39 -179.198 -754.805
30.4 -177.606 -1131.65
30.41 -176.424 -1469.2
30.42 -175.728 -1762.64
30.43 -175.181 -2014
30.44 -173.837 -2226.49
30.45 -171.887 -2406.68
30.46 -170.898 -2555.19
30.47 -170.397 -2678.93
30.48 -170.193 -2775.22
30.49 -170.086 -2842.14
30.5 -169.876 -2877.29
30.51 -169.637 -2880.71
30.52 -169.604 -2853.74
30.53 -169.919 -2797.57
30.54 -170.513 -2712.82
30.55 -171.141 -2599.02
30.56 -171.686 -2456.65
30.57 -172.805 -2285.34
30.58 -174.289 -2081.48
30.59 -175.301 -1846.92
30.6 -176.426 -1571.69
30.61 -177.693 -1252.34
30.62 -178.876 -886.55
30.63 -180.373 -473.077
30.64 -182.313 -44.9868
30.65 -185.973 413.965
30.66 -186.118 847.099
30.67 -184.63 1211.86
30.68 -183.994 1535.05
30.69 -184.39 1811.51
30.7 -185.436 2055.92
30.71 -186.708 2259.52
30.72 -186.829 2432.12
30.73 -186.368 2569.85
30.74 -186.629 2673.27
30.75 -186.993 2746.97
30.76 -187.303 2790.75
30.77 -187.305 2801.99
30.78 -187.057 2780.98
30.79 -186.697 2727.85
30.8 -186.492 2645.03
30.81 -186.553 2531.94
30.82 -186.998 2384.23
30.83 -186.428 2203.61
30.84 -184.958 1989.86
30.85 -184.089 1738.47
30.86 -183.921 1451.55
30.87 -184.857 1116.35
30.88 -185.769 739.376
30.89 -184.59 301.641
30.9 -181.906 -146.148
30.91 -180.612 -566.671
30.92 -179.265 -960.134
30.93 -177.341 -1309.28
30.94 -175.557 -1611.65
30.95 -174.729 -1872.84
30.96 -174.379 -2096.32
30.97 -173.293 -2288.96
30.98 -171.996 -2446.59
30.99 -171.077 -2574.11
31 -170.327 -2674.59
31.01 -169.958 -2747.78
31.02 -169.996 -2792.85
31.03 -170.206 -2807.99
31.04 -170.329 -2791.65
31.05 -170.355 -2744.42
31.06 -170.468 -2667.98
31.07 -170.849 -2563.9
31.08 -171.585 -2433.58
31.09 -173.097 -2274.19
31.1 -174.56 -2081.67
31.11 -175.219 -1857.42
31.12 -175.904 -1594.64
31.13 -177.234 -1289.23
31.14 -178.787 -939.392
31.15 -180.251 -544.99
31.16 -182.039 -128.982
31.17 -184.914 317.13
31.18 -185.723 748.829
31.19 -184.698 1119.4
31.2 -184.107 1450.49
