
  Node: 3
	Coordinates  : 0 144 
	Disps: 15.1 0.27419 -0.0100869 
	unbalanced Load: 69.4797 -180 0 
	ID : 3 4 5 


  Node: 3
	Coordinates  : 0 144 
	Disps: 15.1 0.27419 -0.0100869 
	unbalanced Load: 69.4797 -180 0 
	ID : 3 4 5 


  Node: 3
	Coordinates  : 0 144 
	Disps: 15.1 0.27419 -0.0100869 
	unbalanced Load: 69.4797 -180 0 
	ID : 3 4 5 


  Node: 3
	Coordinates  : 0 144 
	Disps: 15.1 0.27419 -0.0100869 
	unbalanced Load: 69.4797 -180 0 
	ID : 3 4 5 


  Node: 3
	Coordinates  : 0 144 
	Disps: 15.1 0.27419 -0.0100869 
	unbalanced Load: 69.4797 -180 0 
	ID : 3 4 5 


  Node: 3
	Coordinates  : 0 144 
	Disps: 15.1 0.27419 -0.0100869 
	unbalanced Load: 69.4797 -180 0 
	ID : 3 4 5 


  Node: 3
	Coordinates  : 0 144 
	Disps: 15.1 0.27419 -0.0100869 
	unbalanced Load: 69.4797 -180 0 
	ID : 3 4 5 


  Node: 3
	Coordinates  : 0 144 
	Disps: 15.1 0.27419 -0.0100869 
	unbalanced Load: 69.4797 -180 0 
	ID : 3 4 5 


  Node: 3
	Coordinates  : 0 144 
	Disps: 15.1 0.27419 -0.0100869 
	unbalanced Load: 69.4797 -180 0 
	ID : 3 4 5 

