1.25725 0.1 -0.0180304 -3.38737e-18 0.0999932 -0.0186669 -5.10063e-18
2.08562 0.2 -0.0153156 7.67829e-19 0.199962 -0.0167245 9.16549e-19
2.7687 0.3 -0.0111876 -1.07459e-18 0.299931 -0.0134805 -1.82897e-18
3.39959 0.4 -0.0063558 3.09022e-17 0.399908 -0.00955535 3.0207e-17
3.99181 0.5 -0.000658278 1.47846e-17 0.499878 -0.00509331 2.32498e-17
4.51784 0.6 0.00574333 8.84842e-18 0.599826 -7.49632e-05 1.75812e-17
4.88925 0.7 0.0129363 3.31865e-17 0.699806 0.00599902 3.9741e-17
5.23991 0.8 0.0204895 4.21571e-17 0.799779 0.012224 4.43915e-17
5.5314 0.9 0.0288573 6.09719e-17 0.899704 0.0187134 4.63321e-17
5.70993 1 0.037801 1.48755e-16 0.99969 0.0263754 3.6764e-16
5.85207 1.1 0.0465826 3.19378e-16 1.09971 0.0334497 4.99469e-16
5.96721 1.2 0.0552575 1.55623e-15 1.19968 0.0402832 2.22904e-15
6.06358 1.3 0.0642902 -8.35757e-16 1.29965 0.0468978 -1.16279e-15
6.13727 1.4 0.0729369 -2.56169e-16 1.39966 0.0541808 -3.92341e-16
6.19 1.5 0.0815709 5.67034e-18 1.49969 0.0599128 -2.26265e-16
6.23991 1.6 0.0899786 -4.01546e-15 1.59972 0.0650634 -2.23238e-15
6.29097 1.7 0.0993627 -3.32724e-16 1.69965 0.07192 -1.58635e-16
6.33647 1.8 0.110068 -1.48075e-16 1.79957 0.0790072 -3.86188e-17
6.37287 1.9 0.120128 -1.39211e-16 1.89948 0.0861474 -7.24136e-17
6.39 2 0.130564 -3.12214e-16 1.99945 0.0946857 -1.04505e-16
6.38685 2.1 0.140427 -1.99606e-16 2.09945 0.10392 -1.15573e-16
6.37944 2.2 0.150133 -2.56236e-16 2.19946 0.113114 -1.15388e-16
6.36933 2.3 0.159734 -3.07959e-16 2.29947 0.122157 -1.80983e-16
6.3555 2.4 0.16919 -9.35025e-16 2.39948 0.131011 -9.63299e-16
6.33592 2.5 0.178434 -3.69019e-16 2.49949 0.139574 -1.7408e-16
6.29415 2.6 0.18684 -1.76738e-16 2.59955 0.146583 2.81461e-17
6.27267 2.7 0.195564 -3.13152e-16 2.6996 0.154088 -1.74976e-16
6.26583 2.8 0.204372 -2.83739e-16 2.79958 0.161805 -1.31992e-16
6.27172 2.9 0.213675 1.23925e-16 2.89958 0.169817 2.64483e-16
6.2795 3 0.223007 1.49163e-15 2.99959 0.178001 1.91242e-15
6.28692 3.1 0.232315 1.76132e-15 3.09959 0.18608 2.08177e-15
6.29382 3.2 0.241598 5.51776e-16 3.1996 0.193999 9.19266e-16
6.30011 3.3 0.25085 -5.44945e-16 3.29961 0.201636 -2.12046e-16
6.30619 3.4 0.260074 -2.26581e-16 3.39961 0.209199 -1.38391e-16
6.31203 3.5 0.269267 -1.09917e-16 3.49962 0.216673 2.39872e-16
6.3176 3.6 0.278426 -7.90009e-16 3.59963 0.224038 -5.02977e-16
6.32283 3.7 0.287549 -4.4128e-16 3.69964 0.231264 -1.31983e-16
6.32762 3.8 0.296625 -1.81353e-16 3.79965 0.2383 2.83955e-16
6.33183 3.9 0.305645 -6.67768e-16 3.89967 0.24505 -2.87922e-16
6.33568 4 0.314612 -3.04153e-16 3.99968 0.251334 2.03038e-16
6.33867 4.1 0.323515 -3.09957e-15 4.09969 0.255111 -2.48846e-15
6.32894 4.2 0.332626 3.01079e-15 4.19974 0.257109 3.36652e-15
6.34775 4.3 0.341897 -1.52704e-15 4.29972 0.263665 -1.05002e-15
6.35435 4.4 0.35113 -1.34674e-15 4.39973 0.270662 -9.56404e-16
6.36081 4.5 0.360333 -1.52188e-15 4.49974 0.277574 -1.14017e-15
6.3672 4.6 0.369503 -1.43678e-15 4.59975 0.284442 -1.06718e-15
6.37349 4.7 0.378634 -1.57571e-15 4.69976 0.291244 -9.90416e-16
6.37965 4.8 0.387719 -1.4384e-15 4.79977 0.297956 -9.52749e-16
6.38565 4.9 0.396756 -1.57584e-15 4.89978 0.304559 -1.08029e-15
6.39142 5 0.405732 -1.52448e-15 4.99979 0.310996 -9.17466e-16
6.39681 5.1 0.414634 -1.79929e-15 5.0998 0.317112 -1.13762e-15
6.40154 5.2 0.423653 -2.5687e-15 5.19982 0.322562 -2.58111e-15
6.39186 5.3 0.432202 -5.56156e-15 5.29987 0.324113 -3.8273e-16
6.40517 5.4 0.441512 -3.54149e-15 5.39986 0.328648 -5.36988e-16
6.41691 5.5 0.450749 -7.99621e-15 5.49986 0.334947 -6.5677e-17
6.42427 5.6 0.459782 -6.29667e-15 5.59987 0.3417 -2.9458e-16
6.43156 5.7 0.468724 -5.03466e-15 5.69988 0.348451 -4.35421e-16
6.4392 5.8 0.477778 -7.07615e-15 5.79989 0.355196 -2.87565e-16
6.44711 5.9 0.486926 -8.23493e-15 5.8999 0.361929 3.83818e-17
6.45496 6 0.49601 -6.29461e-15 5.99992 0.368645 -4.02341e-16
6.46276 6.1 0.505002 -7.82504e-15 6.09993 0.375356 -1.09869e-16
6.47048 6.2 0.513855 -5.37705e-15 6.19994 0.382062 -1.5375e-16
6.47807 6.3 0.52244 -6.85589e-15 6.29995 0.388765 -6.24461e-17
6.48526 6.4 0.530707 -6.89149e-15 6.39996 0.395466 1.86456e-17
6.48621 6.5 0.535311 -6.69833e-15 6.49995 0.402192 3.79303e-16
6.48677 6.6 0.538522 -7.20223e-15 6.59994 0.408952 -1.79211e-16
6.48765 6.7 0.542458 -7.01931e-15 6.69994 0.415683 -3.33053e-16
6.48848 6.8 0.546331 -7.15923e-15 6.79993 0.422406 -2.27988e-16
6.49008 6.9 0.550327 -6.5199e-15 6.89993 0.429202 -9.85777e-17
6.49509 7 0.554777 -3.35219e-15 6.99993 0.43601 -2.91015e-16
6.51948 7.1 0.561589 -3.72738e-15 7.09998 0.442787 -9.27292e-17
6.52955 7.2 0.56963 1.01378e-16 7.19999 0.449634 1.34517e-15
6.53762 7.3 0.577839 -7.64941e-17 7.3 0.456498 1.16721e-15
6.54563 7.4 0.585925 -2.98776e-16 7.40001 0.463359 1.26701e-15
6.55352 7.5 0.593758 -1.90863e-16 7.50002 0.470217 5.96885e-16
6.56089 7.6 0.601022 -2.55125e-16 7.60002 0.477071 4.23327e-16
6.56192 7.7 0.604319 5.66603e-16 7.70002 0.483878 -1.44605e-15
6.56254 7.8 0.607537 -8.64244e-16 7.80001 0.490669 -6.83772e-16
6.56369 7.9 0.610901 -2.81439e-16 7.9 0.497464 5.47097e-16
6.56483 8 0.61425 -9.39021e-16 7.99999 0.504255 -7.85979e-16
6.56618 8.1 0.617584 2.33565e-16 8.09998 0.511077 1.47851e-15
6.57467 8.2 0.621799 -1.40199e-15 8.19999 0.518025 -1.51899e-15
6.59562 8.3 0.627608 -1.25806e-15 8.30003 0.525138 -1.00265e-15
6.60678 8.4 0.634651 -1.08509e-15 8.40004 0.532147 -8.54571e-16
6.61475 8.5 0.6422 -9.70549e-16 8.50004 0.539142 -7.75365e-16
6.6227 8.6 0.649708 -8.17811e-16 8.60005 0.546135 -4.62318e-16
6.63063 8.7 0.657164 -1.09182e-15 8.70005 0.553128 4.4989e-17
6.63851 8.8 0.664552 -1.19262e-15 8.80006 0.560121 -5.36222e-16
6.64635 8.9 0.671845 -1.01525e-15 8.90006 0.567113 -4.03382e-16
6.6541 9 0.67899 -9.82343e-16 9.00007 0.574107 -6.34433e-16
6.66169 9.1 0.685832 -6.25616e-16 9.10007 0.581102 -8.43554e-16
6.65911 9.2 0.688626 -1.5099e-15 9.20005 0.588149 -3.30831e-16
6.64803 9.3 0.690293 -2.11652e-15 9.30001 0.595206 -1.7091e-16
6.63978 9.4 0.692262 -2.02011e-15 9.39997 0.602258 -4.65254e-16
6.63151 9.5 0.694215 -6.88103e-16 9.49994 0.609309 -4.78809e-16
6.62324 9.6 0.696148 -6.92069e-16 9.5999 0.616359 -8.03512e-16
6.62444 9.7 0.699236 -7.10813e-16 9.69989 0.623394 -7.99495e-16
6.63803 9.8 0.703926 -4.32183e-16 9.79991 0.630411 8.24996e-18
6.66454 9.9 0.710355 -8.54726e-16 9.89996 0.637407 2.11885e-16
6.6907 10 0.716687 -1.03611e-15 10 0.644402 -2.77989e-16
6.71633 10.1 0.722866 -2.0072e-15 10.1001 0.651396 -3.21236e-16
6.72593 10.2 0.729731 -8.89267e-16 10.2001 0.658372 -4.58362e-16
6.73356 10.3 0.736486 4.28018e-16 10.3001 0.665346 -5.8455e-16
6.74075 10.4 0.742437 -2.41799e-15 10.4001 0.672322 6.71107e-16
6.72687 10.5 0.74364 6.32474e-16 10.5 0.679035 -1.22489e-15
6.71412 10.6 0.745356 -1.43651e-15 10.6 0.685767 -6.07003e-18
6.70137 10.7 0.747072 -1.41291e-15 10.6999 0.692498 1.18955e-16
6.68861 10.8 0.748787 -9.64368e-16 10.7999 0.699228 -3.76127e-16
6.69489 10.9 0.752745 1.80838e-17 10.8999 0.706216 -1.22177e-15
6.71033 11 0.7579 -3.73845e-16 10.9999 0.713324 -6.9112e-16
6.73293 11.1 0.763994 -6.18911e-16 11.1 0.720526 -1.22965e-16
6.75538 11.2 0.770068 -6.87866e-16 11.2 0.727722 -3.14278e-17
6.77756 11.3 0.776106 -1.94088e-15 11.3 0.734913 -1.98355e-17
6.79545 11.4 0.78252 -2.0856e-15 11.4001 0.742031 -8.06672e-17
6.803 11.5 0.789973 -2.5153e-15 11.5001 0.748978 9.28034e-16
6.81054 11.6 0.797426 -2.71547e-15 11.6001 0.755923 1.2252e-15
6.81809 11.7 0.804879 -2.09958e-15 11.7001 0.762866 1.00109e-15
6.82564 11.8 0.812332 -9.67548e-16 11.8001 0.769807 2.30071e-16
6.83318 11.9 0.819784 -1.38731e-15 11.9001 0.776745 8.52841e-16
6.84072 12 0.827236 -9.74328e-16 12.0001 0.78368 9.88395e-17
6.8482 12.1 0.834747 -1.76304e-15 12.1001 0.790612 6.69014e-17
6.8554 12.2 0.842535 -1.63583e-15 12.2001 0.797532 2.7256e-16
6.86259 12.3 0.850323 -2.41979e-15 12.3001 0.804449 8.40203e-16
6.86978 12.4 0.858111 -4.20623e-15 12.4001 0.811364 9.20378e-16
6.87697 12.5 0.865898 -2.88418e-15 12.5001 0.818276 1.14413e-15
6.88415 12.6 0.873686 -1.31597e-15 12.6001 0.825186 4.55058e-16
6.89134 12.7 0.881473 -2.1753e-15 12.7001 0.832092 6.53437e-16
6.89852 12.8 0.88926 -1.11503e-15 12.8001 0.838996 2.28344e-16
6.90569 12.9 0.897047 -1.04827e-15 12.9001 0.845896 5.63105e-16
6.91287 13 0.904835 -2.98199e-15 13.0002 0.852793 3.73045e-16
6.92004 13.1 0.912622 -2.55325e-15 13.1002 0.859687 9.66647e-16
6.92721 13.2 0.920409 -6.11158e-16 13.2002 0.866578 4.47489e-16
6.93437 13.3 0.928195 -6.3146e-16 13.3002 0.873465 7.25903e-16
6.94149 13.4 0.935983 -1.82713e-15 13.4002 0.880385 9.59168e-16
6.94843 13.5 0.943774 -1.51255e-15 13.5002 0.887438 1.12989e-15
6.95537 13.6 0.951564 4.15801e-17 13.6002 0.894487 -2.65002e-16
6.96229 13.7 0.959356 -1.2928e-15 13.7002 0.901565 1.09013e-15
6.96917 13.8 0.967148 -1.532e-15 13.8002 0.908689 3.93437e-16
6.97604 13.9 0.97494 -1.72706e-15 13.9002 0.915809 7.26405e-16
6.98291 14 0.982732 -2.22517e-15 14.0002 0.922925 6.0635e-16
6.98974 14.1 0.990565 -8.05287e-16 14.1002 0.930037 6.10922e-16
6.99655 14.2 0.998447 -1.74226e-15 14.2002 0.937143 6.66205e-16
7.00335 14.3 1.00633 -2.6496e-15 14.3002 0.944245 1.1574e-15
7.01015 14.4 1.01421 -2.1131e-15 14.4002 0.951342 7.09249e-16
7.01694 14.5 1.02209 -1.23806e-15 14.5002 0.958434 3.80418e-16
7.02373 14.6 1.02997 -2.77791e-15 14.6002 0.965521 1.31881e-15
7.03049 14.7 1.03786 -9.46415e-16 14.7002 0.972639 3.96815e-16
7.03723 14.8 1.04574 -2.04415e-15 14.8003 0.97977 1.24063e-15
7.04397 14.9 1.05362 -2.03049e-15 14.9003 0.986895 7.90707e-16
7.05071 15 1.0615 -7.92321e-16 15.0003 0.994014 9.66984e-17
7.05744 15.1 1.06938 -1.93551e-15 15.1003 1.00113 5.82004e-16
