0 -0.174916
0.05 -0.168289
0.1 -0.155745
0.15 -0.143088
0.2 -0.125048
0.25 -0.103979
0.3 -0.0805129
0.35 -0.0535521
0.4 -0.026231
0.45 0.00138758
0.5 0.0278817
0.55 0.0532983
0.6 0.0725922
0.65 0.085136
0.7 0.0960065
0.75 0.106736
0.8 0.117004
0.85 0.122233
0.9 0.122253
0.95 0.120416
1 0.117621
1.05 0.113173
1.1 0.106933
1.15 0.101004
1.2 0.0941422
1.25 0.0841423
1.3 0.0679808
1.35 0.0464155
1.4 0.0255574
1.45 0.00473511
1.5 -0.0170604
1.55 -0.0415608
1.6 -0.0695747
1.65 -0.0947816
1.7 -0.1172
1.75 -0.137992
1.8 -0.153553
1.85 -0.160462
1.9 -0.160406
1.95 -0.157752
2 -0.150815
2.05 -0.138735
2.1 -0.118529
2.15 -0.0905599
2.2 -0.0615103
2.25 -0.0319481
2.3 -0.00338693
2.35 0.0237051
2.4 0.0491146
2.45 0.0696911
2.5 0.0876918
2.55 0.105775
2.6 0.11974
2.65 0.124698
2.7 0.12487
2.75 0.123763
2.8 0.121491
2.85 0.120254
2.9 0.115424
2.95 0.106156
3 0.0978674
3.05 0.086841
3.1 0.0715489
3.15 0.0569676
3.2 0.0425174
3.25 0.027414
3.3 0.0106459
3.35 -0.0130584
3.4 -0.0405357
3.45 -0.0642152
3.5 -0.0857497
3.55 -0.107206
3.6 -0.126174
3.65 -0.141272
3.7 -0.15286
3.75 -0.160433
3.8 -0.162016
3.85 -0.156743
3.9 -0.142422
3.95 -0.120409
4 -0.0968619
4.05 -0.0734385
4.1 -0.0475167
4.15 -0.0164955
4.2 0.0154256
4.25 0.044024
4.3 0.0707913
4.35 0.0938543
4.4 0.111072
4.45 0.121856
4.5 0.127315
4.55 0.130894
4.6 0.133908
4.65 0.133414
4.7 0.125673
4.75 0.114284
4.8 0.103064
4.85 0.0918443
4.9 0.0811851
4.95 0.0683141
5 0.054
5.05 0.0408495
5.1 0.0231487
5.15 0.00101949
5.2 -0.0190576
5.25 -0.0379239
5.3 -0.0557765
5.35 -0.0739542
5.4 -0.0966151
5.45 -0.118177
5.5 -0.134384
5.55 -0.147079
5.6 -0.154777
5.65 -0.156721
5.7 -0.152285
5.75 -0.142039
5.8 -0.128128
5.85 -0.111173
5.9 -0.088045
5.95 -0.0554702
6 -0.0220233
6.05 0.00798492
6.1 0.0375354
6.15 0.0632765
6.2 0.0872284
6.25 0.108828
6.3 0.124114
6.35 0.136104
6.4 0.144243
6.45 0.144896
6.5 0.138148
6.55 0.127627
6.6 0.117182
6.65 0.107968
6.7 0.096506
6.75 0.0806355
6.8 0.0633983
6.85 0.0468912
6.9 0.0309781
6.95 0.0137416
7 -0.00278517
7.05 -0.0173655
7.1 -0.0339543
7.15 -0.0531655
7.2 -0.0751448
7.25 -0.0959422
7.3 -0.111215
7.35 -0.123111
7.4 -0.13361
7.45 -0.144465
7.5 -0.150363
7.55 -0.14884
7.6 -0.145092
7.65 -0.134391
7.7 -0.114857
7.75 -0.0904844
7.8 -0.0626629
7.85 -0.0349011
7.9 -0.00759258
7.95 0.0227259
8 0.0560586
8.05 0.0853289
8.1 0.109046
8.15 0.127678
8.2 0.138753
8.25 0.146653
8.3 0.148099
8.35 0.143257
8.4 0.139111
8.45 0.131564
8.5 0.117112
8.55 0.0974437
8.6 0.0778913
8.65 0.0598169
8.7 0.0434037
8.75 0.0285404
8.8 0.0100453
8.85 -0.00771086
8.9 -0.0234607
8.95 -0.0416895
9 -0.0594452
9.05 -0.0747786
9.1 -0.0874125
9.15 -0.0993458
9.2 -0.1142
9.25 -0.129977
9.3 -0.14018
9.35 -0.143762
9.4 -0.143424
9.45 -0.138236
9.5 -0.12894
9.55 -0.115131
9.6 -0.0961382
9.65 -0.0747198
9.7 -0.0491176
9.75 -0.0178292
9.8 0.0166227
9.85 0.0495015
9.9 0.0760386
9.95 0.0988583
10 0.120529
10.05 0.139046
10.1 0.151271
10.15 0.15618
10.2 0.15623
10.25 0.14979
10.3 0.136984
10.35 0.119605
10.4 0.100566
10.45 0.0847169
10.5 0.0673671
10.55 0.046584
10.6 0.0245831
10.65 0.00203125
10.7 -0.0161417
10.75 -0.0309065
10.8 -0.0467172
10.85 -0.0617808
10.9 -0.0733287
10.95 -0.0863186
11 -0.102426
11.05 -0.114598
11.1 -0.123159
11.15 -0.128725
11.2 -0.130052
11.25 -0.132602
11.3 -0.134671
11.35 -0.128794
11.4 -0.116395
11.45 -0.100032
11.5 -0.0782113
11.55 -0.052132
11.6 -0.0231167
11.65 0.00633338
11.7 0.0332786
11.75 0.0605279
11.8 0.0905992
11.85 0.118779
11.9 0.138639
11.95 0.151137
12 0.157936
12.05 0.158416
12.1 0.155063
12.15 0.146249
12.2 0.131647
12.25 0.115385
12.3 0.0953264
12.35 0.0701265
12.4 0.043417
12.45 0.0195738
12.5 0.00144593
12.55 -0.0154605
12.6 -0.0345652
12.65 -0.0522633
12.7 -0.0679598
12.75 -0.0820874
12.8 -0.0930936
12.85 -0.102841
12.9 -0.110676
12.95 -0.115098
13 -0.120449
13.05 -0.126982
13.1 -0.130916
13.15 -0.128395
13.2 -0.11872
13.25 -0.107891
13.3 -0.0958498
13.35 -0.0792817
13.4 -0.0585224
13.45 -0.0342197
13.5 -0.00728954
13.55 0.0230958
13.6 0.0548414
13.65 0.0851412
13.7 0.110487
13.75 0.12807
13.8 0.143013
13.85 0.156754
13.9 0.164171
13.95 0.163476
14 0.155814
14.05 0.141131
14.1 0.122606
14.15 0.101646
14.2 0.0755802
14.25 0.0513716
14.3 0.03061
14.35 0.00596491
14.4 -0.0201313
14.45 -0.0432785
14.5 -0.0622674
14.55 -0.0758329
14.6 -0.0851853
14.65 -0.0951982
14.7 -0.105425
14.75 -0.111229
14.8 -0.116598
14.85 -0.122739
14.9 -0.124095
14.95 -0.120822
15 -0.115416
15.05 -0.109968
15.1 -0.10503
15.15 -0.0957162
15.2 -0.0792808
15.25 -0.0584577
15.3 -0.034804
15.35 -0.00976011
15.4 0.0161164
15.45 0.043869
15.5 0.0700355
15.55 0.0939765
15.6 0.118688
15.65 0.141208
15.7 0.158136
15.75 0.165436
15.8 0.162883
15.85 0.157259
15.9 0.148234
15.95 0.133224
16 0.112937
16.05 0.0889812
16.1 0.0629493
16.15 0.0343104
16.2 0.00540936
16.25 -0.0215458
16.3 -0.0435635
16.35 -0.0599568
16.4 -0.076318
16.45 -0.0931677
16.5 -0.107005
16.55 -0.114829
16.6 -0.117846
16.65 -0.119702
16.7 -0.11981
16.75 -0.117461
16.8 -0.114248
16.85 -0.112352
16.9 -0.108562
16.95 -0.099956
17 -0.0874648
17.05 -0.0699821
17.1 -0.0527919
17.15 -0.0376919
17.2 -0.0169786
17.25 0.00868841
17.3 0.0345734
17.35 0.0612775
17.4 0.0883504
17.45 0.11236
17.5 0.132609
17.55 0.146981
17.6 0.154236
17.65 0.160856
17.7 0.164416
17.75 0.157856
17.8 0.143331
17.85 0.122061
17.9 0.0968543
17.95 0.0705965
18 0.0424914
18.05 0.0140134
18.1 -0.0132329
18.15 -0.0377804
18.2 -0.0619515
18.25 -0.0857458
18.3 -0.102967
18.35 -0.112465
18.4 -0.116945
18.45 -0.121018
18.5 -0.124687
18.55 -0.124904
18.6 -0.122862
18.65 -0.117243
18.7 -0.109603
18.75 -0.100989
18.8 -0.0887915
18.85 -0.0760932
18.9 -0.0657138
18.95 -0.0544591
19 -0.0372854
19.05 -0.0147819
19.1 0.00933914
19.15 0.0319954
19.2 0.0535153
19.25 0.0771178
19.3 0.0997304
19.35 0.119506
19.4 0.13769
19.45 0.152749
19.5 0.162347
19.55 0.163702
19.6 0.156423
19.65 0.142525
19.7 0.127024
19.75 0.109847
19.8 0.0852389
19.85 0.0557793
19.9 0.0249162
19.95 -0.00660599
20 -0.0356469
20.05 -0.063095
20.1 -0.0861972
20.15 -0.100923
20.2 -0.11373
20.25 -0.125654
20.3 -0.132922
20.35 -0.136166
20.4 -0.132312
20.45 -0.123059
20.5 -0.115535
20.55 -0.108372
20.6 -0.0977814
20.65 -0.0866494
20.7 -0.0759603
20.75 -0.0626251
20.8 -0.0455639
20.85 -0.025998
20.9 -0.00758997
20.95 0.00863363
21 0.0256261
21.05 0.0463307
21.1 0.0701057
21.15 0.092964
21.2 0.112981
21.25 0.129604
21.3 0.143379
21.35 0.152709
21.4 0.154965
21.45 0.153499
21.5 0.149355
21.55 0.138494
21.6 0.11929
21.65 0.0917262
21.7 0.0612264
21.75 0.0333899
21.8 0.00425118
21.85 -0.0257816
21.9 -0.0532581
21.95 -0.0794669
22 -0.102214
22.05 -0.12056
22.1 -0.13498
22.15 -0.141663
22.2 -0.139441
22.25 -0.134882
22.3 -0.131347
22.35 -0.124915
22.4 -0.11431
22.45 -0.100104
22.5 -0.0839608
22.55 -0.0687431
22.6 -0.0534404
22.65 -0.0368109
22.7 -0.0223131
22.75 -0.0087452
22.8 0.00872146
22.85 0.0283989
22.9 0.0502415
22.95 0.0715379
23 0.0866095
23.05 0.101061
23.1 0.118289
23.15 0.132946
23.2 0.143811
23.25 0.15073
23.3 0.152801
23.35 0.149202
23.4 0.136767
23.45 0.118122
23.5 0.0978097
23.55 0.0753826
23.6 0.0492087
23.65 0.0180904
23.7 -0.0163261
23.75 -0.0494061
23.8 -0.0764177
23.85 -0.0998558
23.9 -0.120479
23.95 -0.133551
24 -0.141471
24.05 -0.146323
24.1 -0.148041
24.15 -0.14479
24.2 -0.133532
24.25 -0.117087
24.3 -0.100177
24.35 -0.0850147
24.4 -0.069583
24.45 -0.0529612
24.5 -0.0349132
24.55 -0.0164568
24.6 9.35567e-05
24.65 0.0184305
24.7 0.0371705
24.75 0.0511489
24.8 0.0636918
24.85 0.079236
24.9 0.0970948
24.95 0.114762
25 0.128649
25.05 0.13603
25.1 0.141279
25.15 0.144282
25.2 0.140388
25.25 0.133727
25.3 0.123001
25.35 0.105959
25.4 0.0851241
25.45 0.0563072
25.5 0.022681
25.55 -0.00777076
25.6 -0.0351161
25.65 -0.063037
25.7 -0.0912816
25.75 -0.115356
25.8 -0.135249
25.85 -0.148685
25.9 -0.15497
25.95 -0.156355
26 -0.149112
26.05 -0.136556
26.1 -0.124156
26.15 -0.111017
26.2 -0.0948962
26.25 -0.0738819
26.3 -0.0503689
26.35 -0.0289305
26.4 -0.0110785
26.45 0.00649904
26.5 0.0235932
26.55 0.0385328
26.6 0.0533768
26.65 0.0683144
26.7 0.0854211
26.75 0.100326
26.8 0.10859
26.85 0.116537
26.9 0.124278
26.95 0.131594
27 0.138256
27.05 0.138242
27.1 0.131553
27.15 0.120983
27.2 0.106288
27.25 0.0843942
27.3 0.0592448