<?xml version="1.0" encoding="UTF-8"?>
 <OpenSees
  xmlns:xsi = "http://www.w3.org/2001/XMLSchema-instance"
  xsi:noNamespaceSchemaLocation = "http://OpenSees.berkeley.edu/xml-schema/xmlns/OpenSees.xsd">
    <NodeOutput nodeTag="6" coord1="20" coord2="0" coord3="0">
        <ResponseType>D1</ResponseType>
    </NodeOutput>
    <Data>
        0.5 -0.362816 
        1 -0.349224 
        1.5 -0.340992 
        2 -0.327288 
        2.5 -0.311664 
        3 -0.296315 
        3.5 -0.277116 
        4 -0.257847 
        4.5 -0.235047 
        5 -0.209188 
        5.5 -0.182801 
        6 -0.156344 
        6.5 -0.132552 
        7 -0.106881 
        7.5 -0.0739548 
        8 -0.0408193 
        8.5 -0.00773797 
        9 0.0236832 
        9.5 0.0509667 
        10 0.0775768 
        10.5 0.0967989 
        11 0.113416 
        11.5 0.133528 
        12 0.154607 
        12.5 0.171854 
        13 0.183299 
        13.5 0.197035 
        14 0.209533 
        14.5 0.219568 
        15 0.230338 
        15.5 0.240473 
        16 0.249956 
        16.5 0.255004 
        17 0.253467 
        17.5 0.247855 
        18 0.244264 
        18.5 0.242608 
        19 0.24266 
        19.5 0.241506 
        20 0.237555 
        20.5 0.238083 
        21 0.236298 
        21.5 0.229023 
        22 0.224703 
        22.5 0.223007 
        23 0.218058 
        23.5 0.209041 
        24 0.195732 
        24.5 0.179667 
        25 0.165533 
        25.5 0.149969 
        26 0.136013 
        26.5 0.12307 
        27 0.108597 
        27.5 0.0945059 
        28 0.0731652 
        28.5 0.0488564 
        29 0.0254599 
        29.5 0.00236583 
        30 -0.0212551 
        30.5 -0.0506013 
        31 -0.0800177 
        31.5 -0.108337 
        32 -0.138561 
        32.5 -0.168281 
        33 -0.193451 
        33.5 -0.211713 
        34 -0.228686 
        34.5 -0.251041 
        35 -0.2733 
        35.5 -0.291167 
        36 -0.30995 
        36.5 -0.325718 
        37 -0.337324 
        37.5 -0.345284 
        38 -0.349147 
        38.5 -0.351865 
        39 -0.350599 
        39.5 -0.347371 
        40 -0.335424 
        40.5 -0.313988 
        41 -0.295117 
        41.5 -0.275631 
        42 -0.253171 
        42.5 -0.231124 
        43 -0.20983 
        43.5 -0.186216 
        44 -0.158138 
        44.5 -0.125484 
        45 -0.0916657 
        45.5 -0.06149 
        46 -0.0318222 
        46.5 -0.000325091 
        47 0.0324962 
        47.5 0.0645327 
        48 0.095147 
        48.5 0.122847 
        49 0.145624 
        49.5 0.164792 
        50 0.178081 
        50.5 0.190709 
        51 0.20823 
        51.5 0.226126 
        52 0.239074 
        52.5 0.248576 
        53 0.258331 
        53.5 0.265022 
        54 0.267901 
        54.5 0.268617 
        55 0.270901 
        55.5 0.272344 
        56 0.266003 
        56.5 0.255916 
        57 0.245864 
        57.5 0.237744 
        58 0.23112 
        58.5 0.226718 
        59 0.223544 
        59.5 0.21671 
        60 0.210714 
        60.5 0.20234 
        61 0.186476 
        61.5 0.173757 
        62 0.166203 
        62.5 0.154008 
        63 0.137577 
        63.5 0.120559 
        64 0.103519 
        64.5 0.0872076 
        65 0.0709805 
        65.5 0.0571188 
        66 0.0431172 
        66.5 0.0282534 
        67 0.00952988 
        67.5 -0.0179728 
        68 -0.0434361 
        68.5 -0.0679657 
        69 -0.0949899 
        69.5 -0.118467 
        70 -0.1438 
        70.5 -0.169225 
        71 -0.191563 
        71.5 -0.215029 
        72 -0.237077 
        72.5 -0.254572 
        73 -0.267051 
        73.5 -0.279658 
        74 -0.29809 
        74.5 -0.314166 
        75 -0.325592 
        75.5 -0.338242 
        76 -0.345962 
        76.5 -0.346658 
        77 -0.341788 
        77.5 -0.332894 
        78 -0.324256 
        78.5 -0.312618 
        79 -0.297248 
        79.5 -0.276532 
        80 -0.250319 
        80.5 -0.22657 
        81 -0.203449 
        81.5 -0.17628 
        82 -0.149889 
        82.5 -0.124865 
        83 -0.0951087 
        83.5 -0.0601665 
        84 -0.0222284 
        84.5 0.0148025 
        85 0.0467867 
        85.5 0.0777381 
        86 0.108669 
        86.5 0.13582 
        87 0.160764 
        87.5 0.185061 
        88 0.20683 
        88.5 0.223807 
        89 0.23588 
        89.5 0.246366 
        90 0.256983 
        90.5 0.268669 
        91 0.281554 
        91.5 0.289907 
        92 0.292991 
        92.5 0.293747 
        93 0.290316 
        93.5 0.282125 
        94 0.272304 
        94.5 0.266638 
        95 0.261065 
        95.5 0.247794 
        96 0.232682 
        96.5 0.220538 
        97 0.209934 
        97.5 0.199549 
        98 0.189461 
        98.5 0.181504 
        99 0.170432 
        99.5 0.154855 
        100 0.138071 
        100.5 0.116669 
        101 0.0987347 
        101.5 0.0876336 
        102 0.0718553 
        102.5 0.0551314 
        103 0.0404826 
        103.5 0.0234917 
        104 0.00713697 
        104.5 -0.00931492 
        105 -0.0257811 
        105.5 -0.0401009 
        106 -0.0574041 
        106.5 -0.0810642 
        107 -0.107781 
        107.5 -0.133315 
        108 -0.156462 
        108.5 -0.178319 
        109 -0.197091 
        109.5 -0.213172 
        110 -0.230711 
        110.5 -0.248398 
        111 -0.264796 
        111.5 -0.280916 
        112 -0.293044 
        112.5 -0.299587 
        113 -0.308641 
        113.5 -0.321172 
        114 -0.328454 
        114.5 -0.33142 
        115 -0.332359 
        115.5 -0.328697 
        116 -0.317491 
        116.5 -0.298772 
        117 -0.280693 
        117.5 -0.265163 
        118 -0.245828 
        118.5 -0.222567 
        119 -0.198598 
        119.5 -0.171473 
        120 -0.142098 
        120.5 -0.11442 
        121 -0.0838632 
        121.5 -0.0518732 
        122 -0.0225547 
        122.5 0.0115338 
        123 0.0511586 
        123.5 0.0885908 
        124 0.123073 
        124.5 0.153025 
        125 0.177563 
        125.5 0.201237 
        126 0.221645 
        126.5 0.238978 
        127 0.256762 
        127.5 0.273223 
        128 0.285266 
        128.5 0.291194 
        129 0.297203 
        129.5 0.304445 
        130 0.308842 
        130.5 0.31111 
        131 0.31004 
        131.5 0.303784 
        132 0.292543 
        132.5 0.27915 
        133 0.26228 
        133.5 0.244869 
        134 0.2346 
        134.5 0.223737 
        135 0.206513 
        135.5 0.190286 
        136 0.17604 
        136.5 0.160522 
        137 0.144001 
        137.5 0.127641 
        138 0.114056 
        138.5 0.097369 
        139 0.0750144 
        139.5 0.0538209 
        140 0.0314308 
        140.5 0.0134952 
        141 0.00227684 
        141.5 -0.0115394 
        142 -0.0251654 
        142.5 -0.0385835 
        143 -0.0547046 
        143.5 -0.0723227 
        144 -0.0903456 
        144.5 -0.107447 
        145 -0.123586 
        145.5 -0.140426 
        146 -0.162515 
        146.5 -0.186438 
        147 -0.204675 
        147.5 -0.220029 
        148 -0.235835 
        148.5 -0.246752 
        149 -0.254061 
        149.5 -0.264812 
        150 -0.278104 
        150.5 -0.290903 
        151 -0.300656 
        151.5 -0.307538 
        152 -0.310278 
        152.5 -0.310423 
        153 -0.311662 
        153.5 -0.308319 
        154 -0.300378 
        154.5 -0.290146 
        155 -0.275338 
        155.5 -0.253584 
        156 -0.227048 
        156.5 -0.204308 
        157 -0.184775 
        157.5 -0.162572 
        158 -0.136363 
        158.5 -0.108657 
        159 -0.0787549 
        159.5 -0.0449059 
        160 -0.0110805 
        160.5 0.0228253 
        161 0.0565776 
        161.5 0.0882982 
        162 0.121909 
        162.5 0.158658 
        163 0.190919 
        163.5 0.216494 
        164 0.238733 
        164.5 0.256299 
        165 0.271599 
        165.5 0.285081 
        166 0.296699 
        166.5 0.309416 
        167 0.321442 
        167.5 0.326912 
        168 0.324839 
        168.5 0.324224 
        169 0.322008 
        169.5 0.313689 
        170 0.305123 
        170.5 0.293755 
        171 0.277377 
        171.5 0.257293 
        172 0.235789 
        172.5 0.215111 
        173 0.196531 
        173.5 0.182052 
        174 0.167771 
        174.5 0.148381 
        175 0.127106 
        175.5 0.108304 
        176 0.0879202 
        176.5 0.0652011 
        177 0.0440619 
        177.5 0.0264695 
        178 0.00848878 
        178.5 -0.0144769 
        179 -0.0357744 
        179.5 -0.0527158 
        180 -0.0664721 
        180.5 -0.0774234 
        181 -0.0888389 
        181.5 -0.100902 
        182 -0.113966 
        182.5 -0.1292 
        183 -0.148667 
        183.5 -0.166968 
        184 -0.180153 
        184.5 -0.193689 
        185 -0.206869 
        185.5 -0.220448 
        186 -0.235511 
        186.5 -0.246678 
        187 -0.254354 
        187.5 -0.262602 
        188 -0.267673 
        188.5 -0.269516 
        189 -0.275635 
        189.5 -0.28533 
        190 -0.293003 
        190.5 -0.294982 
        191 -0.293536 
        191.5 -0.288667 
        192 -0.277966 
        192.5 -0.26671 
        193 -0.253454 
        193.5 -0.23574 
        194 -0.217538 
        194.5 -0.197063 
        195 -0.170053 
        195.5 -0.140744 
        196 -0.116185 
        196.5 -0.0942645 
        197 -0.0690477 
        197.5 -0.0388228 
        198 -0.00846681 
        198.5 0.0237999 
        199 0.0620096 
        199.5 0.0991339 
        200 0.132966 
        200.5 0.162652 
        201 0.18928 
        201.5 0.218341 
        202 0.24589 
        202.5 0.268216 
        203 0.28652 
        203.5 0.300727 
        204 0.310969 
        204.5 0.318645 
        205 0.326282 
        205.5 0.334158 
        206 0.339832 
        206.5 0.34358 
        207 0.340156 
        207.5 0.326784 
        208 0.314862 
        208.5 0.301679 
        209 0.281931 
        209.5 0.262945 
        210 0.2437 
        210.5 0.222543 
        211 0.197606 
        211.5 0.171707 
        212 0.15059 
        212.5 0.130333 
        213 0.112369 
        213.5 0.0940836 
        214 0.0693471 
        214.5 0.0448956 
        215 0.0213845 
        215.5 -0.00463994 
        216 -0.0285695 
        216.5 -0.0490492 
        217 -0.0645555 
        217.5 -0.0787747 
        218 -0.0989271 
        218.5 -0.115836 
        219 -0.12658 
        219.5 -0.137826 
        220 -0.147565 
        220.5 -0.15763 
        221 -0.169175 
        221.5 -0.1812 
        222 -0.19649 
        222.5 -0.212767 
        223 -0.22406 
        223.5 -0.230639 
        224 -0.236784 
        224.5 -0.24197 
        225 -0.247076 
        225.5 -0.253244 
        226 -0.257379 
        226.5 -0.260211 
        227 -0.263975 
        227.5 -0.265354 
        228 -0.26275 
        228.5 -0.263557 
        229 -0.267674 
        229.5 -0.266195 
        230 -0.258221 
        230.5 -0.246774 
        231 -0.232465 
        231.5 -0.213307 
        232 -0.191597 
        232.5 -0.171928 
        233 -0.151988 
        233.5 -0.130794 
        234 -0.107337 
        234.5 -0.0781057 
        235 -0.0487231 
        235.5 -0.0230648 
        236 0.00418191 
        236.5 0.0326765 
        237 0.0642729 
        237.5 0.0984728 
        238 0.130025 
        238.5 0.166376 
        239 0.20177 
        239.5 0.226454 
        240 0.248426 
        240.5 0.267993 
        241 0.286648 
        241.5 0.305607 
        242 0.318661 
        242.5 0.329437 
        243 0.339311 
        243.5 0.3434 
        244 0.343473 
        244.5 0.343079 
        245 0.342447 
        245.5 0.339388 
        246 0.330495 
        246.5 0.314756 
        247 0.292327 
        247.5 0.268197 
        248 0.245481 
        248.5 0.219435 
        249 0.194371 
        249.5 0.173527 
        250 0.150522 
        </Data>
</OpenSees>
