0 0.980388
1 0.946999
2 0.88673
3 0.799146
4 0.692561
5 0.577189
6 0.440754
7 0.277002
8 0.0767526
9 -0.121886
10 -0.297069
11 -0.441031
12 -0.567075
13 -0.676631
14 -0.780238
15 -0.858718
16 -0.881039
17 -0.850693
18 -0.785828
19 -0.700216
20 -0.604196
21 -0.494442
22 -0.351676
23 -0.173742
24 0.0120539
25 0.180744
26 0.327853
27 0.45141
28 0.562938
29 0.675081
30 0.765545
31 0.808045
32 0.804269
33 0.760279
34 0.693881
35 0.617402
36 0.530484
37 0.409535
38 0.253263
39 0.0850079
40 -0.0785258
41 -0.223415
42 -0.343321
43 -0.456001
44 -0.572074
45 -0.66988
46 -0.73082
47 -0.74898
48 -0.724827
49 -0.675791
50 -0.618201
51 -0.551397
52 -0.450519
53 -0.318156
54 -0.167239
55 -0.0106415
56 0.128118
57 0.244286
58 0.356756
59 0.472232
60 0.574803
61 0.650836
62 0.687116
63 0.681385
64 0.647718
65 0.609059
66 0.557801
67 0.47722
68 0.369151
69 0.234047
70 0.0881342
71 -0.0428455
72 -0.155163
73 -0.265314
74 -0.377266
75 -0.48227
76 -0.569579
77 -0.621216
78 -0.63074
79 -0.612893
80 -0.590581
81 -0.551566
82 -0.492351
83 -0.405775
84 -0.286883
85 -0.154318
86 -0.0318414
87 0.0759886
88 0.182104
89 0.288391
90 0.393706
91 0.488957
92 0.552655
93 0.574607
94 0.57396
95 0.562532
96 0.536367
97 0.496627
98 0.428886
99 0.327341
100 0.209057
101 0.0962014
102 -0.00683858
103 -0.107393
104 -0.206259
105 -0.310624
106 -0.410475
107 -0.482035
108 -0.516327
109 -0.530803
110 -0.527032
111 -0.51452
112 -0.490646
113 -0.440335
114 -0.356287
115 -0.252749
116 -0.150743
117 -0.0519049
118 0.0404513
119 0.132084
120 0.233937
121 0.33489
122 0.410874
123 0.458337
124 0.482788
125 0.487574
126 0.486419
127 0.476247
128 0.441669
129 0.374244
130 0.28691
131 0.194728
132 0.101429
133 0.0186565
134 -0.0666054
135 -0.164186
136 -0.262335
137 -0.342115
138 -0.400254
139 -0.431965
140 -0.445444
141 -0.45333
142 -0.455119
143 -0.433967
144 -0.382615
145 -0.312376
146 -0.227777
147 -0.14357
148 -0.0690757
149 0.00985224
150 0.101153
151 0.194074
152 0.277216
153 0.342062
154 0.380628
155 0.400913
156 0.41731
157 0.42822
158 0.418369
159 0.383688
160 0.328242
161 0.251827
162 0.178518
163 0.110738
164 0.0384509
165 -0.0444467
166 -0.131961
167 -0.215774
168 -0.285723
169 -0.328823
170 -0.355911
171 -0.379059
172 -0.396775
173 -0.396486
174 -0.378913
175 -0.334025
176 -0.269407
177 -0.20553
178 -0.144224
179 -0.0793044
180 -0.00482739
181 0.0753865
182 0.159602
183 0.230793
184 0.27842
185 0.310758
186 0.340193
187 0.360729
188 0.371824
189 0.366802
190 0.332528
191 0.280611
192 0.22486
193 0.17074
194 0.112292
195 0.0477537
196 -0.0258349
197 -0.108052
198 -0.178803
199 -0.229224
200 -0.267812
201 -0.299266
202 -0.323626
203 -0.34405
204 -0.34859
205 -0.325427
206 -0.28528
207 -0.237871
208 -0.190203
209 -0.13848
210 -0.0842115
211 -0.0165712
212 0.0615106
213 0.129514
214 0.183485
215 0.225871
216 0.258202
217 0.286327
218 0.313833
219 0.325538
220 0.313854
221 0.283752
222 0.245684
223 0.202574
224 0.159229
225 0.113939
226 0.0516058
227 -0.0189854
228 -0.0847546
229 -0.140916
230 -0.185379
231 -0.218021
232 -0.249778
233 -0.281399
234 -0.299724
235 -0.297526
236 -0.278073
237 -0.247632
238 -0.209338
239 -0.175287
240 -0.136129
241 -0.0809357
242 -0.0185397
243 0.0446892
244 0.101817
245 0.146387
246 0.180187
247 0.213595
248 0.248623
249 0.271105
250 0.278216
251 0.268519
252 0.243958
253 0.212289
254 0.186106
255 0.151596
256 0.105311
257 0.0505326
258 -0.00958609
259 -0.0656031
260 -0.110487
261 -0.143738
262 -0.179892
263 -0.214658
264 -0.241801
265 -0.256224
266 -0.255702
267 -0.235296
268 -0.212827
269 -0.190846
270 -0.162167
271 -0.124654
272 -0.0766004
273 -0.0215661
274 0.0338408
275 0.0762172
276 0.111
277 0.147229
278 0.181591
279 0.211461
280 0.233729
281 0.238108
282 0.22496
283 0.209279
284 0.191209
285 0.168467
286 0.138604
287 0.0980822
288 0.047366
289 -0.00502986
290 -0.0451448
291 -0.0813443
292 -0.116484
293 -0.149119
294 -0.182402
295 -0.209269
296 -0.218224
297 -0.212653
298 -0.202256
299 -0.188074
300 -0.17077
301 -0.147918
302 -0.114954
303 -0.0679741
304 -0.0211824
305 0.017902
306 0.0549083
307 0.0870042
308 0.119163
309 0.15399
310 0.183847
311 0.196942
312 0.198577
313 0.192376
314 0.182172
315 0.169264
316 0.153816
317 0.126389
318 0.0847588
319 0.0443173
320 0.00490786
321 -0.0304976
322 -0.0601083
323 -0.0915616
324 -0.126753
325 -0.157905
326 -0.175285
327 -0.182594
328 -0.180855
329 -0.173179
330 -0.165538
331 -0.155925
332 -0.132892
333 -0.0987916
334 -0.0631745
335 -0.0241669
336 0.00809863
337 0.0365225
338 0.0659656
339 0.101312
340 0.131988
341 0.153527
342 0.1657
343 0.167319
344 0.162408
345 0.159866
346 0.154271
347 0.135536
348 0.110329
349 0.0769062
350 0.0415503
351 0.0107638
352 -0.0151
353 -0.0434202
354 -0.0772856
355 -0.106882
356 -0.132156
357 -0.148174
358 -0.152034
359 -0.15085
360 -0.152387
361 -0.148784
362 -0.136418
363 -0.117474
364 -0.0876494
365 -0.0558437
366 -0.0269447
367 -0.0038095
368 0.024083
369 0.0544073
370 0.0834796
371 0.111466
372 0.130004
373 0.135769
374 0.139226
375 0.142424
376 0.141326
377 0.135045
378 0.120779
379 0.0959077
380 0.0666288
381 0.0413742
382 0.0192338
383 -0.00703363
384 -0.0332635
385 -0.062112
386 -0.0918226
387 -0.110819
388 -0.120314
389 -0.12637
390 -0.131307
391 -0.13225
392 -0.131417
393 -0.121257
394 -0.101112
395 -0.0749562
396 -0.0535567
397 -0.0313301
398 -0.00818764
399 0.0141996
400 0.0435302
401 0.0721397
402 0.0925216
403 0.104794
404 0.113237
405 0.119021
406 0.122377
407 0.12554
408 0.11966
409 0.102981
410 0.0819218
411 0.0625817
412 0.0408438
413 0.0220371
414 0.00152805
415 -0.0265126
416 -0.0534742
417 -0.0752087
418 -0.0893312
419 -0.100254
420 -0.105795
421 -0.112137
422 -0.118021
423 -0.1157
424 -0.102672
425 -0.0872174
426 -0.0683078
427 -0.0488954
428 -0.0337464
429 -0.0141356
430 0.0106069
431 0.0368786
432 0.058221
433 0.0749979
434 0.086853
435 0.0925075
436 0.101675
437 0.109216
438 0.109461
439 0.101361
440 0.089849
441 0.0717126
442 0.0558208
443 0.0424486
444 0.0250126
445 0.00297248
446 -0.0215706
447 -0.0423434
448 -0.0618562
449 -0.0727794
450 -0.080186
451 -0.0907528
452 -0.099404
453 -0.101709
454 -0.0992115
455 -0.0894338
456 -0.074133
457 -0.0606763
458 -0.0490252
459 -0.0339919
460 -0.0141371
461 0.00710436
462 0.0287028
463 0.0489142
464 0.0589857
465 0.0688947
466 0.0794528
467 0.0887233
468 0.0936702
469 0.0951336
470 0.087453
471 0.0750058
472 0.0639271
473 0.053712
474 0.0408447
475 0.0235456
476 0.00597335
477 -0.0175157
478 -0.0353582
479 -0.0469722
480 -0.0577346
481 -0.0683563
482 -0.0775851
483 -0.0855177
484 -0.0892739
485 -0.0843956
486 -0.0743383
487 -0.0658229
488 -0.0567773
489 -0.0452574
490 -0.0324954
491 -0.0156694
492 0.00660716
493 0.0230365
494 0.0359269
495 0.047222
496 0.0572335
497 0.0669515
498 0.0766205
499 0.0827679
500 0.0797175
501 0.0729323
502 0.0663483
503 0.0578569
504 0.0487046
505 0.0395668
506 0.0230812
507 0.00365081
508 -0.0120559
509 -0.0260845
510 -0.0368671
511 -0.0470918
512 -0.0561329
513 -0.0680792
514 -0.0750923
515 -0.0741034
516 -0.0710998
517 -0.0649835
518 -0.0579179
519 -0.0510711
520 -0.0445948
521 -0.0286739
522 -0.0133542
523 0.00328435
524 0.0161967
525 0.0281816
526 0.0366613
527 0.0464709
528 0.0594519
529 0.0663016
530 0.0687441
531 0.0677133
532 0.0629735
533 0.0563901
534 0.0534038
535 0.0462362
536 0.0347287
537 0.0199831
538 0.00572533
539 -0.0084782
540 -0.0194583
541 -0.0271056
542 -0.0379352
543 -0.0502616
544 -0.0576109
545 -0.0629794
546 -0.0636414
547 -0.059446
548 -0.055305
549 -0.0531778
550 -0.0477667
551 -0.0382897
552 -0.0263372
553 -0.0126611
554 0.00129424
555 0.0115291
556 0.0183699
557 0.030553
558 0.0404639
559 0.0496452
560 0.0568383
561 0.0584182
562 0.0559768
563 0.0529898
564 0.0524245
565 0.0476023
566 0.041088
567 0.0311241
568 0.0185224
569 0.00460512
570 -0.00346397
571 -0.0119066
572 -0.0227153
573 -0.0314763
574 -0.0422177
575 -0.0498833
576 -0.0533412
577 -0.051419
578 -0.0508677
579 -0.0500823
580 -0.0469673
581 -0.0424699
582 -0.0350805
583 -0.0224262
584 -0.0106524
585 -0.00309721
586 0.00649987
587 0.0147775
588 0.0239615
589 0.034476
590 0.0432949
591 0.0475939
592 0.0467874
593 0.0483374
594 0.0468094
595 0.0456121
596 0.0432264
597 0.0372357
598 0.0255864
599 0.0162226
600 0.00793347
601 -0.00119965
602 -0.00784703
603 -0.0172242
604 -0.0268615
605 -0.037284
606 -0.0408219
607 -0.0430577
608 -0.0445396
609 -0.0434238
610 -0.0435509
611 -0.0433499
612 -0.0376006
613 -0.0286888
614 -0.0204361
615 -0.011748
616 -0.00394981
617 0.00246765
618 0.0103323
619 0.0207855
620 0.030404
621 0.0346782
622 0.0392018
623 0.040161
624 0.0397285
625 0.0415307
626 0.0418616
627 0.0376248
628 0.0307999
629 0.0236713
630 0.014869
631 0.00829069
632 0.00230978
633 -0.00436267
634 -0.0154202
635 -0.0231645
636 -0.0294111
637 -0.0349887
638 -0.035235
639 -0.036544
640 -0.0386079
641 -0.0398474
642 -0.0368704
643 -0.032252
644 -0.0258061
645 -0.0175393
646 -0.0116141
647 -0.00694192
648 0.000100741
649 0.00975782
650 0.0165331
651 0.0249322
652 0.029814
653 0.0310122
654 0.0329093
655 0.035551
656 0.0371218
657 0.0356561
658 0.0329311
659 0.0271335
660 0.0194099
661 0.0146888
662 0.0105073
663 0.00322579
664 -0.00390277
665 -0.0112797
666 -0.0202443
667 -0.0246321
668 -0.0271246
669 -0.0290526
670 -0.0323762
671 -0.0339587
672 -0.0338669
673 -0.033324
674 -0.027033
675 -0.0214003
676 -0.0169162
677 -0.0130877
678 -0.00620846
679 -0.00144039
680 0.00717722
681 0.0151013
682 0.0201381
683 0.0230464
684 0.0253758
685 0.0292061
686 0.0299569
687 0.0327206
688 0.0319627
689 0.0271357
690 0.0224293
691 0.0190243
692 0.0141327
693 0.00983146
694 0.00494553
695 -0.00289505
696 -0.0105562
697 -0.0159206
698 -0.0187331
699 -0.0226308
700 -0.0248233
701 -0.02692
702 -0.0306632
703 -0.0301755
704 -0.0266566
705 -0.0234491
706 -0.0197348
707 -0.0154437
708 -0.0123895
709 -0.00795722
710 -0.000829347
711 0.00654189
712 0.011517
713 0.0153066
714 0.0194617
715 0.0205719
716 0.0241415
717 0.0281871
718 0.027612
719 0.0265366
720 0.0232393
721 0.0204087
722 0.0161008
723 0.0144813
724 0.0103217
725 0.00384649
726 -0.00264052
727 -0.00752949
728 -0.01243
729 -0.0159037
730 -0.016657
731 -0.0219271
732 -0.0243994
733 -0.0259971
734 -0.0250127
735 -0.0234469
736 -0.0199158
737 -0.0169514
738 -0.0157624
739 -0.0120942
740 -0.00636739
741 -0.000997544
742 0.00406406
743 0.0100779
744 0.0115201
745 0.0144135
746 0.0183954
747 0.02149
748 0.0235671
749 0.0235981
750 0.023042
751 0.0190469
752 0.0176651
753 0.0164432
754 0.0131765
755 0.00861688
756 0.00435907
757 -0.00177322
758 -0.0067981
759 -0.00835078
760 -0.0118897
761 -0.0151008
762 -0.0186212
763 -0.0208177
764 -0.0223233
765 -0.0218235
766 -0.0181942
767 -0.0181416
768 -0.016454
769 -0.0137685
770 -0.0108786
771 -0.00658673
772 -0.000540836
773 0.00367699
774 0.00578597
775 0.00931647
776 0.0120864
777 0.0158027
778 0.0178325
779 0.0214161
780 0.01933
781 0.0182433
782 0.017614
783 0.0161908
784 0.0142412
785 0.0124784
786 0.0083201
787 0.00258023
788 -0.000659629
789 -0.00393771
790 -0.00636666
791 -0.0100654
792 -0.0119534
793 -0.0163548
794 -0.0188243
795 -0.0177186
796 -0.017656
797 -0.0169687
798 -0.0153917
799 -0.0148421
800 -0.0131983
801 -0.00975101
802 -0.00451501
803 -0.00160565
804 0.00168366
805 0.00465336
806 0.00698214
807 0.00948155
808 0.0142125
809 0.0162515
810 0.0160618
811 0.0171044
812 0.0155105
813 0.0151363
814 0.0144949
815 0.0139975
816 0.0103928
817 0.00639684
818 0.00358869
819 -2.78227e-05
820 -0.00279328
821 -0.0042282
822 -0.00742837
823 -0.0120149
824 -0.0132652
825 -0.0152263
826 -0.0153456
827 -0.0147807
828 -0.0140901
829 -0.0143248
830 -0.0142023
831 -0.0106059
832 -0.00831801
833 -0.00492837
834 -0.00137748
835 0.000835943
836 0.00198107
837 0.00582397
838 0.00921783
839 0.0111112
840 0.0137674
841 0.0137678
842 0.0138339
843 0.0128463
844 0.014278
845 0.0135406
846 0.0109779
847 0.00985873
848 0.00566015
849 0.0028743
850 0.000902495
851 -0.000284202
852 -0.00425805
853 -0.0063498
854 -0.00959368
855 -0.0115806
856 -0.0128485
857 -0.0120615
858 -0.0121712
859 -0.0138026
860 -0.0122069
861 -0.0120509
862 -0.0100202
863 -0.00689403
864 -0.00366579
865 -0.00294166
866 -0.000347882
867 0.00190566
868 0.00463672
869 0.00732197
870 0.010164
871 0.0112879
872 0.0104309
873 0.0118695
874 0.012296
875 0.0115718
876 0.012326