0 -0.000886293 -0.000570221
1 0.0280903 0.0621794
1.8 0.050434 0.111537
2.86667 0.0803581 0.177628
4.28889 0.121493 0.268393
5.71111 0.166488 0.366156
7.13333 0.216676 0.472909
8.55556 0.272232 0.589219
9.97778 0.331776 0.712788
11.4 0.394395 0.842014
12.8222 0.459086 0.974962
14.2444 0.525562 1.11098
15.6667 0.59338 1.24911
17.0889 0.662672 1.38943
18.5111 0.732982 1.53104
19.9333 0.804341 1.67399
21.3556 0.876955 1.81882
22.7778 0.950264 1.96461
24.2 1.04203 2.14767
25.6222 1.17713 2.42032
26.76 1.36058 2.75442
27.6702 1.54923 3.08639
28.5804 1.77055 3.4803
29.3086 2.01425 3.93795
29.8912 2.33394 4.55707
30.3572 2.63703 5.1432
30.73 2.92165 5.69419
31.0283 3.18101 6.19513
31.1987 3.43397 6.67659
31.2533 3.49867 6.80039
31.2733 3.52298 6.84686
31.2933 3.54857 6.89569
31.3133 3.58677 6.96785
31.3333 3.71127 7.19722
31.3533 3.73627 7.24485
31.3733 3.76213 7.29406
31.3933 3.78998 7.34694
31.4133 4.04475 7.8185
31.4333 4.0757 7.8769
31.4533 4.09801 7.91959
31.4733 4.12077 7.96307
31.4933 4.14377 8.007
31.5133 4.1671 8.05153
31.5333 4.19079 8.09671
31.5533 4.21495 8.14274
31.5733 4.23966 8.18978
31.5933 4.26538 8.23864
31.6133 4.64006 8.92581
31.6333 4.64996 8.94549
31.6533 4.66 8.96544
31.6733 4.68041 9.00455
31.6933 4.7037 9.04896
31.7133 4.72709 9.09357
31.7333 4.75007 9.13742
31.7533 4.77295 9.18111
31.7733 4.79594 9.22497
31.7933 4.81903 9.26904
31.8133 4.84225 9.31334
31.8333 4.86562 9.35792
31.8533 4.88918 9.40283
31.8733 4.91274 9.44776
31.8999 4.94446 9.50821
31.9266 4.97705 9.57023
31.9479 5.00493 9.62312
31.9679 5.30353 10.1635
31.9879 5.31401 10.1847
