0 -0.0161535
0.5 -0.0145806
1 -0.0100187
1.5 -0.00431989
2 0.00023945
2.5 0.0034421
3 0.00635972
3.5 0.00863997
4 0.00938949
4.5 0.00936448
5 0.00922197
5.5 0.00855555
6 0.00545951
6.5 -0.000578594
7 -0.00723491
7.5 -0.0120892
8 -0.0136057
8.5 -0.0122715
9 -0.00891862
9.5 -0.00420085
10 -4.99912e-05
10.5 0.00265565
11 0.00442567
11.5 0.00675923
12 0.00993626
12.5 0.0118142
13 0.0113138
13.5 0.00853668
14 0.0042043
14.5 -0.00148333
15 -0.00810685
15.5 -0.0126768
16 -0.0131374
16.5 -0.0101388
17 -0.00659067
17.5 -0.0046564
18 -0.00284953
18.5 0.000244359
19 0.00444598
19.5 0.00817999
20 0.0105425
20.5 0.0123159
21 0.0124214
21.5 0.00931286
22 0.00287113
22.5 -0.00436789
23 -0.00883984
23.5 -0.0104276
24 -0.010282
24.5 -0.00941428
25 -0.00802501
25.5 -0.00588571
26 -0.00370272
26.5 -0.000676266
27 0.00376165
27.5 0.00892831
28 0.0129867
28.5 0.0136598
29 0.0114339
29.5 0.00717376
30 0.00170655
30.5 -0.00377403
31 -0.00809302
31.5 -0.00941709
32 -0.00876693
32.5 -0.00844732
33 -0.00903722
33.5 -0.00883342
34 -0.00533416
34.5 0.000257885
35 0.00567095
35.5 0.0098149
36 0.012549
36.5 0.0137447
37 0.0113666
37.5 0.00584703
38 3.66813e-05
38.5 -0.00374145
39 -0.00520273
39.5 -0.00677952
40 -0.00900201
40.5 -0.0107321
41 -0.0107955
41.5 -0.00870173
42 -0.0052143
42.5 0.000103975
43 0.00638168
43.5 0.0114017
44 0.0134339
44.5 0.0119328
45 0.00892788
45.5 0.00533338
46 0.00143502
46.5 -0.00189441
47 -0.00442529
47.5 -0.00628124
48 -0.00898375
48.5 -0.0120221
49 -0.0127664
49.5 -0.00977845
50 -0.00374101
50.5 0.00223891
51 0.00690478
51.5 0.0104633
52 0.0122792
52.5 0.0116399
53 0.0081959
53.5 0.00441944
54 0.00232919
54.5 0.000791307
55 -0.00223442
55.5 -0.00740386
56 -0.0118407
56.5 -0.013332
57 -0.0120498
57.5 -0.00857574
58 -0.00364317
58.5 0.00252992
59 0.00790576
59.5 0.0104053
60 0.0103849
60.5 0.00916658
61 0.00817042
61.5 0.00686769
62 0.00454006
62.5 0.00126735
63 -0.0031387
63.5 -0.00808387
64 -0.0126725
64.5 -0.0145879
65 -0.0121553
65.5 -0.00696352
66 -0.00144696
66.5 0.00269063
67 0.00594332
67.5 0.00871511
68 0.00981373
68.5 0.00929608
69 0.00838134
69.5 0.00810315
70 0.00684597
70.5 0.00219192
71 -0.00481245
71.5 -0.0110087
72 -0.0135497
72.5 -0.0126949
73 -0.0102808
73.5 -0.00656643
74 -0.00195678
74.5 0.00256875
75 0.00549376
75.5 0.00665403
76 0.00801055
76.5 0.0100943
77 0.0115552
77.5 0.0103018
78 0.00600016
78.5 0.000228624
79 -0.00598714
79.5 -0.0110363
80 -0.0133376
80.5 -0.0121605
81 -0.00851771
81.5 -0.00511925
82 -0.00256669
82.5 2.63258e-05
83 0.00326885
83.5 0.00673474
84 0.0093203
84.5 0.0113638
85 0.0124863
85.5 0.0110647
86 0.00589899
86.5 -0.00190473
87 -0.00818311
87.5 -0.0107264
88 -0.0105766
88.5 -0.00973561
89 -0.00888689
89.5 -0.00669036
90 -0.00356081
90.5 -0.000658924
91 0.00217827
91.5 0.00596133
92 0.0109628
92.5 0.0142748
93 0.0135455
93.5 0.00909709
94 0.00294325
94.5 -0.00248854
95 -0.00673155
95.5 -0.00921735
96 -0.00970333
96.5 -0.00913411
97 -0.00835968
97.5 -0.00792233
98 -0.00622845
98.5 -0.00221708
99 0.0031801
99.5 0.0084853
100 0.01212
100.5 0.0139416
101 0.0128231
101.5 0.00802735
102 0.0017071
102.5 -0.00332442
103 -0.00531725
103.5 -0.00621698
104 -0.00814304
104.5 -0.01025
105 -0.0109154
105.5 -0.00911077
106 -0.00605612
106.5 -0.00208239
107 0.00350441
107.5 0.00961852
108 0.0139856
108.5 0.0137969
109 0.00993773
109.5 0.00558874
110 0.00215744
110.5 -0.000408817
111 -0.00338033
111.5 -0.0063122
112 -0.00861742
112.5 -0.0106978
113 -0.011831
113.5 -0.0109541
114 -0.00668556
114.5 -0.000233358
115 0.00579481
115.5 0.0102424
116 0.0122034
116.5 0.0119087
117 0.00933289
117.5 0.0055684
118 0.00283868
118.5 0.000996704
119 -0.00129182
119.5 -0.00555687
120 -0.0105081
120.5 -0.0130921
121 -0.012593
121.5 -0.00964683
122 -0.00555558
122.5 -9.66774e-05
123 0.00630169
123.5 0.0106275
124 0.0113546
124.5 0.00937717
125 0.00769344
